[2022-07-22 03:52:56,757] {taskinstance.py:1179} INFO - Dependencies all met for <TaskInstance: pipeline_1.sleep manual__2022-07-22T03:52:47+00:00 [queued]>
[2022-07-22 03:52:56,769] {taskinstance.py:1179} INFO - Dependencies all met for <TaskInstance: pipeline_1.sleep manual__2022-07-22T03:52:47+00:00 [queued]>
[2022-07-22 03:52:56,771] {taskinstance.py:1376} INFO - 
--------------------------------------------------------------------------------
[2022-07-22 03:52:56,772] {taskinstance.py:1377} INFO - Starting attempt 1 of 4
[2022-07-22 03:52:56,773] {taskinstance.py:1378} INFO - 
--------------------------------------------------------------------------------
[2022-07-22 03:52:56,788] {taskinstance.py:1397} INFO - Executing <Task(BashOperator): sleep> on 2022-07-22 03:52:47+00:00
[2022-07-22 03:52:56,794] {standard_task_runner.py:52} INFO - Started process 305 to run task
[2022-07-22 03:52:56,804] {standard_task_runner.py:79} INFO - Running: ['***', 'tasks', 'run', 'pipeline_1', 'sleep', 'manual__2022-07-22T03:52:47+00:00', '--job-id', '34', '--raw', '--subdir', 'DAGS_FOLDER/pipeline_1.py', '--cfg-path', '/tmp/tmp5lczs6sl', '--error-file', '/tmp/tmpbaogyq43']
[2022-07-22 03:52:56,806] {standard_task_runner.py:80} INFO - Job 34: Subtask sleep
[2022-07-22 03:52:56,900] {task_command.py:371} INFO - Running <TaskInstance: pipeline_1.sleep manual__2022-07-22T03:52:47+00:00 [running]> on host b51f0a1d5848
[2022-07-22 03:52:56,995] {taskinstance.py:1591} INFO - Exporting the following env vars:
AIRFLOW_CTX_DAG_EMAIL=asd@admin.com
AIRFLOW_CTX_DAG_OWNER=***
AIRFLOW_CTX_DAG_ID=pipeline_1
AIRFLOW_CTX_TASK_ID=sleep
AIRFLOW_CTX_EXECUTION_DATE=2022-07-22T03:52:47+00:00
AIRFLOW_CTX_TRY_NUMBER=1
AIRFLOW_CTX_DAG_RUN_ID=manual__2022-07-22T03:52:47+00:00
[2022-07-22 03:52:57,000] {subprocess.py:62} INFO - Tmp dir root location: 
 /tmp
[2022-07-22 03:52:57,002] {subprocess.py:74} INFO - Running command: ['bash', '-c', 'sleep 5']
[2022-07-22 03:52:57,016] {subprocess.py:85} INFO - Output:
[2022-07-22 03:53:02,022] {subprocess.py:96} INFO - Command exited with return code 0
[2022-07-22 03:53:02,052] {taskinstance.py:1420} INFO - Marking task as SUCCESS. dag_id=pipeline_1, task_id=sleep, execution_date=20220722T035247, start_date=20220722T035256, end_date=20220722T035302
[2022-07-22 03:53:02,102] {local_task_job.py:156} INFO - Task exited with return code 0
[2022-07-22 03:53:02,118] {local_task_job.py:273} INFO - 0 downstream tasks scheduled from follow-on schedule check
