[2022-07-22 08:47:37,137] {taskinstance.py:1179} INFO - Dependencies all met for <TaskInstance: dag2.new_add_0 scheduled__2022-01-03T00:00:00+00:00 [queued]>
[2022-07-22 08:47:37,167] {taskinstance.py:1179} INFO - Dependencies all met for <TaskInstance: dag2.new_add_0 scheduled__2022-01-03T00:00:00+00:00 [queued]>
[2022-07-22 08:47:37,173] {taskinstance.py:1376} INFO - 
--------------------------------------------------------------------------------
[2022-07-22 08:47:37,175] {taskinstance.py:1377} INFO - Starting attempt 1 of 1
[2022-07-22 08:47:37,176] {taskinstance.py:1378} INFO - 
--------------------------------------------------------------------------------
[2022-07-22 08:47:37,223] {taskinstance.py:1397} INFO - Executing <Task(_PythonDecoratedOperator): new_add_0> on 2022-01-03 00:00:00+00:00
[2022-07-22 08:47:37,235] {standard_task_runner.py:52} INFO - Started process 953 to run task
[2022-07-22 08:47:37,249] {standard_task_runner.py:79} INFO - Running: ['***', 'tasks', 'run', 'dag2', 'new_add_0', 'scheduled__2022-01-03T00:00:00+00:00', '--job-id', '417', '--raw', '--subdir', 'DAGS_FOLDER/pipeline_4.py', '--cfg-path', '/tmp/tmpdxz6h676', '--error-file', '/tmp/tmp845avwfx']
[2022-07-22 08:47:37,251] {standard_task_runner.py:80} INFO - Job 417: Subtask new_add_0
[2022-07-22 08:47:37,400] {task_command.py:371} INFO - Running <TaskInstance: dag2.new_add_0 scheduled__2022-01-03T00:00:00+00:00 [running]> on host b51f0a1d5848
[2022-07-22 08:47:37,583] {taskinstance.py:1591} INFO - Exporting the following env vars:
AIRFLOW_CTX_DAG_OWNER=***
AIRFLOW_CTX_DAG_ID=dag2
AIRFLOW_CTX_TASK_ID=new_add_0
AIRFLOW_CTX_EXECUTION_DATE=2022-01-03T00:00:00+00:00
AIRFLOW_CTX_TRY_NUMBER=1
AIRFLOW_CTX_DAG_RUN_ID=scheduled__2022-01-03T00:00:00+00:00
[2022-07-22 08:47:37,587] {logging_mixin.py:115} INFO - args: x = 3, y = 0
[2022-07-22 08:47:37,591] {python.py:173} INFO - Done. Returned value was: 3
[2022-07-22 08:47:37,633] {taskinstance.py:1420} INFO - Marking task as SUCCESS. dag_id=dag2, task_id=new_add_0, execution_date=20220103T000000, start_date=20220722T084737, end_date=20220722T084737
[2022-07-22 08:47:37,657] {local_task_job.py:156} INFO - Task exited with return code 0
[2022-07-22 08:47:37,701] {local_task_job.py:273} INFO - 0 downstream tasks scheduled from follow-on schedule check
