[2022-07-22 08:49:47,823] {taskinstance.py:1179} INFO - Dependencies all met for <TaskInstance: dag2.new_add_2 scheduled__2022-06-02T00:00:00+00:00 [queued]>
[2022-07-22 08:49:47,839] {taskinstance.py:1179} INFO - Dependencies all met for <TaskInstance: dag2.new_add_2 scheduled__2022-06-02T00:00:00+00:00 [queued]>
[2022-07-22 08:49:47,843] {taskinstance.py:1376} INFO - 
--------------------------------------------------------------------------------
[2022-07-22 08:49:47,844] {taskinstance.py:1377} INFO - Starting attempt 1 of 1
[2022-07-22 08:49:47,845] {taskinstance.py:1378} INFO - 
--------------------------------------------------------------------------------
[2022-07-22 08:49:47,889] {taskinstance.py:1397} INFO - Executing <Task(_PythonDecoratedOperator): new_add_2> on 2022-06-02 00:00:00+00:00
[2022-07-22 08:49:47,902] {standard_task_runner.py:52} INFO - Started process 2233 to run task
[2022-07-22 08:49:47,920] {standard_task_runner.py:79} INFO - Running: ['***', 'tasks', 'run', 'dag2', 'new_add_2', 'scheduled__2022-06-02T00:00:00+00:00', '--job-id', '1013', '--raw', '--subdir', 'DAGS_FOLDER/pipeline_4.py', '--cfg-path', '/tmp/tmpnc5rdkhf', '--error-file', '/tmp/tmpj8uatu27']
[2022-07-22 08:49:47,925] {standard_task_runner.py:80} INFO - Job 1013: Subtask new_add_2
[2022-07-22 08:49:48,062] {task_command.py:371} INFO - Running <TaskInstance: dag2.new_add_2 scheduled__2022-06-02T00:00:00+00:00 [running]> on host b51f0a1d5848
[2022-07-22 08:49:48,164] {taskinstance.py:1591} INFO - Exporting the following env vars:
AIRFLOW_CTX_DAG_OWNER=***
AIRFLOW_CTX_DAG_ID=dag2
AIRFLOW_CTX_TASK_ID=new_add_2
AIRFLOW_CTX_EXECUTION_DATE=2022-06-02T00:00:00+00:00
AIRFLOW_CTX_TRY_NUMBER=1
AIRFLOW_CTX_DAG_RUN_ID=scheduled__2022-06-02T00:00:00+00:00
[2022-07-22 08:49:48,165] {logging_mixin.py:115} INFO - args: x = 3, y = 2
[2022-07-22 08:49:48,166] {python.py:173} INFO - Done. Returned value was: 5
[2022-07-22 08:49:48,185] {taskinstance.py:1420} INFO - Marking task as SUCCESS. dag_id=dag2, task_id=new_add_2, execution_date=20220602T000000, start_date=20220722T084947, end_date=20220722T084948
[2022-07-22 08:49:48,219] {local_task_job.py:156} INFO - Task exited with return code 0
[2022-07-22 08:49:48,238] {local_task_job.py:273} INFO - 0 downstream tasks scheduled from follow-on schedule check
