[2022-07-22 08:57:53,376] {taskinstance.py:1179} INFO - Dependencies all met for <TaskInstance: dag1.start scheduled__2022-06-02T00:00:00+00:00 [queued]>
[2022-07-22 08:57:53,381] {taskinstance.py:1179} INFO - Dependencies all met for <TaskInstance: dag1.start scheduled__2022-06-02T00:00:00+00:00 [queued]>
[2022-07-22 08:57:53,381] {taskinstance.py:1376} INFO - 
--------------------------------------------------------------------------------
[2022-07-22 08:57:53,382] {taskinstance.py:1377} INFO - Starting attempt 1 of 1
[2022-07-22 08:57:53,383] {taskinstance.py:1378} INFO - 
--------------------------------------------------------------------------------
[2022-07-22 08:57:53,389] {taskinstance.py:1397} INFO - Executing <Task(_PythonDecoratedOperator): start> on 2022-06-02 00:00:00+00:00
[2022-07-22 08:57:53,393] {standard_task_runner.py:52} INFO - Started process 93 to run task
[2022-07-22 08:57:53,396] {standard_task_runner.py:79} INFO - Running: ['***', 'tasks', 'run', 'dag1', 'start', 'scheduled__2022-06-02T00:00:00+00:00', '--job-id', '1052', '--raw', '--subdir', 'DAGS_FOLDER/pipeline_4.py', '--cfg-path', '/tmp/tmpkb09ihzj', '--error-file', '/tmp/tmpse2dr20u']
[2022-07-22 08:57:53,396] {standard_task_runner.py:80} INFO - Job 1052: Subtask start
[2022-07-22 08:57:53,437] {task_command.py:371} INFO - Running <TaskInstance: dag1.start scheduled__2022-06-02T00:00:00+00:00 [running]> on host b51f0a1d5848
[2022-07-22 08:57:53,476] {taskinstance.py:1591} INFO - Exporting the following env vars:
AIRFLOW_CTX_DAG_OWNER=***
AIRFLOW_CTX_DAG_ID=dag1
AIRFLOW_CTX_TASK_ID=start
AIRFLOW_CTX_EXECUTION_DATE=2022-06-02T00:00:00+00:00
AIRFLOW_CTX_TRY_NUMBER=1
AIRFLOW_CTX_DAG_RUN_ID=scheduled__2022-06-02T00:00:00+00:00
[2022-07-22 08:57:53,478] {logging_mixin.py:115} INFO - args: x = 1, y = 2
[2022-07-22 08:57:53,479] {python.py:173} INFO - Done. Returned value was: 3
[2022-07-22 08:57:53,495] {taskinstance.py:1420} INFO - Marking task as SUCCESS. dag_id=dag1, task_id=start, execution_date=20220602T000000, start_date=20220722T085753, end_date=20220722T085753
[2022-07-22 08:57:53,528] {local_task_job.py:156} INFO - Task exited with return code 0
[2022-07-22 08:57:53,549] {local_task_job.py:273} INFO - 3 downstream tasks scheduled from follow-on schedule check
