[2022-07-22 03:52:55,670] {taskinstance.py:1179} INFO - Dependencies all met for <TaskInstance: pipeline_1.print_date manual__2022-07-22T03:52:47+00:00 [queued]>
[2022-07-22 03:52:55,687] {taskinstance.py:1179} INFO - Dependencies all met for <TaskInstance: pipeline_1.print_date manual__2022-07-22T03:52:47+00:00 [queued]>
[2022-07-22 03:52:55,689] {taskinstance.py:1376} INFO - 
--------------------------------------------------------------------------------
[2022-07-22 03:52:55,691] {taskinstance.py:1377} INFO - Starting attempt 1 of 2
[2022-07-22 03:52:55,692] {taskinstance.py:1378} INFO - 
--------------------------------------------------------------------------------
[2022-07-22 03:52:55,704] {taskinstance.py:1397} INFO - Executing <Task(BashOperator): print_date> on 2022-07-22 03:52:47+00:00
[2022-07-22 03:52:55,711] {standard_task_runner.py:52} INFO - Started process 300 to run task
[2022-07-22 03:52:55,717] {standard_task_runner.py:79} INFO - Running: ['***', 'tasks', 'run', 'pipeline_1', 'print_date', 'manual__2022-07-22T03:52:47+00:00', '--job-id', '33', '--raw', '--subdir', 'DAGS_FOLDER/pipeline_1.py', '--cfg-path', '/tmp/tmp1xbjym85', '--error-file', '/tmp/tmpjujjd0xz']
[2022-07-22 03:52:55,720] {standard_task_runner.py:80} INFO - Job 33: Subtask print_date
[2022-07-22 03:52:55,873] {task_command.py:371} INFO - Running <TaskInstance: pipeline_1.print_date manual__2022-07-22T03:52:47+00:00 [running]> on host b51f0a1d5848
[2022-07-22 03:52:55,967] {taskinstance.py:1591} INFO - Exporting the following env vars:
AIRFLOW_CTX_DAG_EMAIL=asd@admin.com
AIRFLOW_CTX_DAG_OWNER=***
AIRFLOW_CTX_DAG_ID=pipeline_1
AIRFLOW_CTX_TASK_ID=print_date
AIRFLOW_CTX_EXECUTION_DATE=2022-07-22T03:52:47+00:00
AIRFLOW_CTX_TRY_NUMBER=1
AIRFLOW_CTX_DAG_RUN_ID=manual__2022-07-22T03:52:47+00:00
[2022-07-22 03:52:55,970] {subprocess.py:62} INFO - Tmp dir root location: 
 /tmp
[2022-07-22 03:52:55,972] {subprocess.py:74} INFO - Running command: ['bash', '-c', 'date']
[2022-07-22 03:52:55,988] {subprocess.py:85} INFO - Output:
[2022-07-22 03:52:56,009] {subprocess.py:92} INFO - Fri Jul 22 03:52:56 UTC 2022
[2022-07-22 03:52:56,013] {subprocess.py:96} INFO - Command exited with return code 0
[2022-07-22 03:52:56,068] {taskinstance.py:1420} INFO - Marking task as SUCCESS. dag_id=pipeline_1, task_id=print_date, execution_date=20220722T035247, start_date=20220722T035255, end_date=20220722T035256
[2022-07-22 03:52:56,130] {local_task_job.py:156} INFO - Task exited with return code 0
[2022-07-22 03:52:56,206] {local_task_job.py:273} INFO - 2 downstream tasks scheduled from follow-on schedule check
