[2022-07-21 09:44:53,911] {taskinstance.py:1179} INFO - Dependencies all met for <TaskInstance: example_bash_operator.runme_1 scheduled__2022-07-20T00:00:00+00:00 [queued]>
[2022-07-21 09:44:53,950] {taskinstance.py:1179} INFO - Dependencies all met for <TaskInstance: example_bash_operator.runme_1 scheduled__2022-07-20T00:00:00+00:00 [queued]>
[2022-07-21 09:44:53,952] {taskinstance.py:1376} INFO - 
--------------------------------------------------------------------------------
[2022-07-21 09:44:53,954] {taskinstance.py:1377} INFO - Starting attempt 1 of 1
[2022-07-21 09:44:53,954] {taskinstance.py:1378} INFO - 
--------------------------------------------------------------------------------
[2022-07-21 09:44:53,989] {taskinstance.py:1397} INFO - Executing <Task(BashOperator): runme_1> on 2022-07-20 00:00:00+00:00
[2022-07-21 09:44:53,995] {standard_task_runner.py:52} INFO - Started process 745 to run task
[2022-07-21 09:44:54,037] {standard_task_runner.py:79} INFO - Running: ['***', 'tasks', 'run', 'example_bash_operator', 'runme_1', 'scheduled__2022-07-20T00:00:00+00:00', '--job-id', '7', '--raw', '--subdir', '/home/***/.local/lib/python3.7/site-packages/***/example_dags/example_bash_operator.py', '--cfg-path', '/tmp/tmpjaeyr5kg', '--error-file', '/tmp/tmptdr5nj3n']
[2022-07-21 09:44:54,046] {standard_task_runner.py:80} INFO - Job 7: Subtask runme_1
[2022-07-21 09:44:54,241] {task_command.py:371} INFO - Running <TaskInstance: example_bash_operator.runme_1 scheduled__2022-07-20T00:00:00+00:00 [running]> on host 29fe348be5eb
[2022-07-21 09:44:54,445] {taskinstance.py:1591} INFO - Exporting the following env vars:
AIRFLOW_CTX_DAG_OWNER=***
AIRFLOW_CTX_DAG_ID=example_bash_operator
AIRFLOW_CTX_TASK_ID=runme_1
AIRFLOW_CTX_EXECUTION_DATE=2022-07-20T00:00:00+00:00
AIRFLOW_CTX_TRY_NUMBER=1
AIRFLOW_CTX_DAG_RUN_ID=scheduled__2022-07-20T00:00:00+00:00
[2022-07-21 09:44:54,455] {subprocess.py:62} INFO - Tmp dir root location: 
 /tmp
[2022-07-21 09:44:54,465] {subprocess.py:74} INFO - Running command: ['bash', '-c', 'echo "example_bash_operator__runme_1__20220720" && sleep 1']
[2022-07-21 09:44:54,494] {subprocess.py:85} INFO - Output:
[2022-07-21 09:44:54,508] {subprocess.py:92} INFO - example_bash_operator__runme_1__20220720
[2022-07-21 09:44:55,509] {subprocess.py:96} INFO - Command exited with return code 0
[2022-07-21 09:44:55,549] {taskinstance.py:1420} INFO - Marking task as SUCCESS. dag_id=example_bash_operator, task_id=runme_1, execution_date=20220720T000000, start_date=20220721T094453, end_date=20220721T094455
[2022-07-21 09:44:55,607] {local_task_job.py:156} INFO - Task exited with return code 0
[2022-07-21 09:44:55,638] {local_task_job.py:273} INFO - 1 downstream tasks scheduled from follow-on schedule check
