[2022-07-22 08:47:36,342] {taskinstance.py:1179} INFO - Dependencies all met for <TaskInstance: dag2.add_task scheduled__2022-01-07T00:00:00+00:00 [queued]>
[2022-07-22 08:47:36,350] {taskinstance.py:1179} INFO - Dependencies all met for <TaskInstance: dag2.add_task scheduled__2022-01-07T00:00:00+00:00 [queued]>
[2022-07-22 08:47:36,356] {taskinstance.py:1376} INFO - 
--------------------------------------------------------------------------------
[2022-07-22 08:47:36,357] {taskinstance.py:1377} INFO - Starting attempt 1 of 1
[2022-07-22 08:47:36,358] {taskinstance.py:1378} INFO - 
--------------------------------------------------------------------------------
[2022-07-22 08:47:36,370] {taskinstance.py:1397} INFO - Executing <Task(_PythonDecoratedOperator): add_task> on 2022-01-07 00:00:00+00:00
[2022-07-22 08:47:36,390] {standard_task_runner.py:52} INFO - Started process 944 to run task
[2022-07-22 08:47:36,397] {standard_task_runner.py:79} INFO - Running: ['***', 'tasks', 'run', 'dag2', 'add_task', 'scheduled__2022-01-07T00:00:00+00:00', '--job-id', '411', '--raw', '--subdir', 'DAGS_FOLDER/pipeline_4.py', '--cfg-path', '/tmp/tmpwxoj6tlw', '--error-file', '/tmp/tmpluo9lnpy']
[2022-07-22 08:47:36,401] {standard_task_runner.py:80} INFO - Job 411: Subtask add_task
[2022-07-22 08:47:36,632] {task_command.py:371} INFO - Running <TaskInstance: dag2.add_task scheduled__2022-01-07T00:00:00+00:00 [running]> on host b51f0a1d5848
[2022-07-22 08:47:36,894] {taskinstance.py:1591} INFO - Exporting the following env vars:
AIRFLOW_CTX_DAG_OWNER=***
AIRFLOW_CTX_DAG_ID=dag2
AIRFLOW_CTX_TASK_ID=add_task
AIRFLOW_CTX_EXECUTION_DATE=2022-01-07T00:00:00+00:00
AIRFLOW_CTX_TRY_NUMBER=1
AIRFLOW_CTX_DAG_RUN_ID=scheduled__2022-01-07T00:00:00+00:00
[2022-07-22 08:47:36,900] {logging_mixin.py:115} INFO - args: x = 1, y = 2
[2022-07-22 08:47:36,901] {python.py:173} INFO - Done. Returned value was: 3
[2022-07-22 08:47:36,951] {taskinstance.py:1420} INFO - Marking task as SUCCESS. dag_id=dag2, task_id=add_task, execution_date=20220107T000000, start_date=20220722T084736, end_date=20220722T084736
[2022-07-22 08:47:37,017] {local_task_job.py:156} INFO - Task exited with return code 0
[2022-07-22 08:47:37,080] {local_task_job.py:273} INFO - 3 downstream tasks scheduled from follow-on schedule check
