[2022-07-22 08:46:26,744] {taskinstance.py:1179} INFO - Dependencies all met for <TaskInstance: dag1.add_start1 scheduled__2022-03-23T00:00:00+00:00 [queued]>
[2022-07-22 08:46:26,826] {taskinstance.py:1179} INFO - Dependencies all met for <TaskInstance: dag1.add_start1 scheduled__2022-03-23T00:00:00+00:00 [queued]>
[2022-07-22 08:46:26,828] {taskinstance.py:1376} INFO - 
--------------------------------------------------------------------------------
[2022-07-22 08:46:26,836] {taskinstance.py:1377} INFO - Starting attempt 1 of 1
[2022-07-22 08:46:26,838] {taskinstance.py:1378} INFO - 
--------------------------------------------------------------------------------
[2022-07-22 08:46:26,925] {taskinstance.py:1397} INFO - Executing <Task(_PythonDecoratedOperator): add_start1> on 2022-03-23 00:00:00+00:00
[2022-07-22 08:46:26,937] {standard_task_runner.py:52} INFO - Started process 548 to run task
[2022-07-22 08:46:26,965] {standard_task_runner.py:79} INFO - Running: ['***', 'tasks', 'run', 'dag1', 'add_start1', 'scheduled__2022-03-23T00:00:00+00:00', '--job-id', '240', '--raw', '--subdir', 'DAGS_FOLDER/pipeline_4.py', '--cfg-path', '/tmp/tmp2lqed93c', '--error-file', '/tmp/tmprourkn5a']
[2022-07-22 08:46:26,967] {standard_task_runner.py:80} INFO - Job 240: Subtask add_start1
[2022-07-22 08:46:27,366] {task_command.py:371} INFO - Running <TaskInstance: dag1.add_start1 scheduled__2022-03-23T00:00:00+00:00 [running]> on host b51f0a1d5848
[2022-07-22 08:46:27,687] {taskinstance.py:1591} INFO - Exporting the following env vars:
AIRFLOW_CTX_DAG_OWNER=***
AIRFLOW_CTX_DAG_ID=dag1
AIRFLOW_CTX_TASK_ID=add_start1
AIRFLOW_CTX_EXECUTION_DATE=2022-03-23T00:00:00+00:00
AIRFLOW_CTX_TRY_NUMBER=1
AIRFLOW_CTX_DAG_RUN_ID=scheduled__2022-03-23T00:00:00+00:00
[2022-07-22 08:46:27,690] {logging_mixin.py:115} INFO - args: x = 3, y = 1
[2022-07-22 08:46:27,694] {python.py:173} INFO - Done. Returned value was: 4
[2022-07-22 08:46:27,783] {taskinstance.py:1420} INFO - Marking task as SUCCESS. dag_id=dag1, task_id=add_start1, execution_date=20220323T000000, start_date=20220722T084626, end_date=20220722T084627
[2022-07-22 08:46:27,967] {local_task_job.py:156} INFO - Task exited with return code 0
[2022-07-22 08:46:28,051] {local_task_job.py:273} INFO - 0 downstream tasks scheduled from follow-on schedule check
