[2022-07-22 08:46:34,594] {taskinstance.py:1179} INFO - Dependencies all met for <TaskInstance: dag1.start scheduled__2022-04-03T00:00:00+00:00 [queued]>
[2022-07-22 08:46:34,622] {taskinstance.py:1179} INFO - Dependencies all met for <TaskInstance: dag1.start scheduled__2022-04-03T00:00:00+00:00 [queued]>
[2022-07-22 08:46:34,626] {taskinstance.py:1376} INFO - 
--------------------------------------------------------------------------------
[2022-07-22 08:46:34,633] {taskinstance.py:1377} INFO - Starting attempt 1 of 1
[2022-07-22 08:46:34,635] {taskinstance.py:1378} INFO - 
--------------------------------------------------------------------------------
[2022-07-22 08:46:34,681] {taskinstance.py:1397} INFO - Executing <Task(_PythonDecoratedOperator): start> on 2022-04-03 00:00:00+00:00
[2022-07-22 08:46:34,690] {standard_task_runner.py:52} INFO - Started process 601 to run task
[2022-07-22 08:46:34,702] {standard_task_runner.py:79} INFO - Running: ['***', 'tasks', 'run', 'dag1', 'start', 'scheduled__2022-04-03T00:00:00+00:00', '--job-id', '267', '--raw', '--subdir', 'DAGS_FOLDER/pipeline_4.py', '--cfg-path', '/tmp/tmp1tma059f', '--error-file', '/tmp/tmpau9yjyhg']
[2022-07-22 08:46:34,706] {standard_task_runner.py:80} INFO - Job 267: Subtask start
[2022-07-22 08:46:34,891] {task_command.py:371} INFO - Running <TaskInstance: dag1.start scheduled__2022-04-03T00:00:00+00:00 [running]> on host b51f0a1d5848
[2022-07-22 08:46:35,069] {taskinstance.py:1591} INFO - Exporting the following env vars:
AIRFLOW_CTX_DAG_OWNER=***
AIRFLOW_CTX_DAG_ID=dag1
AIRFLOW_CTX_TASK_ID=start
AIRFLOW_CTX_EXECUTION_DATE=2022-04-03T00:00:00+00:00
AIRFLOW_CTX_TRY_NUMBER=1
AIRFLOW_CTX_DAG_RUN_ID=scheduled__2022-04-03T00:00:00+00:00
[2022-07-22 08:46:35,073] {logging_mixin.py:115} INFO - args: x = 1, y = 2
[2022-07-22 08:46:35,075] {python.py:173} INFO - Done. Returned value was: 3
[2022-07-22 08:46:35,143] {taskinstance.py:1420} INFO - Marking task as SUCCESS. dag_id=dag1, task_id=start, execution_date=20220403T000000, start_date=20220722T084634, end_date=20220722T084635
[2022-07-22 08:46:35,253] {local_task_job.py:156} INFO - Task exited with return code 0
[2022-07-22 08:46:35,316] {local_task_job.py:273} INFO - 0 downstream tasks scheduled from follow-on schedule check
