[2022-07-22 08:48:32,073] {taskinstance.py:1179} INFO - Dependencies all met for <TaskInstance: dag2.new_add_0 scheduled__2022-03-06T00:00:00+00:00 [queued]>
[2022-07-22 08:48:32,093] {taskinstance.py:1179} INFO - Dependencies all met for <TaskInstance: dag2.new_add_0 scheduled__2022-03-06T00:00:00+00:00 [queued]>
[2022-07-22 08:48:32,095] {taskinstance.py:1376} INFO - 
--------------------------------------------------------------------------------
[2022-07-22 08:48:32,096] {taskinstance.py:1377} INFO - Starting attempt 1 of 1
[2022-07-22 08:48:32,097] {taskinstance.py:1378} INFO - 
--------------------------------------------------------------------------------
[2022-07-22 08:48:32,143] {taskinstance.py:1397} INFO - Executing <Task(_PythonDecoratedOperator): new_add_0> on 2022-03-06 00:00:00+00:00
[2022-07-22 08:48:32,154] {standard_task_runner.py:52} INFO - Started process 1494 to run task
[2022-07-22 08:48:32,157] {standard_task_runner.py:79} INFO - Running: ['***', 'tasks', 'run', 'dag2', 'new_add_0', 'scheduled__2022-03-06T00:00:00+00:00', '--job-id', '667', '--raw', '--subdir', 'DAGS_FOLDER/pipeline_4.py', '--cfg-path', '/tmp/tmpax7hztf6', '--error-file', '/tmp/tmpp_ni_m97']
[2022-07-22 08:48:32,161] {standard_task_runner.py:80} INFO - Job 667: Subtask new_add_0
[2022-07-22 08:48:32,281] {task_command.py:371} INFO - Running <TaskInstance: dag2.new_add_0 scheduled__2022-03-06T00:00:00+00:00 [running]> on host b51f0a1d5848
[2022-07-22 08:48:32,513] {taskinstance.py:1591} INFO - Exporting the following env vars:
AIRFLOW_CTX_DAG_OWNER=***
AIRFLOW_CTX_DAG_ID=dag2
AIRFLOW_CTX_TASK_ID=new_add_0
AIRFLOW_CTX_EXECUTION_DATE=2022-03-06T00:00:00+00:00
AIRFLOW_CTX_TRY_NUMBER=1
AIRFLOW_CTX_DAG_RUN_ID=scheduled__2022-03-06T00:00:00+00:00
[2022-07-22 08:48:32,518] {logging_mixin.py:115} INFO - args: x = 3, y = 0
[2022-07-22 08:48:32,520] {python.py:173} INFO - Done. Returned value was: 3
[2022-07-22 08:48:32,597] {taskinstance.py:1420} INFO - Marking task as SUCCESS. dag_id=dag2, task_id=new_add_0, execution_date=20220306T000000, start_date=20220722T084832, end_date=20220722T084832
[2022-07-22 08:48:32,705] {local_task_job.py:156} INFO - Task exited with return code 0
[2022-07-22 08:48:32,757] {local_task_job.py:273} INFO - 0 downstream tasks scheduled from follow-on schedule check
