[2022-07-22 03:52:56,791] {taskinstance.py:1179} INFO - Dependencies all met for <TaskInstance: pipeline_1.sleep scheduled__2022-07-21T03:52:24.612450+00:00 [queued]>
[2022-07-22 03:52:56,810] {taskinstance.py:1179} INFO - Dependencies all met for <TaskInstance: pipeline_1.sleep scheduled__2022-07-21T03:52:24.612450+00:00 [queued]>
[2022-07-22 03:52:56,811] {taskinstance.py:1376} INFO - 
--------------------------------------------------------------------------------
[2022-07-22 03:52:56,813] {taskinstance.py:1377} INFO - Starting attempt 1 of 4
[2022-07-22 03:52:56,814] {taskinstance.py:1378} INFO - 
--------------------------------------------------------------------------------
[2022-07-22 03:52:56,830] {taskinstance.py:1397} INFO - Executing <Task(BashOperator): sleep> on 2022-07-21 03:52:24.612450+00:00
[2022-07-22 03:52:56,835] {standard_task_runner.py:52} INFO - Started process 306 to run task
[2022-07-22 03:52:56,840] {standard_task_runner.py:79} INFO - Running: ['***', 'tasks', 'run', 'pipeline_1', 'sleep', 'scheduled__2022-07-21T03:52:24.612450+00:00', '--job-id', '35', '--raw', '--subdir', 'DAGS_FOLDER/pipeline_1.py', '--cfg-path', '/tmp/tmpvjo5c3vt', '--error-file', '/tmp/tmp6wv8m6db']
[2022-07-22 03:52:56,841] {standard_task_runner.py:80} INFO - Job 35: Subtask sleep
[2022-07-22 03:52:56,947] {task_command.py:371} INFO - Running <TaskInstance: pipeline_1.sleep scheduled__2022-07-21T03:52:24.612450+00:00 [running]> on host b51f0a1d5848
[2022-07-22 03:52:57,063] {taskinstance.py:1591} INFO - Exporting the following env vars:
AIRFLOW_CTX_DAG_EMAIL=asd@admin.com
AIRFLOW_CTX_DAG_OWNER=***
AIRFLOW_CTX_DAG_ID=pipeline_1
AIRFLOW_CTX_TASK_ID=sleep
AIRFLOW_CTX_EXECUTION_DATE=2022-07-21T03:52:24.612450+00:00
AIRFLOW_CTX_TRY_NUMBER=1
AIRFLOW_CTX_DAG_RUN_ID=scheduled__2022-07-21T03:52:24.612450+00:00
[2022-07-22 03:52:57,066] {subprocess.py:62} INFO - Tmp dir root location: 
 /tmp
[2022-07-22 03:52:57,069] {subprocess.py:74} INFO - Running command: ['bash', '-c', 'sleep 5']
[2022-07-22 03:52:57,083] {subprocess.py:85} INFO - Output:
[2022-07-22 03:53:02,088] {subprocess.py:96} INFO - Command exited with return code 0
[2022-07-22 03:53:02,108] {taskinstance.py:1420} INFO - Marking task as SUCCESS. dag_id=pipeline_1, task_id=sleep, execution_date=20220721T035224, start_date=20220722T035256, end_date=20220722T035302
[2022-07-22 03:53:02,157] {local_task_job.py:156} INFO - Task exited with return code 0
[2022-07-22 03:53:02,171] {local_task_job.py:273} INFO - 0 downstream tasks scheduled from follow-on schedule check
