[2022-07-22 08:49:15,384] {taskinstance.py:1179} INFO - Dependencies all met for <TaskInstance: dag2.new_add_0 scheduled__2022-04-28T00:00:00+00:00 [queued]>
[2022-07-22 08:49:15,410] {taskinstance.py:1179} INFO - Dependencies all met for <TaskInstance: dag2.new_add_0 scheduled__2022-04-28T00:00:00+00:00 [queued]>
[2022-07-22 08:49:15,413] {taskinstance.py:1376} INFO - 
--------------------------------------------------------------------------------
[2022-07-22 08:49:15,414] {taskinstance.py:1377} INFO - Starting attempt 1 of 1
[2022-07-22 08:49:15,420] {taskinstance.py:1378} INFO - 
--------------------------------------------------------------------------------
[2022-07-22 08:49:15,467] {taskinstance.py:1397} INFO - Executing <Task(_PythonDecoratedOperator): new_add_0> on 2022-04-28 00:00:00+00:00
[2022-07-22 08:49:15,493] {standard_task_runner.py:52} INFO - Started process 1940 to run task
[2022-07-22 08:49:15,521] {standard_task_runner.py:79} INFO - Running: ['***', 'tasks', 'run', 'dag2', 'new_add_0', 'scheduled__2022-04-28T00:00:00+00:00', '--job-id', '874', '--raw', '--subdir', 'DAGS_FOLDER/pipeline_4.py', '--cfg-path', '/tmp/tmplllaznft', '--error-file', '/tmp/tmp9lqpy82n']
[2022-07-22 08:49:15,531] {standard_task_runner.py:80} INFO - Job 874: Subtask new_add_0
[2022-07-22 08:49:15,718] {task_command.py:371} INFO - Running <TaskInstance: dag2.new_add_0 scheduled__2022-04-28T00:00:00+00:00 [running]> on host b51f0a1d5848
[2022-07-22 08:49:15,956] {taskinstance.py:1591} INFO - Exporting the following env vars:
AIRFLOW_CTX_DAG_OWNER=***
AIRFLOW_CTX_DAG_ID=dag2
AIRFLOW_CTX_TASK_ID=new_add_0
AIRFLOW_CTX_EXECUTION_DATE=2022-04-28T00:00:00+00:00
AIRFLOW_CTX_TRY_NUMBER=1
AIRFLOW_CTX_DAG_RUN_ID=scheduled__2022-04-28T00:00:00+00:00
[2022-07-22 08:49:15,959] {logging_mixin.py:115} INFO - args: x = 3, y = 0
[2022-07-22 08:49:15,960] {python.py:173} INFO - Done. Returned value was: 3
[2022-07-22 08:49:16,004] {taskinstance.py:1420} INFO - Marking task as SUCCESS. dag_id=dag2, task_id=new_add_0, execution_date=20220428T000000, start_date=20220722T084915, end_date=20220722T084916
[2022-07-22 08:49:16,047] {local_task_job.py:156} INFO - Task exited with return code 0
[2022-07-22 08:49:16,088] {local_task_job.py:273} INFO - 0 downstream tasks scheduled from follow-on schedule check
