[2022-07-22 08:58:10,119] {taskinstance.py:1179} INFO - Dependencies all met for <TaskInstance: dag1.add_start2 scheduled__2022-06-04T00:00:00+00:00 [queued]>
[2022-07-22 08:58:10,129] {taskinstance.py:1179} INFO - Dependencies all met for <TaskInstance: dag1.add_start2 scheduled__2022-06-04T00:00:00+00:00 [queued]>
[2022-07-22 08:58:10,130] {taskinstance.py:1376} INFO - 
--------------------------------------------------------------------------------
[2022-07-22 08:58:10,131] {taskinstance.py:1377} INFO - Starting attempt 1 of 1
[2022-07-22 08:58:10,131] {taskinstance.py:1378} INFO - 
--------------------------------------------------------------------------------
[2022-07-22 08:58:10,138] {taskinstance.py:1397} INFO - Executing <Task(_PythonDecoratedOperator): add_start2> on 2022-06-04 00:00:00+00:00
[2022-07-22 08:58:10,142] {standard_task_runner.py:52} INFO - Started process 136 to run task
[2022-07-22 08:58:10,144] {standard_task_runner.py:79} INFO - Running: ['***', 'tasks', 'run', 'dag1', 'add_start2', 'scheduled__2022-06-04T00:00:00+00:00', '--job-id', '1063', '--raw', '--subdir', 'DAGS_FOLDER/pipeline_4.py', '--cfg-path', '/tmp/tmp1kffmumi', '--error-file', '/tmp/tmpd0gzn0lv']
[2022-07-22 08:58:10,145] {standard_task_runner.py:80} INFO - Job 1063: Subtask add_start2
[2022-07-22 08:58:10,186] {task_command.py:371} INFO - Running <TaskInstance: dag1.add_start2 scheduled__2022-06-04T00:00:00+00:00 [running]> on host b51f0a1d5848
[2022-07-22 08:58:10,231] {taskinstance.py:1591} INFO - Exporting the following env vars:
AIRFLOW_CTX_DAG_OWNER=***
AIRFLOW_CTX_DAG_ID=dag1
AIRFLOW_CTX_TASK_ID=add_start2
AIRFLOW_CTX_EXECUTION_DATE=2022-06-04T00:00:00+00:00
AIRFLOW_CTX_TRY_NUMBER=1
AIRFLOW_CTX_DAG_RUN_ID=scheduled__2022-06-04T00:00:00+00:00
[2022-07-22 08:58:10,233] {logging_mixin.py:115} INFO - args: x = 3, y = 2
[2022-07-22 08:58:10,233] {python.py:173} INFO - Done. Returned value was: 5
[2022-07-22 08:58:10,249] {taskinstance.py:1420} INFO - Marking task as SUCCESS. dag_id=dag1, task_id=add_start2, execution_date=20220604T000000, start_date=20220722T085810, end_date=20220722T085810
[2022-07-22 08:58:10,277] {local_task_job.py:156} INFO - Task exited with return code 0
[2022-07-22 08:58:10,295] {local_task_job.py:273} INFO - 0 downstream tasks scheduled from follow-on schedule check
