[2022-07-22 08:46:12,324] {taskinstance.py:1179} INFO - Dependencies all met for <TaskInstance: dag1.add_start1 scheduled__2022-03-10T00:00:00+00:00 [queued]>
[2022-07-22 08:46:12,362] {taskinstance.py:1179} INFO - Dependencies all met for <TaskInstance: dag1.add_start1 scheduled__2022-03-10T00:00:00+00:00 [queued]>
[2022-07-22 08:46:12,364] {taskinstance.py:1376} INFO - 
--------------------------------------------------------------------------------
[2022-07-22 08:46:12,366] {taskinstance.py:1377} INFO - Starting attempt 1 of 1
[2022-07-22 08:46:12,366] {taskinstance.py:1378} INFO - 
--------------------------------------------------------------------------------
[2022-07-22 08:46:12,410] {taskinstance.py:1397} INFO - Executing <Task(_PythonDecoratedOperator): add_start1> on 2022-03-10 00:00:00+00:00
[2022-07-22 08:46:12,433] {standard_task_runner.py:52} INFO - Started process 413 to run task
[2022-07-22 08:46:12,490] {standard_task_runner.py:79} INFO - Running: ['***', 'tasks', 'run', 'dag1', 'add_start1', 'scheduled__2022-03-10T00:00:00+00:00', '--job-id', '183', '--raw', '--subdir', 'DAGS_FOLDER/pipeline_4.py', '--cfg-path', '/tmp/tmpvmh1ek16', '--error-file', '/tmp/tmp5ryvcz36']
[2022-07-22 08:46:12,493] {standard_task_runner.py:80} INFO - Job 183: Subtask add_start1
[2022-07-22 08:46:12,727] {task_command.py:371} INFO - Running <TaskInstance: dag1.add_start1 scheduled__2022-03-10T00:00:00+00:00 [running]> on host b51f0a1d5848
[2022-07-22 08:46:12,912] {taskinstance.py:1591} INFO - Exporting the following env vars:
AIRFLOW_CTX_DAG_OWNER=***
AIRFLOW_CTX_DAG_ID=dag1
AIRFLOW_CTX_TASK_ID=add_start1
AIRFLOW_CTX_EXECUTION_DATE=2022-03-10T00:00:00+00:00
AIRFLOW_CTX_TRY_NUMBER=1
AIRFLOW_CTX_DAG_RUN_ID=scheduled__2022-03-10T00:00:00+00:00
[2022-07-22 08:46:12,915] {logging_mixin.py:115} INFO - args: x = 3, y = 1
[2022-07-22 08:46:12,916] {python.py:173} INFO - Done. Returned value was: 4
[2022-07-22 08:46:12,992] {taskinstance.py:1420} INFO - Marking task as SUCCESS. dag_id=dag1, task_id=add_start1, execution_date=20220310T000000, start_date=20220722T084612, end_date=20220722T084612
[2022-07-22 08:46:13,071] {local_task_job.py:156} INFO - Task exited with return code 0
[2022-07-22 08:46:13,177] {local_task_job.py:273} INFO - 0 downstream tasks scheduled from follow-on schedule check
