[2022-07-22 08:46:52,705] {taskinstance.py:1179} INFO - Dependencies all met for <TaskInstance: dag1.add_start0 scheduled__2022-04-19T00:00:00+00:00 [queued]>
[2022-07-22 08:46:52,747] {taskinstance.py:1179} INFO - Dependencies all met for <TaskInstance: dag1.add_start0 scheduled__2022-04-19T00:00:00+00:00 [queued]>
[2022-07-22 08:46:52,766] {taskinstance.py:1376} INFO - 
--------------------------------------------------------------------------------
[2022-07-22 08:46:52,767] {taskinstance.py:1377} INFO - Starting attempt 1 of 1
[2022-07-22 08:46:52,769] {taskinstance.py:1378} INFO - 
--------------------------------------------------------------------------------
[2022-07-22 08:46:52,928] {taskinstance.py:1397} INFO - Executing <Task(_PythonDecoratedOperator): add_start0> on 2022-04-19 00:00:00+00:00
[2022-07-22 08:46:52,945] {standard_task_runner.py:52} INFO - Started process 784 to run task
[2022-07-22 08:46:53,016] {standard_task_runner.py:79} INFO - Running: ['***', 'tasks', 'run', 'dag1', 'add_start0', 'scheduled__2022-04-19T00:00:00+00:00', '--job-id', '352', '--raw', '--subdir', 'DAGS_FOLDER/pipeline_4.py', '--cfg-path', '/tmp/tmp0wi05xmy', '--error-file', '/tmp/tmpnz8p8voh']
[2022-07-22 08:46:53,028] {standard_task_runner.py:80} INFO - Job 352: Subtask add_start0
[2022-07-22 08:46:53,390] {task_command.py:371} INFO - Running <TaskInstance: dag1.add_start0 scheduled__2022-04-19T00:00:00+00:00 [running]> on host b51f0a1d5848
[2022-07-22 08:46:53,778] {taskinstance.py:1591} INFO - Exporting the following env vars:
AIRFLOW_CTX_DAG_OWNER=***
AIRFLOW_CTX_DAG_ID=dag1
AIRFLOW_CTX_TASK_ID=add_start0
AIRFLOW_CTX_EXECUTION_DATE=2022-04-19T00:00:00+00:00
AIRFLOW_CTX_TRY_NUMBER=1
AIRFLOW_CTX_DAG_RUN_ID=scheduled__2022-04-19T00:00:00+00:00
[2022-07-22 08:46:53,781] {logging_mixin.py:115} INFO - args: x = 3, y = 0
[2022-07-22 08:46:53,782] {python.py:173} INFO - Done. Returned value was: 3
[2022-07-22 08:46:53,872] {taskinstance.py:1420} INFO - Marking task as SUCCESS. dag_id=dag1, task_id=add_start0, execution_date=20220419T000000, start_date=20220722T084652, end_date=20220722T084653
[2022-07-22 08:46:53,993] {local_task_job.py:156} INFO - Task exited with return code 0
[2022-07-22 08:46:54,125] {local_task_job.py:273} INFO - 0 downstream tasks scheduled from follow-on schedule check
