[2022-07-22 08:45:55,861] {taskinstance.py:1179} INFO - Dependencies all met for <TaskInstance: dag1.start scheduled__2022-02-24T00:00:00+00:00 [queued]>
[2022-07-22 08:45:55,878] {taskinstance.py:1179} INFO - Dependencies all met for <TaskInstance: dag1.start scheduled__2022-02-24T00:00:00+00:00 [queued]>
[2022-07-22 08:45:55,878] {taskinstance.py:1376} INFO - 
--------------------------------------------------------------------------------
[2022-07-22 08:45:55,879] {taskinstance.py:1377} INFO - Starting attempt 1 of 1
[2022-07-22 08:45:55,880] {taskinstance.py:1378} INFO - 
--------------------------------------------------------------------------------
[2022-07-22 08:45:55,902] {taskinstance.py:1397} INFO - Executing <Task(_PythonDecoratedOperator): start> on 2022-02-24 00:00:00+00:00
[2022-07-22 08:45:55,913] {standard_task_runner.py:52} INFO - Started process 255 to run task
[2022-07-22 08:45:55,919] {standard_task_runner.py:79} INFO - Running: ['***', 'tasks', 'run', 'dag1', 'start', 'scheduled__2022-02-24T00:00:00+00:00', '--job-id', '112', '--raw', '--subdir', 'DAGS_FOLDER/pipeline_4.py', '--cfg-path', '/tmp/tmpm95uz59v', '--error-file', '/tmp/tmpvf04cmiv']
[2022-07-22 08:45:55,921] {standard_task_runner.py:80} INFO - Job 112: Subtask start
[2022-07-22 08:45:56,086] {task_command.py:371} INFO - Running <TaskInstance: dag1.start scheduled__2022-02-24T00:00:00+00:00 [running]> on host b51f0a1d5848
[2022-07-22 08:45:56,262] {taskinstance.py:1591} INFO - Exporting the following env vars:
AIRFLOW_CTX_DAG_OWNER=***
AIRFLOW_CTX_DAG_ID=dag1
AIRFLOW_CTX_TASK_ID=start
AIRFLOW_CTX_EXECUTION_DATE=2022-02-24T00:00:00+00:00
AIRFLOW_CTX_TRY_NUMBER=1
AIRFLOW_CTX_DAG_RUN_ID=scheduled__2022-02-24T00:00:00+00:00
[2022-07-22 08:45:56,266] {logging_mixin.py:115} INFO - args: x = 1, y = 2
[2022-07-22 08:45:56,267] {python.py:173} INFO - Done. Returned value was: 3
[2022-07-22 08:45:56,338] {taskinstance.py:1420} INFO - Marking task as SUCCESS. dag_id=dag1, task_id=start, execution_date=20220224T000000, start_date=20220722T084555, end_date=20220722T084556
[2022-07-22 08:45:56,530] {local_task_job.py:156} INFO - Task exited with return code 0
[2022-07-22 08:45:56,756] {local_task_job.py:273} INFO - 3 downstream tasks scheduled from follow-on schedule check
