[2022-07-22 08:49:29,250] {taskinstance.py:1179} INFO - Dependencies all met for <TaskInstance: dag2.new_add_1 scheduled__2022-05-11T00:00:00+00:00 [queued]>
[2022-07-22 08:49:29,283] {taskinstance.py:1179} INFO - Dependencies all met for <TaskInstance: dag2.new_add_1 scheduled__2022-05-11T00:00:00+00:00 [queued]>
[2022-07-22 08:49:29,293] {taskinstance.py:1376} INFO - 
--------------------------------------------------------------------------------
[2022-07-22 08:49:29,295] {taskinstance.py:1377} INFO - Starting attempt 1 of 1
[2022-07-22 08:49:29,297] {taskinstance.py:1378} INFO - 
--------------------------------------------------------------------------------
[2022-07-22 08:49:29,380] {taskinstance.py:1397} INFO - Executing <Task(_PythonDecoratedOperator): new_add_1> on 2022-05-11 00:00:00+00:00
[2022-07-22 08:49:29,389] {standard_task_runner.py:52} INFO - Started process 2049 to run task
[2022-07-22 08:49:29,437] {standard_task_runner.py:79} INFO - Running: ['***', 'tasks', 'run', 'dag2', 'new_add_1', 'scheduled__2022-05-11T00:00:00+00:00', '--job-id', '924', '--raw', '--subdir', 'DAGS_FOLDER/pipeline_4.py', '--cfg-path', '/tmp/tmp5nzgc1tl', '--error-file', '/tmp/tmp08yf5afo']
[2022-07-22 08:49:29,442] {standard_task_runner.py:80} INFO - Job 924: Subtask new_add_1
[2022-07-22 08:49:29,564] {task_command.py:371} INFO - Running <TaskInstance: dag2.new_add_1 scheduled__2022-05-11T00:00:00+00:00 [running]> on host b51f0a1d5848
[2022-07-22 08:49:29,766] {taskinstance.py:1591} INFO - Exporting the following env vars:
AIRFLOW_CTX_DAG_OWNER=***
AIRFLOW_CTX_DAG_ID=dag2
AIRFLOW_CTX_TASK_ID=new_add_1
AIRFLOW_CTX_EXECUTION_DATE=2022-05-11T00:00:00+00:00
AIRFLOW_CTX_TRY_NUMBER=1
AIRFLOW_CTX_DAG_RUN_ID=scheduled__2022-05-11T00:00:00+00:00
[2022-07-22 08:49:29,770] {logging_mixin.py:115} INFO - args: x = 3, y = 1
[2022-07-22 08:49:29,771] {python.py:173} INFO - Done. Returned value was: 4
[2022-07-22 08:49:29,809] {taskinstance.py:1420} INFO - Marking task as SUCCESS. dag_id=dag2, task_id=new_add_1, execution_date=20220511T000000, start_date=20220722T084929, end_date=20220722T084929
[2022-07-22 08:49:29,877] {local_task_job.py:156} INFO - Task exited with return code 0
[2022-07-22 08:49:29,928] {local_task_job.py:273} INFO - 0 downstream tasks scheduled from follow-on schedule check
