[2022-07-22 08:46:14,523] {taskinstance.py:1179} INFO - Dependencies all met for <TaskInstance: dag1.add_start1 scheduled__2022-03-16T00:00:00+00:00 [queued]>
[2022-07-22 08:46:14,547] {taskinstance.py:1179} INFO - Dependencies all met for <TaskInstance: dag1.add_start1 scheduled__2022-03-16T00:00:00+00:00 [queued]>
[2022-07-22 08:46:14,552] {taskinstance.py:1376} INFO - 
--------------------------------------------------------------------------------
[2022-07-22 08:46:14,554] {taskinstance.py:1377} INFO - Starting attempt 1 of 1
[2022-07-22 08:46:14,555] {taskinstance.py:1378} INFO - 
--------------------------------------------------------------------------------
[2022-07-22 08:46:14,594] {taskinstance.py:1397} INFO - Executing <Task(_PythonDecoratedOperator): add_start1> on 2022-03-16 00:00:00+00:00
[2022-07-22 08:46:14,604] {standard_task_runner.py:52} INFO - Started process 443 to run task
[2022-07-22 08:46:14,613] {standard_task_runner.py:79} INFO - Running: ['***', 'tasks', 'run', 'dag1', 'add_start1', 'scheduled__2022-03-16T00:00:00+00:00', '--job-id', '200', '--raw', '--subdir', 'DAGS_FOLDER/pipeline_4.py', '--cfg-path', '/tmp/tmph0dy6ahe', '--error-file', '/tmp/tmpdtbv1p7n']
[2022-07-22 08:46:14,628] {standard_task_runner.py:80} INFO - Job 200: Subtask add_start1
[2022-07-22 08:46:14,793] {task_command.py:371} INFO - Running <TaskInstance: dag1.add_start1 scheduled__2022-03-16T00:00:00+00:00 [running]> on host b51f0a1d5848
[2022-07-22 08:46:15,194] {taskinstance.py:1591} INFO - Exporting the following env vars:
AIRFLOW_CTX_DAG_OWNER=***
AIRFLOW_CTX_DAG_ID=dag1
AIRFLOW_CTX_TASK_ID=add_start1
AIRFLOW_CTX_EXECUTION_DATE=2022-03-16T00:00:00+00:00
AIRFLOW_CTX_TRY_NUMBER=1
AIRFLOW_CTX_DAG_RUN_ID=scheduled__2022-03-16T00:00:00+00:00
[2022-07-22 08:46:15,197] {logging_mixin.py:115} INFO - args: x = 3, y = 1
[2022-07-22 08:46:15,203] {python.py:173} INFO - Done. Returned value was: 4
[2022-07-22 08:46:15,305] {taskinstance.py:1420} INFO - Marking task as SUCCESS. dag_id=dag1, task_id=add_start1, execution_date=20220316T000000, start_date=20220722T084614, end_date=20220722T084615
[2022-07-22 08:46:15,457] {local_task_job.py:156} INFO - Task exited with return code 0
[2022-07-22 08:46:15,545] {local_task_job.py:273} INFO - 0 downstream tasks scheduled from follow-on schedule check
