[2022-07-22 01:49:49,627] {taskinstance.py:1179} INFO - Dependencies all met for <TaskInstance: example_bash_operator.runme_1 scheduled__2022-07-21T00:00:00+00:00 [queued]>
[2022-07-22 01:49:49,685] {taskinstance.py:1179} INFO - Dependencies all met for <TaskInstance: example_bash_operator.runme_1 scheduled__2022-07-21T00:00:00+00:00 [queued]>
[2022-07-22 01:49:49,686] {taskinstance.py:1376} INFO - 
--------------------------------------------------------------------------------
[2022-07-22 01:49:49,687] {taskinstance.py:1377} INFO - Starting attempt 1 of 1
[2022-07-22 01:49:49,688] {taskinstance.py:1378} INFO - 
--------------------------------------------------------------------------------
[2022-07-22 01:49:49,717] {taskinstance.py:1397} INFO - Executing <Task(BashOperator): runme_1> on 2022-07-21 00:00:00+00:00
[2022-07-22 01:49:49,723] {standard_task_runner.py:52} INFO - Started process 65 to run task
[2022-07-22 01:49:49,729] {standard_task_runner.py:79} INFO - Running: ['***', 'tasks', 'run', 'example_bash_operator', 'runme_1', 'scheduled__2022-07-21T00:00:00+00:00', '--job-id', '26', '--raw', '--subdir', '/home/***/.local/lib/python3.7/site-packages/***/example_dags/example_bash_operator.py', '--cfg-path', '/tmp/tmp2r6lhe0s', '--error-file', '/tmp/tmpsqfxe20n']
[2022-07-22 01:49:49,731] {standard_task_runner.py:80} INFO - Job 26: Subtask runme_1
[2022-07-22 01:49:49,964] {task_command.py:371} INFO - Running <TaskInstance: example_bash_operator.runme_1 scheduled__2022-07-21T00:00:00+00:00 [running]> on host 3fe140d9be8a
[2022-07-22 01:49:50,323] {taskinstance.py:1591} INFO - Exporting the following env vars:
AIRFLOW_CTX_DAG_OWNER=***
AIRFLOW_CTX_DAG_ID=example_bash_operator
AIRFLOW_CTX_TASK_ID=runme_1
AIRFLOW_CTX_EXECUTION_DATE=2022-07-21T00:00:00+00:00
AIRFLOW_CTX_TRY_NUMBER=1
AIRFLOW_CTX_DAG_RUN_ID=scheduled__2022-07-21T00:00:00+00:00
[2022-07-22 01:49:50,330] {subprocess.py:62} INFO - Tmp dir root location: 
 /tmp
[2022-07-22 01:49:50,335] {subprocess.py:74} INFO - Running command: ['bash', '-c', 'echo "example_bash_operator__runme_1__20220721" && sleep 1']
[2022-07-22 01:49:50,399] {subprocess.py:85} INFO - Output:
[2022-07-22 01:49:50,422] {subprocess.py:92} INFO - example_bash_operator__runme_1__20220721
[2022-07-22 01:49:51,427] {subprocess.py:96} INFO - Command exited with return code 0
[2022-07-22 01:49:51,450] {taskinstance.py:1420} INFO - Marking task as SUCCESS. dag_id=example_bash_operator, task_id=runme_1, execution_date=20220721T000000, start_date=20220722T014949, end_date=20220722T014951
[2022-07-22 01:49:51,502] {local_task_job.py:156} INFO - Task exited with return code 0
[2022-07-22 01:49:51,538] {local_task_job.py:273} INFO - 0 downstream tasks scheduled from follow-on schedule check
