[2022-07-22 08:55:37,234] {taskinstance.py:1179} INFO - Dependencies all met for <TaskInstance: dag1.start scheduled__2022-05-21T00:00:00+00:00 [queued]>
[2022-07-22 08:55:37,293] {taskinstance.py:1179} INFO - Dependencies all met for <TaskInstance: dag1.start scheduled__2022-05-21T00:00:00+00:00 [queued]>
[2022-07-22 08:55:37,295] {taskinstance.py:1376} INFO - 
--------------------------------------------------------------------------------
[2022-07-22 08:55:37,296] {taskinstance.py:1377} INFO - Starting attempt 1 of 1
[2022-07-22 08:55:37,297] {taskinstance.py:1378} INFO - 
--------------------------------------------------------------------------------
[2022-07-22 08:55:37,353] {taskinstance.py:1397} INFO - Executing <Task(_PythonVirtualenvDecoratedOperator): start> on 2022-05-21 00:00:00+00:00
[2022-07-22 08:55:37,371] {standard_task_runner.py:52} INFO - Started process 2609 to run task
[2022-07-22 08:55:37,400] {standard_task_runner.py:79} INFO - Running: ['***', 'tasks', 'run', 'dag1', 'start', 'scheduled__2022-05-21T00:00:00+00:00', '--job-id', '1033', '--raw', '--subdir', 'DAGS_FOLDER/pipeline_4.py', '--cfg-path', '/tmp/tmp2h9d_efm', '--error-file', '/tmp/tmp270k3c62']
[2022-07-22 08:55:37,408] {standard_task_runner.py:80} INFO - Job 1033: Subtask start
[2022-07-22 08:55:37,657] {task_command.py:371} INFO - Running <TaskInstance: dag1.start scheduled__2022-05-21T00:00:00+00:00 [running]> on host b51f0a1d5848
[2022-07-22 08:55:37,845] {taskinstance.py:1591} INFO - Exporting the following env vars:
AIRFLOW_CTX_DAG_OWNER=***
AIRFLOW_CTX_DAG_ID=dag1
AIRFLOW_CTX_TASK_ID=start
AIRFLOW_CTX_EXECUTION_DATE=2022-05-21T00:00:00+00:00
AIRFLOW_CTX_TRY_NUMBER=1
AIRFLOW_CTX_DAG_RUN_ID=scheduled__2022-05-21T00:00:00+00:00
[2022-07-22 08:55:37,849] {process_utils.py:165} INFO - Executing cmd: /usr/local/bin/python -m virtualenv /tmp/venv5wayxbp7
[2022-07-22 08:55:37,878] {process_utils.py:169} INFO - Output:
[2022-07-22 08:56:00,465] {process_utils.py:173} INFO - created virtual environment CPython3.7.13.final.0-64 in 14260ms
[2022-07-22 08:56:00,467] {process_utils.py:173} INFO -   creator CPython3Posix(dest=/tmp/venv5wayxbp7, clear=False, no_vcs_ignore=False, global=False)
[2022-07-22 08:56:00,470] {process_utils.py:173} INFO -   seeder FromAppData(download=False, pip=bundle, setuptools=bundle, wheel=bundle, via=copy, app_data_dir=/home/***/.local/share/virtualenv)
[2022-07-22 08:56:00,472] {process_utils.py:173} INFO -     added seed packages: pip==22.1.2, setuptools==62.6.0, wheel==0.37.1
[2022-07-22 08:56:00,474] {process_utils.py:173} INFO -   activators BashActivator,CShellActivator,FishActivator,NushellActivator,PowerShellActivator,PythonActivator
[2022-07-22 08:56:01,500] {process_utils.py:165} INFO - Executing cmd: /tmp/venv5wayxbp7/bin/pip install -r /tmp/venv5wayxbp7/requirements.txt
[2022-07-22 08:56:01,569] {process_utils.py:169} INFO - Output:
[2022-07-22 08:56:39,112] {process_utils.py:173} INFO - Collecting funcsigs
[2022-07-22 08:56:39,115] {process_utils.py:173} INFO -   Using cached funcsigs-1.0.2-py2.py3-none-any.whl (17 kB)
[2022-07-22 08:56:39,204] {process_utils.py:173} INFO - Collecting dill
[2022-07-22 08:56:39,218] {process_utils.py:173} INFO -   Using cached dill-0.3.5.1-py2.py3-none-any.whl (95 kB)
[2022-07-22 08:56:39,454] {process_utils.py:173} INFO - Installing collected packages: funcsigs, dill
[2022-07-22 08:56:39,825] {process_utils.py:173} INFO - Successfully installed dill-0.3.5.1 funcsigs-1.0.2
