[2022-07-22 08:49:34,878] {taskinstance.py:1179} INFO - Dependencies all met for <TaskInstance: dag2.new_add_0 scheduled__2022-05-19T00:00:00+00:00 [queued]>
[2022-07-22 08:49:34,903] {taskinstance.py:1179} INFO - Dependencies all met for <TaskInstance: dag2.new_add_0 scheduled__2022-05-19T00:00:00+00:00 [queued]>
[2022-07-22 08:49:34,907] {taskinstance.py:1376} INFO - 
--------------------------------------------------------------------------------
[2022-07-22 08:49:34,908] {taskinstance.py:1377} INFO - Starting attempt 1 of 1
[2022-07-22 08:49:34,909] {taskinstance.py:1378} INFO - 
--------------------------------------------------------------------------------
[2022-07-22 08:49:34,967] {taskinstance.py:1397} INFO - Executing <Task(_PythonDecoratedOperator): new_add_0> on 2022-05-19 00:00:00+00:00
[2022-07-22 08:49:35,003] {standard_task_runner.py:52} INFO - Started process 2105 to run task
[2022-07-22 08:49:35,032] {standard_task_runner.py:79} INFO - Running: ['***', 'tasks', 'run', 'dag2', 'new_add_0', 'scheduled__2022-05-19T00:00:00+00:00', '--job-id', '950', '--raw', '--subdir', 'DAGS_FOLDER/pipeline_4.py', '--cfg-path', '/tmp/tmps9jh08eo', '--error-file', '/tmp/tmpq58kzbvj']
[2022-07-22 08:49:35,036] {standard_task_runner.py:80} INFO - Job 950: Subtask new_add_0
[2022-07-22 08:49:35,287] {task_command.py:371} INFO - Running <TaskInstance: dag2.new_add_0 scheduled__2022-05-19T00:00:00+00:00 [running]> on host b51f0a1d5848
[2022-07-22 08:49:35,604] {taskinstance.py:1591} INFO - Exporting the following env vars:
AIRFLOW_CTX_DAG_OWNER=***
AIRFLOW_CTX_DAG_ID=dag2
AIRFLOW_CTX_TASK_ID=new_add_0
AIRFLOW_CTX_EXECUTION_DATE=2022-05-19T00:00:00+00:00
AIRFLOW_CTX_TRY_NUMBER=1
AIRFLOW_CTX_DAG_RUN_ID=scheduled__2022-05-19T00:00:00+00:00
[2022-07-22 08:49:35,611] {logging_mixin.py:115} INFO - args: x = 3, y = 0
[2022-07-22 08:49:35,612] {python.py:173} INFO - Done. Returned value was: 3
[2022-07-22 08:49:35,681] {taskinstance.py:1420} INFO - Marking task as SUCCESS. dag_id=dag2, task_id=new_add_0, execution_date=20220519T000000, start_date=20220722T084934, end_date=20220722T084935
[2022-07-22 08:49:35,764] {local_task_job.py:156} INFO - Task exited with return code 0
[2022-07-22 08:49:35,852] {local_task_job.py:273} INFO - 0 downstream tasks scheduled from follow-on schedule check
