[2022-07-22 08:46:29,102] {taskinstance.py:1179} INFO - Dependencies all met for <TaskInstance: dag1.start scheduled__2022-03-30T00:00:00+00:00 [queued]>
[2022-07-22 08:46:29,141] {taskinstance.py:1179} INFO - Dependencies all met for <TaskInstance: dag1.start scheduled__2022-03-30T00:00:00+00:00 [queued]>
[2022-07-22 08:46:29,145] {taskinstance.py:1376} INFO - 
--------------------------------------------------------------------------------
[2022-07-22 08:46:29,149] {taskinstance.py:1377} INFO - Starting attempt 1 of 1
[2022-07-22 08:46:29,150] {taskinstance.py:1378} INFO - 
--------------------------------------------------------------------------------
[2022-07-22 08:46:29,372] {taskinstance.py:1397} INFO - Executing <Task(_PythonDecoratedOperator): start> on 2022-03-30 00:00:00+00:00
[2022-07-22 08:46:29,446] {standard_task_runner.py:52} INFO - Started process 574 to run task
[2022-07-22 08:46:29,493] {standard_task_runner.py:79} INFO - Running: ['***', 'tasks', 'run', 'dag1', 'start', 'scheduled__2022-03-30T00:00:00+00:00', '--job-id', '250', '--raw', '--subdir', 'DAGS_FOLDER/pipeline_4.py', '--cfg-path', '/tmp/tmp7noq8p0z', '--error-file', '/tmp/tmphmep0_6y']
[2022-07-22 08:46:29,499] {standard_task_runner.py:80} INFO - Job 250: Subtask start
[2022-07-22 08:46:30,003] {task_command.py:371} INFO - Running <TaskInstance: dag1.start scheduled__2022-03-30T00:00:00+00:00 [running]> on host b51f0a1d5848
[2022-07-22 08:46:30,376] {taskinstance.py:1591} INFO - Exporting the following env vars:
AIRFLOW_CTX_DAG_OWNER=***
AIRFLOW_CTX_DAG_ID=dag1
AIRFLOW_CTX_TASK_ID=start
AIRFLOW_CTX_EXECUTION_DATE=2022-03-30T00:00:00+00:00
AIRFLOW_CTX_TRY_NUMBER=1
AIRFLOW_CTX_DAG_RUN_ID=scheduled__2022-03-30T00:00:00+00:00
[2022-07-22 08:46:30,378] {logging_mixin.py:115} INFO - args: x = 1, y = 2
[2022-07-22 08:46:30,380] {python.py:173} INFO - Done. Returned value was: 3
[2022-07-22 08:46:30,501] {taskinstance.py:1420} INFO - Marking task as SUCCESS. dag_id=dag1, task_id=start, execution_date=20220330T000000, start_date=20220722T084629, end_date=20220722T084630
[2022-07-22 08:46:30,623] {local_task_job.py:156} INFO - Task exited with return code 0
[2022-07-22 08:46:30,729] {local_task_job.py:273} INFO - 3 downstream tasks scheduled from follow-on schedule check
