[2022-07-22 08:49:46,404] {taskinstance.py:1179} INFO - Dependencies all met for <TaskInstance: dag2.new_add_0 scheduled__2022-05-30T00:00:00+00:00 [queued]>
[2022-07-22 08:49:46,427] {taskinstance.py:1179} INFO - Dependencies all met for <TaskInstance: dag2.new_add_0 scheduled__2022-05-30T00:00:00+00:00 [queued]>
[2022-07-22 08:49:46,430] {taskinstance.py:1376} INFO - 
--------------------------------------------------------------------------------
[2022-07-22 08:49:46,431] {taskinstance.py:1377} INFO - Starting attempt 1 of 1
[2022-07-22 08:49:46,433] {taskinstance.py:1378} INFO - 
--------------------------------------------------------------------------------
[2022-07-22 08:49:46,462] {taskinstance.py:1397} INFO - Executing <Task(_PythonDecoratedOperator): new_add_0> on 2022-05-30 00:00:00+00:00
[2022-07-22 08:49:46,490] {standard_task_runner.py:52} INFO - Started process 2220 to run task
[2022-07-22 08:49:46,517] {standard_task_runner.py:79} INFO - Running: ['***', 'tasks', 'run', 'dag2', 'new_add_0', 'scheduled__2022-05-30T00:00:00+00:00', '--job-id', '1001', '--raw', '--subdir', 'DAGS_FOLDER/pipeline_4.py', '--cfg-path', '/tmp/tmp54bc0chw', '--error-file', '/tmp/tmpw378x32t']
[2022-07-22 08:49:46,519] {standard_task_runner.py:80} INFO - Job 1001: Subtask new_add_0
[2022-07-22 08:49:46,721] {task_command.py:371} INFO - Running <TaskInstance: dag2.new_add_0 scheduled__2022-05-30T00:00:00+00:00 [running]> on host b51f0a1d5848
[2022-07-22 08:49:47,058] {taskinstance.py:1591} INFO - Exporting the following env vars:
AIRFLOW_CTX_DAG_OWNER=***
AIRFLOW_CTX_DAG_ID=dag2
AIRFLOW_CTX_TASK_ID=new_add_0
AIRFLOW_CTX_EXECUTION_DATE=2022-05-30T00:00:00+00:00
AIRFLOW_CTX_TRY_NUMBER=1
AIRFLOW_CTX_DAG_RUN_ID=scheduled__2022-05-30T00:00:00+00:00
[2022-07-22 08:49:47,061] {logging_mixin.py:115} INFO - args: x = 3, y = 0
[2022-07-22 08:49:47,061] {python.py:173} INFO - Done. Returned value was: 3
[2022-07-22 08:49:47,104] {taskinstance.py:1420} INFO - Marking task as SUCCESS. dag_id=dag2, task_id=new_add_0, execution_date=20220530T000000, start_date=20220722T084946, end_date=20220722T084947
[2022-07-22 08:49:47,199] {local_task_job.py:156} INFO - Task exited with return code 0
[2022-07-22 08:49:47,248] {local_task_job.py:273} INFO - 0 downstream tasks scheduled from follow-on schedule check
