[2022-07-22 08:46:06,928] {taskinstance.py:1179} INFO - Dependencies all met for <TaskInstance: dag1.start scheduled__2022-03-05T00:00:00+00:00 [queued]>
[2022-07-22 08:46:06,956] {taskinstance.py:1179} INFO - Dependencies all met for <TaskInstance: dag1.start scheduled__2022-03-05T00:00:00+00:00 [queued]>
[2022-07-22 08:46:06,958] {taskinstance.py:1376} INFO - 
--------------------------------------------------------------------------------
[2022-07-22 08:46:06,960] {taskinstance.py:1377} INFO - Starting attempt 1 of 1
[2022-07-22 08:46:06,961] {taskinstance.py:1378} INFO - 
--------------------------------------------------------------------------------
[2022-07-22 08:46:06,987] {taskinstance.py:1397} INFO - Executing <Task(_PythonDecoratedOperator): start> on 2022-03-05 00:00:00+00:00
[2022-07-22 08:46:07,000] {standard_task_runner.py:52} INFO - Started process 355 to run task
[2022-07-22 08:46:07,013] {standard_task_runner.py:79} INFO - Running: ['***', 'tasks', 'run', 'dag1', 'start', 'scheduled__2022-03-05T00:00:00+00:00', '--job-id', '157', '--raw', '--subdir', 'DAGS_FOLDER/pipeline_4.py', '--cfg-path', '/tmp/tmp1gjfkcm7', '--error-file', '/tmp/tmpc780zs2n']
[2022-07-22 08:46:07,018] {standard_task_runner.py:80} INFO - Job 157: Subtask start
[2022-07-22 08:46:07,148] {task_command.py:371} INFO - Running <TaskInstance: dag1.start scheduled__2022-03-05T00:00:00+00:00 [running]> on host b51f0a1d5848
[2022-07-22 08:46:07,265] {taskinstance.py:1591} INFO - Exporting the following env vars:
AIRFLOW_CTX_DAG_OWNER=***
AIRFLOW_CTX_DAG_ID=dag1
AIRFLOW_CTX_TASK_ID=start
AIRFLOW_CTX_EXECUTION_DATE=2022-03-05T00:00:00+00:00
AIRFLOW_CTX_TRY_NUMBER=1
AIRFLOW_CTX_DAG_RUN_ID=scheduled__2022-03-05T00:00:00+00:00
[2022-07-22 08:46:07,267] {logging_mixin.py:115} INFO - args: x = 1, y = 2
[2022-07-22 08:46:07,268] {python.py:173} INFO - Done. Returned value was: 3
[2022-07-22 08:46:07,327] {taskinstance.py:1420} INFO - Marking task as SUCCESS. dag_id=dag1, task_id=start, execution_date=20220305T000000, start_date=20220722T084606, end_date=20220722T084607
[2022-07-22 08:46:07,388] {local_task_job.py:156} INFO - Task exited with return code 0
[2022-07-22 08:46:07,489] {local_task_job.py:273} INFO - 0 downstream tasks scheduled from follow-on schedule check
