[2022-07-22 08:49:41,558] {taskinstance.py:1179} INFO - Dependencies all met for <TaskInstance: dag2.new_add_1 scheduled__2022-05-24T00:00:00+00:00 [queued]>
[2022-07-22 08:49:41,603] {taskinstance.py:1179} INFO - Dependencies all met for <TaskInstance: dag2.new_add_1 scheduled__2022-05-24T00:00:00+00:00 [queued]>
[2022-07-22 08:49:41,609] {taskinstance.py:1376} INFO - 
--------------------------------------------------------------------------------
[2022-07-22 08:49:41,611] {taskinstance.py:1377} INFO - Starting attempt 1 of 1
[2022-07-22 08:49:41,613] {taskinstance.py:1378} INFO - 
--------------------------------------------------------------------------------
[2022-07-22 08:49:41,690] {taskinstance.py:1397} INFO - Executing <Task(_PythonDecoratedOperator): new_add_1> on 2022-05-24 00:00:00+00:00
[2022-07-22 08:49:41,709] {standard_task_runner.py:52} INFO - Started process 2170 to run task
[2022-07-22 08:49:41,768] {standard_task_runner.py:79} INFO - Running: ['***', 'tasks', 'run', 'dag2', 'new_add_1', 'scheduled__2022-05-24T00:00:00+00:00', '--job-id', '979', '--raw', '--subdir', 'DAGS_FOLDER/pipeline_4.py', '--cfg-path', '/tmp/tmpl_t7khbw', '--error-file', '/tmp/tmpxcjo99be']
[2022-07-22 08:49:41,774] {standard_task_runner.py:80} INFO - Job 979: Subtask new_add_1
[2022-07-22 08:49:42,098] {task_command.py:371} INFO - Running <TaskInstance: dag2.new_add_1 scheduled__2022-05-24T00:00:00+00:00 [running]> on host b51f0a1d5848
[2022-07-22 08:49:42,407] {taskinstance.py:1591} INFO - Exporting the following env vars:
AIRFLOW_CTX_DAG_OWNER=***
AIRFLOW_CTX_DAG_ID=dag2
AIRFLOW_CTX_TASK_ID=new_add_1
AIRFLOW_CTX_EXECUTION_DATE=2022-05-24T00:00:00+00:00
AIRFLOW_CTX_TRY_NUMBER=1
AIRFLOW_CTX_DAG_RUN_ID=scheduled__2022-05-24T00:00:00+00:00
[2022-07-22 08:49:42,411] {logging_mixin.py:115} INFO - args: x = 3, y = 1
[2022-07-22 08:49:42,412] {python.py:173} INFO - Done. Returned value was: 4
[2022-07-22 08:49:42,484] {taskinstance.py:1420} INFO - Marking task as SUCCESS. dag_id=dag2, task_id=new_add_1, execution_date=20220524T000000, start_date=20220722T084941, end_date=20220722T084942
[2022-07-22 08:49:42,577] {local_task_job.py:156} INFO - Task exited with return code 0
[2022-07-22 08:49:42,627] {local_task_job.py:273} INFO - 0 downstream tasks scheduled from follow-on schedule check
