[2022-07-21 09:50:08,285] {taskinstance.py:1179} INFO - Dependencies all met for <TaskInstance: example_bash_operator.runme_0 manual__2022-07-21T09:50:06.766366+00:00 [queued]>
[2022-07-21 09:50:08,293] {taskinstance.py:1179} INFO - Dependencies all met for <TaskInstance: example_bash_operator.runme_0 manual__2022-07-21T09:50:06.766366+00:00 [queued]>
[2022-07-21 09:50:08,294] {taskinstance.py:1376} INFO - 
--------------------------------------------------------------------------------
[2022-07-21 09:50:08,295] {taskinstance.py:1377} INFO - Starting attempt 1 of 1
[2022-07-21 09:50:08,296] {taskinstance.py:1378} INFO - 
--------------------------------------------------------------------------------
[2022-07-21 09:50:08,317] {taskinstance.py:1397} INFO - Executing <Task(BashOperator): runme_0> on 2022-07-21 09:50:06.766366+00:00
[2022-07-21 09:50:08,325] {standard_task_runner.py:52} INFO - Started process 1069 to run task
[2022-07-21 09:50:08,330] {standard_task_runner.py:79} INFO - Running: ['***', 'tasks', 'run', 'example_bash_operator', 'runme_0', 'manual__2022-07-21T09:50:06.766366+00:00', '--job-id', '17', '--raw', '--subdir', '/home/***/.local/lib/python3.7/site-packages/***/example_dags/example_bash_operator.py', '--cfg-path', '/tmp/tmpcnbitgy_', '--error-file', '/tmp/tmpbn00u4kr']
[2022-07-21 09:50:08,332] {standard_task_runner.py:80} INFO - Job 17: Subtask runme_0
[2022-07-21 09:50:08,446] {task_command.py:371} INFO - Running <TaskInstance: example_bash_operator.runme_0 manual__2022-07-21T09:50:06.766366+00:00 [running]> on host 29fe348be5eb
[2022-07-21 09:50:08,545] {taskinstance.py:1591} INFO - Exporting the following env vars:
AIRFLOW_CTX_DAG_OWNER=***
AIRFLOW_CTX_DAG_ID=example_bash_operator
AIRFLOW_CTX_TASK_ID=runme_0
AIRFLOW_CTX_EXECUTION_DATE=2022-07-21T09:50:06.766366+00:00
AIRFLOW_CTX_TRY_NUMBER=1
AIRFLOW_CTX_DAG_RUN_ID=manual__2022-07-21T09:50:06.766366+00:00
[2022-07-21 09:50:08,547] {subprocess.py:62} INFO - Tmp dir root location: 
 /tmp
[2022-07-21 09:50:08,549] {subprocess.py:74} INFO - Running command: ['bash', '-c', 'echo "example_bash_operator__runme_0__20220721" && sleep 1']
[2022-07-21 09:50:08,561] {subprocess.py:85} INFO - Output:
[2022-07-21 09:50:08,563] {subprocess.py:92} INFO - example_bash_operator__runme_0__20220721
[2022-07-21 09:50:09,565] {subprocess.py:96} INFO - Command exited with return code 0
[2022-07-21 09:50:09,587] {taskinstance.py:1420} INFO - Marking task as SUCCESS. dag_id=example_bash_operator, task_id=runme_0, execution_date=20220721T095006, start_date=20220721T095008, end_date=20220721T095009
[2022-07-21 09:50:09,605] {local_task_job.py:156} INFO - Task exited with return code 0
[2022-07-21 09:50:09,640] {local_task_job.py:273} INFO - 0 downstream tasks scheduled from follow-on schedule check
