[2022-07-22 08:47:35,559] {taskinstance.py:1179} INFO - Dependencies all met for <TaskInstance: dag2.add_task scheduled__2022-01-05T00:00:00+00:00 [queued]>
[2022-07-22 08:47:35,583] {taskinstance.py:1179} INFO - Dependencies all met for <TaskInstance: dag2.add_task scheduled__2022-01-05T00:00:00+00:00 [queued]>
[2022-07-22 08:47:35,589] {taskinstance.py:1376} INFO - 
--------------------------------------------------------------------------------
[2022-07-22 08:47:35,591] {taskinstance.py:1377} INFO - Starting attempt 1 of 1
[2022-07-22 08:47:35,592] {taskinstance.py:1378} INFO - 
--------------------------------------------------------------------------------
[2022-07-22 08:47:35,612] {taskinstance.py:1397} INFO - Executing <Task(_PythonDecoratedOperator): add_task> on 2022-01-05 00:00:00+00:00
[2022-07-22 08:47:35,636] {standard_task_runner.py:52} INFO - Started process 935 to run task
[2022-07-22 08:47:35,668] {standard_task_runner.py:79} INFO - Running: ['***', 'tasks', 'run', 'dag2', 'add_task', 'scheduled__2022-01-05T00:00:00+00:00', '--job-id', '406', '--raw', '--subdir', 'DAGS_FOLDER/pipeline_4.py', '--cfg-path', '/tmp/tmpzrqxz4ik', '--error-file', '/tmp/tmpozm47y4d']
[2022-07-22 08:47:35,673] {standard_task_runner.py:80} INFO - Job 406: Subtask add_task
[2022-07-22 08:47:35,928] {task_command.py:371} INFO - Running <TaskInstance: dag2.add_task scheduled__2022-01-05T00:00:00+00:00 [running]> on host b51f0a1d5848
[2022-07-22 08:47:36,188] {taskinstance.py:1591} INFO - Exporting the following env vars:
AIRFLOW_CTX_DAG_OWNER=***
AIRFLOW_CTX_DAG_ID=dag2
AIRFLOW_CTX_TASK_ID=add_task
AIRFLOW_CTX_EXECUTION_DATE=2022-01-05T00:00:00+00:00
AIRFLOW_CTX_TRY_NUMBER=1
AIRFLOW_CTX_DAG_RUN_ID=scheduled__2022-01-05T00:00:00+00:00
[2022-07-22 08:47:36,190] {logging_mixin.py:115} INFO - args: x = 1, y = 2
[2022-07-22 08:47:36,191] {python.py:173} INFO - Done. Returned value was: 3
[2022-07-22 08:47:36,250] {taskinstance.py:1420} INFO - Marking task as SUCCESS. dag_id=dag2, task_id=add_task, execution_date=20220105T000000, start_date=20220722T084735, end_date=20220722T084736
[2022-07-22 08:47:36,370] {local_task_job.py:156} INFO - Task exited with return code 0
[2022-07-22 08:47:36,459] {local_task_job.py:273} INFO - 3 downstream tasks scheduled from follow-on schedule check
