[2022-07-22 08:49:05,394] {taskinstance.py:1179} INFO - Dependencies all met for <TaskInstance: dag2.new_add_2 scheduled__2022-04-14T00:00:00+00:00 [queued]>
[2022-07-22 08:49:05,414] {taskinstance.py:1179} INFO - Dependencies all met for <TaskInstance: dag2.new_add_2 scheduled__2022-04-14T00:00:00+00:00 [queued]>
[2022-07-22 08:49:05,418] {taskinstance.py:1376} INFO - 
--------------------------------------------------------------------------------
[2022-07-22 08:49:05,419] {taskinstance.py:1377} INFO - Starting attempt 1 of 1
[2022-07-22 08:49:05,420] {taskinstance.py:1378} INFO - 
--------------------------------------------------------------------------------
[2022-07-22 08:49:05,467] {taskinstance.py:1397} INFO - Executing <Task(_PythonDecoratedOperator): new_add_2> on 2022-04-14 00:00:00+00:00
[2022-07-22 08:49:05,491] {standard_task_runner.py:52} INFO - Started process 1828 to run task
[2022-07-22 08:49:05,502] {standard_task_runner.py:79} INFO - Running: ['***', 'tasks', 'run', 'dag2', 'new_add_2', 'scheduled__2022-04-14T00:00:00+00:00', '--job-id', '816', '--raw', '--subdir', 'DAGS_FOLDER/pipeline_4.py', '--cfg-path', '/tmp/tmp13czjvs6', '--error-file', '/tmp/tmpid2kodek']
[2022-07-22 08:49:05,504] {standard_task_runner.py:80} INFO - Job 816: Subtask new_add_2
[2022-07-22 08:49:05,674] {task_command.py:371} INFO - Running <TaskInstance: dag2.new_add_2 scheduled__2022-04-14T00:00:00+00:00 [running]> on host b51f0a1d5848
[2022-07-22 08:49:05,895] {taskinstance.py:1591} INFO - Exporting the following env vars:
AIRFLOW_CTX_DAG_OWNER=***
AIRFLOW_CTX_DAG_ID=dag2
AIRFLOW_CTX_TASK_ID=new_add_2
AIRFLOW_CTX_EXECUTION_DATE=2022-04-14T00:00:00+00:00
AIRFLOW_CTX_TRY_NUMBER=1
AIRFLOW_CTX_DAG_RUN_ID=scheduled__2022-04-14T00:00:00+00:00
[2022-07-22 08:49:05,898] {logging_mixin.py:115} INFO - args: x = 3, y = 2
[2022-07-22 08:49:05,899] {python.py:173} INFO - Done. Returned value was: 5
[2022-07-22 08:49:06,003] {taskinstance.py:1420} INFO - Marking task as SUCCESS. dag_id=dag2, task_id=new_add_2, execution_date=20220414T000000, start_date=20220722T084905, end_date=20220722T084906
[2022-07-22 08:49:06,081] {local_task_job.py:156} INFO - Task exited with return code 0
[2022-07-22 08:49:06,150] {local_task_job.py:273} INFO - 0 downstream tasks scheduled from follow-on schedule check
