[2022-07-22 08:48:08,104] {taskinstance.py:1179} INFO - Dependencies all met for <TaskInstance: dag2.add_task scheduled__2022-02-14T00:00:00+00:00 [queued]>
[2022-07-22 08:48:08,154] {taskinstance.py:1179} INFO - Dependencies all met for <TaskInstance: dag2.add_task scheduled__2022-02-14T00:00:00+00:00 [queued]>
[2022-07-22 08:48:08,156] {taskinstance.py:1376} INFO - 
--------------------------------------------------------------------------------
[2022-07-22 08:48:08,158] {taskinstance.py:1377} INFO - Starting attempt 1 of 1
[2022-07-22 08:48:08,159] {taskinstance.py:1378} INFO - 
--------------------------------------------------------------------------------
[2022-07-22 08:48:08,208] {taskinstance.py:1397} INFO - Executing <Task(_PythonDecoratedOperator): add_task> on 2022-02-14 00:00:00+00:00
[2022-07-22 08:48:08,235] {standard_task_runner.py:52} INFO - Started process 1271 to run task
[2022-07-22 08:48:08,261] {standard_task_runner.py:79} INFO - Running: ['***', 'tasks', 'run', 'dag2', 'add_task', 'scheduled__2022-02-14T00:00:00+00:00', '--job-id', '560', '--raw', '--subdir', 'DAGS_FOLDER/pipeline_4.py', '--cfg-path', '/tmp/tmp09n5o40m', '--error-file', '/tmp/tmpytn69c6l']
[2022-07-22 08:48:08,273] {standard_task_runner.py:80} INFO - Job 560: Subtask add_task
[2022-07-22 08:48:08,460] {task_command.py:371} INFO - Running <TaskInstance: dag2.add_task scheduled__2022-02-14T00:00:00+00:00 [running]> on host b51f0a1d5848
[2022-07-22 08:48:08,691] {taskinstance.py:1591} INFO - Exporting the following env vars:
AIRFLOW_CTX_DAG_OWNER=***
AIRFLOW_CTX_DAG_ID=dag2
AIRFLOW_CTX_TASK_ID=add_task
AIRFLOW_CTX_EXECUTION_DATE=2022-02-14T00:00:00+00:00
AIRFLOW_CTX_TRY_NUMBER=1
AIRFLOW_CTX_DAG_RUN_ID=scheduled__2022-02-14T00:00:00+00:00
[2022-07-22 08:48:08,694] {logging_mixin.py:115} INFO - args: x = 1, y = 2
[2022-07-22 08:48:08,696] {python.py:173} INFO - Done. Returned value was: 3
[2022-07-22 08:48:08,787] {taskinstance.py:1420} INFO - Marking task as SUCCESS. dag_id=dag2, task_id=add_task, execution_date=20220214T000000, start_date=20220722T084808, end_date=20220722T084808
[2022-07-22 08:48:08,832] {local_task_job.py:156} INFO - Task exited with return code 0
[2022-07-22 08:48:08,897] {local_task_job.py:273} INFO - 3 downstream tasks scheduled from follow-on schedule check
