[2022-07-22 08:48:23,060] {taskinstance.py:1179} INFO - Dependencies all met for <TaskInstance: dag2.new_add_1 scheduled__2022-02-27T00:00:00+00:00 [queued]>
[2022-07-22 08:48:23,106] {taskinstance.py:1179} INFO - Dependencies all met for <TaskInstance: dag2.new_add_1 scheduled__2022-02-27T00:00:00+00:00 [queued]>
[2022-07-22 08:48:23,107] {taskinstance.py:1376} INFO - 
--------------------------------------------------------------------------------
[2022-07-22 08:48:23,108] {taskinstance.py:1377} INFO - Starting attempt 1 of 1
[2022-07-22 08:48:23,108] {taskinstance.py:1378} INFO - 
--------------------------------------------------------------------------------
[2022-07-22 08:48:23,159] {taskinstance.py:1397} INFO - Executing <Task(_PythonDecoratedOperator): new_add_1> on 2022-02-27 00:00:00+00:00
[2022-07-22 08:48:23,210] {standard_task_runner.py:52} INFO - Started process 1426 to run task
[2022-07-22 08:48:23,216] {standard_task_runner.py:79} INFO - Running: ['***', 'tasks', 'run', 'dag2', 'new_add_1', 'scheduled__2022-02-27T00:00:00+00:00', '--job-id', '633', '--raw', '--subdir', 'DAGS_FOLDER/pipeline_4.py', '--cfg-path', '/tmp/tmpb3qsxs_z', '--error-file', '/tmp/tmpt6vovceh']
[2022-07-22 08:48:23,218] {standard_task_runner.py:80} INFO - Job 633: Subtask new_add_1
[2022-07-22 08:48:23,607] {task_command.py:371} INFO - Running <TaskInstance: dag2.new_add_1 scheduled__2022-02-27T00:00:00+00:00 [running]> on host b51f0a1d5848
[2022-07-22 08:48:23,850] {taskinstance.py:1591} INFO - Exporting the following env vars:
AIRFLOW_CTX_DAG_OWNER=***
AIRFLOW_CTX_DAG_ID=dag2
AIRFLOW_CTX_TASK_ID=new_add_1
AIRFLOW_CTX_EXECUTION_DATE=2022-02-27T00:00:00+00:00
AIRFLOW_CTX_TRY_NUMBER=1
AIRFLOW_CTX_DAG_RUN_ID=scheduled__2022-02-27T00:00:00+00:00
[2022-07-22 08:48:23,854] {logging_mixin.py:115} INFO - args: x = 3, y = 1
[2022-07-22 08:48:23,859] {python.py:173} INFO - Done. Returned value was: 4
[2022-07-22 08:48:23,996] {taskinstance.py:1420} INFO - Marking task as SUCCESS. dag_id=dag2, task_id=new_add_1, execution_date=20220227T000000, start_date=20220722T084823, end_date=20220722T084823
[2022-07-22 08:48:24,152] {local_task_job.py:156} INFO - Task exited with return code 0
[2022-07-22 08:48:24,249] {local_task_job.py:273} INFO - 0 downstream tasks scheduled from follow-on schedule check
