[2022-07-22 08:46:31,706] {taskinstance.py:1179} INFO - Dependencies all met for <TaskInstance: dag1.add_start0 scheduled__2022-03-31T00:00:00+00:00 [queued]>
[2022-07-22 08:46:31,724] {taskinstance.py:1179} INFO - Dependencies all met for <TaskInstance: dag1.add_start0 scheduled__2022-03-31T00:00:00+00:00 [queued]>
[2022-07-22 08:46:31,726] {taskinstance.py:1376} INFO - 
--------------------------------------------------------------------------------
[2022-07-22 08:46:31,727] {taskinstance.py:1377} INFO - Starting attempt 1 of 1
[2022-07-22 08:46:31,729] {taskinstance.py:1378} INFO - 
--------------------------------------------------------------------------------
[2022-07-22 08:46:31,751] {taskinstance.py:1397} INFO - Executing <Task(_PythonDecoratedOperator): add_start0> on 2022-03-31 00:00:00+00:00
[2022-07-22 08:46:31,756] {standard_task_runner.py:52} INFO - Started process 588 to run task
[2022-07-22 08:46:31,764] {standard_task_runner.py:79} INFO - Running: ['***', 'tasks', 'run', 'dag1', 'add_start0', 'scheduled__2022-03-31T00:00:00+00:00', '--job-id', '259', '--raw', '--subdir', 'DAGS_FOLDER/pipeline_4.py', '--cfg-path', '/tmp/tmpfklpsstq', '--error-file', '/tmp/tmpgouqh896']
[2022-07-22 08:46:31,766] {standard_task_runner.py:80} INFO - Job 259: Subtask add_start0
[2022-07-22 08:46:31,871] {task_command.py:371} INFO - Running <TaskInstance: dag1.add_start0 scheduled__2022-03-31T00:00:00+00:00 [running]> on host b51f0a1d5848
[2022-07-22 08:46:32,019] {taskinstance.py:1591} INFO - Exporting the following env vars:
AIRFLOW_CTX_DAG_OWNER=***
AIRFLOW_CTX_DAG_ID=dag1
AIRFLOW_CTX_TASK_ID=add_start0
AIRFLOW_CTX_EXECUTION_DATE=2022-03-31T00:00:00+00:00
AIRFLOW_CTX_TRY_NUMBER=1
AIRFLOW_CTX_DAG_RUN_ID=scheduled__2022-03-31T00:00:00+00:00
[2022-07-22 08:46:32,025] {logging_mixin.py:115} INFO - args: x = 3, y = 0
[2022-07-22 08:46:32,029] {python.py:173} INFO - Done. Returned value was: 3
[2022-07-22 08:46:32,136] {taskinstance.py:1420} INFO - Marking task as SUCCESS. dag_id=dag1, task_id=add_start0, execution_date=20220331T000000, start_date=20220722T084631, end_date=20220722T084632
[2022-07-22 08:46:32,222] {local_task_job.py:156} INFO - Task exited with return code 0
[2022-07-22 08:46:32,313] {local_task_job.py:273} INFO - 0 downstream tasks scheduled from follow-on schedule check
