[2022-07-22 08:47:01,107] {taskinstance.py:1179} INFO - Dependencies all met for <TaskInstance: dag1.add_start2 scheduled__2022-04-30T00:00:00+00:00 [queued]>
[2022-07-22 08:47:01,121] {taskinstance.py:1179} INFO - Dependencies all met for <TaskInstance: dag1.add_start2 scheduled__2022-04-30T00:00:00+00:00 [queued]>
[2022-07-22 08:47:01,133] {taskinstance.py:1376} INFO - 
--------------------------------------------------------------------------------
[2022-07-22 08:47:01,134] {taskinstance.py:1377} INFO - Starting attempt 1 of 1
[2022-07-22 08:47:01,136] {taskinstance.py:1378} INFO - 
--------------------------------------------------------------------------------
[2022-07-22 08:47:01,172] {taskinstance.py:1397} INFO - Executing <Task(_PythonDecoratedOperator): add_start2> on 2022-04-30 00:00:00+00:00
[2022-07-22 08:47:01,184] {standard_task_runner.py:52} INFO - Started process 869 to run task
[2022-07-22 08:47:01,207] {standard_task_runner.py:79} INFO - Running: ['***', 'tasks', 'run', 'dag1', 'add_start2', 'scheduled__2022-04-30T00:00:00+00:00', '--job-id', '388', '--raw', '--subdir', 'DAGS_FOLDER/pipeline_4.py', '--cfg-path', '/tmp/tmpthztkaqf', '--error-file', '/tmp/tmp6ap7ov8i']
[2022-07-22 08:47:01,215] {standard_task_runner.py:80} INFO - Job 388: Subtask add_start2
[2022-07-22 08:47:01,392] {task_command.py:371} INFO - Running <TaskInstance: dag1.add_start2 scheduled__2022-04-30T00:00:00+00:00 [running]> on host b51f0a1d5848
[2022-07-22 08:47:01,714] {taskinstance.py:1591} INFO - Exporting the following env vars:
AIRFLOW_CTX_DAG_OWNER=***
AIRFLOW_CTX_DAG_ID=dag1
AIRFLOW_CTX_TASK_ID=add_start2
AIRFLOW_CTX_EXECUTION_DATE=2022-04-30T00:00:00+00:00
AIRFLOW_CTX_TRY_NUMBER=1
AIRFLOW_CTX_DAG_RUN_ID=scheduled__2022-04-30T00:00:00+00:00
[2022-07-22 08:47:01,718] {logging_mixin.py:115} INFO - args: x = 3, y = 2
[2022-07-22 08:47:01,722] {python.py:173} INFO - Done. Returned value was: 5
[2022-07-22 08:47:01,833] {taskinstance.py:1420} INFO - Marking task as SUCCESS. dag_id=dag1, task_id=add_start2, execution_date=20220430T000000, start_date=20220722T084701, end_date=20220722T084701
[2022-07-22 08:47:01,942] {local_task_job.py:156} INFO - Task exited with return code 0
[2022-07-22 08:47:02,160] {local_task_job.py:273} INFO - 0 downstream tasks scheduled from follow-on schedule check
