[2022-07-22 08:45:55,611] {taskinstance.py:1179} INFO - Dependencies all met for <TaskInstance: dag1.start scheduled__2022-02-22T00:00:00+00:00 [queued]>
[2022-07-22 08:45:55,618] {taskinstance.py:1179} INFO - Dependencies all met for <TaskInstance: dag1.start scheduled__2022-02-22T00:00:00+00:00 [queued]>
[2022-07-22 08:45:55,619] {taskinstance.py:1376} INFO - 
--------------------------------------------------------------------------------
[2022-07-22 08:45:55,620] {taskinstance.py:1377} INFO - Starting attempt 1 of 1
[2022-07-22 08:45:55,621] {taskinstance.py:1378} INFO - 
--------------------------------------------------------------------------------
[2022-07-22 08:45:55,634] {taskinstance.py:1397} INFO - Executing <Task(_PythonDecoratedOperator): start> on 2022-02-22 00:00:00+00:00
[2022-07-22 08:45:55,638] {standard_task_runner.py:52} INFO - Started process 251 to run task
[2022-07-22 08:45:55,642] {standard_task_runner.py:79} INFO - Running: ['***', 'tasks', 'run', 'dag1', 'start', 'scheduled__2022-02-22T00:00:00+00:00', '--job-id', '110', '--raw', '--subdir', 'DAGS_FOLDER/pipeline_4.py', '--cfg-path', '/tmp/tmphvzoudh6', '--error-file', '/tmp/tmpingcx_ug']
[2022-07-22 08:45:55,644] {standard_task_runner.py:80} INFO - Job 110: Subtask start
[2022-07-22 08:45:55,740] {task_command.py:371} INFO - Running <TaskInstance: dag1.start scheduled__2022-02-22T00:00:00+00:00 [running]> on host b51f0a1d5848
[2022-07-22 08:45:55,846] {taskinstance.py:1591} INFO - Exporting the following env vars:
AIRFLOW_CTX_DAG_OWNER=***
AIRFLOW_CTX_DAG_ID=dag1
AIRFLOW_CTX_TASK_ID=start
AIRFLOW_CTX_EXECUTION_DATE=2022-02-22T00:00:00+00:00
AIRFLOW_CTX_TRY_NUMBER=1
AIRFLOW_CTX_DAG_RUN_ID=scheduled__2022-02-22T00:00:00+00:00
[2022-07-22 08:45:55,848] {logging_mixin.py:115} INFO - args: x = 1, y = 2
[2022-07-22 08:45:55,849] {python.py:173} INFO - Done. Returned value was: 3
[2022-07-22 08:45:55,925] {taskinstance.py:1420} INFO - Marking task as SUCCESS. dag_id=dag1, task_id=start, execution_date=20220222T000000, start_date=20220722T084555, end_date=20220722T084555
[2022-07-22 08:45:55,981] {local_task_job.py:156} INFO - Task exited with return code 0
[2022-07-22 08:45:56,066] {local_task_job.py:273} INFO - 3 downstream tasks scheduled from follow-on schedule check
