[2022-07-22 08:47:02,093] {taskinstance.py:1179} INFO - Dependencies all met for <TaskInstance: dag1.add_start2 scheduled__2022-05-02T00:00:00+00:00 [queued]>
[2022-07-22 08:47:02,146] {taskinstance.py:1179} INFO - Dependencies all met for <TaskInstance: dag1.add_start2 scheduled__2022-05-02T00:00:00+00:00 [queued]>
[2022-07-22 08:47:02,148] {taskinstance.py:1376} INFO - 
--------------------------------------------------------------------------------
[2022-07-22 08:47:02,149] {taskinstance.py:1377} INFO - Starting attempt 1 of 1
[2022-07-22 08:47:02,153] {taskinstance.py:1378} INFO - 
--------------------------------------------------------------------------------
[2022-07-22 08:47:02,258] {taskinstance.py:1397} INFO - Executing <Task(_PythonDecoratedOperator): add_start2> on 2022-05-02 00:00:00+00:00
[2022-07-22 08:47:02,285] {standard_task_runner.py:52} INFO - Started process 878 to run task
[2022-07-22 08:47:02,315] {standard_task_runner.py:79} INFO - Running: ['***', 'tasks', 'run', 'dag1', 'add_start2', 'scheduled__2022-05-02T00:00:00+00:00', '--job-id', '394', '--raw', '--subdir', 'DAGS_FOLDER/pipeline_4.py', '--cfg-path', '/tmp/tmpzzge0pp4', '--error-file', '/tmp/tmp22grhjti']
[2022-07-22 08:47:02,351] {standard_task_runner.py:80} INFO - Job 394: Subtask add_start2
[2022-07-22 08:47:02,666] {task_command.py:371} INFO - Running <TaskInstance: dag1.add_start2 scheduled__2022-05-02T00:00:00+00:00 [running]> on host b51f0a1d5848
[2022-07-22 08:47:02,922] {taskinstance.py:1591} INFO - Exporting the following env vars:
AIRFLOW_CTX_DAG_OWNER=***
AIRFLOW_CTX_DAG_ID=dag1
AIRFLOW_CTX_TASK_ID=add_start2
AIRFLOW_CTX_EXECUTION_DATE=2022-05-02T00:00:00+00:00
AIRFLOW_CTX_TRY_NUMBER=1
AIRFLOW_CTX_DAG_RUN_ID=scheduled__2022-05-02T00:00:00+00:00
[2022-07-22 08:47:02,925] {logging_mixin.py:115} INFO - args: x = 3, y = 2
[2022-07-22 08:47:02,927] {python.py:173} INFO - Done. Returned value was: 5
[2022-07-22 08:47:03,042] {taskinstance.py:1420} INFO - Marking task as SUCCESS. dag_id=dag1, task_id=add_start2, execution_date=20220502T000000, start_date=20220722T084702, end_date=20220722T084703
[2022-07-22 08:47:03,117] {local_task_job.py:156} INFO - Task exited with return code 0
[2022-07-22 08:47:03,156] {local_task_job.py:273} INFO - 0 downstream tasks scheduled from follow-on schedule check
[2022-07-22 08:47:03,190] {dagrun.py:564} INFO - Marking run <DagRun dag1 @ 2022-05-02 00:00:00+00:00: scheduled__2022-05-02T00:00:00+00:00, externally triggered: False> successful
[2022-07-22 08:47:03,196] {dagrun.py:624} INFO - DagRun Finished: dag_id=dag1, execution_date=2022-05-02 00:00:00+00:00, run_id=scheduled__2022-05-02T00:00:00+00:00, run_start_date=2022-07-22 08:46:59.101099+00:00, run_end_date=2022-07-22 08:47:03.196099+00:00, run_duration=4.095, state=success, external_trigger=False, run_type=scheduled, data_interval_start=2022-05-02 00:00:00+00:00, data_interval_end=2022-05-03 00:00:00+00:00, dag_hash=00115af67c485aa5000f076c7fb8f58b
