[2022-07-22 08:55:37,672] {taskinstance.py:1179} INFO - Dependencies all met for <TaskInstance: dag1.start scheduled__2022-05-26T00:00:00+00:00 [queued]>
[2022-07-22 08:55:37,698] {taskinstance.py:1179} INFO - Dependencies all met for <TaskInstance: dag1.start scheduled__2022-05-26T00:00:00+00:00 [queued]>
[2022-07-22 08:55:37,699] {taskinstance.py:1376} INFO - 
--------------------------------------------------------------------------------
[2022-07-22 08:55:37,702] {taskinstance.py:1377} INFO - Starting attempt 1 of 1
[2022-07-22 08:55:37,703] {taskinstance.py:1378} INFO - 
--------------------------------------------------------------------------------
[2022-07-22 08:55:37,748] {taskinstance.py:1397} INFO - Executing <Task(_PythonVirtualenvDecoratedOperator): start> on 2022-05-26 00:00:00+00:00
[2022-07-22 08:55:37,754] {standard_task_runner.py:52} INFO - Started process 2613 to run task
[2022-07-22 08:55:37,791] {standard_task_runner.py:79} INFO - Running: ['***', 'tasks', 'run', 'dag1', 'start', 'scheduled__2022-05-26T00:00:00+00:00', '--job-id', '1036', '--raw', '--subdir', 'DAGS_FOLDER/pipeline_4.py', '--cfg-path', '/tmp/tmpj2503dpl', '--error-file', '/tmp/tmp0q5zeqcs']
[2022-07-22 08:55:37,795] {standard_task_runner.py:80} INFO - Job 1036: Subtask start
[2022-07-22 08:55:37,979] {task_command.py:371} INFO - Running <TaskInstance: dag1.start scheduled__2022-05-26T00:00:00+00:00 [running]> on host b51f0a1d5848
[2022-07-22 08:55:38,337] {taskinstance.py:1591} INFO - Exporting the following env vars:
AIRFLOW_CTX_DAG_OWNER=***
AIRFLOW_CTX_DAG_ID=dag1
AIRFLOW_CTX_TASK_ID=start
AIRFLOW_CTX_EXECUTION_DATE=2022-05-26T00:00:00+00:00
AIRFLOW_CTX_TRY_NUMBER=1
AIRFLOW_CTX_DAG_RUN_ID=scheduled__2022-05-26T00:00:00+00:00
[2022-07-22 08:55:38,353] {process_utils.py:165} INFO - Executing cmd: /usr/local/bin/python -m virtualenv /tmp/venvcki_joyw
[2022-07-22 08:55:38,373] {process_utils.py:169} INFO - Output:
[2022-07-22 08:56:00,218] {process_utils.py:173} INFO - created virtual environment CPython3.7.13.final.0-64 in 14348ms
[2022-07-22 08:56:00,221] {process_utils.py:173} INFO -   creator CPython3Posix(dest=/tmp/venvcki_joyw, clear=False, no_vcs_ignore=False, global=False)
[2022-07-22 08:56:00,224] {process_utils.py:173} INFO -   seeder FromAppData(download=False, pip=bundle, setuptools=bundle, wheel=bundle, via=copy, app_data_dir=/home/***/.local/share/virtualenv)
[2022-07-22 08:56:00,226] {process_utils.py:173} INFO -     added seed packages: pip==22.1.2, setuptools==62.6.0, wheel==0.37.1
[2022-07-22 08:56:00,228] {process_utils.py:173} INFO -   activators BashActivator,CShellActivator,FishActivator,NushellActivator,PowerShellActivator,PythonActivator
[2022-07-22 08:56:00,477] {process_utils.py:165} INFO - Executing cmd: /tmp/venvcki_joyw/bin/pip install -r /tmp/venvcki_joyw/requirements.txt
[2022-07-22 08:56:00,630] {process_utils.py:169} INFO - Output:
[2022-07-22 08:56:39,134] {process_utils.py:173} INFO - Collecting funcsigs
[2022-07-22 08:56:39,139] {process_utils.py:173} INFO -   Using cached funcsigs-1.0.2-py2.py3-none-any.whl (17 kB)
[2022-07-22 08:56:39,246] {process_utils.py:173} INFO - Collecting dill
[2022-07-22 08:56:39,263] {process_utils.py:173} INFO -   Using cached dill-0.3.5.1-py2.py3-none-any.whl (95 kB)
[2022-07-22 08:56:39,548] {process_utils.py:173} INFO - Installing collected packages: funcsigs, dill
