[2022-07-22 08:46:13,019] {taskinstance.py:1179} INFO - Dependencies all met for <TaskInstance: dag1.add_start1 scheduled__2022-03-12T00:00:00+00:00 [queued]>
[2022-07-22 08:46:13,062] {taskinstance.py:1179} INFO - Dependencies all met for <TaskInstance: dag1.add_start1 scheduled__2022-03-12T00:00:00+00:00 [queued]>
[2022-07-22 08:46:13,066] {taskinstance.py:1376} INFO - 
--------------------------------------------------------------------------------
[2022-07-22 08:46:13,092] {taskinstance.py:1377} INFO - Starting attempt 1 of 1
[2022-07-22 08:46:13,097] {taskinstance.py:1378} INFO - 
--------------------------------------------------------------------------------
[2022-07-22 08:46:13,159] {taskinstance.py:1397} INFO - Executing <Task(_PythonDecoratedOperator): add_start1> on 2022-03-12 00:00:00+00:00
[2022-07-22 08:46:13,182] {standard_task_runner.py:52} INFO - Started process 422 to run task
[2022-07-22 08:46:13,200] {standard_task_runner.py:79} INFO - Running: ['***', 'tasks', 'run', 'dag1', 'add_start1', 'scheduled__2022-03-12T00:00:00+00:00', '--job-id', '191', '--raw', '--subdir', 'DAGS_FOLDER/pipeline_4.py', '--cfg-path', '/tmp/tmphb6_4pyn', '--error-file', '/tmp/tmpqve52ly8']
[2022-07-22 08:46:13,206] {standard_task_runner.py:80} INFO - Job 191: Subtask add_start1
[2022-07-22 08:46:13,345] {task_command.py:371} INFO - Running <TaskInstance: dag1.add_start1 scheduled__2022-03-12T00:00:00+00:00 [running]> on host b51f0a1d5848
[2022-07-22 08:46:13,566] {taskinstance.py:1591} INFO - Exporting the following env vars:
AIRFLOW_CTX_DAG_OWNER=***
AIRFLOW_CTX_DAG_ID=dag1
AIRFLOW_CTX_TASK_ID=add_start1
AIRFLOW_CTX_EXECUTION_DATE=2022-03-12T00:00:00+00:00
AIRFLOW_CTX_TRY_NUMBER=1
AIRFLOW_CTX_DAG_RUN_ID=scheduled__2022-03-12T00:00:00+00:00
[2022-07-22 08:46:13,569] {logging_mixin.py:115} INFO - args: x = 3, y = 1
[2022-07-22 08:46:13,570] {python.py:173} INFO - Done. Returned value was: 4
[2022-07-22 08:46:13,682] {taskinstance.py:1420} INFO - Marking task as SUCCESS. dag_id=dag1, task_id=add_start1, execution_date=20220312T000000, start_date=20220722T084613, end_date=20220722T084613
[2022-07-22 08:46:13,789] {local_task_job.py:156} INFO - Task exited with return code 0
[2022-07-22 08:46:13,838] {local_task_job.py:273} INFO - 0 downstream tasks scheduled from follow-on schedule check
