[2022-07-22 08:46:27,020] {taskinstance.py:1179} INFO - Dependencies all met for <TaskInstance: dag1.add_start2 scheduled__2022-03-24T00:00:00+00:00 [queued]>
[2022-07-22 08:46:27,136] {taskinstance.py:1179} INFO - Dependencies all met for <TaskInstance: dag1.add_start2 scheduled__2022-03-24T00:00:00+00:00 [queued]>
[2022-07-22 08:46:27,143] {taskinstance.py:1376} INFO - 
--------------------------------------------------------------------------------
[2022-07-22 08:46:27,148] {taskinstance.py:1377} INFO - Starting attempt 1 of 1
[2022-07-22 08:46:27,158] {taskinstance.py:1378} INFO - 
--------------------------------------------------------------------------------
[2022-07-22 08:46:27,292] {taskinstance.py:1397} INFO - Executing <Task(_PythonDecoratedOperator): add_start2> on 2022-03-24 00:00:00+00:00
[2022-07-22 08:46:27,330] {standard_task_runner.py:52} INFO - Started process 552 to run task
[2022-07-22 08:46:27,353] {standard_task_runner.py:79} INFO - Running: ['***', 'tasks', 'run', 'dag1', 'add_start2', 'scheduled__2022-03-24T00:00:00+00:00', '--job-id', '241', '--raw', '--subdir', 'DAGS_FOLDER/pipeline_4.py', '--cfg-path', '/tmp/tmp7w7xylak', '--error-file', '/tmp/tmpdollin3z']
[2022-07-22 08:46:27,360] {standard_task_runner.py:80} INFO - Job 241: Subtask add_start2
[2022-07-22 08:46:27,661] {task_command.py:371} INFO - Running <TaskInstance: dag1.add_start2 scheduled__2022-03-24T00:00:00+00:00 [running]> on host b51f0a1d5848
[2022-07-22 08:46:28,041] {taskinstance.py:1591} INFO - Exporting the following env vars:
AIRFLOW_CTX_DAG_OWNER=***
AIRFLOW_CTX_DAG_ID=dag1
AIRFLOW_CTX_TASK_ID=add_start2
AIRFLOW_CTX_EXECUTION_DATE=2022-03-24T00:00:00+00:00
AIRFLOW_CTX_TRY_NUMBER=1
AIRFLOW_CTX_DAG_RUN_ID=scheduled__2022-03-24T00:00:00+00:00
[2022-07-22 08:46:28,045] {logging_mixin.py:115} INFO - args: x = 3, y = 2
[2022-07-22 08:46:28,046] {python.py:173} INFO - Done. Returned value was: 5
[2022-07-22 08:46:28,122] {taskinstance.py:1420} INFO - Marking task as SUCCESS. dag_id=dag1, task_id=add_start2, execution_date=20220324T000000, start_date=20220722T084627, end_date=20220722T084628
[2022-07-22 08:46:28,225] {local_task_job.py:156} INFO - Task exited with return code 0
[2022-07-22 08:46:28,294] {local_task_job.py:273} INFO - 0 downstream tasks scheduled from follow-on schedule check
