[2022-07-22 08:49:12,687] {taskinstance.py:1179} INFO - Dependencies all met for <TaskInstance: dag2.new_add_1 scheduled__2022-04-23T00:00:00+00:00 [queued]>
[2022-07-22 08:49:12,726] {taskinstance.py:1179} INFO - Dependencies all met for <TaskInstance: dag2.new_add_1 scheduled__2022-04-23T00:00:00+00:00 [queued]>
[2022-07-22 08:49:12,731] {taskinstance.py:1376} INFO - 
--------------------------------------------------------------------------------
[2022-07-22 08:49:12,736] {taskinstance.py:1377} INFO - Starting attempt 1 of 1
[2022-07-22 08:49:12,737] {taskinstance.py:1378} INFO - 
--------------------------------------------------------------------------------
[2022-07-22 08:49:12,785] {taskinstance.py:1397} INFO - Executing <Task(_PythonDecoratedOperator): new_add_1> on 2022-04-23 00:00:00+00:00
[2022-07-22 08:49:12,804] {standard_task_runner.py:52} INFO - Started process 1903 to run task
[2022-07-22 08:49:12,820] {standard_task_runner.py:79} INFO - Running: ['***', 'tasks', 'run', 'dag2', 'new_add_1', 'scheduled__2022-04-23T00:00:00+00:00', '--job-id', '854', '--raw', '--subdir', 'DAGS_FOLDER/pipeline_4.py', '--cfg-path', '/tmp/tmpc3mio1jp', '--error-file', '/tmp/tmpzbbqm4n0']
[2022-07-22 08:49:12,839] {standard_task_runner.py:80} INFO - Job 854: Subtask new_add_1
[2022-07-22 08:49:13,058] {task_command.py:371} INFO - Running <TaskInstance: dag2.new_add_1 scheduled__2022-04-23T00:00:00+00:00 [running]> on host b51f0a1d5848
[2022-07-22 08:49:13,391] {taskinstance.py:1591} INFO - Exporting the following env vars:
AIRFLOW_CTX_DAG_OWNER=***
AIRFLOW_CTX_DAG_ID=dag2
AIRFLOW_CTX_TASK_ID=new_add_1
AIRFLOW_CTX_EXECUTION_DATE=2022-04-23T00:00:00+00:00
AIRFLOW_CTX_TRY_NUMBER=1
AIRFLOW_CTX_DAG_RUN_ID=scheduled__2022-04-23T00:00:00+00:00
[2022-07-22 08:49:13,399] {logging_mixin.py:115} INFO - args: x = 3, y = 1
[2022-07-22 08:49:13,400] {python.py:173} INFO - Done. Returned value was: 4
[2022-07-22 08:49:13,644] {taskinstance.py:1420} INFO - Marking task as SUCCESS. dag_id=dag2, task_id=new_add_1, execution_date=20220423T000000, start_date=20220722T084912, end_date=20220722T084913
[2022-07-22 08:49:13,724] {local_task_job.py:156} INFO - Task exited with return code 0
[2022-07-22 08:49:13,854] {local_task_job.py:273} INFO - 0 downstream tasks scheduled from follow-on schedule check
