[2022-07-22 08:48:22,888] {taskinstance.py:1179} INFO - Dependencies all met for <TaskInstance: dag2.new_add_1 scheduled__2022-02-26T00:00:00+00:00 [queued]>
[2022-07-22 08:48:22,927] {taskinstance.py:1179} INFO - Dependencies all met for <TaskInstance: dag2.new_add_1 scheduled__2022-02-26T00:00:00+00:00 [queued]>
[2022-07-22 08:48:22,928] {taskinstance.py:1376} INFO - 
--------------------------------------------------------------------------------
[2022-07-22 08:48:22,931] {taskinstance.py:1377} INFO - Starting attempt 1 of 1
[2022-07-22 08:48:22,935] {taskinstance.py:1378} INFO - 
--------------------------------------------------------------------------------
[2022-07-22 08:48:22,960] {taskinstance.py:1397} INFO - Executing <Task(_PythonDecoratedOperator): new_add_1> on 2022-02-26 00:00:00+00:00
[2022-07-22 08:48:22,968] {standard_task_runner.py:52} INFO - Started process 1418 to run task
[2022-07-22 08:48:22,983] {standard_task_runner.py:79} INFO - Running: ['***', 'tasks', 'run', 'dag2', 'new_add_1', 'scheduled__2022-02-26T00:00:00+00:00', '--job-id', '631', '--raw', '--subdir', 'DAGS_FOLDER/pipeline_4.py', '--cfg-path', '/tmp/tmp0r8dxnt8', '--error-file', '/tmp/tmpyzgxgs3t']
[2022-07-22 08:48:22,988] {standard_task_runner.py:80} INFO - Job 631: Subtask new_add_1
[2022-07-22 08:48:23,212] {task_command.py:371} INFO - Running <TaskInstance: dag2.new_add_1 scheduled__2022-02-26T00:00:00+00:00 [running]> on host b51f0a1d5848
[2022-07-22 08:48:23,547] {taskinstance.py:1591} INFO - Exporting the following env vars:
AIRFLOW_CTX_DAG_OWNER=***
AIRFLOW_CTX_DAG_ID=dag2
AIRFLOW_CTX_TASK_ID=new_add_1
AIRFLOW_CTX_EXECUTION_DATE=2022-02-26T00:00:00+00:00
AIRFLOW_CTX_TRY_NUMBER=1
AIRFLOW_CTX_DAG_RUN_ID=scheduled__2022-02-26T00:00:00+00:00
[2022-07-22 08:48:23,557] {logging_mixin.py:115} INFO - args: x = 3, y = 1
[2022-07-22 08:48:23,560] {python.py:173} INFO - Done. Returned value was: 4
[2022-07-22 08:48:23,652] {taskinstance.py:1420} INFO - Marking task as SUCCESS. dag_id=dag2, task_id=new_add_1, execution_date=20220226T000000, start_date=20220722T084822, end_date=20220722T084823
[2022-07-22 08:48:23,738] {local_task_job.py:156} INFO - Task exited with return code 0
[2022-07-22 08:48:23,832] {local_task_job.py:273} INFO - 0 downstream tasks scheduled from follow-on schedule check
