[2022-07-22 08:45:55,538] {taskinstance.py:1179} INFO - Dependencies all met for <TaskInstance: dag1.start scheduled__2022-02-21T00:00:00+00:00 [queued]>
[2022-07-22 08:45:55,555] {taskinstance.py:1179} INFO - Dependencies all met for <TaskInstance: dag1.start scheduled__2022-02-21T00:00:00+00:00 [queued]>
[2022-07-22 08:45:55,555] {taskinstance.py:1376} INFO - 
--------------------------------------------------------------------------------
[2022-07-22 08:45:55,556] {taskinstance.py:1377} INFO - Starting attempt 1 of 1
[2022-07-22 08:45:55,557] {taskinstance.py:1378} INFO - 
--------------------------------------------------------------------------------
[2022-07-22 08:45:55,570] {taskinstance.py:1397} INFO - Executing <Task(_PythonDecoratedOperator): start> on 2022-02-21 00:00:00+00:00
[2022-07-22 08:45:55,575] {standard_task_runner.py:52} INFO - Started process 250 to run task
[2022-07-22 08:45:55,581] {standard_task_runner.py:79} INFO - Running: ['***', 'tasks', 'run', 'dag1', 'start', 'scheduled__2022-02-21T00:00:00+00:00', '--job-id', '109', '--raw', '--subdir', 'DAGS_FOLDER/pipeline_4.py', '--cfg-path', '/tmp/tmprmxr8rud', '--error-file', '/tmp/tmpb0dtucla']
[2022-07-22 08:45:55,583] {standard_task_runner.py:80} INFO - Job 109: Subtask start
[2022-07-22 08:45:55,670] {task_command.py:371} INFO - Running <TaskInstance: dag1.start scheduled__2022-02-21T00:00:00+00:00 [running]> on host b51f0a1d5848
[2022-07-22 08:45:55,758] {taskinstance.py:1591} INFO - Exporting the following env vars:
AIRFLOW_CTX_DAG_OWNER=***
AIRFLOW_CTX_DAG_ID=dag1
AIRFLOW_CTX_TASK_ID=start
AIRFLOW_CTX_EXECUTION_DATE=2022-02-21T00:00:00+00:00
AIRFLOW_CTX_TRY_NUMBER=1
AIRFLOW_CTX_DAG_RUN_ID=scheduled__2022-02-21T00:00:00+00:00
[2022-07-22 08:45:55,760] {logging_mixin.py:115} INFO - args: x = 1, y = 2
[2022-07-22 08:45:55,763] {python.py:173} INFO - Done. Returned value was: 3
[2022-07-22 08:45:55,803] {taskinstance.py:1420} INFO - Marking task as SUCCESS. dag_id=dag1, task_id=start, execution_date=20220221T000000, start_date=20220722T084555, end_date=20220722T084555
[2022-07-22 08:45:55,877] {local_task_job.py:156} INFO - Task exited with return code 0
[2022-07-22 08:45:55,934] {local_task_job.py:273} INFO - 0 downstream tasks scheduled from follow-on schedule check
