[2022-07-22 08:55:38,755] {taskinstance.py:1179} INFO - Dependencies all met for <TaskInstance: dag1.start scheduled__2022-05-30T00:00:00+00:00 [queued]>
[2022-07-22 08:55:38,810] {taskinstance.py:1179} INFO - Dependencies all met for <TaskInstance: dag1.start scheduled__2022-05-30T00:00:00+00:00 [queued]>
[2022-07-22 08:55:38,816] {taskinstance.py:1376} INFO - 
--------------------------------------------------------------------------------
[2022-07-22 08:55:38,819] {taskinstance.py:1377} INFO - Starting attempt 1 of 1
[2022-07-22 08:55:38,822] {taskinstance.py:1378} INFO - 
--------------------------------------------------------------------------------
[2022-07-22 08:55:38,901] {taskinstance.py:1397} INFO - Executing <Task(_PythonVirtualenvDecoratedOperator): start> on 2022-05-30 00:00:00+00:00
[2022-07-22 08:55:38,911] {standard_task_runner.py:52} INFO - Started process 2638 to run task
[2022-07-22 08:55:38,921] {standard_task_runner.py:79} INFO - Running: ['***', 'tasks', 'run', 'dag1', 'start', 'scheduled__2022-05-30T00:00:00+00:00', '--job-id', '1041', '--raw', '--subdir', 'DAGS_FOLDER/pipeline_4.py', '--cfg-path', '/tmp/tmp5fl95mz0', '--error-file', '/tmp/tmp3thu99ym']
[2022-07-22 08:55:38,932] {standard_task_runner.py:80} INFO - Job 1041: Subtask start
[2022-07-22 08:55:39,129] {task_command.py:371} INFO - Running <TaskInstance: dag1.start scheduled__2022-05-30T00:00:00+00:00 [running]> on host b51f0a1d5848
[2022-07-22 08:55:42,395] {taskinstance.py:1591} INFO - Exporting the following env vars:
AIRFLOW_CTX_DAG_OWNER=***
AIRFLOW_CTX_DAG_ID=dag1
AIRFLOW_CTX_TASK_ID=start
AIRFLOW_CTX_EXECUTION_DATE=2022-05-30T00:00:00+00:00
AIRFLOW_CTX_TRY_NUMBER=1
AIRFLOW_CTX_DAG_RUN_ID=scheduled__2022-05-30T00:00:00+00:00
[2022-07-22 08:55:42,453] {process_utils.py:165} INFO - Executing cmd: /usr/local/bin/python -m virtualenv /tmp/venv2l7687zl
[2022-07-22 08:55:42,613] {process_utils.py:169} INFO - Output:
[2022-07-22 08:56:13,255] {process_utils.py:173} INFO - created virtual environment CPython3.7.13.final.0-64 in 17183ms
[2022-07-22 08:56:13,258] {process_utils.py:173} INFO -   creator CPython3Posix(dest=/tmp/venv2l7687zl, clear=False, no_vcs_ignore=False, global=False)
[2022-07-22 08:56:13,260] {process_utils.py:173} INFO -   seeder FromAppData(download=False, pip=bundle, setuptools=bundle, wheel=bundle, via=copy, app_data_dir=/home/***/.local/share/virtualenv)
[2022-07-22 08:56:13,263] {process_utils.py:173} INFO -     added seed packages: pip==22.1.2, setuptools==62.6.0, wheel==0.37.1
[2022-07-22 08:56:13,265] {process_utils.py:173} INFO -   activators BashActivator,CShellActivator,FishActivator,NushellActivator,PowerShellActivator,PythonActivator
[2022-07-22 08:56:13,867] {process_utils.py:165} INFO - Executing cmd: /tmp/venv2l7687zl/bin/pip install -r /tmp/venv2l7687zl/requirements.txt
[2022-07-22 08:56:13,930] {process_utils.py:169} INFO - Output:
