[2022-07-22 08:46:09,287] {taskinstance.py:1179} INFO - Dependencies all met for <TaskInstance: dag1.add_start2 scheduled__2022-03-07T00:00:00+00:00 [queued]>
[2022-07-22 08:46:09,372] {taskinstance.py:1179} INFO - Dependencies all met for <TaskInstance: dag1.add_start2 scheduled__2022-03-07T00:00:00+00:00 [queued]>
[2022-07-22 08:46:09,373] {taskinstance.py:1376} INFO - 
--------------------------------------------------------------------------------
[2022-07-22 08:46:09,374] {taskinstance.py:1377} INFO - Starting attempt 1 of 1
[2022-07-22 08:46:09,378] {taskinstance.py:1378} INFO - 
--------------------------------------------------------------------------------
[2022-07-22 08:46:09,442] {taskinstance.py:1397} INFO - Executing <Task(_PythonDecoratedOperator): add_start2> on 2022-03-07 00:00:00+00:00
[2022-07-22 08:46:09,464] {standard_task_runner.py:52} INFO - Started process 382 to run task
[2022-07-22 08:46:09,483] {standard_task_runner.py:79} INFO - Running: ['***', 'tasks', 'run', 'dag1', 'add_start2', 'scheduled__2022-03-07T00:00:00+00:00', '--job-id', '169', '--raw', '--subdir', 'DAGS_FOLDER/pipeline_4.py', '--cfg-path', '/tmp/tmp93hg_j5f', '--error-file', '/tmp/tmprgvv_dph']
[2022-07-22 08:46:09,486] {standard_task_runner.py:80} INFO - Job 169: Subtask add_start2
[2022-07-22 08:46:09,777] {task_command.py:371} INFO - Running <TaskInstance: dag1.add_start2 scheduled__2022-03-07T00:00:00+00:00 [running]> on host b51f0a1d5848
[2022-07-22 08:46:10,341] {taskinstance.py:1591} INFO - Exporting the following env vars:
AIRFLOW_CTX_DAG_OWNER=***
AIRFLOW_CTX_DAG_ID=dag1
AIRFLOW_CTX_TASK_ID=add_start2
AIRFLOW_CTX_EXECUTION_DATE=2022-03-07T00:00:00+00:00
AIRFLOW_CTX_TRY_NUMBER=1
AIRFLOW_CTX_DAG_RUN_ID=scheduled__2022-03-07T00:00:00+00:00
[2022-07-22 08:46:10,343] {logging_mixin.py:115} INFO - args: x = 3, y = 2
[2022-07-22 08:46:10,345] {python.py:173} INFO - Done. Returned value was: 5
[2022-07-22 08:46:10,415] {taskinstance.py:1420} INFO - Marking task as SUCCESS. dag_id=dag1, task_id=add_start2, execution_date=20220307T000000, start_date=20220722T084609, end_date=20220722T084610
[2022-07-22 08:46:10,621] {local_task_job.py:156} INFO - Task exited with return code 0
[2022-07-22 08:46:10,704] {local_task_job.py:273} INFO - 0 downstream tasks scheduled from follow-on schedule check
