[2022-07-22 08:46:39,321] {taskinstance.py:1179} INFO - Dependencies all met for <TaskInstance: dag1.add_start0 scheduled__2022-04-06T00:00:00+00:00 [queued]>
[2022-07-22 08:46:39,364] {taskinstance.py:1179} INFO - Dependencies all met for <TaskInstance: dag1.add_start0 scheduled__2022-04-06T00:00:00+00:00 [queued]>
[2022-07-22 08:46:39,365] {taskinstance.py:1376} INFO - 
--------------------------------------------------------------------------------
[2022-07-22 08:46:39,366] {taskinstance.py:1377} INFO - Starting attempt 1 of 1
[2022-07-22 08:46:39,367] {taskinstance.py:1378} INFO - 
--------------------------------------------------------------------------------
[2022-07-22 08:46:39,416] {taskinstance.py:1397} INFO - Executing <Task(_PythonDecoratedOperator): add_start0> on 2022-04-06 00:00:00+00:00
[2022-07-22 08:46:39,435] {standard_task_runner.py:52} INFO - Started process 659 to run task
[2022-07-22 08:46:39,450] {standard_task_runner.py:79} INFO - Running: ['***', 'tasks', 'run', 'dag1', 'add_start0', 'scheduled__2022-04-06T00:00:00+00:00', '--job-id', '293', '--raw', '--subdir', 'DAGS_FOLDER/pipeline_4.py', '--cfg-path', '/tmp/tmpw6dhu877', '--error-file', '/tmp/tmplm4lobhs']
[2022-07-22 08:46:39,452] {standard_task_runner.py:80} INFO - Job 293: Subtask add_start0
[2022-07-22 08:46:39,618] {task_command.py:371} INFO - Running <TaskInstance: dag1.add_start0 scheduled__2022-04-06T00:00:00+00:00 [running]> on host b51f0a1d5848
[2022-07-22 08:46:39,934] {taskinstance.py:1591} INFO - Exporting the following env vars:
AIRFLOW_CTX_DAG_OWNER=***
AIRFLOW_CTX_DAG_ID=dag1
AIRFLOW_CTX_TASK_ID=add_start0
AIRFLOW_CTX_EXECUTION_DATE=2022-04-06T00:00:00+00:00
AIRFLOW_CTX_TRY_NUMBER=1
AIRFLOW_CTX_DAG_RUN_ID=scheduled__2022-04-06T00:00:00+00:00
[2022-07-22 08:46:39,942] {logging_mixin.py:115} INFO - args: x = 3, y = 0
[2022-07-22 08:46:39,944] {python.py:173} INFO - Done. Returned value was: 3
[2022-07-22 08:46:40,008] {taskinstance.py:1420} INFO - Marking task as SUCCESS. dag_id=dag1, task_id=add_start0, execution_date=20220406T000000, start_date=20220722T084639, end_date=20220722T084640
[2022-07-22 08:46:40,159] {local_task_job.py:156} INFO - Task exited with return code 0
[2022-07-22 08:46:40,249] {local_task_job.py:273} INFO - 0 downstream tasks scheduled from follow-on schedule check
