[2022-07-22 03:52:57,899] {taskinstance.py:1179} INFO - Dependencies all met for <TaskInstance: pipeline_1.templated scheduled__2022-07-21T03:52:24.612450+00:00 [queued]>
[2022-07-22 03:52:57,907] {taskinstance.py:1179} INFO - Dependencies all met for <TaskInstance: pipeline_1.templated scheduled__2022-07-21T03:52:24.612450+00:00 [queued]>
[2022-07-22 03:52:57,907] {taskinstance.py:1376} INFO - 
--------------------------------------------------------------------------------
[2022-07-22 03:52:57,908] {taskinstance.py:1377} INFO - Starting attempt 1 of 2
[2022-07-22 03:52:57,909] {taskinstance.py:1378} INFO - 
--------------------------------------------------------------------------------
[2022-07-22 03:52:57,922] {taskinstance.py:1397} INFO - Executing <Task(BashOperator): templated> on 2022-07-21 03:52:24.612450+00:00
[2022-07-22 03:52:57,925] {standard_task_runner.py:52} INFO - Started process 313 to run task
[2022-07-22 03:52:57,928] {standard_task_runner.py:79} INFO - Running: ['***', 'tasks', 'run', 'pipeline_1', 'templated', 'scheduled__2022-07-21T03:52:24.612450+00:00', '--job-id', '37', '--raw', '--subdir', 'DAGS_FOLDER/pipeline_1.py', '--cfg-path', '/tmp/tmpsovw57kz', '--error-file', '/tmp/tmpuegzwm96']
[2022-07-22 03:52:57,929] {standard_task_runner.py:80} INFO - Job 37: Subtask templated
[2022-07-22 03:52:58,021] {task_command.py:371} INFO - Running <TaskInstance: pipeline_1.templated scheduled__2022-07-21T03:52:24.612450+00:00 [running]> on host b51f0a1d5848
[2022-07-22 03:52:58,101] {taskinstance.py:1591} INFO - Exporting the following env vars:
AIRFLOW_CTX_DAG_EMAIL=asd@admin.com
AIRFLOW_CTX_DAG_OWNER=***
AIRFLOW_CTX_DAG_ID=pipeline_1
AIRFLOW_CTX_TASK_ID=templated
AIRFLOW_CTX_EXECUTION_DATE=2022-07-21T03:52:24.612450+00:00
AIRFLOW_CTX_TRY_NUMBER=1
AIRFLOW_CTX_DAG_RUN_ID=scheduled__2022-07-21T03:52:24.612450+00:00
[2022-07-22 03:52:58,104] {subprocess.py:62} INFO - Tmp dir root location: 
 /tmp
[2022-07-22 03:52:58,105] {subprocess.py:74} INFO - Running command: ['bash', '-c', '\n\n\techo "2022-07-21"\n\techo "2022-07-28"\n\n\techo "2022-07-21"\n\techo "2022-07-28"\n\n\techo "2022-07-21"\n\techo "2022-07-28"\n\n\techo "2022-07-21"\n\techo "2022-07-28"\n\n\techo "2022-07-21"\n\techo "2022-07-28"\n']
[2022-07-22 03:52:58,115] {subprocess.py:85} INFO - Output:
[2022-07-22 03:52:58,116] {subprocess.py:92} INFO - 2022-07-21
[2022-07-22 03:52:58,117] {subprocess.py:92} INFO - 2022-07-28
[2022-07-22 03:52:58,117] {subprocess.py:92} INFO - 2022-07-21
[2022-07-22 03:52:58,118] {subprocess.py:92} INFO - 2022-07-28
[2022-07-22 03:52:58,119] {subprocess.py:92} INFO - 2022-07-21
[2022-07-22 03:52:58,119] {subprocess.py:92} INFO - 2022-07-28
[2022-07-22 03:52:58,120] {subprocess.py:92} INFO - 2022-07-21
[2022-07-22 03:52:58,121] {subprocess.py:92} INFO - 2022-07-28
[2022-07-22 03:52:58,121] {subprocess.py:92} INFO - 2022-07-21
[2022-07-22 03:52:58,122] {subprocess.py:92} INFO - 2022-07-28
[2022-07-22 03:52:58,123] {subprocess.py:96} INFO - Command exited with return code 0
[2022-07-22 03:52:58,141] {taskinstance.py:1420} INFO - Marking task as SUCCESS. dag_id=pipeline_1, task_id=templated, execution_date=20220721T035224, start_date=20220722T035257, end_date=20220722T035258
[2022-07-22 03:52:58,192] {local_task_job.py:156} INFO - Task exited with return code 0
[2022-07-22 03:52:58,215] {local_task_job.py:273} INFO - 0 downstream tasks scheduled from follow-on schedule check
