[2022-07-22 08:49:34,883] {taskinstance.py:1179} INFO - Dependencies all met for <TaskInstance: dag2.new_add_0 scheduled__2022-05-17T00:00:00+00:00 [queued]>
[2022-07-22 08:49:34,901] {taskinstance.py:1179} INFO - Dependencies all met for <TaskInstance: dag2.new_add_0 scheduled__2022-05-17T00:00:00+00:00 [queued]>
[2022-07-22 08:49:34,902] {taskinstance.py:1376} INFO - 
--------------------------------------------------------------------------------
[2022-07-22 08:49:34,904] {taskinstance.py:1377} INFO - Starting attempt 1 of 1
[2022-07-22 08:49:34,905] {taskinstance.py:1378} INFO - 
--------------------------------------------------------------------------------
[2022-07-22 08:49:34,940] {taskinstance.py:1397} INFO - Executing <Task(_PythonDecoratedOperator): new_add_0> on 2022-05-17 00:00:00+00:00
[2022-07-22 08:49:34,948] {standard_task_runner.py:52} INFO - Started process 2104 to run task
[2022-07-22 08:49:34,972] {standard_task_runner.py:79} INFO - Running: ['***', 'tasks', 'run', 'dag2', 'new_add_0', 'scheduled__2022-05-17T00:00:00+00:00', '--job-id', '954', '--raw', '--subdir', 'DAGS_FOLDER/pipeline_4.py', '--cfg-path', '/tmp/tmp9lw5_ofv', '--error-file', '/tmp/tmp_nanxobd']
[2022-07-22 08:49:34,984] {standard_task_runner.py:80} INFO - Job 954: Subtask new_add_0
[2022-07-22 08:49:35,148] {task_command.py:371} INFO - Running <TaskInstance: dag2.new_add_0 scheduled__2022-05-17T00:00:00+00:00 [running]> on host b51f0a1d5848
[2022-07-22 08:49:35,497] {taskinstance.py:1591} INFO - Exporting the following env vars:
AIRFLOW_CTX_DAG_OWNER=***
AIRFLOW_CTX_DAG_ID=dag2
AIRFLOW_CTX_TASK_ID=new_add_0
AIRFLOW_CTX_EXECUTION_DATE=2022-05-17T00:00:00+00:00
AIRFLOW_CTX_TRY_NUMBER=1
AIRFLOW_CTX_DAG_RUN_ID=scheduled__2022-05-17T00:00:00+00:00
[2022-07-22 08:49:35,500] {logging_mixin.py:115} INFO - args: x = 3, y = 0
[2022-07-22 08:49:35,502] {python.py:173} INFO - Done. Returned value was: 3
[2022-07-22 08:49:35,618] {taskinstance.py:1420} INFO - Marking task as SUCCESS. dag_id=dag2, task_id=new_add_0, execution_date=20220517T000000, start_date=20220722T084934, end_date=20220722T084935
[2022-07-22 08:49:35,764] {local_task_job.py:156} INFO - Task exited with return code 0
[2022-07-22 08:49:35,845] {local_task_job.py:273} INFO - 0 downstream tasks scheduled from follow-on schedule check
