[2022-07-22 08:46:46,854] {taskinstance.py:1179} INFO - Dependencies all met for <TaskInstance: dag1.start scheduled__2022-04-20T00:00:00+00:00 [queued]>
[2022-07-22 08:46:46,930] {taskinstance.py:1179} INFO - Dependencies all met for <TaskInstance: dag1.start scheduled__2022-04-20T00:00:00+00:00 [queued]>
[2022-07-22 08:46:46,935] {taskinstance.py:1376} INFO - 
--------------------------------------------------------------------------------
[2022-07-22 08:46:46,936] {taskinstance.py:1377} INFO - Starting attempt 1 of 1
[2022-07-22 08:46:46,937] {taskinstance.py:1378} INFO - 
--------------------------------------------------------------------------------
[2022-07-22 08:46:47,005] {taskinstance.py:1397} INFO - Executing <Task(_PythonDecoratedOperator): start> on 2022-04-20 00:00:00+00:00
[2022-07-22 08:46:47,025] {standard_task_runner.py:52} INFO - Started process 735 to run task
[2022-07-22 08:46:47,079] {standard_task_runner.py:79} INFO - Running: ['***', 'tasks', 'run', 'dag1', 'start', 'scheduled__2022-04-20T00:00:00+00:00', '--job-id', '324', '--raw', '--subdir', 'DAGS_FOLDER/pipeline_4.py', '--cfg-path', '/tmp/tmpkyj77ka8', '--error-file', '/tmp/tmpzl4sy59f']
[2022-07-22 08:46:47,080] {standard_task_runner.py:80} INFO - Job 324: Subtask start
[2022-07-22 08:46:47,391] {task_command.py:371} INFO - Running <TaskInstance: dag1.start scheduled__2022-04-20T00:00:00+00:00 [running]> on host b51f0a1d5848
[2022-07-22 08:46:47,786] {taskinstance.py:1591} INFO - Exporting the following env vars:
AIRFLOW_CTX_DAG_OWNER=***
AIRFLOW_CTX_DAG_ID=dag1
AIRFLOW_CTX_TASK_ID=start
AIRFLOW_CTX_EXECUTION_DATE=2022-04-20T00:00:00+00:00
AIRFLOW_CTX_TRY_NUMBER=1
AIRFLOW_CTX_DAG_RUN_ID=scheduled__2022-04-20T00:00:00+00:00
[2022-07-22 08:46:47,790] {logging_mixin.py:115} INFO - args: x = 1, y = 2
[2022-07-22 08:46:47,792] {python.py:173} INFO - Done. Returned value was: 3
[2022-07-22 08:46:47,906] {taskinstance.py:1420} INFO - Marking task as SUCCESS. dag_id=dag1, task_id=start, execution_date=20220420T000000, start_date=20220722T084646, end_date=20220722T084647
[2022-07-22 08:46:48,011] {local_task_job.py:156} INFO - Task exited with return code 0
[2022-07-22 08:46:48,224] {local_task_job.py:273} INFO - 0 downstream tasks scheduled from follow-on schedule check
