[2022-07-22 08:47:59,806] {taskinstance.py:1179} INFO - Dependencies all met for <TaskInstance: dag2.new_add_1 scheduled__2022-01-29T00:00:00+00:00 [queued]>
[2022-07-22 08:47:59,882] {taskinstance.py:1179} INFO - Dependencies all met for <TaskInstance: dag2.new_add_1 scheduled__2022-01-29T00:00:00+00:00 [queued]>
[2022-07-22 08:47:59,890] {taskinstance.py:1376} INFO - 
--------------------------------------------------------------------------------
[2022-07-22 08:47:59,892] {taskinstance.py:1377} INFO - Starting attempt 1 of 1
[2022-07-22 08:47:59,893] {taskinstance.py:1378} INFO - 
--------------------------------------------------------------------------------
[2022-07-22 08:47:59,989] {taskinstance.py:1397} INFO - Executing <Task(_PythonDecoratedOperator): new_add_1> on 2022-01-29 00:00:00+00:00
[2022-07-22 08:47:59,997] {standard_task_runner.py:52} INFO - Started process 1176 to run task
[2022-07-22 08:48:00,031] {standard_task_runner.py:79} INFO - Running: ['***', 'tasks', 'run', 'dag2', 'new_add_1', 'scheduled__2022-01-29T00:00:00+00:00', '--job-id', '517', '--raw', '--subdir', 'DAGS_FOLDER/pipeline_4.py', '--cfg-path', '/tmp/tmp5qx37qaz', '--error-file', '/tmp/tmpw9eximm4']
[2022-07-22 08:48:00,033] {standard_task_runner.py:80} INFO - Job 517: Subtask new_add_1
[2022-07-22 08:48:00,259] {task_command.py:371} INFO - Running <TaskInstance: dag2.new_add_1 scheduled__2022-01-29T00:00:00+00:00 [running]> on host b51f0a1d5848
[2022-07-22 08:48:00,464] {taskinstance.py:1591} INFO - Exporting the following env vars:
AIRFLOW_CTX_DAG_OWNER=***
AIRFLOW_CTX_DAG_ID=dag2
AIRFLOW_CTX_TASK_ID=new_add_1
AIRFLOW_CTX_EXECUTION_DATE=2022-01-29T00:00:00+00:00
AIRFLOW_CTX_TRY_NUMBER=1
AIRFLOW_CTX_DAG_RUN_ID=scheduled__2022-01-29T00:00:00+00:00
[2022-07-22 08:48:00,470] {logging_mixin.py:115} INFO - args: x = 3, y = 1
[2022-07-22 08:48:00,475] {python.py:173} INFO - Done. Returned value was: 4
[2022-07-22 08:48:00,596] {taskinstance.py:1420} INFO - Marking task as SUCCESS. dag_id=dag2, task_id=new_add_1, execution_date=20220129T000000, start_date=20220722T084759, end_date=20220722T084800
[2022-07-22 08:48:00,675] {local_task_job.py:156} INFO - Task exited with return code 0
[2022-07-22 08:48:00,749] {local_task_job.py:273} INFO - 0 downstream tasks scheduled from follow-on schedule check
