[2022-07-22 08:49:20,143] {taskinstance.py:1179} INFO - Dependencies all met for <TaskInstance: dag2.add_task scheduled__2022-05-01T00:00:00+00:00 [queued]>
[2022-07-22 08:49:20,168] {taskinstance.py:1179} INFO - Dependencies all met for <TaskInstance: dag2.add_task scheduled__2022-05-01T00:00:00+00:00 [queued]>
[2022-07-22 08:49:20,169] {taskinstance.py:1376} INFO - 
--------------------------------------------------------------------------------
[2022-07-22 08:49:20,170] {taskinstance.py:1377} INFO - Starting attempt 1 of 1
[2022-07-22 08:49:20,171] {taskinstance.py:1378} INFO - 
--------------------------------------------------------------------------------
[2022-07-22 08:49:20,200] {taskinstance.py:1397} INFO - Executing <Task(_PythonDecoratedOperator): add_task> on 2022-05-01 00:00:00+00:00
[2022-07-22 08:49:20,212] {standard_task_runner.py:52} INFO - Started process 1950 to run task
[2022-07-22 08:49:20,216] {standard_task_runner.py:79} INFO - Running: ['***', 'tasks', 'run', 'dag2', 'add_task', 'scheduled__2022-05-01T00:00:00+00:00', '--job-id', '879', '--raw', '--subdir', 'DAGS_FOLDER/pipeline_4.py', '--cfg-path', '/tmp/tmpiwdcsszo', '--error-file', '/tmp/tmpras97r1s']
[2022-07-22 08:49:20,218] {standard_task_runner.py:80} INFO - Job 879: Subtask add_task
[2022-07-22 08:49:20,349] {task_command.py:371} INFO - Running <TaskInstance: dag2.add_task scheduled__2022-05-01T00:00:00+00:00 [running]> on host b51f0a1d5848
[2022-07-22 08:49:20,566] {taskinstance.py:1591} INFO - Exporting the following env vars:
AIRFLOW_CTX_DAG_OWNER=***
AIRFLOW_CTX_DAG_ID=dag2
AIRFLOW_CTX_TASK_ID=add_task
AIRFLOW_CTX_EXECUTION_DATE=2022-05-01T00:00:00+00:00
AIRFLOW_CTX_TRY_NUMBER=1
AIRFLOW_CTX_DAG_RUN_ID=scheduled__2022-05-01T00:00:00+00:00
[2022-07-22 08:49:20,569] {logging_mixin.py:115} INFO - args: x = 1, y = 2
[2022-07-22 08:49:20,570] {python.py:173} INFO - Done. Returned value was: 3
[2022-07-22 08:49:20,612] {taskinstance.py:1420} INFO - Marking task as SUCCESS. dag_id=dag2, task_id=add_task, execution_date=20220501T000000, start_date=20220722T084920, end_date=20220722T084920
[2022-07-22 08:49:20,676] {local_task_job.py:156} INFO - Task exited with return code 0
[2022-07-22 08:49:20,758] {local_task_job.py:273} INFO - 3 downstream tasks scheduled from follow-on schedule check
