[2022-07-22 08:49:05,320] {taskinstance.py:1179} INFO - Dependencies all met for <TaskInstance: dag2.new_add_1 scheduled__2022-04-13T00:00:00+00:00 [queued]>
[2022-07-22 08:49:05,351] {taskinstance.py:1179} INFO - Dependencies all met for <TaskInstance: dag2.new_add_1 scheduled__2022-04-13T00:00:00+00:00 [queued]>
[2022-07-22 08:49:05,353] {taskinstance.py:1376} INFO - 
--------------------------------------------------------------------------------
[2022-07-22 08:49:05,357] {taskinstance.py:1377} INFO - Starting attempt 1 of 1
[2022-07-22 08:49:05,357] {taskinstance.py:1378} INFO - 
--------------------------------------------------------------------------------
[2022-07-22 08:49:05,410] {taskinstance.py:1397} INFO - Executing <Task(_PythonDecoratedOperator): new_add_1> on 2022-04-13 00:00:00+00:00
[2022-07-22 08:49:05,427] {standard_task_runner.py:52} INFO - Started process 1825 to run task
[2022-07-22 08:49:05,446] {standard_task_runner.py:79} INFO - Running: ['***', 'tasks', 'run', 'dag2', 'new_add_1', 'scheduled__2022-04-13T00:00:00+00:00', '--job-id', '823', '--raw', '--subdir', 'DAGS_FOLDER/pipeline_4.py', '--cfg-path', '/tmp/tmp82cxp38_', '--error-file', '/tmp/tmplnig0igy']
[2022-07-22 08:49:05,449] {standard_task_runner.py:80} INFO - Job 823: Subtask new_add_1
[2022-07-22 08:49:05,650] {task_command.py:371} INFO - Running <TaskInstance: dag2.new_add_1 scheduled__2022-04-13T00:00:00+00:00 [running]> on host b51f0a1d5848
[2022-07-22 08:49:05,899] {taskinstance.py:1591} INFO - Exporting the following env vars:
AIRFLOW_CTX_DAG_OWNER=***
AIRFLOW_CTX_DAG_ID=dag2
AIRFLOW_CTX_TASK_ID=new_add_1
AIRFLOW_CTX_EXECUTION_DATE=2022-04-13T00:00:00+00:00
AIRFLOW_CTX_TRY_NUMBER=1
AIRFLOW_CTX_DAG_RUN_ID=scheduled__2022-04-13T00:00:00+00:00
[2022-07-22 08:49:05,901] {logging_mixin.py:115} INFO - args: x = 3, y = 1
[2022-07-22 08:49:05,902] {python.py:173} INFO - Done. Returned value was: 4
[2022-07-22 08:49:05,971] {taskinstance.py:1420} INFO - Marking task as SUCCESS. dag_id=dag2, task_id=new_add_1, execution_date=20220413T000000, start_date=20220722T084905, end_date=20220722T084905
[2022-07-22 08:49:06,059] {local_task_job.py:156} INFO - Task exited with return code 0
[2022-07-22 08:49:06,105] {local_task_job.py:273} INFO - 0 downstream tasks scheduled from follow-on schedule check
