[2022-07-22 08:46:09,335] {taskinstance.py:1179} INFO - Dependencies all met for <TaskInstance: dag1.start scheduled__2022-03-12T00:00:00+00:00 [queued]>
[2022-07-22 08:46:09,410] {taskinstance.py:1179} INFO - Dependencies all met for <TaskInstance: dag1.start scheduled__2022-03-12T00:00:00+00:00 [queued]>
[2022-07-22 08:46:09,414] {taskinstance.py:1376} INFO - 
--------------------------------------------------------------------------------
[2022-07-22 08:46:09,417] {taskinstance.py:1377} INFO - Starting attempt 1 of 1
[2022-07-22 08:46:09,420] {taskinstance.py:1378} INFO - 
--------------------------------------------------------------------------------
[2022-07-22 08:46:09,555] {taskinstance.py:1397} INFO - Executing <Task(_PythonDecoratedOperator): start> on 2022-03-12 00:00:00+00:00
[2022-07-22 08:46:09,574] {standard_task_runner.py:52} INFO - Started process 384 to run task
[2022-07-22 08:46:09,652] {standard_task_runner.py:79} INFO - Running: ['***', 'tasks', 'run', 'dag1', 'start', 'scheduled__2022-03-12T00:00:00+00:00', '--job-id', '168', '--raw', '--subdir', 'DAGS_FOLDER/pipeline_4.py', '--cfg-path', '/tmp/tmp1hc3037h', '--error-file', '/tmp/tmpi17qmrx6']
[2022-07-22 08:46:09,657] {standard_task_runner.py:80} INFO - Job 168: Subtask start
[2022-07-22 08:46:09,922] {task_command.py:371} INFO - Running <TaskInstance: dag1.start scheduled__2022-03-12T00:00:00+00:00 [running]> on host b51f0a1d5848
[2022-07-22 08:46:10,414] {taskinstance.py:1591} INFO - Exporting the following env vars:
AIRFLOW_CTX_DAG_OWNER=***
AIRFLOW_CTX_DAG_ID=dag1
AIRFLOW_CTX_TASK_ID=start
AIRFLOW_CTX_EXECUTION_DATE=2022-03-12T00:00:00+00:00
AIRFLOW_CTX_TRY_NUMBER=1
AIRFLOW_CTX_DAG_RUN_ID=scheduled__2022-03-12T00:00:00+00:00
[2022-07-22 08:46:10,422] {logging_mixin.py:115} INFO - args: x = 1, y = 2
[2022-07-22 08:46:10,424] {python.py:173} INFO - Done. Returned value was: 3
[2022-07-22 08:46:10,596] {taskinstance.py:1420} INFO - Marking task as SUCCESS. dag_id=dag1, task_id=start, execution_date=20220312T000000, start_date=20220722T084609, end_date=20220722T084610
[2022-07-22 08:46:10,736] {local_task_job.py:156} INFO - Task exited with return code 0
[2022-07-22 08:46:10,840] {local_task_job.py:273} INFO - 3 downstream tasks scheduled from follow-on schedule check
