[2022-07-22 08:46:09,676] {taskinstance.py:1179} INFO - Dependencies all met for <TaskInstance: dag1.add_start1 scheduled__2022-03-06T00:00:00+00:00 [queued]>
[2022-07-22 08:46:09,755] {taskinstance.py:1179} INFO - Dependencies all met for <TaskInstance: dag1.add_start1 scheduled__2022-03-06T00:00:00+00:00 [queued]>
[2022-07-22 08:46:09,757] {taskinstance.py:1376} INFO - 
--------------------------------------------------------------------------------
[2022-07-22 08:46:09,761] {taskinstance.py:1377} INFO - Starting attempt 1 of 1
[2022-07-22 08:46:09,762] {taskinstance.py:1378} INFO - 
--------------------------------------------------------------------------------
[2022-07-22 08:46:09,840] {taskinstance.py:1397} INFO - Executing <Task(_PythonDecoratedOperator): add_start1> on 2022-03-06 00:00:00+00:00
[2022-07-22 08:46:09,859] {standard_task_runner.py:52} INFO - Started process 389 to run task
[2022-07-22 08:46:09,887] {standard_task_runner.py:79} INFO - Running: ['***', 'tasks', 'run', 'dag1', 'add_start1', 'scheduled__2022-03-06T00:00:00+00:00', '--job-id', '172', '--raw', '--subdir', 'DAGS_FOLDER/pipeline_4.py', '--cfg-path', '/tmp/tmpn3ehs6f3', '--error-file', '/tmp/tmpujbptiof']
[2022-07-22 08:46:09,893] {standard_task_runner.py:80} INFO - Job 172: Subtask add_start1
[2022-07-22 08:46:10,307] {task_command.py:371} INFO - Running <TaskInstance: dag1.add_start1 scheduled__2022-03-06T00:00:00+00:00 [running]> on host b51f0a1d5848
[2022-07-22 08:46:10,655] {taskinstance.py:1591} INFO - Exporting the following env vars:
AIRFLOW_CTX_DAG_OWNER=***
AIRFLOW_CTX_DAG_ID=dag1
AIRFLOW_CTX_TASK_ID=add_start1
AIRFLOW_CTX_EXECUTION_DATE=2022-03-06T00:00:00+00:00
AIRFLOW_CTX_TRY_NUMBER=1
AIRFLOW_CTX_DAG_RUN_ID=scheduled__2022-03-06T00:00:00+00:00
[2022-07-22 08:46:10,672] {logging_mixin.py:115} INFO - args: x = 3, y = 1
[2022-07-22 08:46:10,676] {python.py:173} INFO - Done. Returned value was: 4
[2022-07-22 08:46:10,825] {taskinstance.py:1420} INFO - Marking task as SUCCESS. dag_id=dag1, task_id=add_start1, execution_date=20220306T000000, start_date=20220722T084609, end_date=20220722T084610
[2022-07-22 08:46:11,002] {local_task_job.py:156} INFO - Task exited with return code 0
[2022-07-22 08:46:11,068] {local_task_job.py:273} INFO - 0 downstream tasks scheduled from follow-on schedule check
