[2022-07-22 08:55:37,989] {taskinstance.py:1179} INFO - Dependencies all met for <TaskInstance: dag1.start scheduled__2022-05-25T00:00:00+00:00 [queued]>
[2022-07-22 08:55:38,043] {taskinstance.py:1179} INFO - Dependencies all met for <TaskInstance: dag1.start scheduled__2022-05-25T00:00:00+00:00 [queued]>
[2022-07-22 08:55:38,048] {taskinstance.py:1376} INFO - 
--------------------------------------------------------------------------------
[2022-07-22 08:55:38,050] {taskinstance.py:1377} INFO - Starting attempt 1 of 1
[2022-07-22 08:55:38,051] {taskinstance.py:1378} INFO - 
--------------------------------------------------------------------------------
[2022-07-22 08:55:38,143] {taskinstance.py:1397} INFO - Executing <Task(_PythonVirtualenvDecoratedOperator): start> on 2022-05-25 00:00:00+00:00
[2022-07-22 08:55:38,180] {standard_task_runner.py:52} INFO - Started process 2620 to run task
[2022-07-22 08:55:38,217] {standard_task_runner.py:79} INFO - Running: ['***', 'tasks', 'run', 'dag1', 'start', 'scheduled__2022-05-25T00:00:00+00:00', '--job-id', '1037', '--raw', '--subdir', 'DAGS_FOLDER/pipeline_4.py', '--cfg-path', '/tmp/tmp78830nih', '--error-file', '/tmp/tmp4cn2scom']
[2022-07-22 08:55:38,220] {standard_task_runner.py:80} INFO - Job 1037: Subtask start
[2022-07-22 08:55:38,631] {task_command.py:371} INFO - Running <TaskInstance: dag1.start scheduled__2022-05-25T00:00:00+00:00 [running]> on host b51f0a1d5848
[2022-07-22 08:55:38,888] {taskinstance.py:1591} INFO - Exporting the following env vars:
AIRFLOW_CTX_DAG_OWNER=***
AIRFLOW_CTX_DAG_ID=dag1
AIRFLOW_CTX_TASK_ID=start
AIRFLOW_CTX_EXECUTION_DATE=2022-05-25T00:00:00+00:00
AIRFLOW_CTX_TRY_NUMBER=1
AIRFLOW_CTX_DAG_RUN_ID=scheduled__2022-05-25T00:00:00+00:00
[2022-07-22 08:55:38,891] {process_utils.py:165} INFO - Executing cmd: /usr/local/bin/python -m virtualenv /tmp/venvqyy7_j1g
[2022-07-22 08:55:38,985] {process_utils.py:169} INFO - Output:
[2022-07-22 08:56:13,165] {process_utils.py:173} INFO - created virtual environment CPython3.7.13.final.0-64 in 17144ms
[2022-07-22 08:56:13,167] {process_utils.py:173} INFO -   creator CPython3Posix(dest=/tmp/venvqyy7_j1g, clear=False, no_vcs_ignore=False, global=False)
[2022-07-22 08:56:13,168] {process_utils.py:173} INFO -   seeder FromAppData(download=False, pip=bundle, setuptools=bundle, wheel=bundle, via=copy, app_data_dir=/home/***/.local/share/virtualenv)
[2022-07-22 08:56:13,169] {process_utils.py:173} INFO -     added seed packages: pip==22.1.2, setuptools==62.6.0, wheel==0.37.1
[2022-07-22 08:56:13,171] {process_utils.py:173} INFO -   activators BashActivator,CShellActivator,FishActivator,NushellActivator,PowerShellActivator,PythonActivator
[2022-07-22 08:56:13,606] {process_utils.py:165} INFO - Executing cmd: /tmp/venvqyy7_j1g/bin/pip install -r /tmp/venvqyy7_j1g/requirements.txt
[2022-07-22 08:56:13,831] {process_utils.py:169} INFO - Output:
