[2022-07-22 08:46:31,805] {taskinstance.py:1179} INFO - Dependencies all met for <TaskInstance: dag1.add_start0 scheduled__2022-03-30T00:00:00+00:00 [queued]>
[2022-07-22 08:46:31,829] {taskinstance.py:1179} INFO - Dependencies all met for <TaskInstance: dag1.add_start0 scheduled__2022-03-30T00:00:00+00:00 [queued]>
[2022-07-22 08:46:31,831] {taskinstance.py:1376} INFO - 
--------------------------------------------------------------------------------
[2022-07-22 08:46:31,833] {taskinstance.py:1377} INFO - Starting attempt 1 of 1
[2022-07-22 08:46:31,834] {taskinstance.py:1378} INFO - 
--------------------------------------------------------------------------------
[2022-07-22 08:46:31,926] {taskinstance.py:1397} INFO - Executing <Task(_PythonDecoratedOperator): add_start0> on 2022-03-30 00:00:00+00:00
[2022-07-22 08:46:31,935] {standard_task_runner.py:52} INFO - Started process 592 to run task
[2022-07-22 08:46:31,963] {standard_task_runner.py:79} INFO - Running: ['***', 'tasks', 'run', 'dag1', 'add_start0', 'scheduled__2022-03-30T00:00:00+00:00', '--job-id', '263', '--raw', '--subdir', 'DAGS_FOLDER/pipeline_4.py', '--cfg-path', '/tmp/tmp0eajogym', '--error-file', '/tmp/tmp52ndqfzj']
[2022-07-22 08:46:31,965] {standard_task_runner.py:80} INFO - Job 263: Subtask add_start0
[2022-07-22 08:46:32,120] {task_command.py:371} INFO - Running <TaskInstance: dag1.add_start0 scheduled__2022-03-30T00:00:00+00:00 [running]> on host b51f0a1d5848
[2022-07-22 08:46:32,335] {taskinstance.py:1591} INFO - Exporting the following env vars:
AIRFLOW_CTX_DAG_OWNER=***
AIRFLOW_CTX_DAG_ID=dag1
AIRFLOW_CTX_TASK_ID=add_start0
AIRFLOW_CTX_EXECUTION_DATE=2022-03-30T00:00:00+00:00
AIRFLOW_CTX_TRY_NUMBER=1
AIRFLOW_CTX_DAG_RUN_ID=scheduled__2022-03-30T00:00:00+00:00
[2022-07-22 08:46:32,337] {logging_mixin.py:115} INFO - args: x = 3, y = 0
[2022-07-22 08:46:32,339] {python.py:173} INFO - Done. Returned value was: 3
[2022-07-22 08:46:32,400] {taskinstance.py:1420} INFO - Marking task as SUCCESS. dag_id=dag1, task_id=add_start0, execution_date=20220330T000000, start_date=20220722T084631, end_date=20220722T084632
[2022-07-22 08:46:32,470] {local_task_job.py:156} INFO - Task exited with return code 0
[2022-07-22 08:46:32,507] {local_task_job.py:273} INFO - 0 downstream tasks scheduled from follow-on schedule check
