[2022-07-22 08:49:40,379] {taskinstance.py:1179} INFO - Dependencies all met for <TaskInstance: dag2.new_add_1 scheduled__2022-05-21T00:00:00+00:00 [queued]>
[2022-07-22 08:49:40,424] {taskinstance.py:1179} INFO - Dependencies all met for <TaskInstance: dag2.new_add_1 scheduled__2022-05-21T00:00:00+00:00 [queued]>
[2022-07-22 08:49:40,425] {taskinstance.py:1376} INFO - 
--------------------------------------------------------------------------------
[2022-07-22 08:49:40,429] {taskinstance.py:1377} INFO - Starting attempt 1 of 1
[2022-07-22 08:49:40,430] {taskinstance.py:1378} INFO - 
--------------------------------------------------------------------------------
[2022-07-22 08:49:40,499] {taskinstance.py:1397} INFO - Executing <Task(_PythonDecoratedOperator): new_add_1> on 2022-05-21 00:00:00+00:00
[2022-07-22 08:49:40,528] {standard_task_runner.py:52} INFO - Started process 2157 to run task
[2022-07-22 08:49:40,561] {standard_task_runner.py:79} INFO - Running: ['***', 'tasks', 'run', 'dag2', 'new_add_1', 'scheduled__2022-05-21T00:00:00+00:00', '--job-id', '970', '--raw', '--subdir', 'DAGS_FOLDER/pipeline_4.py', '--cfg-path', '/tmp/tmp1nw2b_an', '--error-file', '/tmp/tmp5tn0o8q0']
[2022-07-22 08:49:40,576] {standard_task_runner.py:80} INFO - Job 970: Subtask new_add_1
[2022-07-22 08:49:40,846] {task_command.py:371} INFO - Running <TaskInstance: dag2.new_add_1 scheduled__2022-05-21T00:00:00+00:00 [running]> on host b51f0a1d5848
[2022-07-22 08:49:41,187] {taskinstance.py:1591} INFO - Exporting the following env vars:
AIRFLOW_CTX_DAG_OWNER=***
AIRFLOW_CTX_DAG_ID=dag2
AIRFLOW_CTX_TASK_ID=new_add_1
AIRFLOW_CTX_EXECUTION_DATE=2022-05-21T00:00:00+00:00
AIRFLOW_CTX_TRY_NUMBER=1
AIRFLOW_CTX_DAG_RUN_ID=scheduled__2022-05-21T00:00:00+00:00
[2022-07-22 08:49:41,190] {logging_mixin.py:115} INFO - args: x = 3, y = 1
[2022-07-22 08:49:41,192] {python.py:173} INFO - Done. Returned value was: 4
[2022-07-22 08:49:41,259] {taskinstance.py:1420} INFO - Marking task as SUCCESS. dag_id=dag2, task_id=new_add_1, execution_date=20220521T000000, start_date=20220722T084940, end_date=20220722T084941
[2022-07-22 08:49:41,412] {local_task_job.py:156} INFO - Task exited with return code 0
[2022-07-22 08:49:41,455] {local_task_job.py:273} INFO - 0 downstream tasks scheduled from follow-on schedule check
