[2022-07-22 08:49:09,635] {taskinstance.py:1179} INFO - Dependencies all met for <TaskInstance: dag2.new_add_0 scheduled__2022-04-17T00:00:00+00:00 [queued]>
[2022-07-22 08:49:09,684] {taskinstance.py:1179} INFO - Dependencies all met for <TaskInstance: dag2.new_add_0 scheduled__2022-04-17T00:00:00+00:00 [queued]>
[2022-07-22 08:49:09,692] {taskinstance.py:1376} INFO - 
--------------------------------------------------------------------------------
[2022-07-22 08:49:09,693] {taskinstance.py:1377} INFO - Starting attempt 1 of 1
[2022-07-22 08:49:09,694] {taskinstance.py:1378} INFO - 
--------------------------------------------------------------------------------
[2022-07-22 08:49:09,765] {taskinstance.py:1397} INFO - Executing <Task(_PythonDecoratedOperator): new_add_0> on 2022-04-17 00:00:00+00:00
[2022-07-22 08:49:09,820] {standard_task_runner.py:52} INFO - Started process 1866 to run task
[2022-07-22 08:49:09,869] {standard_task_runner.py:79} INFO - Running: ['***', 'tasks', 'run', 'dag2', 'new_add_0', 'scheduled__2022-04-17T00:00:00+00:00', '--job-id', '834', '--raw', '--subdir', 'DAGS_FOLDER/pipeline_4.py', '--cfg-path', '/tmp/tmpfn67k7ig', '--error-file', '/tmp/tmpo8_t5vu5']
[2022-07-22 08:49:09,882] {standard_task_runner.py:80} INFO - Job 834: Subtask new_add_0
[2022-07-22 08:49:10,255] {task_command.py:371} INFO - Running <TaskInstance: dag2.new_add_0 scheduled__2022-04-17T00:00:00+00:00 [running]> on host b51f0a1d5848
[2022-07-22 08:49:10,603] {taskinstance.py:1591} INFO - Exporting the following env vars:
AIRFLOW_CTX_DAG_OWNER=***
AIRFLOW_CTX_DAG_ID=dag2
AIRFLOW_CTX_TASK_ID=new_add_0
AIRFLOW_CTX_EXECUTION_DATE=2022-04-17T00:00:00+00:00
AIRFLOW_CTX_TRY_NUMBER=1
AIRFLOW_CTX_DAG_RUN_ID=scheduled__2022-04-17T00:00:00+00:00
[2022-07-22 08:49:10,606] {logging_mixin.py:115} INFO - args: x = 3, y = 0
[2022-07-22 08:49:10,607] {python.py:173} INFO - Done. Returned value was: 3
[2022-07-22 08:49:10,660] {taskinstance.py:1420} INFO - Marking task as SUCCESS. dag_id=dag2, task_id=new_add_0, execution_date=20220417T000000, start_date=20220722T084909, end_date=20220722T084910
[2022-07-22 08:49:10,733] {local_task_job.py:156} INFO - Task exited with return code 0
[2022-07-22 08:49:10,775] {local_task_job.py:273} INFO - 0 downstream tasks scheduled from follow-on schedule check
