[2022-07-22 08:46:40,117] {taskinstance.py:1179} INFO - Dependencies all met for <TaskInstance: dag1.add_start1 scheduled__2022-04-08T00:00:00+00:00 [queued]>
[2022-07-22 08:46:40,194] {taskinstance.py:1179} INFO - Dependencies all met for <TaskInstance: dag1.add_start1 scheduled__2022-04-08T00:00:00+00:00 [queued]>
[2022-07-22 08:46:40,198] {taskinstance.py:1376} INFO - 
--------------------------------------------------------------------------------
[2022-07-22 08:46:40,199] {taskinstance.py:1377} INFO - Starting attempt 1 of 1
[2022-07-22 08:46:40,200] {taskinstance.py:1378} INFO - 
--------------------------------------------------------------------------------
[2022-07-22 08:46:40,234] {taskinstance.py:1397} INFO - Executing <Task(_PythonDecoratedOperator): add_start1> on 2022-04-08 00:00:00+00:00
[2022-07-22 08:46:40,262] {standard_task_runner.py:52} INFO - Started process 668 to run task
[2022-07-22 08:46:40,276] {standard_task_runner.py:79} INFO - Running: ['***', 'tasks', 'run', 'dag1', 'add_start1', 'scheduled__2022-04-08T00:00:00+00:00', '--job-id', '300', '--raw', '--subdir', 'DAGS_FOLDER/pipeline_4.py', '--cfg-path', '/tmp/tmpp3ir395e', '--error-file', '/tmp/tmpt5vb_xz0']
[2022-07-22 08:46:40,280] {standard_task_runner.py:80} INFO - Job 300: Subtask add_start1
[2022-07-22 08:46:40,538] {task_command.py:371} INFO - Running <TaskInstance: dag1.add_start1 scheduled__2022-04-08T00:00:00+00:00 [running]> on host b51f0a1d5848
[2022-07-22 08:46:40,896] {taskinstance.py:1591} INFO - Exporting the following env vars:
AIRFLOW_CTX_DAG_OWNER=***
AIRFLOW_CTX_DAG_ID=dag1
AIRFLOW_CTX_TASK_ID=add_start1
AIRFLOW_CTX_EXECUTION_DATE=2022-04-08T00:00:00+00:00
AIRFLOW_CTX_TRY_NUMBER=1
AIRFLOW_CTX_DAG_RUN_ID=scheduled__2022-04-08T00:00:00+00:00
[2022-07-22 08:46:40,900] {logging_mixin.py:115} INFO - args: x = 3, y = 1
[2022-07-22 08:46:40,903] {python.py:173} INFO - Done. Returned value was: 4
[2022-07-22 08:46:41,016] {taskinstance.py:1420} INFO - Marking task as SUCCESS. dag_id=dag1, task_id=add_start1, execution_date=20220408T000000, start_date=20220722T084640, end_date=20220722T084641
[2022-07-22 08:46:41,107] {local_task_job.py:156} INFO - Task exited with return code 0
[2022-07-22 08:46:41,160] {local_task_job.py:273} INFO - 0 downstream tasks scheduled from follow-on schedule check
