[2022-07-22 08:45:59,676] {taskinstance.py:1179} INFO - Dependencies all met for <TaskInstance: dag1.add_start1 scheduled__2022-02-23T00:00:00+00:00 [queued]>
[2022-07-22 08:45:59,753] {taskinstance.py:1179} INFO - Dependencies all met for <TaskInstance: dag1.add_start1 scheduled__2022-02-23T00:00:00+00:00 [queued]>
[2022-07-22 08:45:59,754] {taskinstance.py:1376} INFO - 
--------------------------------------------------------------------------------
[2022-07-22 08:45:59,755] {taskinstance.py:1377} INFO - Starting attempt 1 of 1
[2022-07-22 08:45:59,760] {taskinstance.py:1378} INFO - 
--------------------------------------------------------------------------------
[2022-07-22 08:45:59,834] {taskinstance.py:1397} INFO - Executing <Task(_PythonDecoratedOperator): add_start1> on 2022-02-23 00:00:00+00:00
[2022-07-22 08:45:59,852] {standard_task_runner.py:52} INFO - Started process 297 to run task
[2022-07-22 08:45:59,919] {standard_task_runner.py:79} INFO - Running: ['***', 'tasks', 'run', 'dag1', 'add_start1', 'scheduled__2022-02-23T00:00:00+00:00', '--job-id', '125', '--raw', '--subdir', 'DAGS_FOLDER/pipeline_4.py', '--cfg-path', '/tmp/tmpnunr51p2', '--error-file', '/tmp/tmpe80bq882']
[2022-07-22 08:45:59,927] {standard_task_runner.py:80} INFO - Job 125: Subtask add_start1
[2022-07-22 08:46:00,201] {task_command.py:371} INFO - Running <TaskInstance: dag1.add_start1 scheduled__2022-02-23T00:00:00+00:00 [running]> on host b51f0a1d5848
[2022-07-22 08:46:00,495] {taskinstance.py:1591} INFO - Exporting the following env vars:
AIRFLOW_CTX_DAG_OWNER=***
AIRFLOW_CTX_DAG_ID=dag1
AIRFLOW_CTX_TASK_ID=add_start1
AIRFLOW_CTX_EXECUTION_DATE=2022-02-23T00:00:00+00:00
AIRFLOW_CTX_TRY_NUMBER=1
AIRFLOW_CTX_DAG_RUN_ID=scheduled__2022-02-23T00:00:00+00:00
[2022-07-22 08:46:00,501] {logging_mixin.py:115} INFO - args: x = 3, y = 1
[2022-07-22 08:46:00,504] {python.py:173} INFO - Done. Returned value was: 4
[2022-07-22 08:46:00,594] {taskinstance.py:1420} INFO - Marking task as SUCCESS. dag_id=dag1, task_id=add_start1, execution_date=20220223T000000, start_date=20220722T084559, end_date=20220722T084600
[2022-07-22 08:46:00,709] {local_task_job.py:156} INFO - Task exited with return code 0
[2022-07-22 08:46:00,765] {local_task_job.py:273} INFO - 0 downstream tasks scheduled from follow-on schedule check
