[2022-07-22 08:46:49,324] {taskinstance.py:1179} INFO - Dependencies all met for <TaskInstance: dag1.add_start0 scheduled__2022-04-17T00:00:00+00:00 [queued]>
[2022-07-22 08:46:49,423] {taskinstance.py:1179} INFO - Dependencies all met for <TaskInstance: dag1.add_start0 scheduled__2022-04-17T00:00:00+00:00 [queued]>
[2022-07-22 08:46:49,433] {taskinstance.py:1376} INFO - 
--------------------------------------------------------------------------------
[2022-07-22 08:46:49,437] {taskinstance.py:1377} INFO - Starting attempt 1 of 1
[2022-07-22 08:46:49,438] {taskinstance.py:1378} INFO - 
--------------------------------------------------------------------------------
[2022-07-22 08:46:49,551] {taskinstance.py:1397} INFO - Executing <Task(_PythonDecoratedOperator): add_start0> on 2022-04-17 00:00:00+00:00
[2022-07-22 08:46:49,598] {standard_task_runner.py:52} INFO - Started process 753 to run task
[2022-07-22 08:46:49,618] {standard_task_runner.py:79} INFO - Running: ['***', 'tasks', 'run', 'dag1', 'add_start0', 'scheduled__2022-04-17T00:00:00+00:00', '--job-id', '336', '--raw', '--subdir', 'DAGS_FOLDER/pipeline_4.py', '--cfg-path', '/tmp/tmpzt4csk02', '--error-file', '/tmp/tmp7ww_lkhc']
[2022-07-22 08:46:49,640] {standard_task_runner.py:80} INFO - Job 336: Subtask add_start0
[2022-07-22 08:46:49,851] {task_command.py:371} INFO - Running <TaskInstance: dag1.add_start0 scheduled__2022-04-17T00:00:00+00:00 [running]> on host b51f0a1d5848
[2022-07-22 08:46:50,157] {taskinstance.py:1591} INFO - Exporting the following env vars:
AIRFLOW_CTX_DAG_OWNER=***
AIRFLOW_CTX_DAG_ID=dag1
AIRFLOW_CTX_TASK_ID=add_start0
AIRFLOW_CTX_EXECUTION_DATE=2022-04-17T00:00:00+00:00
AIRFLOW_CTX_TRY_NUMBER=1
AIRFLOW_CTX_DAG_RUN_ID=scheduled__2022-04-17T00:00:00+00:00
[2022-07-22 08:46:50,160] {logging_mixin.py:115} INFO - args: x = 3, y = 0
[2022-07-22 08:46:50,161] {python.py:173} INFO - Done. Returned value was: 3
[2022-07-22 08:46:50,294] {taskinstance.py:1420} INFO - Marking task as SUCCESS. dag_id=dag1, task_id=add_start0, execution_date=20220417T000000, start_date=20220722T084649, end_date=20220722T084650
[2022-07-22 08:46:50,406] {local_task_job.py:156} INFO - Task exited with return code 0
[2022-07-22 08:46:50,472] {local_task_job.py:273} INFO - 0 downstream tasks scheduled from follow-on schedule check
