[2022-07-22 08:47:45,185] {taskinstance.py:1179} INFO - Dependencies all met for <TaskInstance: dag2.add_task scheduled__2022-01-17T00:00:00+00:00 [queued]>
[2022-07-22 08:47:45,206] {taskinstance.py:1179} INFO - Dependencies all met for <TaskInstance: dag2.add_task scheduled__2022-01-17T00:00:00+00:00 [queued]>
[2022-07-22 08:47:45,207] {taskinstance.py:1376} INFO - 
--------------------------------------------------------------------------------
[2022-07-22 08:47:45,208] {taskinstance.py:1377} INFO - Starting attempt 1 of 1
[2022-07-22 08:47:45,212] {taskinstance.py:1378} INFO - 
--------------------------------------------------------------------------------
[2022-07-22 08:47:45,227] {taskinstance.py:1397} INFO - Executing <Task(_PythonDecoratedOperator): add_task> on 2022-01-17 00:00:00+00:00
[2022-07-22 08:47:45,233] {standard_task_runner.py:52} INFO - Started process 1041 to run task
[2022-07-22 08:47:45,238] {standard_task_runner.py:79} INFO - Running: ['***', 'tasks', 'run', 'dag2', 'add_task', 'scheduled__2022-01-17T00:00:00+00:00', '--job-id', '457', '--raw', '--subdir', 'DAGS_FOLDER/pipeline_4.py', '--cfg-path', '/tmp/tmp5for66pz', '--error-file', '/tmp/tmpw423v340']
[2022-07-22 08:47:45,240] {standard_task_runner.py:80} INFO - Job 457: Subtask add_task
[2022-07-22 08:47:45,348] {task_command.py:371} INFO - Running <TaskInstance: dag2.add_task scheduled__2022-01-17T00:00:00+00:00 [running]> on host b51f0a1d5848
[2022-07-22 08:47:45,537] {taskinstance.py:1591} INFO - Exporting the following env vars:
AIRFLOW_CTX_DAG_OWNER=***
AIRFLOW_CTX_DAG_ID=dag2
AIRFLOW_CTX_TASK_ID=add_task
AIRFLOW_CTX_EXECUTION_DATE=2022-01-17T00:00:00+00:00
AIRFLOW_CTX_TRY_NUMBER=1
AIRFLOW_CTX_DAG_RUN_ID=scheduled__2022-01-17T00:00:00+00:00
[2022-07-22 08:47:45,541] {logging_mixin.py:115} INFO - args: x = 1, y = 2
[2022-07-22 08:47:45,542] {python.py:173} INFO - Done. Returned value was: 3
[2022-07-22 08:47:45,586] {taskinstance.py:1420} INFO - Marking task as SUCCESS. dag_id=dag2, task_id=add_task, execution_date=20220117T000000, start_date=20220722T084745, end_date=20220722T084745
[2022-07-22 08:47:45,656] {local_task_job.py:156} INFO - Task exited with return code 0
[2022-07-22 08:47:45,746] {local_task_job.py:273} INFO - 0 downstream tasks scheduled from follow-on schedule check
