[2022-07-22 08:46:04,327] {taskinstance.py:1179} INFO - Dependencies all met for <TaskInstance: dag1.add_start2 scheduled__2022-03-03T00:00:00+00:00 [queued]>
[2022-07-22 08:46:04,345] {taskinstance.py:1179} INFO - Dependencies all met for <TaskInstance: dag1.add_start2 scheduled__2022-03-03T00:00:00+00:00 [queued]>
[2022-07-22 08:46:04,348] {taskinstance.py:1376} INFO - 
--------------------------------------------------------------------------------
[2022-07-22 08:46:04,351] {taskinstance.py:1377} INFO - Starting attempt 1 of 1
[2022-07-22 08:46:04,352] {taskinstance.py:1378} INFO - 
--------------------------------------------------------------------------------
[2022-07-22 08:46:04,387] {taskinstance.py:1397} INFO - Executing <Task(_PythonDecoratedOperator): add_start2> on 2022-03-03 00:00:00+00:00
[2022-07-22 08:46:04,403] {standard_task_runner.py:52} INFO - Started process 346 to run task
[2022-07-22 08:46:04,408] {standard_task_runner.py:79} INFO - Running: ['***', 'tasks', 'run', 'dag1', 'add_start2', 'scheduled__2022-03-03T00:00:00+00:00', '--job-id', '152', '--raw', '--subdir', 'DAGS_FOLDER/pipeline_4.py', '--cfg-path', '/tmp/tmppwk9gesl', '--error-file', '/tmp/tmpuqgsecra']
[2022-07-22 08:46:04,409] {standard_task_runner.py:80} INFO - Job 152: Subtask add_start2
[2022-07-22 08:46:04,562] {task_command.py:371} INFO - Running <TaskInstance: dag1.add_start2 scheduled__2022-03-03T00:00:00+00:00 [running]> on host b51f0a1d5848
[2022-07-22 08:46:04,735] {taskinstance.py:1591} INFO - Exporting the following env vars:
AIRFLOW_CTX_DAG_OWNER=***
AIRFLOW_CTX_DAG_ID=dag1
AIRFLOW_CTX_TASK_ID=add_start2
AIRFLOW_CTX_EXECUTION_DATE=2022-03-03T00:00:00+00:00
AIRFLOW_CTX_TRY_NUMBER=1
AIRFLOW_CTX_DAG_RUN_ID=scheduled__2022-03-03T00:00:00+00:00
[2022-07-22 08:46:04,736] {logging_mixin.py:115} INFO - args: x = 3, y = 2
[2022-07-22 08:46:04,737] {python.py:173} INFO - Done. Returned value was: 5
[2022-07-22 08:46:04,785] {taskinstance.py:1420} INFO - Marking task as SUCCESS. dag_id=dag1, task_id=add_start2, execution_date=20220303T000000, start_date=20220722T084604, end_date=20220722T084604
[2022-07-22 08:46:04,868] {local_task_job.py:156} INFO - Task exited with return code 0
[2022-07-22 08:46:04,919] {local_task_job.py:273} INFO - 0 downstream tasks scheduled from follow-on schedule check
