[2022-07-22 08:55:35,616] {taskinstance.py:1179} INFO - Dependencies all met for <TaskInstance: dag1.start scheduled__2022-05-17T00:00:00+00:00 [queued]>
[2022-07-22 08:55:35,629] {taskinstance.py:1179} INFO - Dependencies all met for <TaskInstance: dag1.start scheduled__2022-05-17T00:00:00+00:00 [queued]>
[2022-07-22 08:55:35,631] {taskinstance.py:1376} INFO - 
--------------------------------------------------------------------------------
[2022-07-22 08:55:35,632] {taskinstance.py:1377} INFO - Starting attempt 1 of 1
[2022-07-22 08:55:35,632] {taskinstance.py:1378} INFO - 
--------------------------------------------------------------------------------
[2022-07-22 08:55:35,647] {taskinstance.py:1397} INFO - Executing <Task(_PythonVirtualenvDecoratedOperator): start> on 2022-05-17 00:00:00+00:00
[2022-07-22 08:55:35,651] {standard_task_runner.py:52} INFO - Started process 2580 to run task
[2022-07-22 08:55:35,657] {standard_task_runner.py:79} INFO - Running: ['***', 'tasks', 'run', 'dag1', 'start', 'scheduled__2022-05-17T00:00:00+00:00', '--job-id', '1028', '--raw', '--subdir', 'DAGS_FOLDER/pipeline_4.py', '--cfg-path', '/tmp/tmpg9x0cywk', '--error-file', '/tmp/tmpeabs7bbu']
[2022-07-22 08:55:35,660] {standard_task_runner.py:80} INFO - Job 1028: Subtask start
[2022-07-22 08:55:35,746] {task_command.py:371} INFO - Running <TaskInstance: dag1.start scheduled__2022-05-17T00:00:00+00:00 [running]> on host b51f0a1d5848
[2022-07-22 08:55:35,977] {taskinstance.py:1591} INFO - Exporting the following env vars:
AIRFLOW_CTX_DAG_OWNER=***
AIRFLOW_CTX_DAG_ID=dag1
AIRFLOW_CTX_TASK_ID=start
AIRFLOW_CTX_EXECUTION_DATE=2022-05-17T00:00:00+00:00
AIRFLOW_CTX_TRY_NUMBER=1
AIRFLOW_CTX_DAG_RUN_ID=scheduled__2022-05-17T00:00:00+00:00
[2022-07-22 08:55:35,981] {process_utils.py:165} INFO - Executing cmd: /usr/local/bin/python -m virtualenv /tmp/venv0yg96xza
[2022-07-22 08:55:36,061] {process_utils.py:169} INFO - Output:
[2022-07-22 08:55:45,530] {process_utils.py:173} INFO - created virtual environment CPython3.7.13.final.0-64 in 7820ms
[2022-07-22 08:55:45,533] {process_utils.py:173} INFO -   creator CPython3Posix(dest=/tmp/venv0yg96xza, clear=False, no_vcs_ignore=False, global=False)
[2022-07-22 08:55:45,534] {process_utils.py:173} INFO -   seeder FromAppData(download=False, pip=bundle, setuptools=bundle, wheel=bundle, via=copy, app_data_dir=/home/***/.local/share/virtualenv)
[2022-07-22 08:55:45,536] {process_utils.py:173} INFO -     added seed packages: pip==22.1.2, setuptools==62.6.0, wheel==0.37.1
[2022-07-22 08:55:45,537] {process_utils.py:173} INFO -   activators BashActivator,CShellActivator,FishActivator,NushellActivator,PowerShellActivator,PythonActivator
[2022-07-22 08:55:45,740] {process_utils.py:165} INFO - Executing cmd: /tmp/venv0yg96xza/bin/pip install -r /tmp/venv0yg96xza/requirements.txt
[2022-07-22 08:55:45,875] {process_utils.py:169} INFO - Output:
[2022-07-22 08:56:33,940] {process_utils.py:173} INFO - Collecting funcsigs
[2022-07-22 08:56:34,143] {process_utils.py:173} INFO -   Downloading funcsigs-1.0.2-py2.py3-none-any.whl (17 kB)
[2022-07-22 08:56:34,240] {process_utils.py:173} INFO - Collecting dill
[2022-07-22 08:56:34,306] {process_utils.py:173} INFO -   Downloading dill-0.3.5.1-py2.py3-none-any.whl (95 kB)
[2022-07-22 08:56:34,366] {process_utils.py:173} INFO -      ━━━━━━━━━━━━━━━━━━━━━━━━━━━━━━━━━━━━━━━━ 95.8/95.8 kB 2.1 MB/s eta 0:00:00
[2022-07-22 08:56:34,890] {process_utils.py:173} INFO - Installing collected packages: funcsigs, dill
[2022-07-22 08:56:37,434] {process_utils.py:173} INFO - Successfully installed dill-0.3.5.1 funcsigs-1.0.2
[2022-07-22 08:56:37,845] {process_utils.py:173} INFO - 
[2022-07-22 08:56:37,846] {process_utils.py:173} INFO - [notice] A new release of pip available: 22.1.2 -> 22.2
[2022-07-22 08:56:37,847] {process_utils.py:173} INFO - [notice] To update, run: python -m pip install --upgrade pip
[2022-07-22 08:56:38,490] {process_utils.py:165} INFO - Executing cmd: /tmp/venv0yg96xza/bin/python /tmp/venv0yg96xza/script.py /tmp/venv0yg96xza/script.in /tmp/venv0yg96xza/script.out /tmp/venv0yg96xza/string_args.txt
[2022-07-22 08:56:38,549] {process_utils.py:169} INFO - Output:
[2022-07-22 08:56:39,411] {process_utils.py:173} INFO - args: x = 1, y = 2
[2022-07-22 08:56:39,709] {python.py:173} INFO - Done. Returned value was: 3
