[2022-07-22 08:55:36,927] {taskinstance.py:1179} INFO - Dependencies all met for <TaskInstance: dag1.start scheduled__2022-05-22T00:00:00+00:00 [queued]>
[2022-07-22 08:55:36,959] {taskinstance.py:1179} INFO - Dependencies all met for <TaskInstance: dag1.start scheduled__2022-05-22T00:00:00+00:00 [queued]>
[2022-07-22 08:55:36,961] {taskinstance.py:1376} INFO - 
--------------------------------------------------------------------------------
[2022-07-22 08:55:36,962] {taskinstance.py:1377} INFO - Starting attempt 1 of 1
[2022-07-22 08:55:36,963] {taskinstance.py:1378} INFO - 
--------------------------------------------------------------------------------
[2022-07-22 08:55:37,008] {taskinstance.py:1397} INFO - Executing <Task(_PythonVirtualenvDecoratedOperator): start> on 2022-05-22 00:00:00+00:00
[2022-07-22 08:55:37,035] {standard_task_runner.py:52} INFO - Started process 2604 to run task
[2022-07-22 08:55:37,060] {standard_task_runner.py:79} INFO - Running: ['***', 'tasks', 'run', 'dag1', 'start', 'scheduled__2022-05-22T00:00:00+00:00', '--job-id', '1032', '--raw', '--subdir', 'DAGS_FOLDER/pipeline_4.py', '--cfg-path', '/tmp/tmp7mwmocc6', '--error-file', '/tmp/tmpz75syrhg']
[2022-07-22 08:55:37,074] {standard_task_runner.py:80} INFO - Job 1032: Subtask start
[2022-07-22 08:55:37,283] {task_command.py:371} INFO - Running <TaskInstance: dag1.start scheduled__2022-05-22T00:00:00+00:00 [running]> on host b51f0a1d5848
[2022-07-22 08:55:37,659] {taskinstance.py:1591} INFO - Exporting the following env vars:
AIRFLOW_CTX_DAG_OWNER=***
AIRFLOW_CTX_DAG_ID=dag1
AIRFLOW_CTX_TASK_ID=start
AIRFLOW_CTX_EXECUTION_DATE=2022-05-22T00:00:00+00:00
AIRFLOW_CTX_TRY_NUMBER=1
AIRFLOW_CTX_DAG_RUN_ID=scheduled__2022-05-22T00:00:00+00:00
[2022-07-22 08:55:37,669] {process_utils.py:165} INFO - Executing cmd: /usr/local/bin/python -m virtualenv /tmp/venvwdt8zs_o
[2022-07-22 08:55:37,723] {process_utils.py:169} INFO - Output:
[2022-07-22 08:55:49,443] {process_utils.py:173} INFO - created virtual environment CPython3.7.13.final.0-64 in 5542ms
[2022-07-22 08:55:49,446] {process_utils.py:173} INFO -   creator CPython3Posix(dest=/tmp/venvwdt8zs_o, clear=False, no_vcs_ignore=False, global=False)
[2022-07-22 08:55:49,447] {process_utils.py:173} INFO -   seeder FromAppData(download=False, pip=bundle, setuptools=bundle, wheel=bundle, via=copy, app_data_dir=/home/***/.local/share/virtualenv)
[2022-07-22 08:55:49,449] {process_utils.py:173} INFO -     added seed packages: pip==22.1.2, setuptools==62.6.0, wheel==0.37.1
[2022-07-22 08:55:49,450] {process_utils.py:173} INFO -   activators BashActivator,CShellActivator,FishActivator,NushellActivator,PowerShellActivator,PythonActivator
[2022-07-22 08:55:49,496] {process_utils.py:165} INFO - Executing cmd: /tmp/venvwdt8zs_o/bin/pip install -r /tmp/venvwdt8zs_o/requirements.txt
[2022-07-22 08:55:49,547] {process_utils.py:169} INFO - Output:
[2022-07-22 08:56:37,710] {process_utils.py:173} INFO - Collecting funcsigs
[2022-07-22 08:56:37,712] {process_utils.py:173} INFO -   Using cached funcsigs-1.0.2-py2.py3-none-any.whl (17 kB)
[2022-07-22 08:56:37,823] {process_utils.py:173} INFO - Collecting dill
[2022-07-22 08:56:37,826] {process_utils.py:173} INFO -   Using cached dill-0.3.5.1-py2.py3-none-any.whl (95 kB)
[2022-07-22 08:56:38,167] {process_utils.py:173} INFO - Installing collected packages: funcsigs, dill
[2022-07-22 08:56:38,579] {process_utils.py:173} INFO - Successfully installed dill-0.3.5.1 funcsigs-1.0.2
[2022-07-22 08:56:38,933] {process_utils.py:173} INFO - 
[2022-07-22 08:56:38,935] {process_utils.py:173} INFO - [notice] A new release of pip available: 22.1.2 -> 22.2
[2022-07-22 08:56:38,936] {process_utils.py:173} INFO - [notice] To update, run: python -m pip install --upgrade pip
[2022-07-22 08:56:39,701] {process_utils.py:165} INFO - Executing cmd: /tmp/venvwdt8zs_o/bin/python /tmp/venvwdt8zs_o/script.py /tmp/venvwdt8zs_o/script.in /tmp/venvwdt8zs_o/script.out /tmp/venvwdt8zs_o/string_args.txt
[2022-07-22 08:56:39,782] {process_utils.py:169} INFO - Output:
