[2022-07-22 08:49:05,258] {taskinstance.py:1179} INFO - Dependencies all met for <TaskInstance: dag2.new_add_2 scheduled__2022-04-13T00:00:00+00:00 [queued]>
[2022-07-22 08:49:05,275] {taskinstance.py:1179} INFO - Dependencies all met for <TaskInstance: dag2.new_add_2 scheduled__2022-04-13T00:00:00+00:00 [queued]>
[2022-07-22 08:49:05,281] {taskinstance.py:1376} INFO - 
--------------------------------------------------------------------------------
[2022-07-22 08:49:05,282] {taskinstance.py:1377} INFO - Starting attempt 1 of 1
[2022-07-22 08:49:05,283] {taskinstance.py:1378} INFO - 
--------------------------------------------------------------------------------
[2022-07-22 08:49:05,321] {taskinstance.py:1397} INFO - Executing <Task(_PythonDecoratedOperator): new_add_2> on 2022-04-13 00:00:00+00:00
[2022-07-22 08:49:05,331] {standard_task_runner.py:52} INFO - Started process 1822 to run task
[2022-07-22 08:49:05,342] {standard_task_runner.py:79} INFO - Running: ['***', 'tasks', 'run', 'dag2', 'new_add_2', 'scheduled__2022-04-13T00:00:00+00:00', '--job-id', '819', '--raw', '--subdir', 'DAGS_FOLDER/pipeline_4.py', '--cfg-path', '/tmp/tmph00xl2ih', '--error-file', '/tmp/tmpbpyi6i4j']
[2022-07-22 08:49:05,348] {standard_task_runner.py:80} INFO - Job 819: Subtask new_add_2
[2022-07-22 08:49:05,575] {task_command.py:371} INFO - Running <TaskInstance: dag2.new_add_2 scheduled__2022-04-13T00:00:00+00:00 [running]> on host b51f0a1d5848
[2022-07-22 08:49:05,847] {taskinstance.py:1591} INFO - Exporting the following env vars:
AIRFLOW_CTX_DAG_OWNER=***
AIRFLOW_CTX_DAG_ID=dag2
AIRFLOW_CTX_TASK_ID=new_add_2
AIRFLOW_CTX_EXECUTION_DATE=2022-04-13T00:00:00+00:00
AIRFLOW_CTX_TRY_NUMBER=1
AIRFLOW_CTX_DAG_RUN_ID=scheduled__2022-04-13T00:00:00+00:00
[2022-07-22 08:49:05,851] {logging_mixin.py:115} INFO - args: x = 3, y = 2
[2022-07-22 08:49:05,854] {python.py:173} INFO - Done. Returned value was: 5
[2022-07-22 08:49:05,930] {taskinstance.py:1420} INFO - Marking task as SUCCESS. dag_id=dag2, task_id=new_add_2, execution_date=20220413T000000, start_date=20220722T084905, end_date=20220722T084905
[2022-07-22 08:49:06,020] {local_task_job.py:156} INFO - Task exited with return code 0
[2022-07-22 08:49:06,066] {local_task_job.py:273} INFO - 0 downstream tasks scheduled from follow-on schedule check
