[2022-07-22 08:46:42,100] {taskinstance.py:1179} INFO - Dependencies all met for <TaskInstance: dag1.add_start2 scheduled__2022-04-11T00:00:00+00:00 [queued]>
[2022-07-22 08:46:42,234] {taskinstance.py:1179} INFO - Dependencies all met for <TaskInstance: dag1.add_start2 scheduled__2022-04-11T00:00:00+00:00 [queued]>
[2022-07-22 08:46:42,251] {taskinstance.py:1376} INFO - 
--------------------------------------------------------------------------------
[2022-07-22 08:46:42,256] {taskinstance.py:1377} INFO - Starting attempt 1 of 1
[2022-07-22 08:46:42,260] {taskinstance.py:1378} INFO - 
--------------------------------------------------------------------------------
[2022-07-22 08:46:42,402] {taskinstance.py:1397} INFO - Executing <Task(_PythonDecoratedOperator): add_start2> on 2022-04-11 00:00:00+00:00
[2022-07-22 08:46:42,499] {standard_task_runner.py:52} INFO - Started process 695 to run task
[2022-07-22 08:46:42,551] {standard_task_runner.py:79} INFO - Running: ['***', 'tasks', 'run', 'dag1', 'add_start2', 'scheduled__2022-04-11T00:00:00+00:00', '--job-id', '314', '--raw', '--subdir', 'DAGS_FOLDER/pipeline_4.py', '--cfg-path', '/tmp/tmpk8m384iy', '--error-file', '/tmp/tmpnry3w2ul']
[2022-07-22 08:46:42,554] {standard_task_runner.py:80} INFO - Job 314: Subtask add_start2
[2022-07-22 08:46:42,726] {task_command.py:371} INFO - Running <TaskInstance: dag1.add_start2 scheduled__2022-04-11T00:00:00+00:00 [running]> on host b51f0a1d5848
[2022-07-22 08:46:42,943] {taskinstance.py:1591} INFO - Exporting the following env vars:
AIRFLOW_CTX_DAG_OWNER=***
AIRFLOW_CTX_DAG_ID=dag1
AIRFLOW_CTX_TASK_ID=add_start2
AIRFLOW_CTX_EXECUTION_DATE=2022-04-11T00:00:00+00:00
AIRFLOW_CTX_TRY_NUMBER=1
AIRFLOW_CTX_DAG_RUN_ID=scheduled__2022-04-11T00:00:00+00:00
[2022-07-22 08:46:42,946] {logging_mixin.py:115} INFO - args: x = 3, y = 2
[2022-07-22 08:46:42,947] {python.py:173} INFO - Done. Returned value was: 5
[2022-07-22 08:46:43,020] {taskinstance.py:1420} INFO - Marking task as SUCCESS. dag_id=dag1, task_id=add_start2, execution_date=20220411T000000, start_date=20220722T084642, end_date=20220722T084643
[2022-07-22 08:46:43,066] {local_task_job.py:156} INFO - Task exited with return code 0
[2022-07-22 08:46:43,160] {local_task_job.py:273} INFO - 0 downstream tasks scheduled from follow-on schedule check
