[2022-07-22 07:30:28,965] {taskinstance.py:1179} INFO - Dependencies all met for <TaskInstance: etl.create_employees_schema scheduled__2022-07-21T00:00:00+00:00 [queued]>
[2022-07-22 07:30:28,970] {taskinstance.py:1179} INFO - Dependencies all met for <TaskInstance: etl.create_employees_schema scheduled__2022-07-21T00:00:00+00:00 [queued]>
[2022-07-22 07:30:28,971] {taskinstance.py:1376} INFO - 
--------------------------------------------------------------------------------
[2022-07-22 07:30:28,971] {taskinstance.py:1377} INFO - Starting attempt 1 of 1
[2022-07-22 07:30:28,972] {taskinstance.py:1378} INFO - 
--------------------------------------------------------------------------------
[2022-07-22 07:30:28,979] {taskinstance.py:1397} INFO - Executing <Task(PostgresOperator): create_employees_schema> on 2022-07-21 00:00:00+00:00
[2022-07-22 07:30:28,983] {standard_task_runner.py:52} INFO - Started process 12712 to run task
[2022-07-22 07:30:28,985] {standard_task_runner.py:79} INFO - Running: ['***', 'tasks', 'run', 'etl', 'create_employees_schema', 'scheduled__2022-07-21T00:00:00+00:00', '--job-id', '38', '--raw', '--subdir', 'DAGS_FOLDER/pipeline_2.py', '--cfg-path', '/tmp/tmpnm2h5aqg', '--error-file', '/tmp/tmpp_5q8rcs']
[2022-07-22 07:30:28,986] {standard_task_runner.py:80} INFO - Job 38: Subtask create_employees_schema
[2022-07-22 07:30:29,025] {task_command.py:371} INFO - Running <TaskInstance: etl.create_employees_schema scheduled__2022-07-21T00:00:00+00:00 [running]> on host b51f0a1d5848
[2022-07-22 07:30:29,063] {taskinstance.py:1591} INFO - Exporting the following env vars:
AIRFLOW_CTX_DAG_OWNER=***
AIRFLOW_CTX_DAG_ID=etl
AIRFLOW_CTX_TASK_ID=create_employees_schema
AIRFLOW_CTX_EXECUTION_DATE=2022-07-21T00:00:00+00:00
AIRFLOW_CTX_TRY_NUMBER=1
AIRFLOW_CTX_DAG_RUN_ID=scheduled__2022-07-21T00:00:00+00:00
[2022-07-22 07:30:29,069] {base.py:68} INFO - Using connection ID 'pg' for task execution.
[2022-07-22 07:30:29,073] {dbapi.py:231} INFO - Running statement: create table if not exists employees(
	id numeric primary key,
	company_name text,
	employee_name text,
	status integer
);

drop table if exists employees_temp;
create table employees_temp(
	id numeric primary key,
	company_name text,
	employee_name text,
	status integer
);, parameters: None
[2022-07-22 07:30:29,092] {postgres.py:94} INFO - NOTICE:  table "employees_temp" does not exist, skipping

[2022-07-22 07:30:29,101] {taskinstance.py:1420} INFO - Marking task as SUCCESS. dag_id=etl, task_id=create_employees_schema, execution_date=20220721T000000, start_date=20220722T073028, end_date=20220722T073029
[2022-07-22 07:30:29,119] {local_task_job.py:156} INFO - Task exited with return code 0
[2022-07-22 07:30:29,143] {local_task_job.py:273} INFO - 1 downstream tasks scheduled from follow-on schedule check
