[2022-07-22 08:47:00,396] {taskinstance.py:1179} INFO - Dependencies all met for <TaskInstance: dag1.add_start2 scheduled__2022-04-29T00:00:00+00:00 [queued]>
[2022-07-22 08:47:00,420] {taskinstance.py:1179} INFO - Dependencies all met for <TaskInstance: dag1.add_start2 scheduled__2022-04-29T00:00:00+00:00 [queued]>
[2022-07-22 08:47:00,423] {taskinstance.py:1376} INFO - 
--------------------------------------------------------------------------------
[2022-07-22 08:47:00,425] {taskinstance.py:1377} INFO - Starting attempt 1 of 1
[2022-07-22 08:47:00,428] {taskinstance.py:1378} INFO - 
--------------------------------------------------------------------------------
[2022-07-22 08:47:00,454] {taskinstance.py:1397} INFO - Executing <Task(_PythonDecoratedOperator): add_start2> on 2022-04-29 00:00:00+00:00
[2022-07-22 08:47:00,459] {standard_task_runner.py:52} INFO - Started process 859 to run task
[2022-07-22 08:47:00,494] {standard_task_runner.py:79} INFO - Running: ['***', 'tasks', 'run', 'dag1', 'add_start2', 'scheduled__2022-04-29T00:00:00+00:00', '--job-id', '384', '--raw', '--subdir', 'DAGS_FOLDER/pipeline_4.py', '--cfg-path', '/tmp/tmp1_g8dzco', '--error-file', '/tmp/tmphghe9kb2']
[2022-07-22 08:47:00,496] {standard_task_runner.py:80} INFO - Job 384: Subtask add_start2
[2022-07-22 08:47:00,624] {task_command.py:371} INFO - Running <TaskInstance: dag1.add_start2 scheduled__2022-04-29T00:00:00+00:00 [running]> on host b51f0a1d5848
[2022-07-22 08:47:00,957] {taskinstance.py:1591} INFO - Exporting the following env vars:
AIRFLOW_CTX_DAG_OWNER=***
AIRFLOW_CTX_DAG_ID=dag1
AIRFLOW_CTX_TASK_ID=add_start2
AIRFLOW_CTX_EXECUTION_DATE=2022-04-29T00:00:00+00:00
AIRFLOW_CTX_TRY_NUMBER=1
AIRFLOW_CTX_DAG_RUN_ID=scheduled__2022-04-29T00:00:00+00:00
[2022-07-22 08:47:00,959] {logging_mixin.py:115} INFO - args: x = 3, y = 2
[2022-07-22 08:47:00,962] {python.py:173} INFO - Done. Returned value was: 5
[2022-07-22 08:47:01,023] {taskinstance.py:1420} INFO - Marking task as SUCCESS. dag_id=dag1, task_id=add_start2, execution_date=20220429T000000, start_date=20220722T084700, end_date=20220722T084701
[2022-07-22 08:47:01,101] {local_task_job.py:156} INFO - Task exited with return code 0
[2022-07-22 08:47:01,153] {local_task_job.py:273} INFO - 0 downstream tasks scheduled from follow-on schedule check
