[2022-07-22 08:57:54,657] {taskinstance.py:1179} INFO - Dependencies all met for <TaskInstance: dag1.add_start0 scheduled__2022-06-02T00:00:00+00:00 [queued]>
[2022-07-22 08:57:54,678] {taskinstance.py:1179} INFO - Dependencies all met for <TaskInstance: dag1.add_start0 scheduled__2022-06-02T00:00:00+00:00 [queued]>
[2022-07-22 08:57:54,679] {taskinstance.py:1376} INFO - 
--------------------------------------------------------------------------------
[2022-07-22 08:57:54,680] {taskinstance.py:1377} INFO - Starting attempt 1 of 1
[2022-07-22 08:57:54,682] {taskinstance.py:1378} INFO - 
--------------------------------------------------------------------------------
[2022-07-22 08:57:54,701] {taskinstance.py:1397} INFO - Executing <Task(_PythonDecoratedOperator): add_start0> on 2022-06-02 00:00:00+00:00
[2022-07-22 08:57:54,711] {standard_task_runner.py:52} INFO - Started process 95 to run task
[2022-07-22 08:57:54,722] {standard_task_runner.py:79} INFO - Running: ['***', 'tasks', 'run', 'dag1', 'add_start0', 'scheduled__2022-06-02T00:00:00+00:00', '--job-id', '1053', '--raw', '--subdir', 'DAGS_FOLDER/pipeline_4.py', '--cfg-path', '/tmp/tmpn1w2m0i3', '--error-file', '/tmp/tmpb7uqpmkk']
[2022-07-22 08:57:54,724] {standard_task_runner.py:80} INFO - Job 1053: Subtask add_start0
[2022-07-22 08:57:54,780] {task_command.py:371} INFO - Running <TaskInstance: dag1.add_start0 scheduled__2022-06-02T00:00:00+00:00 [running]> on host b51f0a1d5848
[2022-07-22 08:57:54,850] {taskinstance.py:1591} INFO - Exporting the following env vars:
AIRFLOW_CTX_DAG_OWNER=***
AIRFLOW_CTX_DAG_ID=dag1
AIRFLOW_CTX_TASK_ID=add_start0
AIRFLOW_CTX_EXECUTION_DATE=2022-06-02T00:00:00+00:00
AIRFLOW_CTX_TRY_NUMBER=1
AIRFLOW_CTX_DAG_RUN_ID=scheduled__2022-06-02T00:00:00+00:00
[2022-07-22 08:57:54,854] {logging_mixin.py:115} INFO - args: x = 3, y = 0
[2022-07-22 08:57:54,855] {python.py:173} INFO - Done. Returned value was: 3
[2022-07-22 08:57:54,880] {taskinstance.py:1420} INFO - Marking task as SUCCESS. dag_id=dag1, task_id=add_start0, execution_date=20220602T000000, start_date=20220722T085754, end_date=20220722T085754
[2022-07-22 08:57:54,931] {local_task_job.py:156} INFO - Task exited with return code 0
[2022-07-22 08:57:54,963] {local_task_job.py:273} INFO - 0 downstream tasks scheduled from follow-on schedule check
