[2022-07-22 08:47:54,377] {taskinstance.py:1179} INFO - Dependencies all met for <TaskInstance: dag2.new_add_2 scheduled__2022-01-25T00:00:00+00:00 [queued]>
[2022-07-22 08:47:54,417] {taskinstance.py:1179} INFO - Dependencies all met for <TaskInstance: dag2.new_add_2 scheduled__2022-01-25T00:00:00+00:00 [queued]>
[2022-07-22 08:47:54,423] {taskinstance.py:1376} INFO - 
--------------------------------------------------------------------------------
[2022-07-22 08:47:54,426] {taskinstance.py:1377} INFO - Starting attempt 1 of 1
[2022-07-22 08:47:54,428] {taskinstance.py:1378} INFO - 
--------------------------------------------------------------------------------
[2022-07-22 08:47:54,473] {taskinstance.py:1397} INFO - Executing <Task(_PythonDecoratedOperator): new_add_2> on 2022-01-25 00:00:00+00:00
[2022-07-22 08:47:54,489] {standard_task_runner.py:52} INFO - Started process 1141 to run task
[2022-07-22 08:47:54,525] {standard_task_runner.py:79} INFO - Running: ['***', 'tasks', 'run', 'dag2', 'new_add_2', 'scheduled__2022-01-25T00:00:00+00:00', '--job-id', '505', '--raw', '--subdir', 'DAGS_FOLDER/pipeline_4.py', '--cfg-path', '/tmp/tmpk5zseflg', '--error-file', '/tmp/tmpvoqmxtma']
[2022-07-22 08:47:54,528] {standard_task_runner.py:80} INFO - Job 505: Subtask new_add_2
[2022-07-22 08:47:54,818] {task_command.py:371} INFO - Running <TaskInstance: dag2.new_add_2 scheduled__2022-01-25T00:00:00+00:00 [running]> on host b51f0a1d5848
[2022-07-22 08:47:55,086] {taskinstance.py:1591} INFO - Exporting the following env vars:
AIRFLOW_CTX_DAG_OWNER=***
AIRFLOW_CTX_DAG_ID=dag2
AIRFLOW_CTX_TASK_ID=new_add_2
AIRFLOW_CTX_EXECUTION_DATE=2022-01-25T00:00:00+00:00
AIRFLOW_CTX_TRY_NUMBER=1
AIRFLOW_CTX_DAG_RUN_ID=scheduled__2022-01-25T00:00:00+00:00
[2022-07-22 08:47:55,092] {logging_mixin.py:115} INFO - args: x = 3, y = 2
[2022-07-22 08:47:55,103] {python.py:173} INFO - Done. Returned value was: 5
[2022-07-22 08:47:55,179] {taskinstance.py:1420} INFO - Marking task as SUCCESS. dag_id=dag2, task_id=new_add_2, execution_date=20220125T000000, start_date=20220722T084754, end_date=20220722T084755
[2022-07-22 08:47:55,290] {local_task_job.py:156} INFO - Task exited with return code 0
[2022-07-22 08:47:55,316] {local_task_job.py:273} INFO - 0 downstream tasks scheduled from follow-on schedule check
