[2022-07-22 08:46:58,984] {taskinstance.py:1179} INFO - Dependencies all met for <TaskInstance: dag1.add_start2 scheduled__2022-04-28T00:00:00+00:00 [queued]>
[2022-07-22 08:46:58,992] {taskinstance.py:1179} INFO - Dependencies all met for <TaskInstance: dag1.add_start2 scheduled__2022-04-28T00:00:00+00:00 [queued]>
[2022-07-22 08:46:58,993] {taskinstance.py:1376} INFO - 
--------------------------------------------------------------------------------
[2022-07-22 08:46:58,994] {taskinstance.py:1377} INFO - Starting attempt 1 of 1
[2022-07-22 08:46:58,995] {taskinstance.py:1378} INFO - 
--------------------------------------------------------------------------------
[2022-07-22 08:46:59,014] {taskinstance.py:1397} INFO - Executing <Task(_PythonDecoratedOperator): add_start2> on 2022-04-28 00:00:00+00:00
[2022-07-22 08:46:59,021] {standard_task_runner.py:52} INFO - Started process 837 to run task
[2022-07-22 08:46:59,030] {standard_task_runner.py:79} INFO - Running: ['***', 'tasks', 'run', 'dag1', 'add_start2', 'scheduled__2022-04-28T00:00:00+00:00', '--job-id', '375', '--raw', '--subdir', 'DAGS_FOLDER/pipeline_4.py', '--cfg-path', '/tmp/tmpf26h97cb', '--error-file', '/tmp/tmpjps6rkkx']
[2022-07-22 08:46:59,031] {standard_task_runner.py:80} INFO - Job 375: Subtask add_start2
[2022-07-22 08:46:59,130] {task_command.py:371} INFO - Running <TaskInstance: dag1.add_start2 scheduled__2022-04-28T00:00:00+00:00 [running]> on host b51f0a1d5848
[2022-07-22 08:46:59,243] {taskinstance.py:1591} INFO - Exporting the following env vars:
AIRFLOW_CTX_DAG_OWNER=***
AIRFLOW_CTX_DAG_ID=dag1
AIRFLOW_CTX_TASK_ID=add_start2
AIRFLOW_CTX_EXECUTION_DATE=2022-04-28T00:00:00+00:00
AIRFLOW_CTX_TRY_NUMBER=1
AIRFLOW_CTX_DAG_RUN_ID=scheduled__2022-04-28T00:00:00+00:00
[2022-07-22 08:46:59,245] {logging_mixin.py:115} INFO - args: x = 3, y = 2
[2022-07-22 08:46:59,246] {python.py:173} INFO - Done. Returned value was: 5
[2022-07-22 08:46:59,278] {taskinstance.py:1420} INFO - Marking task as SUCCESS. dag_id=dag1, task_id=add_start2, execution_date=20220428T000000, start_date=20220722T084658, end_date=20220722T084659
[2022-07-22 08:46:59,328] {local_task_job.py:156} INFO - Task exited with return code 0
[2022-07-22 08:46:59,384] {local_task_job.py:273} INFO - 0 downstream tasks scheduled from follow-on schedule check
