[2022-07-22 08:46:53,966] {taskinstance.py:1179} INFO - Dependencies all met for <TaskInstance: dag1.add_start0 scheduled__2022-04-23T00:00:00+00:00 [queued]>
[2022-07-22 08:46:54,004] {taskinstance.py:1179} INFO - Dependencies all met for <TaskInstance: dag1.add_start0 scheduled__2022-04-23T00:00:00+00:00 [queued]>
[2022-07-22 08:46:54,006] {taskinstance.py:1376} INFO - 
--------------------------------------------------------------------------------
[2022-07-22 08:46:54,009] {taskinstance.py:1377} INFO - Starting attempt 1 of 1
[2022-07-22 08:46:54,011] {taskinstance.py:1378} INFO - 
--------------------------------------------------------------------------------
[2022-07-22 08:46:54,097] {taskinstance.py:1397} INFO - Executing <Task(_PythonDecoratedOperator): add_start0> on 2022-04-23 00:00:00+00:00
[2022-07-22 08:46:54,104] {standard_task_runner.py:52} INFO - Started process 791 to run task
[2022-07-22 08:46:54,170] {standard_task_runner.py:79} INFO - Running: ['***', 'tasks', 'run', 'dag1', 'add_start0', 'scheduled__2022-04-23T00:00:00+00:00', '--job-id', '358', '--raw', '--subdir', 'DAGS_FOLDER/pipeline_4.py', '--cfg-path', '/tmp/tmpklkb84eo', '--error-file', '/tmp/tmpv6qz882r']
[2022-07-22 08:46:54,192] {standard_task_runner.py:80} INFO - Job 358: Subtask add_start0
[2022-07-22 08:46:54,413] {task_command.py:371} INFO - Running <TaskInstance: dag1.add_start0 scheduled__2022-04-23T00:00:00+00:00 [running]> on host b51f0a1d5848
[2022-07-22 08:46:54,627] {taskinstance.py:1591} INFO - Exporting the following env vars:
AIRFLOW_CTX_DAG_OWNER=***
AIRFLOW_CTX_DAG_ID=dag1
AIRFLOW_CTX_TASK_ID=add_start0
AIRFLOW_CTX_EXECUTION_DATE=2022-04-23T00:00:00+00:00
AIRFLOW_CTX_TRY_NUMBER=1
AIRFLOW_CTX_DAG_RUN_ID=scheduled__2022-04-23T00:00:00+00:00
[2022-07-22 08:46:54,629] {logging_mixin.py:115} INFO - args: x = 3, y = 0
[2022-07-22 08:46:54,630] {python.py:173} INFO - Done. Returned value was: 3
[2022-07-22 08:46:54,669] {taskinstance.py:1420} INFO - Marking task as SUCCESS. dag_id=dag1, task_id=add_start0, execution_date=20220423T000000, start_date=20220722T084653, end_date=20220722T084654
[2022-07-22 08:46:54,816] {local_task_job.py:156} INFO - Task exited with return code 0
[2022-07-22 08:46:54,919] {local_task_job.py:273} INFO - 0 downstream tasks scheduled from follow-on schedule check
