[2022-07-22 08:45:57,647] {taskinstance.py:1179} INFO - Dependencies all met for <TaskInstance: dag1.add_start2 scheduled__2022-02-21T00:00:00+00:00 [queued]>
[2022-07-22 08:45:57,832] {taskinstance.py:1179} INFO - Dependencies all met for <TaskInstance: dag1.add_start2 scheduled__2022-02-21T00:00:00+00:00 [queued]>
[2022-07-22 08:45:57,836] {taskinstance.py:1376} INFO - 
--------------------------------------------------------------------------------
[2022-07-22 08:45:57,838] {taskinstance.py:1377} INFO - Starting attempt 1 of 1
[2022-07-22 08:45:57,839] {taskinstance.py:1378} INFO - 
--------------------------------------------------------------------------------
[2022-07-22 08:45:58,004] {taskinstance.py:1397} INFO - Executing <Task(_PythonDecoratedOperator): add_start2> on 2022-02-21 00:00:00+00:00
[2022-07-22 08:45:58,077] {standard_task_runner.py:52} INFO - Started process 279 to run task
[2022-07-22 08:45:58,126] {standard_task_runner.py:79} INFO - Running: ['***', 'tasks', 'run', 'dag1', 'add_start2', 'scheduled__2022-02-21T00:00:00+00:00', '--job-id', '116', '--raw', '--subdir', 'DAGS_FOLDER/pipeline_4.py', '--cfg-path', '/tmp/tmp5p6_l7ui', '--error-file', '/tmp/tmpd4g4fwhs']
[2022-07-22 08:45:58,152] {standard_task_runner.py:80} INFO - Job 116: Subtask add_start2
[2022-07-22 08:45:58,411] {task_command.py:371} INFO - Running <TaskInstance: dag1.add_start2 scheduled__2022-02-21T00:00:00+00:00 [running]> on host b51f0a1d5848
[2022-07-22 08:45:58,694] {taskinstance.py:1591} INFO - Exporting the following env vars:
AIRFLOW_CTX_DAG_OWNER=***
AIRFLOW_CTX_DAG_ID=dag1
AIRFLOW_CTX_TASK_ID=add_start2
AIRFLOW_CTX_EXECUTION_DATE=2022-02-21T00:00:00+00:00
AIRFLOW_CTX_TRY_NUMBER=1
AIRFLOW_CTX_DAG_RUN_ID=scheduled__2022-02-21T00:00:00+00:00
[2022-07-22 08:45:58,702] {logging_mixin.py:115} INFO - args: x = 3, y = 2
[2022-07-22 08:45:58,703] {python.py:173} INFO - Done. Returned value was: 5
[2022-07-22 08:45:58,823] {taskinstance.py:1420} INFO - Marking task as SUCCESS. dag_id=dag1, task_id=add_start2, execution_date=20220221T000000, start_date=20220722T084557, end_date=20220722T084558
[2022-07-22 08:45:58,961] {local_task_job.py:156} INFO - Task exited with return code 0
[2022-07-22 08:45:59,078] {local_task_job.py:273} INFO - 0 downstream tasks scheduled from follow-on schedule check
