[2022-07-22 08:45:58,912] {taskinstance.py:1179} INFO - Dependencies all met for <TaskInstance: dag1.add_start0 scheduled__2022-02-22T00:00:00+00:00 [queued]>
[2022-07-22 08:45:58,942] {taskinstance.py:1179} INFO - Dependencies all met for <TaskInstance: dag1.add_start0 scheduled__2022-02-22T00:00:00+00:00 [queued]>
[2022-07-22 08:45:58,949] {taskinstance.py:1376} INFO - 
--------------------------------------------------------------------------------
[2022-07-22 08:45:58,950] {taskinstance.py:1377} INFO - Starting attempt 1 of 1
[2022-07-22 08:45:58,953] {taskinstance.py:1378} INFO - 
--------------------------------------------------------------------------------
[2022-07-22 08:45:59,008] {taskinstance.py:1397} INFO - Executing <Task(_PythonDecoratedOperator): add_start0> on 2022-02-22 00:00:00+00:00
[2022-07-22 08:45:59,027] {standard_task_runner.py:52} INFO - Started process 286 to run task
[2022-07-22 08:45:59,051] {standard_task_runner.py:79} INFO - Running: ['***', 'tasks', 'run', 'dag1', 'add_start0', 'scheduled__2022-02-22T00:00:00+00:00', '--job-id', '120', '--raw', '--subdir', 'DAGS_FOLDER/pipeline_4.py', '--cfg-path', '/tmp/tmpktzc07ff', '--error-file', '/tmp/tmpgcdpm341']
[2022-07-22 08:45:59,060] {standard_task_runner.py:80} INFO - Job 120: Subtask add_start0
[2022-07-22 08:45:59,272] {task_command.py:371} INFO - Running <TaskInstance: dag1.add_start0 scheduled__2022-02-22T00:00:00+00:00 [running]> on host b51f0a1d5848
[2022-07-22 08:45:59,568] {taskinstance.py:1591} INFO - Exporting the following env vars:
AIRFLOW_CTX_DAG_OWNER=***
AIRFLOW_CTX_DAG_ID=dag1
AIRFLOW_CTX_TASK_ID=add_start0
AIRFLOW_CTX_EXECUTION_DATE=2022-02-22T00:00:00+00:00
AIRFLOW_CTX_TRY_NUMBER=1
AIRFLOW_CTX_DAG_RUN_ID=scheduled__2022-02-22T00:00:00+00:00
[2022-07-22 08:45:59,576] {logging_mixin.py:115} INFO - args: x = 3, y = 0
[2022-07-22 08:45:59,580] {python.py:173} INFO - Done. Returned value was: 3
[2022-07-22 08:45:59,626] {taskinstance.py:1420} INFO - Marking task as SUCCESS. dag_id=dag1, task_id=add_start0, execution_date=20220222T000000, start_date=20220722T084558, end_date=20220722T084559
[2022-07-22 08:45:59,753] {local_task_job.py:156} INFO - Task exited with return code 0
[2022-07-22 08:45:59,902] {local_task_job.py:273} INFO - 0 downstream tasks scheduled from follow-on schedule check
