[2022-07-22 07:36:38,319] {taskinstance.py:1179} INFO - Dependencies all met for <TaskInstance: etl.create_employees_schema manual__2022-07-22T07:36:37.327113+00:00 [queued]>
[2022-07-22 07:36:38,325] {taskinstance.py:1179} INFO - Dependencies all met for <TaskInstance: etl.create_employees_schema manual__2022-07-22T07:36:37.327113+00:00 [queued]>
[2022-07-22 07:36:38,326] {taskinstance.py:1376} INFO - 
--------------------------------------------------------------------------------
[2022-07-22 07:36:38,327] {taskinstance.py:1377} INFO - Starting attempt 1 of 1
[2022-07-22 07:36:38,328] {taskinstance.py:1378} INFO - 
--------------------------------------------------------------------------------
[2022-07-22 07:36:38,337] {taskinstance.py:1397} INFO - Executing <Task(PostgresOperator): create_employees_schema> on 2022-07-22 07:36:37.327113+00:00
[2022-07-22 07:36:38,342] {standard_task_runner.py:52} INFO - Started process 13073 to run task
[2022-07-22 07:36:38,344] {standard_task_runner.py:79} INFO - Running: ['***', 'tasks', 'run', 'etl', 'create_employees_schema', 'manual__2022-07-22T07:36:37.327113+00:00', '--job-id', '44', '--raw', '--subdir', 'DAGS_FOLDER/pipeline_2.py', '--cfg-path', '/tmp/tmp7pw8z_zl', '--error-file', '/tmp/tmp3gxwt4kt']
[2022-07-22 07:36:38,346] {standard_task_runner.py:80} INFO - Job 44: Subtask create_employees_schema
[2022-07-22 07:36:38,391] {task_command.py:371} INFO - Running <TaskInstance: etl.create_employees_schema manual__2022-07-22T07:36:37.327113+00:00 [running]> on host b51f0a1d5848
[2022-07-22 07:36:38,450] {taskinstance.py:1591} INFO - Exporting the following env vars:
AIRFLOW_CTX_DAG_OWNER=***
AIRFLOW_CTX_DAG_ID=etl
AIRFLOW_CTX_TASK_ID=create_employees_schema
AIRFLOW_CTX_EXECUTION_DATE=2022-07-22T07:36:37.327113+00:00
AIRFLOW_CTX_TRY_NUMBER=1
AIRFLOW_CTX_DAG_RUN_ID=manual__2022-07-22T07:36:37.327113+00:00
[2022-07-22 07:36:38,465] {base.py:68} INFO - Using connection ID 'pg' for task execution.
[2022-07-22 07:36:38,471] {dbapi.py:231} INFO - Running statement: CREATE TABLE IF NOT EXISTS employees (
    "Serial Number" NUMERIC PRIMARY KEY,
    "Company Name" TEXT,
    "Employee Markme" TEXT,
    "Description" TEXT,
    "Leave" INTEGER
);

DROP TABLE IF EXISTS employees_temp;
CREATE TABLE employees_temp (
    "Serial Number" NUMERIC PRIMARY KEY,
    "Company Name" TEXT,
    "Employee Markme" TEXT,
    "Description" TEXT,
    "Leave" INTEGER
);, parameters: None
[2022-07-22 07:36:38,484] {postgres.py:94} INFO - NOTICE:  relation "employees" already exists, skipping

[2022-07-22 07:36:38,495] {taskinstance.py:1420} INFO - Marking task as SUCCESS. dag_id=etl, task_id=create_employees_schema, execution_date=20220722T073637, start_date=20220722T073638, end_date=20220722T073638
[2022-07-22 07:36:38,518] {local_task_job.py:156} INFO - Task exited with return code 0
[2022-07-22 07:36:38,566] {local_task_job.py:273} INFO - 1 downstream tasks scheduled from follow-on schedule check
