[2022-07-22 08:48:53,920] {taskinstance.py:1179} INFO - Dependencies all met for <TaskInstance: dag2.new_add_2 scheduled__2022-03-31T00:00:00+00:00 [queued]>
[2022-07-22 08:48:53,979] {taskinstance.py:1179} INFO - Dependencies all met for <TaskInstance: dag2.new_add_2 scheduled__2022-03-31T00:00:00+00:00 [queued]>
[2022-07-22 08:48:53,980] {taskinstance.py:1376} INFO - 
--------------------------------------------------------------------------------
[2022-07-22 08:48:53,981] {taskinstance.py:1377} INFO - Starting attempt 1 of 1
[2022-07-22 08:48:53,984] {taskinstance.py:1378} INFO - 
--------------------------------------------------------------------------------
[2022-07-22 08:48:54,075] {taskinstance.py:1397} INFO - Executing <Task(_PythonDecoratedOperator): new_add_2> on 2022-03-31 00:00:00+00:00
[2022-07-22 08:48:54,092] {standard_task_runner.py:52} INFO - Started process 1708 to run task
[2022-07-22 08:48:54,126] {standard_task_runner.py:79} INFO - Running: ['***', 'tasks', 'run', 'dag2', 'new_add_2', 'scheduled__2022-03-31T00:00:00+00:00', '--job-id', '763', '--raw', '--subdir', 'DAGS_FOLDER/pipeline_4.py', '--cfg-path', '/tmp/tmpgp1h_mij', '--error-file', '/tmp/tmpb7q5ra6c']
[2022-07-22 08:48:54,142] {standard_task_runner.py:80} INFO - Job 763: Subtask new_add_2
[2022-07-22 08:48:54,454] {task_command.py:371} INFO - Running <TaskInstance: dag2.new_add_2 scheduled__2022-03-31T00:00:00+00:00 [running]> on host b51f0a1d5848
[2022-07-22 08:48:54,952] {taskinstance.py:1591} INFO - Exporting the following env vars:
AIRFLOW_CTX_DAG_OWNER=***
AIRFLOW_CTX_DAG_ID=dag2
AIRFLOW_CTX_TASK_ID=new_add_2
AIRFLOW_CTX_EXECUTION_DATE=2022-03-31T00:00:00+00:00
AIRFLOW_CTX_TRY_NUMBER=1
AIRFLOW_CTX_DAG_RUN_ID=scheduled__2022-03-31T00:00:00+00:00
[2022-07-22 08:48:54,956] {logging_mixin.py:115} INFO - args: x = 3, y = 2
[2022-07-22 08:48:54,957] {python.py:173} INFO - Done. Returned value was: 5
[2022-07-22 08:48:55,134] {taskinstance.py:1420} INFO - Marking task as SUCCESS. dag_id=dag2, task_id=new_add_2, execution_date=20220331T000000, start_date=20220722T084853, end_date=20220722T084855
[2022-07-22 08:48:55,262] {local_task_job.py:156} INFO - Task exited with return code 0
[2022-07-22 08:48:55,314] {local_task_job.py:273} INFO - 0 downstream tasks scheduled from follow-on schedule check
