[2022-07-22 03:52:57,762] {taskinstance.py:1179} INFO - Dependencies all met for <TaskInstance: pipeline_1.templated manual__2022-07-22T03:52:47+00:00 [queued]>
[2022-07-22 03:52:57,770] {taskinstance.py:1179} INFO - Dependencies all met for <TaskInstance: pipeline_1.templated manual__2022-07-22T03:52:47+00:00 [queued]>
[2022-07-22 03:52:57,770] {taskinstance.py:1376} INFO - 
--------------------------------------------------------------------------------
[2022-07-22 03:52:57,771] {taskinstance.py:1377} INFO - Starting attempt 1 of 2
[2022-07-22 03:52:57,772] {taskinstance.py:1378} INFO - 
--------------------------------------------------------------------------------
[2022-07-22 03:52:57,783] {taskinstance.py:1397} INFO - Executing <Task(BashOperator): templated> on 2022-07-22 03:52:47+00:00
[2022-07-22 03:52:57,787] {standard_task_runner.py:52} INFO - Started process 311 to run task
[2022-07-22 03:52:57,790] {standard_task_runner.py:79} INFO - Running: ['***', 'tasks', 'run', 'pipeline_1', 'templated', 'manual__2022-07-22T03:52:47+00:00', '--job-id', '36', '--raw', '--subdir', 'DAGS_FOLDER/pipeline_1.py', '--cfg-path', '/tmp/tmphfgj9l6n', '--error-file', '/tmp/tmpqetn82rd']
[2022-07-22 03:52:57,791] {standard_task_runner.py:80} INFO - Job 36: Subtask templated
[2022-07-22 03:52:57,847] {task_command.py:371} INFO - Running <TaskInstance: pipeline_1.templated manual__2022-07-22T03:52:47+00:00 [running]> on host b51f0a1d5848
[2022-07-22 03:52:57,916] {taskinstance.py:1591} INFO - Exporting the following env vars:
AIRFLOW_CTX_DAG_EMAIL=asd@admin.com
AIRFLOW_CTX_DAG_OWNER=***
AIRFLOW_CTX_DAG_ID=pipeline_1
AIRFLOW_CTX_TASK_ID=templated
AIRFLOW_CTX_EXECUTION_DATE=2022-07-22T03:52:47+00:00
AIRFLOW_CTX_TRY_NUMBER=1
AIRFLOW_CTX_DAG_RUN_ID=manual__2022-07-22T03:52:47+00:00
[2022-07-22 03:52:57,918] {subprocess.py:62} INFO - Tmp dir root location: 
 /tmp
[2022-07-22 03:52:57,919] {subprocess.py:74} INFO - Running command: ['bash', '-c', '\n\n\techo "2022-07-22"\n\techo "2022-07-29"\n\n\techo "2022-07-22"\n\techo "2022-07-29"\n\n\techo "2022-07-22"\n\techo "2022-07-29"\n\n\techo "2022-07-22"\n\techo "2022-07-29"\n\n\techo "2022-07-22"\n\techo "2022-07-29"\n']
[2022-07-22 03:52:57,929] {subprocess.py:85} INFO - Output:
[2022-07-22 03:52:57,931] {subprocess.py:92} INFO - 2022-07-22
[2022-07-22 03:52:57,932] {subprocess.py:92} INFO - 2022-07-29
[2022-07-22 03:52:57,932] {subprocess.py:92} INFO - 2022-07-22
[2022-07-22 03:52:57,933] {subprocess.py:92} INFO - 2022-07-29
[2022-07-22 03:52:57,934] {subprocess.py:92} INFO - 2022-07-22
[2022-07-22 03:52:57,935] {subprocess.py:92} INFO - 2022-07-29
[2022-07-22 03:52:57,936] {subprocess.py:92} INFO - 2022-07-22
[2022-07-22 03:52:57,936] {subprocess.py:92} INFO - 2022-07-29
[2022-07-22 03:52:57,937] {subprocess.py:92} INFO - 2022-07-22
[2022-07-22 03:52:57,938] {subprocess.py:92} INFO - 2022-07-29
[2022-07-22 03:52:57,939] {subprocess.py:96} INFO - Command exited with return code 0
[2022-07-22 03:52:57,989] {taskinstance.py:1420} INFO - Marking task as SUCCESS. dag_id=pipeline_1, task_id=templated, execution_date=20220722T035247, start_date=20220722T035257, end_date=20220722T035257
[2022-07-22 03:52:58,047] {local_task_job.py:156} INFO - Task exited with return code 0
[2022-07-22 03:52:58,083] {local_task_job.py:273} INFO - 0 downstream tasks scheduled from follow-on schedule check
