[2022-07-22 08:48:44,078] {taskinstance.py:1179} INFO - Dependencies all met for <TaskInstance: dag2.new_add_0 scheduled__2022-03-24T00:00:00+00:00 [queued]>
[2022-07-22 08:48:44,137] {taskinstance.py:1179} INFO - Dependencies all met for <TaskInstance: dag2.new_add_0 scheduled__2022-03-24T00:00:00+00:00 [queued]>
[2022-07-22 08:48:44,145] {taskinstance.py:1376} INFO - 
--------------------------------------------------------------------------------
[2022-07-22 08:48:44,146] {taskinstance.py:1377} INFO - Starting attempt 1 of 1
[2022-07-22 08:48:44,148] {taskinstance.py:1378} INFO - 
--------------------------------------------------------------------------------
[2022-07-22 08:48:44,199] {taskinstance.py:1397} INFO - Executing <Task(_PythonDecoratedOperator): new_add_0> on 2022-03-24 00:00:00+00:00
[2022-07-22 08:48:44,249] {standard_task_runner.py:52} INFO - Started process 1631 to run task
[2022-07-22 08:48:44,249] {standard_task_runner.py:79} INFO - Running: ['***', 'tasks', 'run', 'dag2', 'new_add_0', 'scheduled__2022-03-24T00:00:00+00:00', '--job-id', '732', '--raw', '--subdir', 'DAGS_FOLDER/pipeline_4.py', '--cfg-path', '/tmp/tmpjtlk27l4', '--error-file', '/tmp/tmpaqe7vj79']
[2022-07-22 08:48:44,263] {standard_task_runner.py:80} INFO - Job 732: Subtask new_add_0
[2022-07-22 08:48:44,514] {task_command.py:371} INFO - Running <TaskInstance: dag2.new_add_0 scheduled__2022-03-24T00:00:00+00:00 [running]> on host b51f0a1d5848
[2022-07-22 08:48:44,742] {taskinstance.py:1591} INFO - Exporting the following env vars:
AIRFLOW_CTX_DAG_OWNER=***
AIRFLOW_CTX_DAG_ID=dag2
AIRFLOW_CTX_TASK_ID=new_add_0
AIRFLOW_CTX_EXECUTION_DATE=2022-03-24T00:00:00+00:00
AIRFLOW_CTX_TRY_NUMBER=1
AIRFLOW_CTX_DAG_RUN_ID=scheduled__2022-03-24T00:00:00+00:00
[2022-07-22 08:48:44,746] {logging_mixin.py:115} INFO - args: x = 3, y = 0
[2022-07-22 08:48:44,749] {python.py:173} INFO - Done. Returned value was: 3
[2022-07-22 08:48:44,798] {taskinstance.py:1420} INFO - Marking task as SUCCESS. dag_id=dag2, task_id=new_add_0, execution_date=20220324T000000, start_date=20220722T084844, end_date=20220722T084844
[2022-07-22 08:48:44,841] {local_task_job.py:156} INFO - Task exited with return code 0
[2022-07-22 08:48:44,884] {local_task_job.py:273} INFO - 0 downstream tasks scheduled from follow-on schedule check
