[2022-07-22 08:48:39,493] {taskinstance.py:1179} INFO - Dependencies all met for <TaskInstance: dag2.add_task scheduled__2022-03-20T00:00:00+00:00 [queued]>
[2022-07-22 08:48:39,527] {taskinstance.py:1179} INFO - Dependencies all met for <TaskInstance: dag2.add_task scheduled__2022-03-20T00:00:00+00:00 [queued]>
[2022-07-22 08:48:39,528] {taskinstance.py:1376} INFO - 
--------------------------------------------------------------------------------
[2022-07-22 08:48:39,530] {taskinstance.py:1377} INFO - Starting attempt 1 of 1
[2022-07-22 08:48:39,531] {taskinstance.py:1378} INFO - 
--------------------------------------------------------------------------------
[2022-07-22 08:48:39,584] {taskinstance.py:1397} INFO - Executing <Task(_PythonDecoratedOperator): add_task> on 2022-03-20 00:00:00+00:00
[2022-07-22 08:48:39,590] {standard_task_runner.py:52} INFO - Started process 1567 to run task
[2022-07-22 08:48:39,615] {standard_task_runner.py:79} INFO - Running: ['***', 'tasks', 'run', 'dag2', 'add_task', 'scheduled__2022-03-20T00:00:00+00:00', '--job-id', '699', '--raw', '--subdir', 'DAGS_FOLDER/pipeline_4.py', '--cfg-path', '/tmp/tmp_0kmm91v', '--error-file', '/tmp/tmps26hbsq0']
[2022-07-22 08:48:39,619] {standard_task_runner.py:80} INFO - Job 699: Subtask add_task
[2022-07-22 08:48:39,861] {task_command.py:371} INFO - Running <TaskInstance: dag2.add_task scheduled__2022-03-20T00:00:00+00:00 [running]> on host b51f0a1d5848
[2022-07-22 08:48:40,075] {taskinstance.py:1591} INFO - Exporting the following env vars:
AIRFLOW_CTX_DAG_OWNER=***
AIRFLOW_CTX_DAG_ID=dag2
AIRFLOW_CTX_TASK_ID=add_task
AIRFLOW_CTX_EXECUTION_DATE=2022-03-20T00:00:00+00:00
AIRFLOW_CTX_TRY_NUMBER=1
AIRFLOW_CTX_DAG_RUN_ID=scheduled__2022-03-20T00:00:00+00:00
[2022-07-22 08:48:40,077] {logging_mixin.py:115} INFO - args: x = 1, y = 2
[2022-07-22 08:48:40,080] {python.py:173} INFO - Done. Returned value was: 3
[2022-07-22 08:48:40,154] {taskinstance.py:1420} INFO - Marking task as SUCCESS. dag_id=dag2, task_id=add_task, execution_date=20220320T000000, start_date=20220722T084839, end_date=20220722T084840
[2022-07-22 08:48:40,276] {local_task_job.py:156} INFO - Task exited with return code 0
[2022-07-22 08:48:40,421] {local_task_job.py:273} INFO - 0 downstream tasks scheduled from follow-on schedule check
