[2022-07-22 08:46:01,260] {taskinstance.py:1179} INFO - Dependencies all met for <TaskInstance: dag1.add_start1 scheduled__2022-02-26T00:00:00+00:00 [queued]>
[2022-07-22 08:46:01,283] {taskinstance.py:1179} INFO - Dependencies all met for <TaskInstance: dag1.add_start1 scheduled__2022-02-26T00:00:00+00:00 [queued]>
[2022-07-22 08:46:01,285] {taskinstance.py:1376} INFO - 
--------------------------------------------------------------------------------
[2022-07-22 08:46:01,285] {taskinstance.py:1377} INFO - Starting attempt 1 of 1
[2022-07-22 08:46:01,286] {taskinstance.py:1378} INFO - 
--------------------------------------------------------------------------------
[2022-07-22 08:46:01,319] {taskinstance.py:1397} INFO - Executing <Task(_PythonDecoratedOperator): add_start1> on 2022-02-26 00:00:00+00:00
[2022-07-22 08:46:01,326] {standard_task_runner.py:52} INFO - Started process 310 to run task
[2022-07-22 08:46:01,339] {standard_task_runner.py:79} INFO - Running: ['***', 'tasks', 'run', 'dag1', 'add_start1', 'scheduled__2022-02-26T00:00:00+00:00', '--job-id', '135', '--raw', '--subdir', 'DAGS_FOLDER/pipeline_4.py', '--cfg-path', '/tmp/tmps8e14x8a', '--error-file', '/tmp/tmpsbrdexhj']
[2022-07-22 08:46:01,346] {standard_task_runner.py:80} INFO - Job 135: Subtask add_start1
[2022-07-22 08:46:01,633] {task_command.py:371} INFO - Running <TaskInstance: dag1.add_start1 scheduled__2022-02-26T00:00:00+00:00 [running]> on host b51f0a1d5848
[2022-07-22 08:46:01,918] {taskinstance.py:1591} INFO - Exporting the following env vars:
AIRFLOW_CTX_DAG_OWNER=***
AIRFLOW_CTX_DAG_ID=dag1
AIRFLOW_CTX_TASK_ID=add_start1
AIRFLOW_CTX_EXECUTION_DATE=2022-02-26T00:00:00+00:00
AIRFLOW_CTX_TRY_NUMBER=1
AIRFLOW_CTX_DAG_RUN_ID=scheduled__2022-02-26T00:00:00+00:00
[2022-07-22 08:46:01,931] {logging_mixin.py:115} INFO - args: x = 3, y = 1
[2022-07-22 08:46:01,933] {python.py:173} INFO - Done. Returned value was: 4
[2022-07-22 08:46:02,176] {taskinstance.py:1420} INFO - Marking task as SUCCESS. dag_id=dag1, task_id=add_start1, execution_date=20220226T000000, start_date=20220722T084601, end_date=20220722T084602
[2022-07-22 08:46:02,254] {local_task_job.py:156} INFO - Task exited with return code 0
[2022-07-22 08:46:02,332] {local_task_job.py:273} INFO - 0 downstream tasks scheduled from follow-on schedule check
