[2022-07-22 08:46:14,449] {taskinstance.py:1179} INFO - Dependencies all met for <TaskInstance: dag1.add_start1 scheduled__2022-03-13T00:00:00+00:00 [queued]>
[2022-07-22 08:46:14,462] {taskinstance.py:1179} INFO - Dependencies all met for <TaskInstance: dag1.add_start1 scheduled__2022-03-13T00:00:00+00:00 [queued]>
[2022-07-22 08:46:14,463] {taskinstance.py:1376} INFO - 
--------------------------------------------------------------------------------
[2022-07-22 08:46:14,467] {taskinstance.py:1377} INFO - Starting attempt 1 of 1
[2022-07-22 08:46:14,469] {taskinstance.py:1378} INFO - 
--------------------------------------------------------------------------------
[2022-07-22 08:46:14,514] {taskinstance.py:1397} INFO - Executing <Task(_PythonDecoratedOperator): add_start1> on 2022-03-13 00:00:00+00:00
[2022-07-22 08:46:14,563] {standard_task_runner.py:79} INFO - Running: ['***', 'tasks', 'run', 'dag1', 'add_start1', 'scheduled__2022-03-13T00:00:00+00:00', '--job-id', '201', '--raw', '--subdir', 'DAGS_FOLDER/pipeline_4.py', '--cfg-path', '/tmp/tmp4oj7c4kh', '--error-file', '/tmp/tmpzilp_zve']
[2022-07-22 08:46:14,548] {standard_task_runner.py:52} INFO - Started process 439 to run task
[2022-07-22 08:46:14,570] {standard_task_runner.py:80} INFO - Job 201: Subtask add_start1
[2022-07-22 08:46:14,809] {task_command.py:371} INFO - Running <TaskInstance: dag1.add_start1 scheduled__2022-03-13T00:00:00+00:00 [running]> on host b51f0a1d5848
[2022-07-22 08:46:15,171] {taskinstance.py:1591} INFO - Exporting the following env vars:
AIRFLOW_CTX_DAG_OWNER=***
AIRFLOW_CTX_DAG_ID=dag1
AIRFLOW_CTX_TASK_ID=add_start1
AIRFLOW_CTX_EXECUTION_DATE=2022-03-13T00:00:00+00:00
AIRFLOW_CTX_TRY_NUMBER=1
AIRFLOW_CTX_DAG_RUN_ID=scheduled__2022-03-13T00:00:00+00:00
[2022-07-22 08:46:15,174] {logging_mixin.py:115} INFO - args: x = 3, y = 1
[2022-07-22 08:46:15,175] {python.py:173} INFO - Done. Returned value was: 4
[2022-07-22 08:46:15,268] {taskinstance.py:1420} INFO - Marking task as SUCCESS. dag_id=dag1, task_id=add_start1, execution_date=20220313T000000, start_date=20220722T084614, end_date=20220722T084615
[2022-07-22 08:46:15,402] {local_task_job.py:156} INFO - Task exited with return code 0
[2022-07-22 08:46:15,497] {local_task_job.py:273} INFO - 0 downstream tasks scheduled from follow-on schedule check
