[2022-07-22 08:46:47,851] {taskinstance.py:1179} INFO - Dependencies all met for <TaskInstance: dag1.start scheduled__2022-04-21T00:00:00+00:00 [queued]>
[2022-07-22 08:46:47,921] {taskinstance.py:1179} INFO - Dependencies all met for <TaskInstance: dag1.start scheduled__2022-04-21T00:00:00+00:00 [queued]>
[2022-07-22 08:46:47,927] {taskinstance.py:1376} INFO - 
--------------------------------------------------------------------------------
[2022-07-22 08:46:47,941] {taskinstance.py:1377} INFO - Starting attempt 1 of 1
[2022-07-22 08:46:47,952] {taskinstance.py:1378} INFO - 
--------------------------------------------------------------------------------
[2022-07-22 08:46:48,074] {taskinstance.py:1397} INFO - Executing <Task(_PythonDecoratedOperator): start> on 2022-04-21 00:00:00+00:00
[2022-07-22 08:46:48,083] {standard_task_runner.py:52} INFO - Started process 743 to run task
[2022-07-22 08:46:48,114] {standard_task_runner.py:79} INFO - Running: ['***', 'tasks', 'run', 'dag1', 'start', 'scheduled__2022-04-21T00:00:00+00:00', '--job-id', '327', '--raw', '--subdir', 'DAGS_FOLDER/pipeline_4.py', '--cfg-path', '/tmp/tmpraq8z2ub', '--error-file', '/tmp/tmpbeu1es_c']
[2022-07-22 08:46:48,122] {standard_task_runner.py:80} INFO - Job 327: Subtask start
[2022-07-22 08:46:48,538] {task_command.py:371} INFO - Running <TaskInstance: dag1.start scheduled__2022-04-21T00:00:00+00:00 [running]> on host b51f0a1d5848
[2022-07-22 08:46:49,149] {taskinstance.py:1591} INFO - Exporting the following env vars:
AIRFLOW_CTX_DAG_OWNER=***
AIRFLOW_CTX_DAG_ID=dag1
AIRFLOW_CTX_TASK_ID=start
AIRFLOW_CTX_EXECUTION_DATE=2022-04-21T00:00:00+00:00
AIRFLOW_CTX_TRY_NUMBER=1
AIRFLOW_CTX_DAG_RUN_ID=scheduled__2022-04-21T00:00:00+00:00
[2022-07-22 08:46:49,151] {logging_mixin.py:115} INFO - args: x = 1, y = 2
[2022-07-22 08:46:49,153] {python.py:173} INFO - Done. Returned value was: 3
[2022-07-22 08:46:49,271] {taskinstance.py:1420} INFO - Marking task as SUCCESS. dag_id=dag1, task_id=start, execution_date=20220421T000000, start_date=20220722T084647, end_date=20220722T084649
[2022-07-22 08:46:49,429] {local_task_job.py:156} INFO - Task exited with return code 0
[2022-07-22 08:46:49,554] {local_task_job.py:273} INFO - 3 downstream tasks scheduled from follow-on schedule check
