[2022-07-22 08:46:47,944] {taskinstance.py:1179} INFO - Dependencies all met for <TaskInstance: dag1.add_start1 scheduled__2022-04-15T00:00:00+00:00 [queued]>
[2022-07-22 08:46:48,008] {taskinstance.py:1179} INFO - Dependencies all met for <TaskInstance: dag1.add_start1 scheduled__2022-04-15T00:00:00+00:00 [queued]>
[2022-07-22 08:46:48,016] {taskinstance.py:1376} INFO - 
--------------------------------------------------------------------------------
[2022-07-22 08:46:48,019] {taskinstance.py:1377} INFO - Starting attempt 1 of 1
[2022-07-22 08:46:48,022] {taskinstance.py:1378} INFO - 
--------------------------------------------------------------------------------
[2022-07-22 08:46:48,096] {taskinstance.py:1397} INFO - Executing <Task(_PythonDecoratedOperator): add_start1> on 2022-04-15 00:00:00+00:00
[2022-07-22 08:46:48,132] {standard_task_runner.py:52} INFO - Started process 744 to run task
[2022-07-22 08:46:48,167] {standard_task_runner.py:79} INFO - Running: ['***', 'tasks', 'run', 'dag1', 'add_start1', 'scheduled__2022-04-15T00:00:00+00:00', '--job-id', '332', '--raw', '--subdir', 'DAGS_FOLDER/pipeline_4.py', '--cfg-path', '/tmp/tmpo02rkl_f', '--error-file', '/tmp/tmpuor643rt']
[2022-07-22 08:46:48,199] {standard_task_runner.py:80} INFO - Job 332: Subtask add_start1
[2022-07-22 08:46:48,842] {task_command.py:371} INFO - Running <TaskInstance: dag1.add_start1 scheduled__2022-04-15T00:00:00+00:00 [running]> on host b51f0a1d5848
[2022-07-22 08:46:49,291] {taskinstance.py:1591} INFO - Exporting the following env vars:
AIRFLOW_CTX_DAG_OWNER=***
AIRFLOW_CTX_DAG_ID=dag1
AIRFLOW_CTX_TASK_ID=add_start1
AIRFLOW_CTX_EXECUTION_DATE=2022-04-15T00:00:00+00:00
AIRFLOW_CTX_TRY_NUMBER=1
AIRFLOW_CTX_DAG_RUN_ID=scheduled__2022-04-15T00:00:00+00:00
[2022-07-22 08:46:49,296] {logging_mixin.py:115} INFO - args: x = 3, y = 1
[2022-07-22 08:46:49,299] {python.py:173} INFO - Done. Returned value was: 4
[2022-07-22 08:46:49,410] {taskinstance.py:1420} INFO - Marking task as SUCCESS. dag_id=dag1, task_id=add_start1, execution_date=20220415T000000, start_date=20220722T084647, end_date=20220722T084649
[2022-07-22 08:46:49,590] {local_task_job.py:156} INFO - Task exited with return code 0
[2022-07-22 08:46:49,681] {local_task_job.py:273} INFO - 0 downstream tasks scheduled from follow-on schedule check
