[2022-07-22 08:46:09,471] {taskinstance.py:1179} INFO - Dependencies all met for <TaskInstance: dag1.add_start1 scheduled__2022-03-07T00:00:00+00:00 [queued]>
[2022-07-22 08:46:09,508] {taskinstance.py:1179} INFO - Dependencies all met for <TaskInstance: dag1.add_start1 scheduled__2022-03-07T00:00:00+00:00 [queued]>
[2022-07-22 08:46:09,511] {taskinstance.py:1376} INFO - 
--------------------------------------------------------------------------------
[2022-07-22 08:46:09,513] {taskinstance.py:1377} INFO - Starting attempt 1 of 1
[2022-07-22 08:46:09,515] {taskinstance.py:1378} INFO - 
--------------------------------------------------------------------------------
[2022-07-22 08:46:09,585] {taskinstance.py:1397} INFO - Executing <Task(_PythonDecoratedOperator): add_start1> on 2022-03-07 00:00:00+00:00
[2022-07-22 08:46:09,612] {standard_task_runner.py:52} INFO - Started process 386 to run task
[2022-07-22 08:46:09,659] {standard_task_runner.py:79} INFO - Running: ['***', 'tasks', 'run', 'dag1', 'add_start1', 'scheduled__2022-03-07T00:00:00+00:00', '--job-id', '171', '--raw', '--subdir', 'DAGS_FOLDER/pipeline_4.py', '--cfg-path', '/tmp/tmpswe2gw7p', '--error-file', '/tmp/tmppgpj532d']
[2022-07-22 08:46:09,661] {standard_task_runner.py:80} INFO - Job 171: Subtask add_start1
[2022-07-22 08:46:10,023] {task_command.py:371} INFO - Running <TaskInstance: dag1.add_start1 scheduled__2022-03-07T00:00:00+00:00 [running]> on host b51f0a1d5848
[2022-07-22 08:46:10,478] {taskinstance.py:1591} INFO - Exporting the following env vars:
AIRFLOW_CTX_DAG_OWNER=***
AIRFLOW_CTX_DAG_ID=dag1
AIRFLOW_CTX_TASK_ID=add_start1
AIRFLOW_CTX_EXECUTION_DATE=2022-03-07T00:00:00+00:00
AIRFLOW_CTX_TRY_NUMBER=1
AIRFLOW_CTX_DAG_RUN_ID=scheduled__2022-03-07T00:00:00+00:00
[2022-07-22 08:46:10,486] {logging_mixin.py:115} INFO - args: x = 3, y = 1
[2022-07-22 08:46:10,491] {python.py:173} INFO - Done. Returned value was: 4
[2022-07-22 08:46:10,703] {taskinstance.py:1420} INFO - Marking task as SUCCESS. dag_id=dag1, task_id=add_start1, execution_date=20220307T000000, start_date=20220722T084609, end_date=20220722T084610
[2022-07-22 08:46:10,743] {local_task_job.py:156} INFO - Task exited with return code 0
[2022-07-22 08:46:10,903] {local_task_job.py:273} INFO - 0 downstream tasks scheduled from follow-on schedule check
