[2022-07-22 08:46:12,371] {taskinstance.py:1179} INFO - Dependencies all met for <TaskInstance: dag1.add_start1 scheduled__2022-03-09T00:00:00+00:00 [queued]>
[2022-07-22 08:46:12,398] {taskinstance.py:1179} INFO - Dependencies all met for <TaskInstance: dag1.add_start1 scheduled__2022-03-09T00:00:00+00:00 [queued]>
[2022-07-22 08:46:12,399] {taskinstance.py:1376} INFO - 
--------------------------------------------------------------------------------
[2022-07-22 08:46:12,400] {taskinstance.py:1377} INFO - Starting attempt 1 of 1
[2022-07-22 08:46:12,401] {taskinstance.py:1378} INFO - 
--------------------------------------------------------------------------------
[2022-07-22 08:46:12,423] {taskinstance.py:1397} INFO - Executing <Task(_PythonDecoratedOperator): add_start1> on 2022-03-09 00:00:00+00:00
[2022-07-22 08:46:12,444] {standard_task_runner.py:52} INFO - Started process 414 to run task
[2022-07-22 08:46:12,454] {standard_task_runner.py:79} INFO - Running: ['***', 'tasks', 'run', 'dag1', 'add_start1', 'scheduled__2022-03-09T00:00:00+00:00', '--job-id', '186', '--raw', '--subdir', 'DAGS_FOLDER/pipeline_4.py', '--cfg-path', '/tmp/tmpvqhsf0z5', '--error-file', '/tmp/tmp06xcq5o_']
[2022-07-22 08:46:12,466] {standard_task_runner.py:80} INFO - Job 186: Subtask add_start1
[2022-07-22 08:46:12,676] {task_command.py:371} INFO - Running <TaskInstance: dag1.add_start1 scheduled__2022-03-09T00:00:00+00:00 [running]> on host b51f0a1d5848
[2022-07-22 08:46:12,940] {taskinstance.py:1591} INFO - Exporting the following env vars:
AIRFLOW_CTX_DAG_OWNER=***
AIRFLOW_CTX_DAG_ID=dag1
AIRFLOW_CTX_TASK_ID=add_start1
AIRFLOW_CTX_EXECUTION_DATE=2022-03-09T00:00:00+00:00
AIRFLOW_CTX_TRY_NUMBER=1
AIRFLOW_CTX_DAG_RUN_ID=scheduled__2022-03-09T00:00:00+00:00
[2022-07-22 08:46:12,943] {logging_mixin.py:115} INFO - args: x = 3, y = 1
[2022-07-22 08:46:12,944] {python.py:173} INFO - Done. Returned value was: 4
[2022-07-22 08:46:13,006] {taskinstance.py:1420} INFO - Marking task as SUCCESS. dag_id=dag1, task_id=add_start1, execution_date=20220309T000000, start_date=20220722T084612, end_date=20220722T084613
[2022-07-22 08:46:13,093] {local_task_job.py:156} INFO - Task exited with return code 0
[2022-07-22 08:46:13,167] {local_task_job.py:273} INFO - 0 downstream tasks scheduled from follow-on schedule check
