[2022-07-22 08:55:37,649] {taskinstance.py:1179} INFO - Dependencies all met for <TaskInstance: dag1.start scheduled__2022-05-24T00:00:00+00:00 [queued]>
[2022-07-22 08:55:37,727] {taskinstance.py:1179} INFO - Dependencies all met for <TaskInstance: dag1.start scheduled__2022-05-24T00:00:00+00:00 [queued]>
[2022-07-22 08:55:37,729] {taskinstance.py:1376} INFO - 
--------------------------------------------------------------------------------
[2022-07-22 08:55:37,730] {taskinstance.py:1377} INFO - Starting attempt 1 of 1
[2022-07-22 08:55:37,731] {taskinstance.py:1378} INFO - 
--------------------------------------------------------------------------------
[2022-07-22 08:55:37,802] {taskinstance.py:1397} INFO - Executing <Task(_PythonVirtualenvDecoratedOperator): start> on 2022-05-24 00:00:00+00:00
[2022-07-22 08:55:37,824] {standard_task_runner.py:52} INFO - Started process 2614 to run task
[2022-07-22 08:55:37,879] {standard_task_runner.py:79} INFO - Running: ['***', 'tasks', 'run', 'dag1', 'start', 'scheduled__2022-05-24T00:00:00+00:00', '--job-id', '1035', '--raw', '--subdir', 'DAGS_FOLDER/pipeline_4.py', '--cfg-path', '/tmp/tmpgmgage02', '--error-file', '/tmp/tmpgx7cmczc']
[2022-07-22 08:55:37,881] {standard_task_runner.py:80} INFO - Job 1035: Subtask start
[2022-07-22 08:55:38,154] {task_command.py:371} INFO - Running <TaskInstance: dag1.start scheduled__2022-05-24T00:00:00+00:00 [running]> on host b51f0a1d5848
[2022-07-22 08:55:38,434] {taskinstance.py:1591} INFO - Exporting the following env vars:
AIRFLOW_CTX_DAG_OWNER=***
AIRFLOW_CTX_DAG_ID=dag1
AIRFLOW_CTX_TASK_ID=start
AIRFLOW_CTX_EXECUTION_DATE=2022-05-24T00:00:00+00:00
AIRFLOW_CTX_TRY_NUMBER=1
AIRFLOW_CTX_DAG_RUN_ID=scheduled__2022-05-24T00:00:00+00:00
[2022-07-22 08:55:38,439] {process_utils.py:165} INFO - Executing cmd: /usr/local/bin/python -m virtualenv /tmp/venv8of1u7qz
[2022-07-22 08:55:38,458] {process_utils.py:169} INFO - Output:
[2022-07-22 08:56:07,069] {process_utils.py:173} INFO - created virtual environment CPython3.7.13.final.0-64 in 19305ms
[2022-07-22 08:56:07,083] {process_utils.py:173} INFO -   creator CPython3Posix(dest=/tmp/venv8of1u7qz, clear=False, no_vcs_ignore=False, global=False)
[2022-07-22 08:56:07,086] {process_utils.py:173} INFO -   seeder FromAppData(download=False, pip=bundle, setuptools=bundle, wheel=bundle, via=copy, app_data_dir=/home/***/.local/share/virtualenv)
[2022-07-22 08:56:07,093] {process_utils.py:173} INFO -     added seed packages: pip==22.1.2, setuptools==62.6.0, wheel==0.37.1
[2022-07-22 08:56:07,099] {process_utils.py:173} INFO -   activators BashActivator,CShellActivator,FishActivator,NushellActivator,PowerShellActivator,PythonActivator
[2022-07-22 08:56:07,459] {process_utils.py:165} INFO - Executing cmd: /tmp/venv8of1u7qz/bin/pip install -r /tmp/venv8of1u7qz/requirements.txt
[2022-07-22 08:56:07,712] {process_utils.py:169} INFO - Output:
[2022-07-22 08:56:39,784] {process_utils.py:173} INFO - Collecting funcsigs
[2022-07-22 08:56:39,791] {process_utils.py:173} INFO -   Using cached funcsigs-1.0.2-py2.py3-none-any.whl (17 kB)
