[2022-07-22 08:49:03,690] {taskinstance.py:1179} INFO - Dependencies all met for <TaskInstance: dag2.new_add_1 scheduled__2022-04-11T00:00:00+00:00 [queued]>
[2022-07-22 08:49:03,723] {taskinstance.py:1179} INFO - Dependencies all met for <TaskInstance: dag2.new_add_1 scheduled__2022-04-11T00:00:00+00:00 [queued]>
[2022-07-22 08:49:03,724] {taskinstance.py:1376} INFO - 
--------------------------------------------------------------------------------
[2022-07-22 08:49:03,725] {taskinstance.py:1377} INFO - Starting attempt 1 of 1
[2022-07-22 08:49:03,725] {taskinstance.py:1378} INFO - 
--------------------------------------------------------------------------------
[2022-07-22 08:49:03,735] {taskinstance.py:1397} INFO - Executing <Task(_PythonDecoratedOperator): new_add_1> on 2022-04-11 00:00:00+00:00
[2022-07-22 08:49:03,741] {standard_task_runner.py:52} INFO - Started process 1798 to run task
[2022-07-22 08:49:03,746] {standard_task_runner.py:79} INFO - Running: ['***', 'tasks', 'run', 'dag2', 'new_add_1', 'scheduled__2022-04-11T00:00:00+00:00', '--job-id', '808', '--raw', '--subdir', 'DAGS_FOLDER/pipeline_4.py', '--cfg-path', '/tmp/tmpdkh377i7', '--error-file', '/tmp/tmpr1snhs8n']
[2022-07-22 08:49:03,751] {standard_task_runner.py:80} INFO - Job 808: Subtask new_add_1
[2022-07-22 08:49:03,843] {task_command.py:371} INFO - Running <TaskInstance: dag2.new_add_1 scheduled__2022-04-11T00:00:00+00:00 [running]> on host b51f0a1d5848
[2022-07-22 08:49:03,924] {taskinstance.py:1591} INFO - Exporting the following env vars:
AIRFLOW_CTX_DAG_OWNER=***
AIRFLOW_CTX_DAG_ID=dag2
AIRFLOW_CTX_TASK_ID=new_add_1
AIRFLOW_CTX_EXECUTION_DATE=2022-04-11T00:00:00+00:00
AIRFLOW_CTX_TRY_NUMBER=1
AIRFLOW_CTX_DAG_RUN_ID=scheduled__2022-04-11T00:00:00+00:00
[2022-07-22 08:49:03,927] {logging_mixin.py:115} INFO - args: x = 3, y = 1
[2022-07-22 08:49:03,928] {python.py:173} INFO - Done. Returned value was: 4
[2022-07-22 08:49:03,969] {taskinstance.py:1420} INFO - Marking task as SUCCESS. dag_id=dag2, task_id=new_add_1, execution_date=20220411T000000, start_date=20220722T084903, end_date=20220722T084903
[2022-07-22 08:49:04,037] {local_task_job.py:156} INFO - Task exited with return code 0
[2022-07-22 08:49:04,074] {local_task_job.py:273} INFO - 0 downstream tasks scheduled from follow-on schedule check
