[2022-07-22 08:47:47,239] {taskinstance.py:1179} INFO - Dependencies all met for <TaskInstance: dag2.new_add_0 scheduled__2022-01-17T00:00:00+00:00 [queued]>
[2022-07-22 08:47:47,268] {taskinstance.py:1179} INFO - Dependencies all met for <TaskInstance: dag2.new_add_0 scheduled__2022-01-17T00:00:00+00:00 [queued]>
[2022-07-22 08:47:47,274] {taskinstance.py:1376} INFO - 
--------------------------------------------------------------------------------
[2022-07-22 08:47:47,282] {taskinstance.py:1377} INFO - Starting attempt 1 of 1
[2022-07-22 08:47:47,284] {taskinstance.py:1378} INFO - 
--------------------------------------------------------------------------------
[2022-07-22 08:47:47,369] {taskinstance.py:1397} INFO - Executing <Task(_PythonDecoratedOperator): new_add_0> on 2022-01-17 00:00:00+00:00
[2022-07-22 08:47:47,404] {standard_task_runner.py:52} INFO - Started process 1074 to run task
[2022-07-22 08:47:47,427] {standard_task_runner.py:79} INFO - Running: ['***', 'tasks', 'run', 'dag2', 'new_add_0', 'scheduled__2022-01-17T00:00:00+00:00', '--job-id', '471', '--raw', '--subdir', 'DAGS_FOLDER/pipeline_4.py', '--cfg-path', '/tmp/tmpvkd54xaw', '--error-file', '/tmp/tmpqm1_m35v']
[2022-07-22 08:47:47,448] {standard_task_runner.py:80} INFO - Job 471: Subtask new_add_0
[2022-07-22 08:47:47,655] {task_command.py:371} INFO - Running <TaskInstance: dag2.new_add_0 scheduled__2022-01-17T00:00:00+00:00 [running]> on host b51f0a1d5848
[2022-07-22 08:47:47,867] {taskinstance.py:1591} INFO - Exporting the following env vars:
AIRFLOW_CTX_DAG_OWNER=***
AIRFLOW_CTX_DAG_ID=dag2
AIRFLOW_CTX_TASK_ID=new_add_0
AIRFLOW_CTX_EXECUTION_DATE=2022-01-17T00:00:00+00:00
AIRFLOW_CTX_TRY_NUMBER=1
AIRFLOW_CTX_DAG_RUN_ID=scheduled__2022-01-17T00:00:00+00:00
[2022-07-22 08:47:47,875] {logging_mixin.py:115} INFO - args: x = 3, y = 0
[2022-07-22 08:47:47,876] {python.py:173} INFO - Done. Returned value was: 3
[2022-07-22 08:47:47,933] {taskinstance.py:1420} INFO - Marking task as SUCCESS. dag_id=dag2, task_id=new_add_0, execution_date=20220117T000000, start_date=20220722T084747, end_date=20220722T084747
[2022-07-22 08:47:47,970] {local_task_job.py:156} INFO - Task exited with return code 0
[2022-07-22 08:47:48,023] {local_task_job.py:273} INFO - 0 downstream tasks scheduled from follow-on schedule check
