[2022-07-22 08:49:23,744] {taskinstance.py:1179} INFO - Dependencies all met for <TaskInstance: dag2.new_add_1 scheduled__2022-05-02T00:00:00+00:00 [queued]>
[2022-07-22 08:49:23,865] {taskinstance.py:1179} INFO - Dependencies all met for <TaskInstance: dag2.new_add_1 scheduled__2022-05-02T00:00:00+00:00 [queued]>
[2022-07-22 08:49:23,880] {taskinstance.py:1376} INFO - 
--------------------------------------------------------------------------------
[2022-07-22 08:49:23,887] {taskinstance.py:1377} INFO - Starting attempt 1 of 1
[2022-07-22 08:49:23,889] {taskinstance.py:1378} INFO - 
--------------------------------------------------------------------------------
[2022-07-22 08:49:23,966] {taskinstance.py:1397} INFO - Executing <Task(_PythonDecoratedOperator): new_add_1> on 2022-05-02 00:00:00+00:00
[2022-07-22 08:49:23,989] {standard_task_runner.py:52} INFO - Started process 1986 to run task
[2022-07-22 08:49:24,024] {standard_task_runner.py:79} INFO - Running: ['***', 'tasks', 'run', 'dag2', 'new_add_1', 'scheduled__2022-05-02T00:00:00+00:00', '--job-id', '895', '--raw', '--subdir', 'DAGS_FOLDER/pipeline_4.py', '--cfg-path', '/tmp/tmp1on7r32e', '--error-file', '/tmp/tmpd5mm57hf']
[2022-07-22 08:49:24,030] {standard_task_runner.py:80} INFO - Job 895: Subtask new_add_1
[2022-07-22 08:49:24,312] {task_command.py:371} INFO - Running <TaskInstance: dag2.new_add_1 scheduled__2022-05-02T00:00:00+00:00 [running]> on host b51f0a1d5848
[2022-07-22 08:49:24,777] {taskinstance.py:1591} INFO - Exporting the following env vars:
AIRFLOW_CTX_DAG_OWNER=***
AIRFLOW_CTX_DAG_ID=dag2
AIRFLOW_CTX_TASK_ID=new_add_1
AIRFLOW_CTX_EXECUTION_DATE=2022-05-02T00:00:00+00:00
AIRFLOW_CTX_TRY_NUMBER=1
AIRFLOW_CTX_DAG_RUN_ID=scheduled__2022-05-02T00:00:00+00:00
[2022-07-22 08:49:24,779] {logging_mixin.py:115} INFO - args: x = 3, y = 1
[2022-07-22 08:49:24,781] {python.py:173} INFO - Done. Returned value was: 4
[2022-07-22 08:49:24,945] {taskinstance.py:1420} INFO - Marking task as SUCCESS. dag_id=dag2, task_id=new_add_1, execution_date=20220502T000000, start_date=20220722T084923, end_date=20220722T084924
[2022-07-22 08:49:25,087] {local_task_job.py:156} INFO - Task exited with return code 0
[2022-07-22 08:49:25,216] {local_task_job.py:273} INFO - 0 downstream tasks scheduled from follow-on schedule check
