[2022-07-22 08:48:54,994] {taskinstance.py:1179} INFO - Dependencies all met for <TaskInstance: dag2.new_add_1 scheduled__2022-03-31T00:00:00+00:00 [queued]>
[2022-07-22 08:48:55,058] {taskinstance.py:1179} INFO - Dependencies all met for <TaskInstance: dag2.new_add_1 scheduled__2022-03-31T00:00:00+00:00 [queued]>
[2022-07-22 08:48:55,060] {taskinstance.py:1376} INFO - 
--------------------------------------------------------------------------------
[2022-07-22 08:48:55,061] {taskinstance.py:1377} INFO - Starting attempt 1 of 1
[2022-07-22 08:48:55,062] {taskinstance.py:1378} INFO - 
--------------------------------------------------------------------------------
[2022-07-22 08:48:55,146] {taskinstance.py:1397} INFO - Executing <Task(_PythonDecoratedOperator): new_add_1> on 2022-03-31 00:00:00+00:00
[2022-07-22 08:48:55,157] {standard_task_runner.py:52} INFO - Started process 1720 to run task
[2022-07-22 08:48:55,227] {standard_task_runner.py:79} INFO - Running: ['***', 'tasks', 'run', 'dag2', 'new_add_1', 'scheduled__2022-03-31T00:00:00+00:00', '--job-id', '773', '--raw', '--subdir', 'DAGS_FOLDER/pipeline_4.py', '--cfg-path', '/tmp/tmpc98bv511', '--error-file', '/tmp/tmpj2z9r6r8']
[2022-07-22 08:48:55,234] {standard_task_runner.py:80} INFO - Job 773: Subtask new_add_1
[2022-07-22 08:48:55,517] {task_command.py:371} INFO - Running <TaskInstance: dag2.new_add_1 scheduled__2022-03-31T00:00:00+00:00 [running]> on host b51f0a1d5848
[2022-07-22 08:48:55,703] {taskinstance.py:1591} INFO - Exporting the following env vars:
AIRFLOW_CTX_DAG_OWNER=***
AIRFLOW_CTX_DAG_ID=dag2
AIRFLOW_CTX_TASK_ID=new_add_1
AIRFLOW_CTX_EXECUTION_DATE=2022-03-31T00:00:00+00:00
AIRFLOW_CTX_TRY_NUMBER=1
AIRFLOW_CTX_DAG_RUN_ID=scheduled__2022-03-31T00:00:00+00:00
[2022-07-22 08:48:55,705] {logging_mixin.py:115} INFO - args: x = 3, y = 1
[2022-07-22 08:48:55,706] {python.py:173} INFO - Done. Returned value was: 4
[2022-07-22 08:48:55,789] {taskinstance.py:1420} INFO - Marking task as SUCCESS. dag_id=dag2, task_id=new_add_1, execution_date=20220331T000000, start_date=20220722T084855, end_date=20220722T084855
[2022-07-22 08:48:55,865] {local_task_job.py:156} INFO - Task exited with return code 0
[2022-07-22 08:48:55,935] {local_task_job.py:273} INFO - 0 downstream tasks scheduled from follow-on schedule check
