[2022-07-22 08:57:55,895] {taskinstance.py:1179} INFO - Dependencies all met for <TaskInstance: dag1.add_start1 scheduled__2022-06-02T00:00:00+00:00 [queued]>
[2022-07-22 08:57:55,901] {taskinstance.py:1179} INFO - Dependencies all met for <TaskInstance: dag1.add_start1 scheduled__2022-06-02T00:00:00+00:00 [queued]>
[2022-07-22 08:57:55,902] {taskinstance.py:1376} INFO - 
--------------------------------------------------------------------------------
[2022-07-22 08:57:55,903] {taskinstance.py:1377} INFO - Starting attempt 1 of 1
[2022-07-22 08:57:55,904] {taskinstance.py:1378} INFO - 
--------------------------------------------------------------------------------
[2022-07-22 08:57:55,910] {taskinstance.py:1397} INFO - Executing <Task(_PythonDecoratedOperator): add_start1> on 2022-06-02 00:00:00+00:00
[2022-07-22 08:57:55,914] {standard_task_runner.py:52} INFO - Started process 97 to run task
[2022-07-22 08:57:55,917] {standard_task_runner.py:79} INFO - Running: ['***', 'tasks', 'run', 'dag1', 'add_start1', 'scheduled__2022-06-02T00:00:00+00:00', '--job-id', '1054', '--raw', '--subdir', 'DAGS_FOLDER/pipeline_4.py', '--cfg-path', '/tmp/tmpt12mhybr', '--error-file', '/tmp/tmpvoday_ca']
[2022-07-22 08:57:55,917] {standard_task_runner.py:80} INFO - Job 1054: Subtask add_start1
[2022-07-22 08:57:55,959] {task_command.py:371} INFO - Running <TaskInstance: dag1.add_start1 scheduled__2022-06-02T00:00:00+00:00 [running]> on host b51f0a1d5848
[2022-07-22 08:57:56,008] {taskinstance.py:1591} INFO - Exporting the following env vars:
AIRFLOW_CTX_DAG_OWNER=***
AIRFLOW_CTX_DAG_ID=dag1
AIRFLOW_CTX_TASK_ID=add_start1
AIRFLOW_CTX_EXECUTION_DATE=2022-06-02T00:00:00+00:00
AIRFLOW_CTX_TRY_NUMBER=1
AIRFLOW_CTX_DAG_RUN_ID=scheduled__2022-06-02T00:00:00+00:00
[2022-07-22 08:57:56,010] {logging_mixin.py:115} INFO - args: x = 3, y = 1
[2022-07-22 08:57:56,011] {python.py:173} INFO - Done. Returned value was: 4
[2022-07-22 08:57:56,027] {taskinstance.py:1420} INFO - Marking task as SUCCESS. dag_id=dag1, task_id=add_start1, execution_date=20220602T000000, start_date=20220722T085755, end_date=20220722T085756
[2022-07-22 08:57:56,049] {local_task_job.py:156} INFO - Task exited with return code 0
[2022-07-22 08:57:56,068] {local_task_job.py:273} INFO - 0 downstream tasks scheduled from follow-on schedule check
