[2022-07-22 08:49:05,290] {taskinstance.py:1179} INFO - Dependencies all met for <TaskInstance: dag2.new_add_1 scheduled__2022-04-12T00:00:00+00:00 [queued]>
[2022-07-22 08:49:05,344] {taskinstance.py:1179} INFO - Dependencies all met for <TaskInstance: dag2.new_add_1 scheduled__2022-04-12T00:00:00+00:00 [queued]>
[2022-07-22 08:49:05,345] {taskinstance.py:1376} INFO - 
--------------------------------------------------------------------------------
[2022-07-22 08:49:05,347] {taskinstance.py:1377} INFO - Starting attempt 1 of 1
[2022-07-22 08:49:05,348] {taskinstance.py:1378} INFO - 
--------------------------------------------------------------------------------
[2022-07-22 08:49:05,396] {taskinstance.py:1397} INFO - Executing <Task(_PythonDecoratedOperator): new_add_1> on 2022-04-12 00:00:00+00:00
[2022-07-22 08:49:05,420] {standard_task_runner.py:52} INFO - Started process 1826 to run task
[2022-07-22 08:49:05,448] {standard_task_runner.py:79} INFO - Running: ['***', 'tasks', 'run', 'dag2', 'new_add_1', 'scheduled__2022-04-12T00:00:00+00:00', '--job-id', '822', '--raw', '--subdir', 'DAGS_FOLDER/pipeline_4.py', '--cfg-path', '/tmp/tmpivo2c198', '--error-file', '/tmp/tmpqt1hlvrw']
[2022-07-22 08:49:05,451] {standard_task_runner.py:80} INFO - Job 822: Subtask new_add_1
[2022-07-22 08:49:05,614] {task_command.py:371} INFO - Running <TaskInstance: dag2.new_add_1 scheduled__2022-04-12T00:00:00+00:00 [running]> on host b51f0a1d5848
[2022-07-22 08:49:05,886] {taskinstance.py:1591} INFO - Exporting the following env vars:
AIRFLOW_CTX_DAG_OWNER=***
AIRFLOW_CTX_DAG_ID=dag2
AIRFLOW_CTX_TASK_ID=new_add_1
AIRFLOW_CTX_EXECUTION_DATE=2022-04-12T00:00:00+00:00
AIRFLOW_CTX_TRY_NUMBER=1
AIRFLOW_CTX_DAG_RUN_ID=scheduled__2022-04-12T00:00:00+00:00
[2022-07-22 08:49:05,890] {logging_mixin.py:115} INFO - args: x = 3, y = 1
[2022-07-22 08:49:05,891] {python.py:173} INFO - Done. Returned value was: 4
[2022-07-22 08:49:05,982] {taskinstance.py:1420} INFO - Marking task as SUCCESS. dag_id=dag2, task_id=new_add_1, execution_date=20220412T000000, start_date=20220722T084905, end_date=20220722T084905
[2022-07-22 08:49:06,092] {local_task_job.py:156} INFO - Task exited with return code 0
[2022-07-22 08:49:06,147] {local_task_job.py:273} INFO - 0 downstream tasks scheduled from follow-on schedule check
