[2022-07-22 08:49:47,581] {taskinstance.py:1179} INFO - Dependencies all met for <TaskInstance: dag2.new_add_0 scheduled__2022-06-02T00:00:00+00:00 [queued]>
[2022-07-22 08:49:47,634] {taskinstance.py:1179} INFO - Dependencies all met for <TaskInstance: dag2.new_add_0 scheduled__2022-06-02T00:00:00+00:00 [queued]>
[2022-07-22 08:49:47,639] {taskinstance.py:1376} INFO - 
--------------------------------------------------------------------------------
[2022-07-22 08:49:47,645] {taskinstance.py:1377} INFO - Starting attempt 1 of 1
[2022-07-22 08:49:47,649] {taskinstance.py:1378} INFO - 
--------------------------------------------------------------------------------
[2022-07-22 08:49:47,684] {taskinstance.py:1397} INFO - Executing <Task(_PythonDecoratedOperator): new_add_0> on 2022-06-02 00:00:00+00:00
[2022-07-22 08:49:47,691] {standard_task_runner.py:52} INFO - Started process 2231 to run task
[2022-07-22 08:49:47,699] {standard_task_runner.py:79} INFO - Running: ['***', 'tasks', 'run', 'dag2', 'new_add_0', 'scheduled__2022-06-02T00:00:00+00:00', '--job-id', '1009', '--raw', '--subdir', 'DAGS_FOLDER/pipeline_4.py', '--cfg-path', '/tmp/tmpl2h69ywg', '--error-file', '/tmp/tmps1uxaem0']
[2022-07-22 08:49:47,702] {standard_task_runner.py:80} INFO - Job 1009: Subtask new_add_0
[2022-07-22 08:49:47,785] {task_command.py:371} INFO - Running <TaskInstance: dag2.new_add_0 scheduled__2022-06-02T00:00:00+00:00 [running]> on host b51f0a1d5848
[2022-07-22 08:49:47,939] {taskinstance.py:1591} INFO - Exporting the following env vars:
AIRFLOW_CTX_DAG_OWNER=***
AIRFLOW_CTX_DAG_ID=dag2
AIRFLOW_CTX_TASK_ID=new_add_0
AIRFLOW_CTX_EXECUTION_DATE=2022-06-02T00:00:00+00:00
AIRFLOW_CTX_TRY_NUMBER=1
AIRFLOW_CTX_DAG_RUN_ID=scheduled__2022-06-02T00:00:00+00:00
[2022-07-22 08:49:47,943] {logging_mixin.py:115} INFO - args: x = 3, y = 0
[2022-07-22 08:49:47,945] {python.py:173} INFO - Done. Returned value was: 3
[2022-07-22 08:49:47,984] {taskinstance.py:1420} INFO - Marking task as SUCCESS. dag_id=dag2, task_id=new_add_0, execution_date=20220602T000000, start_date=20220722T084947, end_date=20220722T084947
[2022-07-22 08:49:48,047] {local_task_job.py:156} INFO - Task exited with return code 0
[2022-07-22 08:49:48,089] {local_task_job.py:273} INFO - 0 downstream tasks scheduled from follow-on schedule check
