[2022-07-21 09:44:53,713] {taskinstance.py:1179} INFO - Dependencies all met for <TaskInstance: example_bash_operator.this_will_skip manual__2022-07-21T09:44:51.527598+00:00 [queued]>
[2022-07-21 09:44:53,755] {taskinstance.py:1179} INFO - Dependencies all met for <TaskInstance: example_bash_operator.this_will_skip manual__2022-07-21T09:44:51.527598+00:00 [queued]>
[2022-07-21 09:44:53,757] {taskinstance.py:1376} INFO - 
--------------------------------------------------------------------------------
[2022-07-21 09:44:53,759] {taskinstance.py:1377} INFO - Starting attempt 1 of 1
[2022-07-21 09:44:53,760] {taskinstance.py:1378} INFO - 
--------------------------------------------------------------------------------
[2022-07-21 09:44:53,791] {taskinstance.py:1397} INFO - Executing <Task(BashOperator): this_will_skip> on 2022-07-21 09:44:51.527598+00:00
[2022-07-21 09:44:53,809] {standard_task_runner.py:52} INFO - Started process 742 to run task
[2022-07-21 09:44:53,810] {standard_task_runner.py:79} INFO - Running: ['***', 'tasks', 'run', 'example_bash_operator', 'this_will_skip', 'manual__2022-07-21T09:44:51.527598+00:00', '--job-id', '6', '--raw', '--subdir', '/home/***/.local/lib/python3.7/site-packages/***/example_dags/example_bash_operator.py', '--cfg-path', '/tmp/tmp9c3zjlvr', '--error-file', '/tmp/tmptm50kgnp']
[2022-07-21 09:44:53,850] {standard_task_runner.py:80} INFO - Job 6: Subtask this_will_skip
[2022-07-21 09:44:54,022] {task_command.py:371} INFO - Running <TaskInstance: example_bash_operator.this_will_skip manual__2022-07-21T09:44:51.527598+00:00 [running]> on host 29fe348be5eb
[2022-07-21 09:44:54,242] {taskinstance.py:1591} INFO - Exporting the following env vars:
AIRFLOW_CTX_DAG_OWNER=***
AIRFLOW_CTX_DAG_ID=example_bash_operator
AIRFLOW_CTX_TASK_ID=this_will_skip
AIRFLOW_CTX_EXECUTION_DATE=2022-07-21T09:44:51.527598+00:00
AIRFLOW_CTX_TRY_NUMBER=1
AIRFLOW_CTX_DAG_RUN_ID=manual__2022-07-21T09:44:51.527598+00:00
[2022-07-21 09:44:54,245] {subprocess.py:62} INFO - Tmp dir root location: 
 /tmp
[2022-07-21 09:44:54,246] {subprocess.py:74} INFO - Running command: ['bash', '-c', 'echo "hello world"; exit 99;']
[2022-07-21 09:44:54,308] {subprocess.py:85} INFO - Output:
[2022-07-21 09:44:54,311] {subprocess.py:92} INFO - hello world
[2022-07-21 09:44:54,313] {subprocess.py:96} INFO - Command exited with return code 99
[2022-07-21 09:44:54,315] {taskinstance.py:1498} INFO - Bash command returned exit code 99. Skipping.
[2022-07-21 09:44:54,345] {taskinstance.py:1420} INFO - Marking task as SKIPPED. dag_id=example_bash_operator, task_id=this_will_skip, execution_date=20220721T094451, start_date=20220721T094453, end_date=20220721T094454
[2022-07-21 09:44:54,409] {local_task_job.py:156} INFO - Task exited with return code 0
[2022-07-21 09:44:54,589] {local_task_job.py:273} INFO - 0 downstream tasks scheduled from follow-on schedule check
