[2022-07-22 08:47:00,970] {taskinstance.py:1179} INFO - Dependencies all met for <TaskInstance: dag1.add_start1 scheduled__2022-04-30T00:00:00+00:00 [queued]>
[2022-07-22 08:47:01,025] {taskinstance.py:1179} INFO - Dependencies all met for <TaskInstance: dag1.add_start1 scheduled__2022-04-30T00:00:00+00:00 [queued]>
[2022-07-22 08:47:01,027] {taskinstance.py:1376} INFO - 
--------------------------------------------------------------------------------
[2022-07-22 08:47:01,028] {taskinstance.py:1377} INFO - Starting attempt 1 of 1
[2022-07-22 08:47:01,029] {taskinstance.py:1378} INFO - 
--------------------------------------------------------------------------------
[2022-07-22 08:47:01,099] {taskinstance.py:1397} INFO - Executing <Task(_PythonDecoratedOperator): add_start1> on 2022-04-30 00:00:00+00:00
[2022-07-22 08:47:01,106] {standard_task_runner.py:52} INFO - Started process 868 to run task
[2022-07-22 08:47:01,148] {standard_task_runner.py:79} INFO - Running: ['***', 'tasks', 'run', 'dag1', 'add_start1', 'scheduled__2022-04-30T00:00:00+00:00', '--job-id', '387', '--raw', '--subdir', 'DAGS_FOLDER/pipeline_4.py', '--cfg-path', '/tmp/tmpk22uycgj', '--error-file', '/tmp/tmprik2uh3x']
[2022-07-22 08:47:01,154] {standard_task_runner.py:80} INFO - Job 387: Subtask add_start1
[2022-07-22 08:47:01,324] {task_command.py:371} INFO - Running <TaskInstance: dag1.add_start1 scheduled__2022-04-30T00:00:00+00:00 [running]> on host b51f0a1d5848
[2022-07-22 08:47:01,705] {taskinstance.py:1591} INFO - Exporting the following env vars:
AIRFLOW_CTX_DAG_OWNER=***
AIRFLOW_CTX_DAG_ID=dag1
AIRFLOW_CTX_TASK_ID=add_start1
AIRFLOW_CTX_EXECUTION_DATE=2022-04-30T00:00:00+00:00
AIRFLOW_CTX_TRY_NUMBER=1
AIRFLOW_CTX_DAG_RUN_ID=scheduled__2022-04-30T00:00:00+00:00
[2022-07-22 08:47:01,720] {logging_mixin.py:115} INFO - args: x = 3, y = 1
[2022-07-22 08:47:01,732] {python.py:173} INFO - Done. Returned value was: 4
[2022-07-22 08:47:01,878] {taskinstance.py:1420} INFO - Marking task as SUCCESS. dag_id=dag1, task_id=add_start1, execution_date=20220430T000000, start_date=20220722T084700, end_date=20220722T084701
[2022-07-22 08:47:01,956] {local_task_job.py:156} INFO - Task exited with return code 0
[2022-07-22 08:47:02,018] {local_task_job.py:273} INFO - 0 downstream tasks scheduled from follow-on schedule check
