[2022-07-22 08:47:59,990] {taskinstance.py:1179} INFO - Dependencies all met for <TaskInstance: dag2.new_add_2 scheduled__2022-01-28T00:00:00+00:00 [queued]>
[2022-07-22 08:48:00,030] {taskinstance.py:1179} INFO - Dependencies all met for <TaskInstance: dag2.new_add_2 scheduled__2022-01-28T00:00:00+00:00 [queued]>
[2022-07-22 08:48:00,031] {taskinstance.py:1376} INFO - 
--------------------------------------------------------------------------------
[2022-07-22 08:48:00,032] {taskinstance.py:1377} INFO - Starting attempt 1 of 1
[2022-07-22 08:48:00,033] {taskinstance.py:1378} INFO - 
--------------------------------------------------------------------------------
[2022-07-22 08:48:00,077] {taskinstance.py:1397} INFO - Executing <Task(_PythonDecoratedOperator): new_add_2> on 2022-01-28 00:00:00+00:00
[2022-07-22 08:48:00,104] {standard_task_runner.py:52} INFO - Started process 1178 to run task
[2022-07-22 08:48:00,114] {standard_task_runner.py:79} INFO - Running: ['***', 'tasks', 'run', 'dag2', 'new_add_2', 'scheduled__2022-01-28T00:00:00+00:00', '--job-id', '518', '--raw', '--subdir', 'DAGS_FOLDER/pipeline_4.py', '--cfg-path', '/tmp/tmpsybk1r62', '--error-file', '/tmp/tmpkvz4450s']
[2022-07-22 08:48:00,117] {standard_task_runner.py:80} INFO - Job 518: Subtask new_add_2
[2022-07-22 08:48:00,303] {task_command.py:371} INFO - Running <TaskInstance: dag2.new_add_2 scheduled__2022-01-28T00:00:00+00:00 [running]> on host b51f0a1d5848
[2022-07-22 08:48:00,509] {taskinstance.py:1591} INFO - Exporting the following env vars:
AIRFLOW_CTX_DAG_OWNER=***
AIRFLOW_CTX_DAG_ID=dag2
AIRFLOW_CTX_TASK_ID=new_add_2
AIRFLOW_CTX_EXECUTION_DATE=2022-01-28T00:00:00+00:00
AIRFLOW_CTX_TRY_NUMBER=1
AIRFLOW_CTX_DAG_RUN_ID=scheduled__2022-01-28T00:00:00+00:00
[2022-07-22 08:48:00,511] {logging_mixin.py:115} INFO - args: x = 3, y = 2
[2022-07-22 08:48:00,512] {python.py:173} INFO - Done. Returned value was: 5
[2022-07-22 08:48:00,649] {taskinstance.py:1420} INFO - Marking task as SUCCESS. dag_id=dag2, task_id=new_add_2, execution_date=20220128T000000, start_date=20220722T084759, end_date=20220722T084800
[2022-07-22 08:48:00,786] {local_task_job.py:156} INFO - Task exited with return code 0
[2022-07-22 08:48:00,900] {local_task_job.py:273} INFO - 0 downstream tasks scheduled from follow-on schedule check
