[2022-07-22 07:31:34,991] {taskinstance.py:1179} INFO - Dependencies all met for <TaskInstance: etl.create_employees_schema manual__2022-07-22T07:31:34.540711+00:00 [queued]>
[2022-07-22 07:31:34,996] {taskinstance.py:1179} INFO - Dependencies all met for <TaskInstance: etl.create_employees_schema manual__2022-07-22T07:31:34.540711+00:00 [queued]>
[2022-07-22 07:31:34,997] {taskinstance.py:1376} INFO - 
--------------------------------------------------------------------------------
[2022-07-22 07:31:34,999] {taskinstance.py:1377} INFO - Starting attempt 1 of 1
[2022-07-22 07:31:35,000] {taskinstance.py:1378} INFO - 
--------------------------------------------------------------------------------
[2022-07-22 07:31:35,008] {taskinstance.py:1397} INFO - Executing <Task(PostgresOperator): create_employees_schema> on 2022-07-22 07:31:34.540711+00:00
[2022-07-22 07:31:35,012] {standard_task_runner.py:52} INFO - Started process 12776 to run task
[2022-07-22 07:31:35,015] {standard_task_runner.py:79} INFO - Running: ['***', 'tasks', 'run', 'etl', 'create_employees_schema', 'manual__2022-07-22T07:31:34.540711+00:00', '--job-id', '40', '--raw', '--subdir', 'DAGS_FOLDER/pipeline_2.py', '--cfg-path', '/tmp/tmp560oiwkt', '--error-file', '/tmp/tmprfdw2g_r']
[2022-07-22 07:31:35,016] {standard_task_runner.py:80} INFO - Job 40: Subtask create_employees_schema
[2022-07-22 07:31:35,057] {task_command.py:371} INFO - Running <TaskInstance: etl.create_employees_schema manual__2022-07-22T07:31:34.540711+00:00 [running]> on host b51f0a1d5848
[2022-07-22 07:31:35,099] {taskinstance.py:1591} INFO - Exporting the following env vars:
AIRFLOW_CTX_DAG_OWNER=***
AIRFLOW_CTX_DAG_ID=etl
AIRFLOW_CTX_TASK_ID=create_employees_schema
AIRFLOW_CTX_EXECUTION_DATE=2022-07-22T07:31:34.540711+00:00
AIRFLOW_CTX_TRY_NUMBER=1
AIRFLOW_CTX_DAG_RUN_ID=manual__2022-07-22T07:31:34.540711+00:00
[2022-07-22 07:31:35,108] {base.py:68} INFO - Using connection ID 'pg' for task execution.
[2022-07-22 07:31:35,112] {dbapi.py:231} INFO - Running statement: create table if not exists employees(
	id numeric primary key,
	company_name text,
	employee_name text,
	status integer
);

drop table if exists employees_temp;
create table employees_temp(
	id numeric primary key,
	company_name text,
	employee_name text,
	status integer
);, parameters: None
[2022-07-22 07:31:35,121] {postgres.py:94} INFO - NOTICE:  relation "employees" already exists, skipping

[2022-07-22 07:31:35,131] {taskinstance.py:1420} INFO - Marking task as SUCCESS. dag_id=etl, task_id=create_employees_schema, execution_date=20220722T073134, start_date=20220722T073134, end_date=20220722T073135
[2022-07-22 07:31:35,147] {local_task_job.py:156} INFO - Task exited with return code 0
[2022-07-22 07:31:35,176] {local_task_job.py:273} INFO - 1 downstream tasks scheduled from follow-on schedule check
