[2022-07-22 08:48:39,968] {taskinstance.py:1179} INFO - Dependencies all met for <TaskInstance: dag2.new_add_1 scheduled__2022-03-16T00:00:00+00:00 [queued]>
[2022-07-22 08:48:40,003] {taskinstance.py:1179} INFO - Dependencies all met for <TaskInstance: dag2.new_add_1 scheduled__2022-03-16T00:00:00+00:00 [queued]>
[2022-07-22 08:48:40,004] {taskinstance.py:1376} INFO - 
--------------------------------------------------------------------------------
[2022-07-22 08:48:40,005] {taskinstance.py:1377} INFO - Starting attempt 1 of 1
[2022-07-22 08:48:40,009] {taskinstance.py:1378} INFO - 
--------------------------------------------------------------------------------
[2022-07-22 08:48:40,039] {taskinstance.py:1397} INFO - Executing <Task(_PythonDecoratedOperator): new_add_1> on 2022-03-16 00:00:00+00:00
[2022-07-22 08:48:40,055] {standard_task_runner.py:52} INFO - Started process 1572 to run task
[2022-07-22 08:48:40,063] {standard_task_runner.py:79} INFO - Running: ['***', 'tasks', 'run', 'dag2', 'new_add_1', 'scheduled__2022-03-16T00:00:00+00:00', '--job-id', '704', '--raw', '--subdir', 'DAGS_FOLDER/pipeline_4.py', '--cfg-path', '/tmp/tmp7dzl5wis', '--error-file', '/tmp/tmp3f09ja1t']
[2022-07-22 08:48:40,072] {standard_task_runner.py:80} INFO - Job 704: Subtask new_add_1
[2022-07-22 08:48:40,258] {task_command.py:371} INFO - Running <TaskInstance: dag2.new_add_1 scheduled__2022-03-16T00:00:00+00:00 [running]> on host b51f0a1d5848
[2022-07-22 08:48:40,538] {taskinstance.py:1591} INFO - Exporting the following env vars:
AIRFLOW_CTX_DAG_OWNER=***
AIRFLOW_CTX_DAG_ID=dag2
AIRFLOW_CTX_TASK_ID=new_add_1
AIRFLOW_CTX_EXECUTION_DATE=2022-03-16T00:00:00+00:00
AIRFLOW_CTX_TRY_NUMBER=1
AIRFLOW_CTX_DAG_RUN_ID=scheduled__2022-03-16T00:00:00+00:00
[2022-07-22 08:48:40,540] {logging_mixin.py:115} INFO - args: x = 3, y = 1
[2022-07-22 08:48:40,542] {python.py:173} INFO - Done. Returned value was: 4
[2022-07-22 08:48:40,630] {taskinstance.py:1420} INFO - Marking task as SUCCESS. dag_id=dag2, task_id=new_add_1, execution_date=20220316T000000, start_date=20220722T084839, end_date=20220722T084840
[2022-07-22 08:48:40,763] {local_task_job.py:156} INFO - Task exited with return code 0
[2022-07-22 08:48:40,835] {local_task_job.py:273} INFO - 0 downstream tasks scheduled from follow-on schedule check
