[2022-07-22 08:48:33,983] {taskinstance.py:1179} INFO - Dependencies all met for <TaskInstance: dag2.new_add_2 scheduled__2022-03-11T00:00:00+00:00 [queued]>
[2022-07-22 08:48:33,997] {taskinstance.py:1179} INFO - Dependencies all met for <TaskInstance: dag2.new_add_2 scheduled__2022-03-11T00:00:00+00:00 [queued]>
[2022-07-22 08:48:33,999] {taskinstance.py:1376} INFO - 
--------------------------------------------------------------------------------
[2022-07-22 08:48:34,000] {taskinstance.py:1377} INFO - Starting attempt 1 of 1
[2022-07-22 08:48:34,001] {taskinstance.py:1378} INFO - 
--------------------------------------------------------------------------------
[2022-07-22 08:48:34,032] {taskinstance.py:1397} INFO - Executing <Task(_PythonDecoratedOperator): new_add_2> on 2022-03-11 00:00:00+00:00
[2022-07-22 08:48:34,053] {standard_task_runner.py:52} INFO - Started process 1521 to run task
[2022-07-22 08:48:34,083] {standard_task_runner.py:79} INFO - Running: ['***', 'tasks', 'run', 'dag2', 'new_add_2', 'scheduled__2022-03-11T00:00:00+00:00', '--job-id', '685', '--raw', '--subdir', 'DAGS_FOLDER/pipeline_4.py', '--cfg-path', '/tmp/tmpbjj2rsf_', '--error-file', '/tmp/tmpddzf1i3e']
[2022-07-22 08:48:34,087] {standard_task_runner.py:80} INFO - Job 685: Subtask new_add_2
[2022-07-22 08:48:34,253] {task_command.py:371} INFO - Running <TaskInstance: dag2.new_add_2 scheduled__2022-03-11T00:00:00+00:00 [running]> on host b51f0a1d5848
[2022-07-22 08:48:34,389] {taskinstance.py:1591} INFO - Exporting the following env vars:
AIRFLOW_CTX_DAG_OWNER=***
AIRFLOW_CTX_DAG_ID=dag2
AIRFLOW_CTX_TASK_ID=new_add_2
AIRFLOW_CTX_EXECUTION_DATE=2022-03-11T00:00:00+00:00
AIRFLOW_CTX_TRY_NUMBER=1
AIRFLOW_CTX_DAG_RUN_ID=scheduled__2022-03-11T00:00:00+00:00
[2022-07-22 08:48:34,391] {logging_mixin.py:115} INFO - args: x = 3, y = 2
[2022-07-22 08:48:34,392] {python.py:173} INFO - Done. Returned value was: 5
[2022-07-22 08:48:34,418] {taskinstance.py:1420} INFO - Marking task as SUCCESS. dag_id=dag2, task_id=new_add_2, execution_date=20220311T000000, start_date=20220722T084833, end_date=20220722T084834
[2022-07-22 08:48:34,480] {local_task_job.py:156} INFO - Task exited with return code 0
[2022-07-22 08:48:34,500] {local_task_job.py:273} INFO - 0 downstream tasks scheduled from follow-on schedule check
