[2022-07-22 08:58:01,038] {taskinstance.py:1179} INFO - Dependencies all met for <TaskInstance: dag1.add_start0 scheduled__2022-06-03T00:00:00+00:00 [queued]>
[2022-07-22 08:58:01,053] {taskinstance.py:1179} INFO - Dependencies all met for <TaskInstance: dag1.add_start0 scheduled__2022-06-03T00:00:00+00:00 [queued]>
[2022-07-22 08:58:01,054] {taskinstance.py:1376} INFO - 
--------------------------------------------------------------------------------
[2022-07-22 08:58:01,056] {taskinstance.py:1377} INFO - Starting attempt 1 of 1
[2022-07-22 08:58:01,058] {taskinstance.py:1378} INFO - 
--------------------------------------------------------------------------------
[2022-07-22 08:58:01,076] {taskinstance.py:1397} INFO - Executing <Task(_PythonDecoratedOperator): add_start0> on 2022-06-03 00:00:00+00:00
[2022-07-22 08:58:01,085] {standard_task_runner.py:52} INFO - Started process 115 to run task
[2022-07-22 08:58:01,091] {standard_task_runner.py:79} INFO - Running: ['***', 'tasks', 'run', 'dag1', 'add_start0', 'scheduled__2022-06-03T00:00:00+00:00', '--job-id', '1057', '--raw', '--subdir', 'DAGS_FOLDER/pipeline_4.py', '--cfg-path', '/tmp/tmpqatvnmrt', '--error-file', '/tmp/tmpb2x0vd_l']
[2022-07-22 08:58:01,093] {standard_task_runner.py:80} INFO - Job 1057: Subtask add_start0
[2022-07-22 08:58:01,157] {task_command.py:371} INFO - Running <TaskInstance: dag1.add_start0 scheduled__2022-06-03T00:00:00+00:00 [running]> on host b51f0a1d5848
[2022-07-22 08:58:01,216] {taskinstance.py:1591} INFO - Exporting the following env vars:
AIRFLOW_CTX_DAG_OWNER=***
AIRFLOW_CTX_DAG_ID=dag1
AIRFLOW_CTX_TASK_ID=add_start0
AIRFLOW_CTX_EXECUTION_DATE=2022-06-03T00:00:00+00:00
AIRFLOW_CTX_TRY_NUMBER=1
AIRFLOW_CTX_DAG_RUN_ID=scheduled__2022-06-03T00:00:00+00:00
[2022-07-22 08:58:01,218] {logging_mixin.py:115} INFO - args: x = 3, y = 0
[2022-07-22 08:58:01,219] {python.py:173} INFO - Done. Returned value was: 3
[2022-07-22 08:58:01,237] {taskinstance.py:1420} INFO - Marking task as SUCCESS. dag_id=dag1, task_id=add_start0, execution_date=20220603T000000, start_date=20220722T085801, end_date=20220722T085801
[2022-07-22 08:58:01,265] {local_task_job.py:156} INFO - Task exited with return code 0
[2022-07-22 08:58:01,292] {local_task_job.py:273} INFO - 0 downstream tasks scheduled from follow-on schedule check
