[2022-07-22 08:55:38,262] {taskinstance.py:1179} INFO - Dependencies all met for <TaskInstance: dag1.start scheduled__2022-05-28T00:00:00+00:00 [queued]>
[2022-07-22 08:55:38,332] {taskinstance.py:1179} INFO - Dependencies all met for <TaskInstance: dag1.start scheduled__2022-05-28T00:00:00+00:00 [queued]>
[2022-07-22 08:55:38,337] {taskinstance.py:1376} INFO - 
--------------------------------------------------------------------------------
[2022-07-22 08:55:38,338] {taskinstance.py:1377} INFO - Starting attempt 1 of 1
[2022-07-22 08:55:38,339] {taskinstance.py:1378} INFO - 
--------------------------------------------------------------------------------
[2022-07-22 08:55:38,475] {taskinstance.py:1397} INFO - Executing <Task(_PythonVirtualenvDecoratedOperator): start> on 2022-05-28 00:00:00+00:00
[2022-07-22 08:55:38,480] {standard_task_runner.py:52} INFO - Started process 2635 to run task
[2022-07-22 08:55:38,498] {standard_task_runner.py:79} INFO - Running: ['***', 'tasks', 'run', 'dag1', 'start', 'scheduled__2022-05-28T00:00:00+00:00', '--job-id', '1038', '--raw', '--subdir', 'DAGS_FOLDER/pipeline_4.py', '--cfg-path', '/tmp/tmp9ufmca9d', '--error-file', '/tmp/tmpflfzo2qm']
[2022-07-22 08:55:38,502] {standard_task_runner.py:80} INFO - Job 1038: Subtask start
[2022-07-22 08:55:38,816] {task_command.py:371} INFO - Running <TaskInstance: dag1.start scheduled__2022-05-28T00:00:00+00:00 [running]> on host b51f0a1d5848
[2022-07-22 08:55:39,312] {taskinstance.py:1591} INFO - Exporting the following env vars:
AIRFLOW_CTX_DAG_OWNER=***
AIRFLOW_CTX_DAG_ID=dag1
AIRFLOW_CTX_TASK_ID=start
AIRFLOW_CTX_EXECUTION_DATE=2022-05-28T00:00:00+00:00
AIRFLOW_CTX_TRY_NUMBER=1
AIRFLOW_CTX_DAG_RUN_ID=scheduled__2022-05-28T00:00:00+00:00
[2022-07-22 08:55:39,344] {process_utils.py:165} INFO - Executing cmd: /usr/local/bin/python -m virtualenv /tmp/venvw2_w879v
[2022-07-22 08:55:39,471] {process_utils.py:169} INFO - Output:
[2022-07-22 08:56:13,167] {process_utils.py:173} INFO - created virtual environment CPython3.7.13.final.0-64 in 22695ms
[2022-07-22 08:56:13,168] {process_utils.py:173} INFO -   creator CPython3Posix(dest=/tmp/venvw2_w879v, clear=False, no_vcs_ignore=False, global=False)
[2022-07-22 08:56:13,169] {process_utils.py:173} INFO -   seeder FromAppData(download=False, pip=bundle, setuptools=bundle, wheel=bundle, via=copy, app_data_dir=/home/***/.local/share/virtualenv)
[2022-07-22 08:56:13,170] {process_utils.py:173} INFO -     added seed packages: pip==22.1.2, setuptools==62.6.0, wheel==0.37.1
[2022-07-22 08:56:13,172] {process_utils.py:173} INFO -   activators BashActivator,CShellActivator,FishActivator,NushellActivator,PowerShellActivator,PythonActivator
[2022-07-22 08:56:13,630] {process_utils.py:165} INFO - Executing cmd: /tmp/venvw2_w879v/bin/pip install -r /tmp/venvw2_w879v/requirements.txt
[2022-07-22 08:56:13,785] {process_utils.py:169} INFO - Output:
