[2022-07-22 08:55:35,712] {taskinstance.py:1179} INFO - Dependencies all met for <TaskInstance: dag1.start scheduled__2022-05-18T00:00:00+00:00 [queued]>
[2022-07-22 08:55:35,724] {taskinstance.py:1179} INFO - Dependencies all met for <TaskInstance: dag1.start scheduled__2022-05-18T00:00:00+00:00 [queued]>
[2022-07-22 08:55:35,725] {taskinstance.py:1376} INFO - 
--------------------------------------------------------------------------------
[2022-07-22 08:55:35,726] {taskinstance.py:1377} INFO - Starting attempt 1 of 1
[2022-07-22 08:55:35,727] {taskinstance.py:1378} INFO - 
--------------------------------------------------------------------------------
[2022-07-22 08:55:35,760] {taskinstance.py:1397} INFO - Executing <Task(_PythonVirtualenvDecoratedOperator): start> on 2022-05-18 00:00:00+00:00
[2022-07-22 08:55:35,798] {standard_task_runner.py:52} INFO - Started process 2585 to run task
[2022-07-22 08:55:35,803] {standard_task_runner.py:79} INFO - Running: ['***', 'tasks', 'run', 'dag1', 'start', 'scheduled__2022-05-18T00:00:00+00:00', '--job-id', '1029', '--raw', '--subdir', 'DAGS_FOLDER/pipeline_4.py', '--cfg-path', '/tmp/tmpib4toiod', '--error-file', '/tmp/tmp1r5j5nje']
[2022-07-22 08:55:35,808] {standard_task_runner.py:80} INFO - Job 1029: Subtask start
[2022-07-22 08:55:36,046] {task_command.py:371} INFO - Running <TaskInstance: dag1.start scheduled__2022-05-18T00:00:00+00:00 [running]> on host b51f0a1d5848
[2022-07-22 08:55:36,336] {taskinstance.py:1591} INFO - Exporting the following env vars:
AIRFLOW_CTX_DAG_OWNER=***
AIRFLOW_CTX_DAG_ID=dag1
AIRFLOW_CTX_TASK_ID=start
AIRFLOW_CTX_EXECUTION_DATE=2022-05-18T00:00:00+00:00
AIRFLOW_CTX_TRY_NUMBER=1
AIRFLOW_CTX_DAG_RUN_ID=scheduled__2022-05-18T00:00:00+00:00
[2022-07-22 08:55:36,341] {process_utils.py:165} INFO - Executing cmd: /usr/local/bin/python -m virtualenv /tmp/venvbqxiitur
[2022-07-22 08:55:36,430] {process_utils.py:169} INFO - Output:
[2022-07-22 08:55:49,058] {process_utils.py:173} INFO - created virtual environment CPython3.7.13.final.0-64 in 10277ms
[2022-07-22 08:55:49,064] {process_utils.py:173} INFO -   creator CPython3Posix(dest=/tmp/venvbqxiitur, clear=False, no_vcs_ignore=False, global=False)
[2022-07-22 08:55:49,069] {process_utils.py:173} INFO -   seeder FromAppData(download=False, pip=bundle, setuptools=bundle, wheel=bundle, via=copy, app_data_dir=/home/***/.local/share/virtualenv)
[2022-07-22 08:55:49,070] {process_utils.py:173} INFO -     added seed packages: pip==22.1.2, setuptools==62.6.0, wheel==0.37.1
[2022-07-22 08:55:49,071] {process_utils.py:173} INFO -   activators BashActivator,CShellActivator,FishActivator,NushellActivator,PowerShellActivator,PythonActivator
[2022-07-22 08:55:49,419] {process_utils.py:165} INFO - Executing cmd: /tmp/venvbqxiitur/bin/pip install -r /tmp/venvbqxiitur/requirements.txt
[2022-07-22 08:55:49,549] {process_utils.py:169} INFO - Output:
[2022-07-22 08:56:38,484] {process_utils.py:173} INFO - Collecting funcsigs
[2022-07-22 08:56:38,489] {process_utils.py:173} INFO -   Using cached funcsigs-1.0.2-py2.py3-none-any.whl (17 kB)
[2022-07-22 08:56:38,604] {process_utils.py:173} INFO - Collecting dill
[2022-07-22 08:56:38,607] {process_utils.py:173} INFO -   Using cached dill-0.3.5.1-py2.py3-none-any.whl (95 kB)
[2022-07-22 08:56:38,879] {process_utils.py:173} INFO - Installing collected packages: funcsigs, dill
[2022-07-22 08:56:39,105] {process_utils.py:173} INFO - Successfully installed dill-0.3.5.1 funcsigs-1.0.2
[2022-07-22 08:56:39,442] {process_utils.py:173} INFO - 
[2022-07-22 08:56:39,445] {process_utils.py:173} INFO - [notice] A new release of pip available: 22.1.2 -> 22.2
[2022-07-22 08:56:39,446] {process_utils.py:173} INFO - [notice] To update, run: python -m pip install --upgrade pip
