[2022-07-22 08:55:37,444] {taskinstance.py:1179} INFO - Dependencies all met for <TaskInstance: dag1.start scheduled__2022-05-23T00:00:00+00:00 [queued]>
[2022-07-22 08:55:37,544] {taskinstance.py:1179} INFO - Dependencies all met for <TaskInstance: dag1.start scheduled__2022-05-23T00:00:00+00:00 [queued]>
[2022-07-22 08:55:37,546] {taskinstance.py:1376} INFO - 
--------------------------------------------------------------------------------
[2022-07-22 08:55:37,554] {taskinstance.py:1377} INFO - Starting attempt 1 of 1
[2022-07-22 08:55:37,555] {taskinstance.py:1378} INFO - 
--------------------------------------------------------------------------------
[2022-07-22 08:55:37,625] {taskinstance.py:1397} INFO - Executing <Task(_PythonVirtualenvDecoratedOperator): start> on 2022-05-23 00:00:00+00:00
[2022-07-22 08:55:37,643] {standard_task_runner.py:52} INFO - Started process 2611 to run task
[2022-07-22 08:55:37,702] {standard_task_runner.py:79} INFO - Running: ['***', 'tasks', 'run', 'dag1', 'start', 'scheduled__2022-05-23T00:00:00+00:00', '--job-id', '1034', '--raw', '--subdir', 'DAGS_FOLDER/pipeline_4.py', '--cfg-path', '/tmp/tmpgc179m98', '--error-file', '/tmp/tmp21e3dy_x']
[2022-07-22 08:55:37,704] {standard_task_runner.py:80} INFO - Job 1034: Subtask start
[2022-07-22 08:55:37,940] {task_command.py:371} INFO - Running <TaskInstance: dag1.start scheduled__2022-05-23T00:00:00+00:00 [running]> on host b51f0a1d5848
[2022-07-22 08:55:38,112] {taskinstance.py:1591} INFO - Exporting the following env vars:
AIRFLOW_CTX_DAG_OWNER=***
AIRFLOW_CTX_DAG_ID=dag1
AIRFLOW_CTX_TASK_ID=start
AIRFLOW_CTX_EXECUTION_DATE=2022-05-23T00:00:00+00:00
AIRFLOW_CTX_TRY_NUMBER=1
AIRFLOW_CTX_DAG_RUN_ID=scheduled__2022-05-23T00:00:00+00:00
[2022-07-22 08:55:38,116] {process_utils.py:165} INFO - Executing cmd: /usr/local/bin/python -m virtualenv /tmp/venvwl4dmng9
[2022-07-22 08:55:38,188] {process_utils.py:169} INFO - Output:
[2022-07-22 08:56:01,700] {process_utils.py:173} INFO - created virtual environment CPython3.7.13.final.0-64 in 14492ms
[2022-07-22 08:56:01,706] {process_utils.py:173} INFO -   creator CPython3Posix(dest=/tmp/venvwl4dmng9, clear=False, no_vcs_ignore=False, global=False)
[2022-07-22 08:56:01,708] {process_utils.py:173} INFO -   seeder FromAppData(download=False, pip=bundle, setuptools=bundle, wheel=bundle, via=copy, app_data_dir=/home/***/.local/share/virtualenv)
[2022-07-22 08:56:01,711] {process_utils.py:173} INFO -     added seed packages: pip==22.1.2, setuptools==62.6.0, wheel==0.37.1
[2022-07-22 08:56:01,712] {process_utils.py:173} INFO -   activators BashActivator,CShellActivator,FishActivator,NushellActivator,PowerShellActivator,PythonActivator
[2022-07-22 08:56:02,087] {process_utils.py:165} INFO - Executing cmd: /tmp/venvwl4dmng9/bin/pip install -r /tmp/venvwl4dmng9/requirements.txt
[2022-07-22 08:56:02,332] {process_utils.py:169} INFO - Output:
[2022-07-22 08:56:38,873] {process_utils.py:173} INFO - Collecting funcsigs
[2022-07-22 08:56:38,876] {process_utils.py:173} INFO -   Using cached funcsigs-1.0.2-py2.py3-none-any.whl (17 kB)
[2022-07-22 08:56:38,986] {process_utils.py:173} INFO - Collecting dill
[2022-07-22 08:56:38,997] {process_utils.py:173} INFO -   Using cached dill-0.3.5.1-py2.py3-none-any.whl (95 kB)
[2022-07-22 08:56:39,328] {process_utils.py:173} INFO - Installing collected packages: funcsigs, dill
[2022-07-22 08:56:39,706] {process_utils.py:173} INFO - Successfully installed dill-0.3.5.1 funcsigs-1.0.2
