[2022-07-22 08:48:08,780] {taskinstance.py:1179} INFO - Dependencies all met for <TaskInstance: dag2.new_add_2 scheduled__2022-02-09T00:00:00+00:00 [queued]>
[2022-07-22 08:48:08,805] {taskinstance.py:1179} INFO - Dependencies all met for <TaskInstance: dag2.new_add_2 scheduled__2022-02-09T00:00:00+00:00 [queued]>
[2022-07-22 08:48:08,809] {taskinstance.py:1376} INFO - 
--------------------------------------------------------------------------------
[2022-07-22 08:48:08,819] {taskinstance.py:1377} INFO - Starting attempt 1 of 1
[2022-07-22 08:48:08,821] {taskinstance.py:1378} INFO - 
--------------------------------------------------------------------------------
[2022-07-22 08:48:08,864] {taskinstance.py:1397} INFO - Executing <Task(_PythonDecoratedOperator): new_add_2> on 2022-02-09 00:00:00+00:00
[2022-07-22 08:48:08,878] {standard_task_runner.py:52} INFO - Started process 1279 to run task
[2022-07-22 08:48:08,896] {standard_task_runner.py:79} INFO - Running: ['***', 'tasks', 'run', 'dag2', 'new_add_2', 'scheduled__2022-02-09T00:00:00+00:00', '--job-id', '566', '--raw', '--subdir', 'DAGS_FOLDER/pipeline_4.py', '--cfg-path', '/tmp/tmpl31cbzti', '--error-file', '/tmp/tmpv6qc6imw']
[2022-07-22 08:48:08,902] {standard_task_runner.py:80} INFO - Job 566: Subtask new_add_2
[2022-07-22 08:48:09,066] {task_command.py:371} INFO - Running <TaskInstance: dag2.new_add_2 scheduled__2022-02-09T00:00:00+00:00 [running]> on host b51f0a1d5848
[2022-07-22 08:48:09,259] {taskinstance.py:1591} INFO - Exporting the following env vars:
AIRFLOW_CTX_DAG_OWNER=***
AIRFLOW_CTX_DAG_ID=dag2
AIRFLOW_CTX_TASK_ID=new_add_2
AIRFLOW_CTX_EXECUTION_DATE=2022-02-09T00:00:00+00:00
AIRFLOW_CTX_TRY_NUMBER=1
AIRFLOW_CTX_DAG_RUN_ID=scheduled__2022-02-09T00:00:00+00:00
[2022-07-22 08:48:09,261] {logging_mixin.py:115} INFO - args: x = 3, y = 2
[2022-07-22 08:48:09,262] {python.py:173} INFO - Done. Returned value was: 5
[2022-07-22 08:48:09,382] {taskinstance.py:1420} INFO - Marking task as SUCCESS. dag_id=dag2, task_id=new_add_2, execution_date=20220209T000000, start_date=20220722T084808, end_date=20220722T084809
[2022-07-22 08:48:09,467] {local_task_job.py:156} INFO - Task exited with return code 0
[2022-07-22 08:48:09,619] {local_task_job.py:273} INFO - 0 downstream tasks scheduled from follow-on schedule check
