[2022-07-22 08:46:46,939] {taskinstance.py:1179} INFO - Dependencies all met for <TaskInstance: dag1.add_start0 scheduled__2022-04-14T00:00:00+00:00 [queued]>
[2022-07-22 08:46:47,000] {taskinstance.py:1179} INFO - Dependencies all met for <TaskInstance: dag1.add_start0 scheduled__2022-04-14T00:00:00+00:00 [queued]>
[2022-07-22 08:46:47,001] {taskinstance.py:1376} INFO - 
--------------------------------------------------------------------------------
[2022-07-22 08:46:47,002] {taskinstance.py:1377} INFO - Starting attempt 1 of 1
[2022-07-22 08:46:47,003] {taskinstance.py:1378} INFO - 
--------------------------------------------------------------------------------
[2022-07-22 08:46:47,053] {taskinstance.py:1397} INFO - Executing <Task(_PythonDecoratedOperator): add_start0> on 2022-04-14 00:00:00+00:00
[2022-07-22 08:46:47,088] {standard_task_runner.py:52} INFO - Started process 736 to run task
[2022-07-22 08:46:47,120] {standard_task_runner.py:79} INFO - Running: ['***', 'tasks', 'run', 'dag1', 'add_start0', 'scheduled__2022-04-14T00:00:00+00:00', '--job-id', '325', '--raw', '--subdir', 'DAGS_FOLDER/pipeline_4.py', '--cfg-path', '/tmp/tmpugm139a7', '--error-file', '/tmp/tmpreq_r5fi']
[2022-07-22 08:46:47,122] {standard_task_runner.py:80} INFO - Job 325: Subtask add_start0
[2022-07-22 08:46:47,460] {task_command.py:371} INFO - Running <TaskInstance: dag1.add_start0 scheduled__2022-04-14T00:00:00+00:00 [running]> on host b51f0a1d5848
[2022-07-22 08:46:48,079] {taskinstance.py:1591} INFO - Exporting the following env vars:
AIRFLOW_CTX_DAG_OWNER=***
AIRFLOW_CTX_DAG_ID=dag1
AIRFLOW_CTX_TASK_ID=add_start0
AIRFLOW_CTX_EXECUTION_DATE=2022-04-14T00:00:00+00:00
AIRFLOW_CTX_TRY_NUMBER=1
AIRFLOW_CTX_DAG_RUN_ID=scheduled__2022-04-14T00:00:00+00:00
[2022-07-22 08:46:48,084] {logging_mixin.py:115} INFO - args: x = 3, y = 0
[2022-07-22 08:46:48,087] {python.py:173} INFO - Done. Returned value was: 3
[2022-07-22 08:46:48,290] {taskinstance.py:1420} INFO - Marking task as SUCCESS. dag_id=dag1, task_id=add_start0, execution_date=20220414T000000, start_date=20220722T084646, end_date=20220722T084648
[2022-07-22 08:46:48,474] {local_task_job.py:156} INFO - Task exited with return code 0
[2022-07-22 08:46:48,646] {local_task_job.py:273} INFO - 0 downstream tasks scheduled from follow-on schedule check
