[2022-07-22 08:48:41,988] {taskinstance.py:1179} INFO - Dependencies all met for <TaskInstance: dag2.new_add_0 scheduled__2022-03-19T00:00:00+00:00 [queued]>
[2022-07-22 08:48:42,027] {taskinstance.py:1179} INFO - Dependencies all met for <TaskInstance: dag2.new_add_0 scheduled__2022-03-19T00:00:00+00:00 [queued]>
[2022-07-22 08:48:42,028] {taskinstance.py:1376} INFO - 
--------------------------------------------------------------------------------
[2022-07-22 08:48:42,030] {taskinstance.py:1377} INFO - Starting attempt 1 of 1
[2022-07-22 08:48:42,031] {taskinstance.py:1378} INFO - 
--------------------------------------------------------------------------------
[2022-07-22 08:48:42,087] {taskinstance.py:1397} INFO - Executing <Task(_PythonDecoratedOperator): new_add_0> on 2022-03-19 00:00:00+00:00
[2022-07-22 08:48:42,123] {standard_task_runner.py:52} INFO - Started process 1602 to run task
[2022-07-22 08:48:42,161] {standard_task_runner.py:79} INFO - Running: ['***', 'tasks', 'run', 'dag2', 'new_add_0', 'scheduled__2022-03-19T00:00:00+00:00', '--job-id', '719', '--raw', '--subdir', 'DAGS_FOLDER/pipeline_4.py', '--cfg-path', '/tmp/tmpto0v6jys', '--error-file', '/tmp/tmp71m5rt2y']
[2022-07-22 08:48:42,168] {standard_task_runner.py:80} INFO - Job 719: Subtask new_add_0
[2022-07-22 08:48:42,347] {task_command.py:371} INFO - Running <TaskInstance: dag2.new_add_0 scheduled__2022-03-19T00:00:00+00:00 [running]> on host b51f0a1d5848
[2022-07-22 08:48:42,617] {taskinstance.py:1591} INFO - Exporting the following env vars:
AIRFLOW_CTX_DAG_OWNER=***
AIRFLOW_CTX_DAG_ID=dag2
AIRFLOW_CTX_TASK_ID=new_add_0
AIRFLOW_CTX_EXECUTION_DATE=2022-03-19T00:00:00+00:00
AIRFLOW_CTX_TRY_NUMBER=1
AIRFLOW_CTX_DAG_RUN_ID=scheduled__2022-03-19T00:00:00+00:00
[2022-07-22 08:48:42,619] {logging_mixin.py:115} INFO - args: x = 3, y = 0
[2022-07-22 08:48:42,621] {python.py:173} INFO - Done. Returned value was: 3
[2022-07-22 08:48:42,677] {taskinstance.py:1420} INFO - Marking task as SUCCESS. dag_id=dag2, task_id=new_add_0, execution_date=20220319T000000, start_date=20220722T084841, end_date=20220722T084842
[2022-07-22 08:48:42,828] {local_task_job.py:156} INFO - Task exited with return code 0
[2022-07-22 08:48:42,908] {local_task_job.py:273} INFO - 0 downstream tasks scheduled from follow-on schedule check
