[2022-07-22 08:47:58,489] {taskinstance.py:1179} INFO - Dependencies all met for <TaskInstance: dag2.add_task scheduled__2022-01-31T00:00:00+00:00 [queued]>
[2022-07-22 08:47:58,532] {taskinstance.py:1179} INFO - Dependencies all met for <TaskInstance: dag2.add_task scheduled__2022-01-31T00:00:00+00:00 [queued]>
[2022-07-22 08:47:58,537] {taskinstance.py:1376} INFO - 
--------------------------------------------------------------------------------
[2022-07-22 08:47:58,539] {taskinstance.py:1377} INFO - Starting attempt 1 of 1
[2022-07-22 08:47:58,540] {taskinstance.py:1378} INFO - 
--------------------------------------------------------------------------------
[2022-07-22 08:47:58,570] {taskinstance.py:1397} INFO - Executing <Task(_PythonDecoratedOperator): add_task> on 2022-01-31 00:00:00+00:00
[2022-07-22 08:47:58,581] {standard_task_runner.py:52} INFO - Started process 1158 to run task
[2022-07-22 08:47:58,585] {standard_task_runner.py:79} INFO - Running: ['***', 'tasks', 'run', 'dag2', 'add_task', 'scheduled__2022-01-31T00:00:00+00:00', '--job-id', '510', '--raw', '--subdir', 'DAGS_FOLDER/pipeline_4.py', '--cfg-path', '/tmp/tmpe8tfyaya', '--error-file', '/tmp/tmpoupkqigy']
[2022-07-22 08:47:58,588] {standard_task_runner.py:80} INFO - Job 510: Subtask add_task
[2022-07-22 08:47:58,739] {task_command.py:371} INFO - Running <TaskInstance: dag2.add_task scheduled__2022-01-31T00:00:00+00:00 [running]> on host b51f0a1d5848
[2022-07-22 08:47:58,931] {taskinstance.py:1591} INFO - Exporting the following env vars:
AIRFLOW_CTX_DAG_OWNER=***
AIRFLOW_CTX_DAG_ID=dag2
AIRFLOW_CTX_TASK_ID=add_task
AIRFLOW_CTX_EXECUTION_DATE=2022-01-31T00:00:00+00:00
AIRFLOW_CTX_TRY_NUMBER=1
AIRFLOW_CTX_DAG_RUN_ID=scheduled__2022-01-31T00:00:00+00:00
[2022-07-22 08:47:58,933] {logging_mixin.py:115} INFO - args: x = 1, y = 2
[2022-07-22 08:47:58,934] {python.py:173} INFO - Done. Returned value was: 3
[2022-07-22 08:47:58,973] {taskinstance.py:1420} INFO - Marking task as SUCCESS. dag_id=dag2, task_id=add_task, execution_date=20220131T000000, start_date=20220722T084758, end_date=20220722T084758
[2022-07-22 08:47:59,049] {local_task_job.py:156} INFO - Task exited with return code 0
[2022-07-22 08:47:59,116] {local_task_job.py:273} INFO - 0 downstream tasks scheduled from follow-on schedule check
