[2022-07-22 08:47:50,916] {taskinstance.py:1179} INFO - Dependencies all met for <TaskInstance: dag2.new_add_1 scheduled__2022-01-21T00:00:00+00:00 [queued]>
[2022-07-22 08:47:51,014] {taskinstance.py:1179} INFO - Dependencies all met for <TaskInstance: dag2.new_add_1 scheduled__2022-01-21T00:00:00+00:00 [queued]>
[2022-07-22 08:47:51,015] {taskinstance.py:1376} INFO - 
--------------------------------------------------------------------------------
[2022-07-22 08:47:51,016] {taskinstance.py:1377} INFO - Starting attempt 1 of 1
[2022-07-22 08:47:51,017] {taskinstance.py:1378} INFO - 
--------------------------------------------------------------------------------
[2022-07-22 08:47:51,143] {taskinstance.py:1397} INFO - Executing <Task(_PythonDecoratedOperator): new_add_1> on 2022-01-21 00:00:00+00:00
[2022-07-22 08:47:51,199] {standard_task_runner.py:52} INFO - Started process 1110 to run task
[2022-07-22 08:47:51,270] {standard_task_runner.py:79} INFO - Running: ['***', 'tasks', 'run', 'dag2', 'new_add_1', 'scheduled__2022-01-21T00:00:00+00:00', '--job-id', '490', '--raw', '--subdir', 'DAGS_FOLDER/pipeline_4.py', '--cfg-path', '/tmp/tmpzu_i5zwx', '--error-file', '/tmp/tmpkc66sg66']
[2022-07-22 08:47:51,271] {standard_task_runner.py:80} INFO - Job 490: Subtask new_add_1
[2022-07-22 08:47:51,712] {task_command.py:371} INFO - Running <TaskInstance: dag2.new_add_1 scheduled__2022-01-21T00:00:00+00:00 [running]> on host b51f0a1d5848
[2022-07-22 08:47:52,199] {taskinstance.py:1591} INFO - Exporting the following env vars:
AIRFLOW_CTX_DAG_OWNER=***
AIRFLOW_CTX_DAG_ID=dag2
AIRFLOW_CTX_TASK_ID=new_add_1
AIRFLOW_CTX_EXECUTION_DATE=2022-01-21T00:00:00+00:00
AIRFLOW_CTX_TRY_NUMBER=1
AIRFLOW_CTX_DAG_RUN_ID=scheduled__2022-01-21T00:00:00+00:00
[2022-07-22 08:47:52,217] {logging_mixin.py:115} INFO - args: x = 3, y = 1
[2022-07-22 08:47:52,222] {python.py:173} INFO - Done. Returned value was: 4
[2022-07-22 08:47:52,422] {taskinstance.py:1420} INFO - Marking task as SUCCESS. dag_id=dag2, task_id=new_add_1, execution_date=20220121T000000, start_date=20220722T084750, end_date=20220722T084752
[2022-07-22 08:47:52,580] {local_task_job.py:156} INFO - Task exited with return code 0
[2022-07-22 08:47:52,660] {local_task_job.py:273} INFO - 0 downstream tasks scheduled from follow-on schedule check
