[2022-07-22 08:48:08,664] {taskinstance.py:1179} INFO - Dependencies all met for <TaskInstance: dag2.new_add_1 scheduled__2022-02-09T00:00:00+00:00 [queued]>
[2022-07-22 08:48:08,710] {taskinstance.py:1179} INFO - Dependencies all met for <TaskInstance: dag2.new_add_1 scheduled__2022-02-09T00:00:00+00:00 [queued]>
[2022-07-22 08:48:08,719] {taskinstance.py:1376} INFO - 
--------------------------------------------------------------------------------
[2022-07-22 08:48:08,721] {taskinstance.py:1377} INFO - Starting attempt 1 of 1
[2022-07-22 08:48:08,722] {taskinstance.py:1378} INFO - 
--------------------------------------------------------------------------------
[2022-07-22 08:48:08,787] {taskinstance.py:1397} INFO - Executing <Task(_PythonDecoratedOperator): new_add_1> on 2022-02-09 00:00:00+00:00
[2022-07-22 08:48:08,799] {standard_task_runner.py:52} INFO - Started process 1278 to run task
[2022-07-22 08:48:08,828] {standard_task_runner.py:79} INFO - Running: ['***', 'tasks', 'run', 'dag2', 'new_add_1', 'scheduled__2022-02-09T00:00:00+00:00', '--job-id', '565', '--raw', '--subdir', 'DAGS_FOLDER/pipeline_4.py', '--cfg-path', '/tmp/tmp5f5oedzs', '--error-file', '/tmp/tmp232zz646']
[2022-07-22 08:48:08,836] {standard_task_runner.py:80} INFO - Job 565: Subtask new_add_1
[2022-07-22 08:48:09,033] {task_command.py:371} INFO - Running <TaskInstance: dag2.new_add_1 scheduled__2022-02-09T00:00:00+00:00 [running]> on host b51f0a1d5848
[2022-07-22 08:48:09,272] {taskinstance.py:1591} INFO - Exporting the following env vars:
AIRFLOW_CTX_DAG_OWNER=***
AIRFLOW_CTX_DAG_ID=dag2
AIRFLOW_CTX_TASK_ID=new_add_1
AIRFLOW_CTX_EXECUTION_DATE=2022-02-09T00:00:00+00:00
AIRFLOW_CTX_TRY_NUMBER=1
AIRFLOW_CTX_DAG_RUN_ID=scheduled__2022-02-09T00:00:00+00:00
[2022-07-22 08:48:09,276] {logging_mixin.py:115} INFO - args: x = 3, y = 1
[2022-07-22 08:48:09,277] {python.py:173} INFO - Done. Returned value was: 4
[2022-07-22 08:48:09,360] {taskinstance.py:1420} INFO - Marking task as SUCCESS. dag_id=dag2, task_id=new_add_1, execution_date=20220209T000000, start_date=20220722T084808, end_date=20220722T084809
[2022-07-22 08:48:09,467] {local_task_job.py:156} INFO - Task exited with return code 0
[2022-07-22 08:48:09,583] {local_task_job.py:273} INFO - 0 downstream tasks scheduled from follow-on schedule check
