[2022-07-21 09:50:08,201] {taskinstance.py:1179} INFO - Dependencies all met for <TaskInstance: example_bash_operator.this_will_skip manual__2022-07-21T09:50:06.766366+00:00 [queued]>
[2022-07-21 09:50:08,214] {taskinstance.py:1179} INFO - Dependencies all met for <TaskInstance: example_bash_operator.this_will_skip manual__2022-07-21T09:50:06.766366+00:00 [queued]>
[2022-07-21 09:50:08,217] {taskinstance.py:1376} INFO - 
--------------------------------------------------------------------------------
[2022-07-21 09:50:08,218] {taskinstance.py:1377} INFO - Starting attempt 1 of 1
[2022-07-21 09:50:08,219] {taskinstance.py:1378} INFO - 
--------------------------------------------------------------------------------
[2022-07-21 09:50:08,236] {taskinstance.py:1397} INFO - Executing <Task(BashOperator): this_will_skip> on 2022-07-21 09:50:06.766366+00:00
[2022-07-21 09:50:08,245] {standard_task_runner.py:52} INFO - Started process 1067 to run task
[2022-07-21 09:50:08,254] {standard_task_runner.py:79} INFO - Running: ['***', 'tasks', 'run', 'example_bash_operator', 'this_will_skip', 'manual__2022-07-21T09:50:06.766366+00:00', '--job-id', '15', '--raw', '--subdir', '/home/***/.local/lib/python3.7/site-packages/***/example_dags/example_bash_operator.py', '--cfg-path', '/tmp/tmpoua6h5y5', '--error-file', '/tmp/tmp62604q8c']
[2022-07-21 09:50:08,255] {standard_task_runner.py:80} INFO - Job 15: Subtask this_will_skip
[2022-07-21 09:50:08,338] {task_command.py:371} INFO - Running <TaskInstance: example_bash_operator.this_will_skip manual__2022-07-21T09:50:06.766366+00:00 [running]> on host 29fe348be5eb
[2022-07-21 09:50:08,435] {taskinstance.py:1591} INFO - Exporting the following env vars:
AIRFLOW_CTX_DAG_OWNER=***
AIRFLOW_CTX_DAG_ID=example_bash_operator
AIRFLOW_CTX_TASK_ID=this_will_skip
AIRFLOW_CTX_EXECUTION_DATE=2022-07-21T09:50:06.766366+00:00
AIRFLOW_CTX_TRY_NUMBER=1
AIRFLOW_CTX_DAG_RUN_ID=manual__2022-07-21T09:50:06.766366+00:00
[2022-07-21 09:50:08,438] {subprocess.py:62} INFO - Tmp dir root location: 
 /tmp
[2022-07-21 09:50:08,440] {subprocess.py:74} INFO - Running command: ['bash', '-c', 'echo "hello world"; exit 99;']
[2022-07-21 09:50:08,468] {subprocess.py:85} INFO - Output:
[2022-07-21 09:50:08,471] {subprocess.py:92} INFO - hello world
[2022-07-21 09:50:08,472] {subprocess.py:96} INFO - Command exited with return code 99
[2022-07-21 09:50:08,474] {taskinstance.py:1498} INFO - Bash command returned exit code 99. Skipping.
[2022-07-21 09:50:08,489] {taskinstance.py:1420} INFO - Marking task as SKIPPED. dag_id=example_bash_operator, task_id=this_will_skip, execution_date=20220721T095006, start_date=20220721T095008, end_date=20220721T095008
[2022-07-21 09:50:08,543] {local_task_job.py:156} INFO - Task exited with return code 0
[2022-07-21 09:50:08,579] {local_task_job.py:273} INFO - 0 downstream tasks scheduled from follow-on schedule check
