[2022-07-22 08:48:18,839] {taskinstance.py:1179} INFO - Dependencies all met for <TaskInstance: dag2.add_task scheduled__2022-02-25T00:00:00+00:00 [queued]>
[2022-07-22 08:48:18,877] {taskinstance.py:1179} INFO - Dependencies all met for <TaskInstance: dag2.add_task scheduled__2022-02-25T00:00:00+00:00 [queued]>
[2022-07-22 08:48:18,878] {taskinstance.py:1376} INFO - 
--------------------------------------------------------------------------------
[2022-07-22 08:48:18,879] {taskinstance.py:1377} INFO - Starting attempt 1 of 1
[2022-07-22 08:48:18,880] {taskinstance.py:1378} INFO - 
--------------------------------------------------------------------------------
[2022-07-22 08:48:18,937] {taskinstance.py:1397} INFO - Executing <Task(_PythonDecoratedOperator): add_task> on 2022-02-25 00:00:00+00:00
[2022-07-22 08:48:18,964] {standard_task_runner.py:52} INFO - Started process 1374 to run task
[2022-07-22 08:48:19,021] {standard_task_runner.py:79} INFO - Running: ['***', 'tasks', 'run', 'dag2', 'add_task', 'scheduled__2022-02-25T00:00:00+00:00', '--job-id', '610', '--raw', '--subdir', 'DAGS_FOLDER/pipeline_4.py', '--cfg-path', '/tmp/tmp58nil7l1', '--error-file', '/tmp/tmpc86pwai2']
[2022-07-22 08:48:19,038] {standard_task_runner.py:80} INFO - Job 610: Subtask add_task
[2022-07-22 08:48:19,380] {task_command.py:371} INFO - Running <TaskInstance: dag2.add_task scheduled__2022-02-25T00:00:00+00:00 [running]> on host b51f0a1d5848
[2022-07-22 08:48:19,709] {taskinstance.py:1591} INFO - Exporting the following env vars:
AIRFLOW_CTX_DAG_OWNER=***
AIRFLOW_CTX_DAG_ID=dag2
AIRFLOW_CTX_TASK_ID=add_task
AIRFLOW_CTX_EXECUTION_DATE=2022-02-25T00:00:00+00:00
AIRFLOW_CTX_TRY_NUMBER=1
AIRFLOW_CTX_DAG_RUN_ID=scheduled__2022-02-25T00:00:00+00:00
[2022-07-22 08:48:19,715] {logging_mixin.py:115} INFO - args: x = 1, y = 2
[2022-07-22 08:48:19,718] {python.py:173} INFO - Done. Returned value was: 3
[2022-07-22 08:48:19,834] {taskinstance.py:1420} INFO - Marking task as SUCCESS. dag_id=dag2, task_id=add_task, execution_date=20220225T000000, start_date=20220722T084818, end_date=20220722T084819
[2022-07-22 08:48:20,040] {local_task_job.py:156} INFO - Task exited with return code 0
[2022-07-22 08:48:20,175] {local_task_job.py:273} INFO - 0 downstream tasks scheduled from follow-on schedule check
