[2022-07-22 08:46:09,459] {taskinstance.py:1179} INFO - Dependencies all met for <TaskInstance: dag1.add_start0 scheduled__2022-03-06T00:00:00+00:00 [queued]>
[2022-07-22 08:46:09,592] {taskinstance.py:1179} INFO - Dependencies all met for <TaskInstance: dag1.add_start0 scheduled__2022-03-06T00:00:00+00:00 [queued]>
[2022-07-22 08:46:09,603] {taskinstance.py:1376} INFO - 
--------------------------------------------------------------------------------
[2022-07-22 08:46:09,604] {taskinstance.py:1377} INFO - Starting attempt 1 of 1
[2022-07-22 08:46:09,605] {taskinstance.py:1378} INFO - 
--------------------------------------------------------------------------------
[2022-07-22 08:46:09,667] {taskinstance.py:1397} INFO - Executing <Task(_PythonDecoratedOperator): add_start0> on 2022-03-06 00:00:00+00:00
[2022-07-22 08:46:09,677] {standard_task_runner.py:52} INFO - Started process 387 to run task
[2022-07-22 08:46:09,693] {standard_task_runner.py:79} INFO - Running: ['***', 'tasks', 'run', 'dag1', 'add_start0', 'scheduled__2022-03-06T00:00:00+00:00', '--job-id', '170', '--raw', '--subdir', 'DAGS_FOLDER/pipeline_4.py', '--cfg-path', '/tmp/tmpkd3fmk3o', '--error-file', '/tmp/tmptwctbe2q']
[2022-07-22 08:46:09,702] {standard_task_runner.py:80} INFO - Job 170: Subtask add_start0
[2022-07-22 08:46:09,954] {task_command.py:371} INFO - Running <TaskInstance: dag1.add_start0 scheduled__2022-03-06T00:00:00+00:00 [running]> on host b51f0a1d5848
[2022-07-22 08:46:10,399] {taskinstance.py:1591} INFO - Exporting the following env vars:
AIRFLOW_CTX_DAG_OWNER=***
AIRFLOW_CTX_DAG_ID=dag1
AIRFLOW_CTX_TASK_ID=add_start0
AIRFLOW_CTX_EXECUTION_DATE=2022-03-06T00:00:00+00:00
AIRFLOW_CTX_TRY_NUMBER=1
AIRFLOW_CTX_DAG_RUN_ID=scheduled__2022-03-06T00:00:00+00:00
[2022-07-22 08:46:10,405] {logging_mixin.py:115} INFO - args: x = 3, y = 0
[2022-07-22 08:46:10,406] {python.py:173} INFO - Done. Returned value was: 3
[2022-07-22 08:46:10,603] {taskinstance.py:1420} INFO - Marking task as SUCCESS. dag_id=dag1, task_id=add_start0, execution_date=20220306T000000, start_date=20220722T084609, end_date=20220722T084610
[2022-07-22 08:46:10,736] {local_task_job.py:156} INFO - Task exited with return code 0
[2022-07-22 08:46:10,832] {local_task_job.py:273} INFO - 0 downstream tasks scheduled from follow-on schedule check
