[2022-07-22 08:49:12,565] {taskinstance.py:1179} INFO - Dependencies all met for <TaskInstance: dag2.new_add_2 scheduled__2022-04-20T00:00:00+00:00 [queued]>
[2022-07-22 08:49:12,647] {taskinstance.py:1179} INFO - Dependencies all met for <TaskInstance: dag2.new_add_2 scheduled__2022-04-20T00:00:00+00:00 [queued]>
[2022-07-22 08:49:12,648] {taskinstance.py:1376} INFO - 
--------------------------------------------------------------------------------
[2022-07-22 08:49:12,649] {taskinstance.py:1377} INFO - Starting attempt 1 of 1
[2022-07-22 08:49:12,650] {taskinstance.py:1378} INFO - 
--------------------------------------------------------------------------------
[2022-07-22 08:49:12,733] {taskinstance.py:1397} INFO - Executing <Task(_PythonDecoratedOperator): new_add_2> on 2022-04-20 00:00:00+00:00
[2022-07-22 08:49:12,768] {standard_task_runner.py:52} INFO - Started process 1902 to run task
[2022-07-22 08:49:12,776] {standard_task_runner.py:79} INFO - Running: ['***', 'tasks', 'run', 'dag2', 'new_add_2', 'scheduled__2022-04-20T00:00:00+00:00', '--job-id', '850', '--raw', '--subdir', 'DAGS_FOLDER/pipeline_4.py', '--cfg-path', '/tmp/tmpq885q0_f', '--error-file', '/tmp/tmpjcqsoipx']
[2022-07-22 08:49:12,781] {standard_task_runner.py:80} INFO - Job 850: Subtask new_add_2
[2022-07-22 08:49:12,913] {task_command.py:371} INFO - Running <TaskInstance: dag2.new_add_2 scheduled__2022-04-20T00:00:00+00:00 [running]> on host b51f0a1d5848
[2022-07-22 08:49:13,204] {taskinstance.py:1591} INFO - Exporting the following env vars:
AIRFLOW_CTX_DAG_OWNER=***
AIRFLOW_CTX_DAG_ID=dag2
AIRFLOW_CTX_TASK_ID=new_add_2
AIRFLOW_CTX_EXECUTION_DATE=2022-04-20T00:00:00+00:00
AIRFLOW_CTX_TRY_NUMBER=1
AIRFLOW_CTX_DAG_RUN_ID=scheduled__2022-04-20T00:00:00+00:00
[2022-07-22 08:49:13,206] {logging_mixin.py:115} INFO - args: x = 3, y = 2
[2022-07-22 08:49:13,210] {python.py:173} INFO - Done. Returned value was: 5
[2022-07-22 08:49:13,272] {taskinstance.py:1420} INFO - Marking task as SUCCESS. dag_id=dag2, task_id=new_add_2, execution_date=20220420T000000, start_date=20220722T084912, end_date=20220722T084913
[2022-07-22 08:49:13,363] {local_task_job.py:156} INFO - Task exited with return code 0
[2022-07-22 08:49:13,433] {local_task_job.py:273} INFO - 0 downstream tasks scheduled from follow-on schedule check
