[2022-07-21 09:50:08,321] {taskinstance.py:1179} INFO - Dependencies all met for <TaskInstance: example_bash_operator.runme_1 manual__2022-07-21T09:50:06.766366+00:00 [queued]>
[2022-07-21 09:50:08,335] {taskinstance.py:1179} INFO - Dependencies all met for <TaskInstance: example_bash_operator.runme_1 manual__2022-07-21T09:50:06.766366+00:00 [queued]>
[2022-07-21 09:50:08,337] {taskinstance.py:1376} INFO - 
--------------------------------------------------------------------------------
[2022-07-21 09:50:08,338] {taskinstance.py:1377} INFO - Starting attempt 1 of 1
[2022-07-21 09:50:08,338] {taskinstance.py:1378} INFO - 
--------------------------------------------------------------------------------
[2022-07-21 09:50:08,356] {taskinstance.py:1397} INFO - Executing <Task(BashOperator): runme_1> on 2022-07-21 09:50:06.766366+00:00
[2022-07-21 09:50:08,366] {standard_task_runner.py:52} INFO - Started process 1070 to run task
[2022-07-21 09:50:08,375] {standard_task_runner.py:79} INFO - Running: ['***', 'tasks', 'run', 'example_bash_operator', 'runme_1', 'manual__2022-07-21T09:50:06.766366+00:00', '--job-id', '18', '--raw', '--subdir', '/home/***/.local/lib/python3.7/site-packages/***/example_dags/example_bash_operator.py', '--cfg-path', '/tmp/tmp6mbj9c77', '--error-file', '/tmp/tmpeqphla5r']
[2022-07-21 09:50:08,379] {standard_task_runner.py:80} INFO - Job 18: Subtask runme_1
[2022-07-21 09:50:08,465] {task_command.py:371} INFO - Running <TaskInstance: example_bash_operator.runme_1 manual__2022-07-21T09:50:06.766366+00:00 [running]> on host 29fe348be5eb
[2022-07-21 09:50:08,556] {taskinstance.py:1591} INFO - Exporting the following env vars:
AIRFLOW_CTX_DAG_OWNER=***
AIRFLOW_CTX_DAG_ID=example_bash_operator
AIRFLOW_CTX_TASK_ID=runme_1
AIRFLOW_CTX_EXECUTION_DATE=2022-07-21T09:50:06.766366+00:00
AIRFLOW_CTX_TRY_NUMBER=1
AIRFLOW_CTX_DAG_RUN_ID=manual__2022-07-21T09:50:06.766366+00:00
[2022-07-21 09:50:08,558] {subprocess.py:62} INFO - Tmp dir root location: 
 /tmp
[2022-07-21 09:50:08,560] {subprocess.py:74} INFO - Running command: ['bash', '-c', 'echo "example_bash_operator__runme_1__20220721" && sleep 1']
[2022-07-21 09:50:08,570] {subprocess.py:85} INFO - Output:
[2022-07-21 09:50:08,573] {subprocess.py:92} INFO - example_bash_operator__runme_1__20220721
[2022-07-21 09:50:09,575] {subprocess.py:96} INFO - Command exited with return code 0
[2022-07-21 09:50:09,599] {taskinstance.py:1420} INFO - Marking task as SUCCESS. dag_id=example_bash_operator, task_id=runme_1, execution_date=20220721T095006, start_date=20220721T095008, end_date=20220721T095009
[2022-07-21 09:50:09,643] {local_task_job.py:156} INFO - Task exited with return code 0
[2022-07-21 09:50:09,679] {local_task_job.py:273} INFO - 0 downstream tasks scheduled from follow-on schedule check
