[2022-07-22 08:55:42,395] {taskinstance.py:1179} INFO - Dependencies all met for <TaskInstance: dag1.start scheduled__2022-05-31T00:00:00+00:00 [queued]>
[2022-07-22 08:55:42,465] {taskinstance.py:1179} INFO - Dependencies all met for <TaskInstance: dag1.start scheduled__2022-05-31T00:00:00+00:00 [queued]>
[2022-07-22 08:55:42,468] {taskinstance.py:1376} INFO - 
--------------------------------------------------------------------------------
[2022-07-22 08:55:42,472] {taskinstance.py:1377} INFO - Starting attempt 1 of 1
[2022-07-22 08:55:42,475] {taskinstance.py:1378} INFO - 
--------------------------------------------------------------------------------
[2022-07-22 08:55:42,577] {taskinstance.py:1397} INFO - Executing <Task(_PythonVirtualenvDecoratedOperator): start> on 2022-05-31 00:00:00+00:00
[2022-07-22 08:55:42,600] {standard_task_runner.py:52} INFO - Started process 2646 to run task
[2022-07-22 08:55:42,659] {standard_task_runner.py:79} INFO - Running: ['***', 'tasks', 'run', 'dag1', 'start', 'scheduled__2022-05-31T00:00:00+00:00', '--job-id', '1042', '--raw', '--subdir', 'DAGS_FOLDER/pipeline_4.py', '--cfg-path', '/tmp/tmppy4wu90a', '--error-file', '/tmp/tmp72hk9dtn']
[2022-07-22 08:55:42,725] {standard_task_runner.py:80} INFO - Job 1042: Subtask start
[2022-07-22 08:55:45,638] {task_command.py:371} INFO - Running <TaskInstance: dag1.start scheduled__2022-05-31T00:00:00+00:00 [running]> on host b51f0a1d5848
[2022-07-22 08:55:46,044] {taskinstance.py:1591} INFO - Exporting the following env vars:
AIRFLOW_CTX_DAG_OWNER=***
AIRFLOW_CTX_DAG_ID=dag1
AIRFLOW_CTX_TASK_ID=start
AIRFLOW_CTX_EXECUTION_DATE=2022-05-31T00:00:00+00:00
AIRFLOW_CTX_TRY_NUMBER=1
AIRFLOW_CTX_DAG_RUN_ID=scheduled__2022-05-31T00:00:00+00:00
[2022-07-22 08:55:46,047] {process_utils.py:165} INFO - Executing cmd: /usr/local/bin/python -m virtualenv /tmp/venvx_l8ndq5
[2022-07-22 08:55:46,216] {process_utils.py:169} INFO - Output:
[2022-07-22 08:56:21,507] {process_utils.py:173} INFO - created virtual environment CPython3.7.13.final.0-64 in 19058ms
[2022-07-22 08:56:21,512] {process_utils.py:173} INFO -   creator CPython3Posix(dest=/tmp/venvx_l8ndq5, clear=False, no_vcs_ignore=False, global=False)
[2022-07-22 08:56:21,514] {process_utils.py:173} INFO -   seeder FromAppData(download=False, pip=bundle, setuptools=bundle, wheel=bundle, via=copy, app_data_dir=/home/***/.local/share/virtualenv)
[2022-07-22 08:56:21,520] {process_utils.py:173} INFO -     added seed packages: pip==22.1.2, setuptools==62.6.0, wheel==0.37.1
[2022-07-22 08:56:21,534] {process_utils.py:173} INFO -   activators BashActivator,CShellActivator,FishActivator,NushellActivator,PowerShellActivator,PythonActivator
[2022-07-22 08:56:22,644] {process_utils.py:165} INFO - Executing cmd: /tmp/venvx_l8ndq5/bin/pip install -r /tmp/venvx_l8ndq5/requirements.txt
[2022-07-22 08:56:23,378] {process_utils.py:169} INFO - Output:
