[2022-07-22 08:46:08,227] {taskinstance.py:1179} INFO - Dependencies all met for <TaskInstance: dag1.add_start0 scheduled__2022-03-05T00:00:00+00:00 [queued]>
[2022-07-22 08:46:08,259] {taskinstance.py:1179} INFO - Dependencies all met for <TaskInstance: dag1.add_start0 scheduled__2022-03-05T00:00:00+00:00 [queued]>
[2022-07-22 08:46:08,260] {taskinstance.py:1376} INFO - 
--------------------------------------------------------------------------------
[2022-07-22 08:46:08,261] {taskinstance.py:1377} INFO - Starting attempt 1 of 1
[2022-07-22 08:46:08,264] {taskinstance.py:1378} INFO - 
--------------------------------------------------------------------------------
[2022-07-22 08:46:08,299] {taskinstance.py:1397} INFO - Executing <Task(_PythonDecoratedOperator): add_start0> on 2022-03-05 00:00:00+00:00
[2022-07-22 08:46:08,315] {standard_task_runner.py:52} INFO - Started process 374 to run task
[2022-07-22 08:46:08,332] {standard_task_runner.py:79} INFO - Running: ['***', 'tasks', 'run', 'dag1', 'add_start0', 'scheduled__2022-03-05T00:00:00+00:00', '--job-id', '163', '--raw', '--subdir', 'DAGS_FOLDER/pipeline_4.py', '--cfg-path', '/tmp/tmp446flva6', '--error-file', '/tmp/tmpvzcd5p0r']
[2022-07-22 08:46:08,333] {standard_task_runner.py:80} INFO - Job 163: Subtask add_start0
[2022-07-22 08:46:08,552] {task_command.py:371} INFO - Running <TaskInstance: dag1.add_start0 scheduled__2022-03-05T00:00:00+00:00 [running]> on host b51f0a1d5848
[2022-07-22 08:46:08,910] {taskinstance.py:1591} INFO - Exporting the following env vars:
AIRFLOW_CTX_DAG_OWNER=***
AIRFLOW_CTX_DAG_ID=dag1
AIRFLOW_CTX_TASK_ID=add_start0
AIRFLOW_CTX_EXECUTION_DATE=2022-03-05T00:00:00+00:00
AIRFLOW_CTX_TRY_NUMBER=1
AIRFLOW_CTX_DAG_RUN_ID=scheduled__2022-03-05T00:00:00+00:00
[2022-07-22 08:46:08,916] {logging_mixin.py:115} INFO - args: x = 3, y = 0
[2022-07-22 08:46:08,920] {python.py:173} INFO - Done. Returned value was: 3
[2022-07-22 08:46:09,014] {taskinstance.py:1420} INFO - Marking task as SUCCESS. dag_id=dag1, task_id=add_start0, execution_date=20220305T000000, start_date=20220722T084608, end_date=20220722T084609
[2022-07-22 08:46:09,197] {local_task_job.py:156} INFO - Task exited with return code 0
[2022-07-22 08:46:09,322] {local_task_job.py:273} INFO - 0 downstream tasks scheduled from follow-on schedule check
