[2022-07-22 08:19:08,833] {taskinstance.py:1179} INFO - Dependencies all met for <TaskInstance: pipeline_3.extract manual__2022-07-22T08:19:07.968153+00:00 [queued]>
[2022-07-22 08:19:08,839] {taskinstance.py:1179} INFO - Dependencies all met for <TaskInstance: pipeline_3.extract manual__2022-07-22T08:19:07.968153+00:00 [queued]>
[2022-07-22 08:19:08,840] {taskinstance.py:1376} INFO - 
--------------------------------------------------------------------------------
[2022-07-22 08:19:08,841] {taskinstance.py:1377} INFO - Starting attempt 1 of 3
[2022-07-22 08:19:08,841] {taskinstance.py:1378} INFO - 
--------------------------------------------------------------------------------
[2022-07-22 08:19:08,849] {taskinstance.py:1397} INFO - Executing <Task(PythonOperator): extract> on 2022-07-22 08:19:07.968153+00:00
[2022-07-22 08:19:08,852] {standard_task_runner.py:52} INFO - Started process 444 to run task
[2022-07-22 08:19:08,854] {standard_task_runner.py:79} INFO - Running: ['***', 'tasks', 'run', 'pipeline_3', 'extract', 'manual__2022-07-22T08:19:07.968153+00:00', '--job-id', '52', '--raw', '--subdir', 'DAGS_FOLDER/pipeline_3.py', '--cfg-path', '/tmp/tmpaejy047t', '--error-file', '/tmp/tmpwk1a7o6x']
[2022-07-22 08:19:08,855] {standard_task_runner.py:80} INFO - Job 52: Subtask extract
[2022-07-22 08:19:08,894] {task_command.py:371} INFO - Running <TaskInstance: pipeline_3.extract manual__2022-07-22T08:19:07.968153+00:00 [running]> on host b51f0a1d5848
[2022-07-22 08:19:08,935] {taskinstance.py:1591} INFO - Exporting the following env vars:
AIRFLOW_CTX_DAG_OWNER=***
AIRFLOW_CTX_DAG_ID=pipeline_3
AIRFLOW_CTX_TASK_ID=extract
AIRFLOW_CTX_EXECUTION_DATE=2022-07-22T08:19:07.968153+00:00
AIRFLOW_CTX_TRY_NUMBER=1
AIRFLOW_CTX_DAG_RUN_ID=manual__2022-07-22T08:19:07.968153+00:00
[2022-07-22 08:19:08,944] {python.py:173} INFO - Done. Returned value was: None
[2022-07-22 08:19:08,953] {taskinstance.py:1420} INFO - Marking task as SUCCESS. dag_id=pipeline_3, task_id=extract, execution_date=20220722T081907, start_date=20220722T081908, end_date=20220722T081908
[2022-07-22 08:19:08,990] {local_task_job.py:156} INFO - Task exited with return code 0
[2022-07-22 08:19:09,021] {local_task_job.py:273} INFO - 1 downstream tasks scheduled from follow-on schedule check
