[2022-07-22 08:48:02,331] {taskinstance.py:1179} INFO - Dependencies all met for <TaskInstance: dag2.new_add_0 scheduled__2022-02-03T00:00:00+00:00 [queued]>
[2022-07-22 08:48:02,383] {taskinstance.py:1179} INFO - Dependencies all met for <TaskInstance: dag2.new_add_0 scheduled__2022-02-03T00:00:00+00:00 [queued]>
[2022-07-22 08:48:02,387] {taskinstance.py:1376} INFO - 
--------------------------------------------------------------------------------
[2022-07-22 08:48:02,388] {taskinstance.py:1377} INFO - Starting attempt 1 of 1
[2022-07-22 08:48:02,389] {taskinstance.py:1378} INFO - 
--------------------------------------------------------------------------------
[2022-07-22 08:48:02,424] {taskinstance.py:1397} INFO - Executing <Task(_PythonDecoratedOperator): new_add_0> on 2022-02-03 00:00:00+00:00
[2022-07-22 08:48:02,438] {standard_task_runner.py:52} INFO - Started process 1208 to run task
[2022-07-22 08:48:02,468] {standard_task_runner.py:79} INFO - Running: ['***', 'tasks', 'run', 'dag2', 'new_add_0', 'scheduled__2022-02-03T00:00:00+00:00', '--job-id', '532', '--raw', '--subdir', 'DAGS_FOLDER/pipeline_4.py', '--cfg-path', '/tmp/tmpbxv_0p9m', '--error-file', '/tmp/tmpgwv5tww4']
[2022-07-22 08:48:02,478] {standard_task_runner.py:80} INFO - Job 532: Subtask new_add_0
[2022-07-22 08:48:02,733] {task_command.py:371} INFO - Running <TaskInstance: dag2.new_add_0 scheduled__2022-02-03T00:00:00+00:00 [running]> on host b51f0a1d5848
[2022-07-22 08:48:03,128] {taskinstance.py:1591} INFO - Exporting the following env vars:
AIRFLOW_CTX_DAG_OWNER=***
AIRFLOW_CTX_DAG_ID=dag2
AIRFLOW_CTX_TASK_ID=new_add_0
AIRFLOW_CTX_EXECUTION_DATE=2022-02-03T00:00:00+00:00
AIRFLOW_CTX_TRY_NUMBER=1
AIRFLOW_CTX_DAG_RUN_ID=scheduled__2022-02-03T00:00:00+00:00
[2022-07-22 08:48:03,133] {logging_mixin.py:115} INFO - args: x = 3, y = 0
[2022-07-22 08:48:03,134] {python.py:173} INFO - Done. Returned value was: 3
[2022-07-22 08:48:03,199] {taskinstance.py:1420} INFO - Marking task as SUCCESS. dag_id=dag2, task_id=new_add_0, execution_date=20220203T000000, start_date=20220722T084802, end_date=20220722T084803
[2022-07-22 08:48:03,275] {local_task_job.py:156} INFO - Task exited with return code 0
[2022-07-22 08:48:03,363] {local_task_job.py:273} INFO - 0 downstream tasks scheduled from follow-on schedule check
