[2022-07-22 08:48:44,049] {taskinstance.py:1179} INFO - Dependencies all met for <TaskInstance: dag2.new_add_1 scheduled__2022-03-25T00:00:00+00:00 [queued]>
[2022-07-22 08:48:44,068] {taskinstance.py:1179} INFO - Dependencies all met for <TaskInstance: dag2.new_add_1 scheduled__2022-03-25T00:00:00+00:00 [queued]>
[2022-07-22 08:48:44,072] {taskinstance.py:1376} INFO - 
--------------------------------------------------------------------------------
[2022-07-22 08:48:44,080] {taskinstance.py:1377} INFO - Starting attempt 1 of 1
[2022-07-22 08:48:44,082] {taskinstance.py:1378} INFO - 
--------------------------------------------------------------------------------
[2022-07-22 08:48:44,119] {taskinstance.py:1397} INFO - Executing <Task(_PythonDecoratedOperator): new_add_1> on 2022-03-25 00:00:00+00:00
[2022-07-22 08:48:44,127] {standard_task_runner.py:52} INFO - Started process 1630 to run task
[2022-07-22 08:48:44,154] {standard_task_runner.py:79} INFO - Running: ['***', 'tasks', 'run', 'dag2', 'new_add_1', 'scheduled__2022-03-25T00:00:00+00:00', '--job-id', '731', '--raw', '--subdir', 'DAGS_FOLDER/pipeline_4.py', '--cfg-path', '/tmp/tmpug01kjk2', '--error-file', '/tmp/tmpfteq2by7']
[2022-07-22 08:48:44,160] {standard_task_runner.py:80} INFO - Job 731: Subtask new_add_1
[2022-07-22 08:48:44,402] {task_command.py:371} INFO - Running <TaskInstance: dag2.new_add_1 scheduled__2022-03-25T00:00:00+00:00 [running]> on host b51f0a1d5848
[2022-07-22 08:48:44,681] {taskinstance.py:1591} INFO - Exporting the following env vars:
AIRFLOW_CTX_DAG_OWNER=***
AIRFLOW_CTX_DAG_ID=dag2
AIRFLOW_CTX_TASK_ID=new_add_1
AIRFLOW_CTX_EXECUTION_DATE=2022-03-25T00:00:00+00:00
AIRFLOW_CTX_TRY_NUMBER=1
AIRFLOW_CTX_DAG_RUN_ID=scheduled__2022-03-25T00:00:00+00:00
[2022-07-22 08:48:44,683] {logging_mixin.py:115} INFO - args: x = 3, y = 1
[2022-07-22 08:48:44,687] {python.py:173} INFO - Done. Returned value was: 4
[2022-07-22 08:48:44,721] {taskinstance.py:1420} INFO - Marking task as SUCCESS. dag_id=dag2, task_id=new_add_1, execution_date=20220325T000000, start_date=20220722T084844, end_date=20220722T084844
[2022-07-22 08:48:44,802] {local_task_job.py:156} INFO - Task exited with return code 0
[2022-07-22 08:48:44,849] {local_task_job.py:273} INFO - 0 downstream tasks scheduled from follow-on schedule check
