[2022-07-22 08:48:12,989] {taskinstance.py:1179} INFO - Dependencies all met for <TaskInstance: dag2.new_add_2 scheduled__2022-02-15T00:00:00+00:00 [queued]>
[2022-07-22 08:48:13,040] {taskinstance.py:1179} INFO - Dependencies all met for <TaskInstance: dag2.new_add_2 scheduled__2022-02-15T00:00:00+00:00 [queued]>
[2022-07-22 08:48:13,070] {taskinstance.py:1376} INFO - 
--------------------------------------------------------------------------------
[2022-07-22 08:48:13,073] {taskinstance.py:1377} INFO - Starting attempt 1 of 1
[2022-07-22 08:48:13,075] {taskinstance.py:1378} INFO - 
--------------------------------------------------------------------------------
[2022-07-22 08:48:13,132] {taskinstance.py:1397} INFO - Executing <Task(_PythonDecoratedOperator): new_add_2> on 2022-02-15 00:00:00+00:00
[2022-07-22 08:48:13,174] {standard_task_runner.py:52} INFO - Started process 1334 to run task
[2022-07-22 08:48:13,211] {standard_task_runner.py:79} INFO - Running: ['***', 'tasks', 'run', 'dag2', 'new_add_2', 'scheduled__2022-02-15T00:00:00+00:00', '--job-id', '589', '--raw', '--subdir', 'DAGS_FOLDER/pipeline_4.py', '--cfg-path', '/tmp/tmp19f7wli9', '--error-file', '/tmp/tmp4_kcww2p']
[2022-07-22 08:48:13,222] {standard_task_runner.py:80} INFO - Job 589: Subtask new_add_2
[2022-07-22 08:48:13,418] {task_command.py:371} INFO - Running <TaskInstance: dag2.new_add_2 scheduled__2022-02-15T00:00:00+00:00 [running]> on host b51f0a1d5848
[2022-07-22 08:48:13,689] {taskinstance.py:1591} INFO - Exporting the following env vars:
AIRFLOW_CTX_DAG_OWNER=***
AIRFLOW_CTX_DAG_ID=dag2
AIRFLOW_CTX_TASK_ID=new_add_2
AIRFLOW_CTX_EXECUTION_DATE=2022-02-15T00:00:00+00:00
AIRFLOW_CTX_TRY_NUMBER=1
AIRFLOW_CTX_DAG_RUN_ID=scheduled__2022-02-15T00:00:00+00:00
[2022-07-22 08:48:13,693] {logging_mixin.py:115} INFO - args: x = 3, y = 2
[2022-07-22 08:48:13,695] {python.py:173} INFO - Done. Returned value was: 5
[2022-07-22 08:48:13,766] {taskinstance.py:1420} INFO - Marking task as SUCCESS. dag_id=dag2, task_id=new_add_2, execution_date=20220215T000000, start_date=20220722T084812, end_date=20220722T084813
[2022-07-22 08:48:13,867] {local_task_job.py:156} INFO - Task exited with return code 0
[2022-07-22 08:48:13,925] {local_task_job.py:273} INFO - 0 downstream tasks scheduled from follow-on schedule check
