[2022-07-22 08:46:39,375] {taskinstance.py:1179} INFO - Dependencies all met for <TaskInstance: dag1.add_start1 scheduled__2022-04-07T00:00:00+00:00 [queued]>
[2022-07-22 08:46:39,418] {taskinstance.py:1179} INFO - Dependencies all met for <TaskInstance: dag1.add_start1 scheduled__2022-04-07T00:00:00+00:00 [queued]>
[2022-07-22 08:46:39,420] {taskinstance.py:1376} INFO - 
--------------------------------------------------------------------------------
[2022-07-22 08:46:39,421] {taskinstance.py:1377} INFO - Starting attempt 1 of 1
[2022-07-22 08:46:39,426] {taskinstance.py:1378} INFO - 
--------------------------------------------------------------------------------
[2022-07-22 08:46:39,496] {taskinstance.py:1397} INFO - Executing <Task(_PythonDecoratedOperator): add_start1> on 2022-04-07 00:00:00+00:00
[2022-07-22 08:46:39,516] {standard_task_runner.py:52} INFO - Started process 662 to run task
[2022-07-22 08:46:39,536] {standard_task_runner.py:79} INFO - Running: ['***', 'tasks', 'run', 'dag1', 'add_start1', 'scheduled__2022-04-07T00:00:00+00:00', '--job-id', '296', '--raw', '--subdir', 'DAGS_FOLDER/pipeline_4.py', '--cfg-path', '/tmp/tmp_esq4vj3', '--error-file', '/tmp/tmpvlrftoyg']
[2022-07-22 08:46:39,539] {standard_task_runner.py:80} INFO - Job 296: Subtask add_start1
[2022-07-22 08:46:39,772] {task_command.py:371} INFO - Running <TaskInstance: dag1.add_start1 scheduled__2022-04-07T00:00:00+00:00 [running]> on host b51f0a1d5848
[2022-07-22 08:46:40,316] {taskinstance.py:1591} INFO - Exporting the following env vars:
AIRFLOW_CTX_DAG_OWNER=***
AIRFLOW_CTX_DAG_ID=dag1
AIRFLOW_CTX_TASK_ID=add_start1
AIRFLOW_CTX_EXECUTION_DATE=2022-04-07T00:00:00+00:00
AIRFLOW_CTX_TRY_NUMBER=1
AIRFLOW_CTX_DAG_RUN_ID=scheduled__2022-04-07T00:00:00+00:00
[2022-07-22 08:46:40,320] {logging_mixin.py:115} INFO - args: x = 3, y = 1
[2022-07-22 08:46:40,322] {python.py:173} INFO - Done. Returned value was: 4
[2022-07-22 08:46:40,385] {taskinstance.py:1420} INFO - Marking task as SUCCESS. dag_id=dag1, task_id=add_start1, execution_date=20220407T000000, start_date=20220722T084639, end_date=20220722T084640
[2022-07-22 08:46:40,539] {local_task_job.py:156} INFO - Task exited with return code 0
[2022-07-22 08:46:40,644] {local_task_job.py:273} INFO - 0 downstream tasks scheduled from follow-on schedule check
