[2022-07-22 08:48:43,883] {taskinstance.py:1179} INFO - Dependencies all met for <TaskInstance: dag2.new_add_2 scheduled__2022-03-23T00:00:00+00:00 [queued]>
[2022-07-22 08:48:43,931] {taskinstance.py:1179} INFO - Dependencies all met for <TaskInstance: dag2.new_add_2 scheduled__2022-03-23T00:00:00+00:00 [queued]>
[2022-07-22 08:48:43,934] {taskinstance.py:1376} INFO - 
--------------------------------------------------------------------------------
[2022-07-22 08:48:43,938] {taskinstance.py:1377} INFO - Starting attempt 1 of 1
[2022-07-22 08:48:43,939] {taskinstance.py:1378} INFO - 
--------------------------------------------------------------------------------
[2022-07-22 08:48:43,993] {taskinstance.py:1397} INFO - Executing <Task(_PythonDecoratedOperator): new_add_2> on 2022-03-23 00:00:00+00:00
[2022-07-22 08:48:44,012] {standard_task_runner.py:52} INFO - Started process 1627 to run task
[2022-07-22 08:48:44,033] {standard_task_runner.py:79} INFO - Running: ['***', 'tasks', 'run', 'dag2', 'new_add_2', 'scheduled__2022-03-23T00:00:00+00:00', '--job-id', '728', '--raw', '--subdir', 'DAGS_FOLDER/pipeline_4.py', '--cfg-path', '/tmp/tmpn6_dbkeg', '--error-file', '/tmp/tmpjllubmjo']
[2022-07-22 08:48:44,036] {standard_task_runner.py:80} INFO - Job 728: Subtask new_add_2
[2022-07-22 08:48:44,213] {task_command.py:371} INFO - Running <TaskInstance: dag2.new_add_2 scheduled__2022-03-23T00:00:00+00:00 [running]> on host b51f0a1d5848
[2022-07-22 08:48:44,510] {taskinstance.py:1591} INFO - Exporting the following env vars:
AIRFLOW_CTX_DAG_OWNER=***
AIRFLOW_CTX_DAG_ID=dag2
AIRFLOW_CTX_TASK_ID=new_add_2
AIRFLOW_CTX_EXECUTION_DATE=2022-03-23T00:00:00+00:00
AIRFLOW_CTX_TRY_NUMBER=1
AIRFLOW_CTX_DAG_RUN_ID=scheduled__2022-03-23T00:00:00+00:00
[2022-07-22 08:48:44,514] {logging_mixin.py:115} INFO - args: x = 3, y = 2
[2022-07-22 08:48:44,516] {python.py:173} INFO - Done. Returned value was: 5
[2022-07-22 08:48:44,587] {taskinstance.py:1420} INFO - Marking task as SUCCESS. dag_id=dag2, task_id=new_add_2, execution_date=20220323T000000, start_date=20220722T084843, end_date=20220722T084844
[2022-07-22 08:48:44,679] {local_task_job.py:156} INFO - Task exited with return code 0
[2022-07-22 08:48:44,730] {local_task_job.py:273} INFO - 0 downstream tasks scheduled from follow-on schedule check
