[2022-07-22 08:46:24,108] {taskinstance.py:1179} INFO - Dependencies all met for <TaskInstance: dag1.start scheduled__2022-03-26T00:00:00+00:00 [queued]>
[2022-07-22 08:46:24,215] {taskinstance.py:1179} INFO - Dependencies all met for <TaskInstance: dag1.start scheduled__2022-03-26T00:00:00+00:00 [queued]>
[2022-07-22 08:46:24,220] {taskinstance.py:1376} INFO - 
--------------------------------------------------------------------------------
[2022-07-22 08:46:24,223] {taskinstance.py:1377} INFO - Starting attempt 1 of 1
[2022-07-22 08:46:24,224] {taskinstance.py:1378} INFO - 
--------------------------------------------------------------------------------
[2022-07-22 08:46:24,300] {taskinstance.py:1397} INFO - Executing <Task(_PythonDecoratedOperator): start> on 2022-03-26 00:00:00+00:00
[2022-07-22 08:46:24,327] {standard_task_runner.py:52} INFO - Started process 511 to run task
[2022-07-22 08:46:24,355] {standard_task_runner.py:79} INFO - Running: ['***', 'tasks', 'run', 'dag1', 'start', 'scheduled__2022-03-26T00:00:00+00:00', '--job-id', '226', '--raw', '--subdir', 'DAGS_FOLDER/pipeline_4.py', '--cfg-path', '/tmp/tmpx5p2jahm', '--error-file', '/tmp/tmpbwesf_kf']
[2022-07-22 08:46:24,379] {standard_task_runner.py:80} INFO - Job 226: Subtask start
[2022-07-22 08:46:24,718] {task_command.py:371} INFO - Running <TaskInstance: dag1.start scheduled__2022-03-26T00:00:00+00:00 [running]> on host b51f0a1d5848
[2022-07-22 08:46:25,031] {taskinstance.py:1591} INFO - Exporting the following env vars:
AIRFLOW_CTX_DAG_OWNER=***
AIRFLOW_CTX_DAG_ID=dag1
AIRFLOW_CTX_TASK_ID=start
AIRFLOW_CTX_EXECUTION_DATE=2022-03-26T00:00:00+00:00
AIRFLOW_CTX_TRY_NUMBER=1
AIRFLOW_CTX_DAG_RUN_ID=scheduled__2022-03-26T00:00:00+00:00
[2022-07-22 08:46:25,036] {logging_mixin.py:115} INFO - args: x = 1, y = 2
[2022-07-22 08:46:25,041] {python.py:173} INFO - Done. Returned value was: 3
[2022-07-22 08:46:25,154] {taskinstance.py:1420} INFO - Marking task as SUCCESS. dag_id=dag1, task_id=start, execution_date=20220326T000000, start_date=20220722T084624, end_date=20220722T084625
[2022-07-22 08:46:25,261] {local_task_job.py:156} INFO - Task exited with return code 0
[2022-07-22 08:46:25,471] {local_task_job.py:273} INFO - 0 downstream tasks scheduled from follow-on schedule check
