[2022-07-22 08:46:28,791] {taskinstance.py:1179} INFO - Dependencies all met for <TaskInstance: dag1.add_start2 scheduled__2022-03-26T00:00:00+00:00 [queued]>
[2022-07-22 08:46:28,840] {taskinstance.py:1179} INFO - Dependencies all met for <TaskInstance: dag1.add_start2 scheduled__2022-03-26T00:00:00+00:00 [queued]>
[2022-07-22 08:46:28,842] {taskinstance.py:1376} INFO - 
--------------------------------------------------------------------------------
[2022-07-22 08:46:28,843] {taskinstance.py:1377} INFO - Starting attempt 1 of 1
[2022-07-22 08:46:28,844] {taskinstance.py:1378} INFO - 
--------------------------------------------------------------------------------
[2022-07-22 08:46:28,881] {taskinstance.py:1397} INFO - Executing <Task(_PythonDecoratedOperator): add_start2> on 2022-03-26 00:00:00+00:00
[2022-07-22 08:46:28,897] {standard_task_runner.py:52} INFO - Started process 567 to run task
[2022-07-22 08:46:28,936] {standard_task_runner.py:79} INFO - Running: ['***', 'tasks', 'run', 'dag1', 'add_start2', 'scheduled__2022-03-26T00:00:00+00:00', '--job-id', '247', '--raw', '--subdir', 'DAGS_FOLDER/pipeline_4.py', '--cfg-path', '/tmp/tmpwg8aiybd', '--error-file', '/tmp/tmpxvatcx9e']
[2022-07-22 08:46:28,939] {standard_task_runner.py:80} INFO - Job 247: Subtask add_start2
[2022-07-22 08:46:29,231] {task_command.py:371} INFO - Running <TaskInstance: dag1.add_start2 scheduled__2022-03-26T00:00:00+00:00 [running]> on host b51f0a1d5848
[2022-07-22 08:46:29,901] {taskinstance.py:1591} INFO - Exporting the following env vars:
AIRFLOW_CTX_DAG_OWNER=***
AIRFLOW_CTX_DAG_ID=dag1
AIRFLOW_CTX_TASK_ID=add_start2
AIRFLOW_CTX_EXECUTION_DATE=2022-03-26T00:00:00+00:00
AIRFLOW_CTX_TRY_NUMBER=1
AIRFLOW_CTX_DAG_RUN_ID=scheduled__2022-03-26T00:00:00+00:00
[2022-07-22 08:46:29,905] {logging_mixin.py:115} INFO - args: x = 3, y = 2
[2022-07-22 08:46:29,907] {python.py:173} INFO - Done. Returned value was: 5
[2022-07-22 08:46:30,063] {taskinstance.py:1420} INFO - Marking task as SUCCESS. dag_id=dag1, task_id=add_start2, execution_date=20220326T000000, start_date=20220722T084628, end_date=20220722T084630
[2022-07-22 08:46:30,219] {local_task_job.py:156} INFO - Task exited with return code 0
[2022-07-22 08:46:30,334] {local_task_job.py:273} INFO - 0 downstream tasks scheduled from follow-on schedule check
