[2022-07-22 01:49:49,740] {taskinstance.py:1179} INFO - Dependencies all met for <TaskInstance: example_bash_operator.this_will_skip scheduled__2022-07-21T00:00:00+00:00 [queued]>
[2022-07-22 01:49:49,768] {taskinstance.py:1179} INFO - Dependencies all met for <TaskInstance: example_bash_operator.this_will_skip scheduled__2022-07-21T00:00:00+00:00 [queued]>
[2022-07-22 01:49:49,769] {taskinstance.py:1376} INFO - 
--------------------------------------------------------------------------------
[2022-07-22 01:49:49,770] {taskinstance.py:1377} INFO - Starting attempt 1 of 1
[2022-07-22 01:49:49,771] {taskinstance.py:1378} INFO - 
--------------------------------------------------------------------------------
[2022-07-22 01:49:49,812] {taskinstance.py:1397} INFO - Executing <Task(BashOperator): this_will_skip> on 2022-07-21 00:00:00+00:00
[2022-07-22 01:49:49,831] {standard_task_runner.py:52} INFO - Started process 66 to run task
[2022-07-22 01:49:49,840] {standard_task_runner.py:79} INFO - Running: ['***', 'tasks', 'run', 'example_bash_operator', 'this_will_skip', 'scheduled__2022-07-21T00:00:00+00:00', '--job-id', '24', '--raw', '--subdir', '/home/***/.local/lib/python3.7/site-packages/***/example_dags/example_bash_operator.py', '--cfg-path', '/tmp/tmp7pptyn24', '--error-file', '/tmp/tmpue4k8kr1']
[2022-07-22 01:49:49,844] {standard_task_runner.py:80} INFO - Job 24: Subtask this_will_skip
[2022-07-22 01:49:50,124] {task_command.py:371} INFO - Running <TaskInstance: example_bash_operator.this_will_skip scheduled__2022-07-21T00:00:00+00:00 [running]> on host 3fe140d9be8a
[2022-07-22 01:49:50,421] {taskinstance.py:1591} INFO - Exporting the following env vars:
AIRFLOW_CTX_DAG_OWNER=***
AIRFLOW_CTX_DAG_ID=example_bash_operator
AIRFLOW_CTX_TASK_ID=this_will_skip
AIRFLOW_CTX_EXECUTION_DATE=2022-07-21T00:00:00+00:00
AIRFLOW_CTX_TRY_NUMBER=1
AIRFLOW_CTX_DAG_RUN_ID=scheduled__2022-07-21T00:00:00+00:00
[2022-07-22 01:49:50,424] {subprocess.py:62} INFO - Tmp dir root location: 
 /tmp
[2022-07-22 01:49:50,426] {subprocess.py:74} INFO - Running command: ['bash', '-c', 'echo "hello world"; exit 99;']
[2022-07-22 01:49:50,449] {subprocess.py:85} INFO - Output:
[2022-07-22 01:49:50,450] {subprocess.py:92} INFO - hello world
[2022-07-22 01:49:50,455] {subprocess.py:96} INFO - Command exited with return code 99
[2022-07-22 01:49:50,457] {taskinstance.py:1498} INFO - Bash command returned exit code 99. Skipping.
[2022-07-22 01:49:50,490] {taskinstance.py:1420} INFO - Marking task as SKIPPED. dag_id=example_bash_operator, task_id=this_will_skip, execution_date=20220721T000000, start_date=20220722T014949, end_date=20220722T014950
[2022-07-22 01:49:50,557] {local_task_job.py:156} INFO - Task exited with return code 0
[2022-07-22 01:49:50,662] {local_task_job.py:273} INFO - 0 downstream tasks scheduled from follow-on schedule check
