[2022-07-22 08:19:11,014] {taskinstance.py:1179} INFO - Dependencies all met for <TaskInstance: pipeline_3.load manual__2022-07-22T08:19:07.968153+00:00 [queued]>
[2022-07-22 08:19:11,019] {taskinstance.py:1179} INFO - Dependencies all met for <TaskInstance: pipeline_3.load manual__2022-07-22T08:19:07.968153+00:00 [queued]>
[2022-07-22 08:19:11,020] {taskinstance.py:1376} INFO - 
--------------------------------------------------------------------------------
[2022-07-22 08:19:11,021] {taskinstance.py:1377} INFO - Starting attempt 1 of 3
[2022-07-22 08:19:11,022] {taskinstance.py:1378} INFO - 
--------------------------------------------------------------------------------
[2022-07-22 08:19:11,029] {taskinstance.py:1397} INFO - Executing <Task(PythonOperator): load> on 2022-07-22 08:19:07.968153+00:00
[2022-07-22 08:19:11,033] {standard_task_runner.py:52} INFO - Started process 448 to run task
[2022-07-22 08:19:11,035] {standard_task_runner.py:79} INFO - Running: ['***', 'tasks', 'run', 'pipeline_3', 'load', 'manual__2022-07-22T08:19:07.968153+00:00', '--job-id', '54', '--raw', '--subdir', 'DAGS_FOLDER/pipeline_3.py', '--cfg-path', '/tmp/tmpsh3a6gb5', '--error-file', '/tmp/tmpbxsiyx6w']
[2022-07-22 08:19:11,036] {standard_task_runner.py:80} INFO - Job 54: Subtask load
[2022-07-22 08:19:11,074] {task_command.py:371} INFO - Running <TaskInstance: pipeline_3.load manual__2022-07-22T08:19:07.968153+00:00 [running]> on host b51f0a1d5848
[2022-07-22 08:19:11,110] {taskinstance.py:1591} INFO - Exporting the following env vars:
AIRFLOW_CTX_DAG_OWNER=***
AIRFLOW_CTX_DAG_ID=pipeline_3
AIRFLOW_CTX_TASK_ID=load
AIRFLOW_CTX_EXECUTION_DATE=2022-07-22T08:19:07.968153+00:00
AIRFLOW_CTX_TRY_NUMBER=1
AIRFLOW_CTX_DAG_RUN_ID=manual__2022-07-22T08:19:07.968153+00:00
[2022-07-22 08:19:11,119] {logging_mixin.py:115} INFO - {'total_value': 380}
[2022-07-22 08:19:11,120] {python.py:173} INFO - Done. Returned value was: None
[2022-07-22 08:19:11,128] {taskinstance.py:1420} INFO - Marking task as SUCCESS. dag_id=pipeline_3, task_id=load, execution_date=20220722T081907, start_date=20220722T081911, end_date=20220722T081911
[2022-07-22 08:19:11,167] {local_task_job.py:156} INFO - Task exited with return code 0
[2022-07-22 08:19:11,186] {local_task_job.py:273} INFO - 0 downstream tasks scheduled from follow-on schedule check
