[2022-07-22 08:46:13,572] {taskinstance.py:1179} INFO - Dependencies all met for <TaskInstance: dag1.add_start2 scheduled__2022-03-12T00:00:00+00:00 [queued]>
[2022-07-22 08:46:13,619] {taskinstance.py:1179} INFO - Dependencies all met for <TaskInstance: dag1.add_start2 scheduled__2022-03-12T00:00:00+00:00 [queued]>
[2022-07-22 08:46:13,622] {taskinstance.py:1376} INFO - 
--------------------------------------------------------------------------------
[2022-07-22 08:46:13,624] {taskinstance.py:1377} INFO - Starting attempt 1 of 1
[2022-07-22 08:46:13,625] {taskinstance.py:1378} INFO - 
--------------------------------------------------------------------------------
[2022-07-22 08:46:13,681] {taskinstance.py:1397} INFO - Executing <Task(_PythonDecoratedOperator): add_start2> on 2022-03-12 00:00:00+00:00
[2022-07-22 08:46:13,696] {standard_task_runner.py:52} INFO - Started process 435 to run task
[2022-07-22 08:46:13,717] {standard_task_runner.py:79} INFO - Running: ['***', 'tasks', 'run', 'dag1', 'add_start2', 'scheduled__2022-03-12T00:00:00+00:00', '--job-id', '193', '--raw', '--subdir', 'DAGS_FOLDER/pipeline_4.py', '--cfg-path', '/tmp/tmpaf86nu64', '--error-file', '/tmp/tmp31g3t6gb']
[2022-07-22 08:46:13,723] {standard_task_runner.py:80} INFO - Job 193: Subtask add_start2
[2022-07-22 08:46:13,880] {task_command.py:371} INFO - Running <TaskInstance: dag1.add_start2 scheduled__2022-03-12T00:00:00+00:00 [running]> on host b51f0a1d5848
[2022-07-22 08:46:14,139] {taskinstance.py:1591} INFO - Exporting the following env vars:
AIRFLOW_CTX_DAG_OWNER=***
AIRFLOW_CTX_DAG_ID=dag1
AIRFLOW_CTX_TASK_ID=add_start2
AIRFLOW_CTX_EXECUTION_DATE=2022-03-12T00:00:00+00:00
AIRFLOW_CTX_TRY_NUMBER=1
AIRFLOW_CTX_DAG_RUN_ID=scheduled__2022-03-12T00:00:00+00:00
[2022-07-22 08:46:14,141] {logging_mixin.py:115} INFO - args: x = 3, y = 2
[2022-07-22 08:46:14,142] {python.py:173} INFO - Done. Returned value was: 5
[2022-07-22 08:46:14,205] {taskinstance.py:1420} INFO - Marking task as SUCCESS. dag_id=dag1, task_id=add_start2, execution_date=20220312T000000, start_date=20220722T084613, end_date=20220722T084614
[2022-07-22 08:46:14,336] {local_task_job.py:156} INFO - Task exited with return code 0
[2022-07-22 08:46:14,452] {local_task_job.py:273} INFO - 0 downstream tasks scheduled from follow-on schedule check
