[2022-07-22 08:46:41,902] {taskinstance.py:1179} INFO - Dependencies all met for <TaskInstance: dag1.add_start2 scheduled__2022-04-12T00:00:00+00:00 [queued]>
[2022-07-22 08:46:41,983] {taskinstance.py:1179} INFO - Dependencies all met for <TaskInstance: dag1.add_start2 scheduled__2022-04-12T00:00:00+00:00 [queued]>
[2022-07-22 08:46:41,989] {taskinstance.py:1376} INFO - 
--------------------------------------------------------------------------------
[2022-07-22 08:46:41,990] {taskinstance.py:1377} INFO - Starting attempt 1 of 1
[2022-07-22 08:46:41,992] {taskinstance.py:1378} INFO - 
--------------------------------------------------------------------------------
[2022-07-22 08:46:42,066] {taskinstance.py:1397} INFO - Executing <Task(_PythonDecoratedOperator): add_start2> on 2022-04-12 00:00:00+00:00
[2022-07-22 08:46:42,102] {standard_task_runner.py:52} INFO - Started process 691 to run task
[2022-07-22 08:46:42,129] {standard_task_runner.py:79} INFO - Running: ['***', 'tasks', 'run', 'dag1', 'add_start2', 'scheduled__2022-04-12T00:00:00+00:00', '--job-id', '310', '--raw', '--subdir', 'DAGS_FOLDER/pipeline_4.py', '--cfg-path', '/tmp/tmpo9c03wv9', '--error-file', '/tmp/tmpnfw6li6r']
[2022-07-22 08:46:42,162] {standard_task_runner.py:80} INFO - Job 310: Subtask add_start2
[2022-07-22 08:46:42,590] {task_command.py:371} INFO - Running <TaskInstance: dag1.add_start2 scheduled__2022-04-12T00:00:00+00:00 [running]> on host b51f0a1d5848
[2022-07-22 08:46:42,833] {taskinstance.py:1591} INFO - Exporting the following env vars:
AIRFLOW_CTX_DAG_OWNER=***
AIRFLOW_CTX_DAG_ID=dag1
AIRFLOW_CTX_TASK_ID=add_start2
AIRFLOW_CTX_EXECUTION_DATE=2022-04-12T00:00:00+00:00
AIRFLOW_CTX_TRY_NUMBER=1
AIRFLOW_CTX_DAG_RUN_ID=scheduled__2022-04-12T00:00:00+00:00
[2022-07-22 08:46:42,838] {logging_mixin.py:115} INFO - args: x = 3, y = 2
[2022-07-22 08:46:42,844] {python.py:173} INFO - Done. Returned value was: 5
[2022-07-22 08:46:42,897] {taskinstance.py:1420} INFO - Marking task as SUCCESS. dag_id=dag1, task_id=add_start2, execution_date=20220412T000000, start_date=20220722T084641, end_date=20220722T084642
[2022-07-22 08:46:42,981] {local_task_job.py:156} INFO - Task exited with return code 0
[2022-07-22 08:46:43,044] {local_task_job.py:273} INFO - 0 downstream tasks scheduled from follow-on schedule check
