[2022-07-22 08:58:06,289] {taskinstance.py:1179} INFO - Dependencies all met for <TaskInstance: dag1.start scheduled__2022-06-04T00:00:00+00:00 [queued]>
[2022-07-22 08:58:06,295] {taskinstance.py:1179} INFO - Dependencies all met for <TaskInstance: dag1.start scheduled__2022-06-04T00:00:00+00:00 [queued]>
[2022-07-22 08:58:06,296] {taskinstance.py:1376} INFO - 
--------------------------------------------------------------------------------
[2022-07-22 08:58:06,297] {taskinstance.py:1377} INFO - Starting attempt 1 of 1
[2022-07-22 08:58:06,298] {taskinstance.py:1378} INFO - 
--------------------------------------------------------------------------------
[2022-07-22 08:58:06,306] {taskinstance.py:1397} INFO - Executing <Task(_PythonDecoratedOperator): start> on 2022-06-04 00:00:00+00:00
[2022-07-22 08:58:06,310] {standard_task_runner.py:52} INFO - Started process 121 to run task
[2022-07-22 08:58:06,313] {standard_task_runner.py:79} INFO - Running: ['***', 'tasks', 'run', 'dag1', 'start', 'scheduled__2022-06-04T00:00:00+00:00', '--job-id', '1060', '--raw', '--subdir', 'DAGS_FOLDER/pipeline_4.py', '--cfg-path', '/tmp/tmp_cuufc71', '--error-file', '/tmp/tmpjg0f0k8_']
[2022-07-22 08:58:06,314] {standard_task_runner.py:80} INFO - Job 1060: Subtask start
[2022-07-22 08:58:06,360] {task_command.py:371} INFO - Running <TaskInstance: dag1.start scheduled__2022-06-04T00:00:00+00:00 [running]> on host b51f0a1d5848
[2022-07-22 08:58:06,404] {taskinstance.py:1591} INFO - Exporting the following env vars:
AIRFLOW_CTX_DAG_OWNER=***
AIRFLOW_CTX_DAG_ID=dag1
AIRFLOW_CTX_TASK_ID=start
AIRFLOW_CTX_EXECUTION_DATE=2022-06-04T00:00:00+00:00
AIRFLOW_CTX_TRY_NUMBER=1
AIRFLOW_CTX_DAG_RUN_ID=scheduled__2022-06-04T00:00:00+00:00
[2022-07-22 08:58:06,405] {logging_mixin.py:115} INFO - args: x = 1, y = 2
[2022-07-22 08:58:06,406] {python.py:173} INFO - Done. Returned value was: 3
[2022-07-22 08:58:06,425] {taskinstance.py:1420} INFO - Marking task as SUCCESS. dag_id=dag1, task_id=start, execution_date=20220604T000000, start_date=20220722T085806, end_date=20220722T085806
[2022-07-22 08:58:06,445] {local_task_job.py:156} INFO - Task exited with return code 0
[2022-07-22 08:58:06,476] {local_task_job.py:273} INFO - 3 downstream tasks scheduled from follow-on schedule check
