[2022-07-22 08:48:51,982] {taskinstance.py:1179} INFO - Dependencies all met for <TaskInstance: dag2.add_task scheduled__2022-04-03T00:00:00+00:00 [queued]>
[2022-07-22 08:48:52,038] {taskinstance.py:1179} INFO - Dependencies all met for <TaskInstance: dag2.add_task scheduled__2022-04-03T00:00:00+00:00 [queued]>
[2022-07-22 08:48:52,050] {taskinstance.py:1376} INFO - 
--------------------------------------------------------------------------------
[2022-07-22 08:48:52,052] {taskinstance.py:1377} INFO - Starting attempt 1 of 1
[2022-07-22 08:48:52,054] {taskinstance.py:1378} INFO - 
--------------------------------------------------------------------------------
[2022-07-22 08:48:52,101] {taskinstance.py:1397} INFO - Executing <Task(_PythonDecoratedOperator): add_task> on 2022-04-03 00:00:00+00:00
[2022-07-22 08:48:52,137] {standard_task_runner.py:52} INFO - Started process 1687 to run task
[2022-07-22 08:48:52,160] {standard_task_runner.py:79} INFO - Running: ['***', 'tasks', 'run', 'dag2', 'add_task', 'scheduled__2022-04-03T00:00:00+00:00', '--job-id', '756', '--raw', '--subdir', 'DAGS_FOLDER/pipeline_4.py', '--cfg-path', '/tmp/tmpyxtk4xlq', '--error-file', '/tmp/tmpnmcd7zgp']
[2022-07-22 08:48:52,179] {standard_task_runner.py:80} INFO - Job 756: Subtask add_task
[2022-07-22 08:48:52,408] {task_command.py:371} INFO - Running <TaskInstance: dag2.add_task scheduled__2022-04-03T00:00:00+00:00 [running]> on host b51f0a1d5848
[2022-07-22 08:48:52,518] {taskinstance.py:1591} INFO - Exporting the following env vars:
AIRFLOW_CTX_DAG_OWNER=***
AIRFLOW_CTX_DAG_ID=dag2
AIRFLOW_CTX_TASK_ID=add_task
AIRFLOW_CTX_EXECUTION_DATE=2022-04-03T00:00:00+00:00
AIRFLOW_CTX_TRY_NUMBER=1
AIRFLOW_CTX_DAG_RUN_ID=scheduled__2022-04-03T00:00:00+00:00
[2022-07-22 08:48:52,520] {logging_mixin.py:115} INFO - args: x = 1, y = 2
[2022-07-22 08:48:52,522] {python.py:173} INFO - Done. Returned value was: 3
[2022-07-22 08:48:52,602] {taskinstance.py:1420} INFO - Marking task as SUCCESS. dag_id=dag2, task_id=add_task, execution_date=20220403T000000, start_date=20220722T084851, end_date=20220722T084852
[2022-07-22 08:48:52,820] {local_task_job.py:156} INFO - Task exited with return code 0
[2022-07-22 08:48:52,933] {local_task_job.py:273} INFO - 3 downstream tasks scheduled from follow-on schedule check
