[2022-07-22 08:49:47,034] {taskinstance.py:1179} INFO - Dependencies all met for <TaskInstance: dag2.new_add_1 scheduled__2022-05-31T00:00:00+00:00 [queued]>
[2022-07-22 08:49:47,088] {taskinstance.py:1179} INFO - Dependencies all met for <TaskInstance: dag2.new_add_1 scheduled__2022-05-31T00:00:00+00:00 [queued]>
[2022-07-22 08:49:47,097] {taskinstance.py:1376} INFO - 
--------------------------------------------------------------------------------
[2022-07-22 08:49:47,099] {taskinstance.py:1377} INFO - Starting attempt 1 of 1
[2022-07-22 08:49:47,100] {taskinstance.py:1378} INFO - 
--------------------------------------------------------------------------------
[2022-07-22 08:49:47,144] {taskinstance.py:1397} INFO - Executing <Task(_PythonDecoratedOperator): new_add_1> on 2022-05-31 00:00:00+00:00
[2022-07-22 08:49:47,161] {standard_task_runner.py:52} INFO - Started process 2225 to run task
[2022-07-22 08:49:47,181] {standard_task_runner.py:79} INFO - Running: ['***', 'tasks', 'run', 'dag2', 'new_add_1', 'scheduled__2022-05-31T00:00:00+00:00', '--job-id', '1005', '--raw', '--subdir', 'DAGS_FOLDER/pipeline_4.py', '--cfg-path', '/tmp/tmpik4jnphh', '--error-file', '/tmp/tmpbmty0pkl']
[2022-07-22 08:49:47,187] {standard_task_runner.py:80} INFO - Job 1005: Subtask new_add_1
[2022-07-22 08:49:47,360] {task_command.py:371} INFO - Running <TaskInstance: dag2.new_add_1 scheduled__2022-05-31T00:00:00+00:00 [running]> on host b51f0a1d5848
[2022-07-22 08:49:47,669] {taskinstance.py:1591} INFO - Exporting the following env vars:
AIRFLOW_CTX_DAG_OWNER=***
AIRFLOW_CTX_DAG_ID=dag2
AIRFLOW_CTX_TASK_ID=new_add_1
AIRFLOW_CTX_EXECUTION_DATE=2022-05-31T00:00:00+00:00
AIRFLOW_CTX_TRY_NUMBER=1
AIRFLOW_CTX_DAG_RUN_ID=scheduled__2022-05-31T00:00:00+00:00
[2022-07-22 08:49:47,673] {logging_mixin.py:115} INFO - args: x = 3, y = 1
[2022-07-22 08:49:47,674] {python.py:173} INFO - Done. Returned value was: 4
[2022-07-22 08:49:47,705] {taskinstance.py:1420} INFO - Marking task as SUCCESS. dag_id=dag2, task_id=new_add_1, execution_date=20220531T000000, start_date=20220722T084947, end_date=20220722T084947
[2022-07-22 08:49:47,796] {local_task_job.py:156} INFO - Task exited with return code 0
[2022-07-22 08:49:47,841] {local_task_job.py:273} INFO - 0 downstream tasks scheduled from follow-on schedule check
