[2022-07-22 08:48:42,176] {taskinstance.py:1179} INFO - Dependencies all met for <TaskInstance: dag2.new_add_1 scheduled__2022-03-19T00:00:00+00:00 [queued]>
[2022-07-22 08:48:42,206] {taskinstance.py:1179} INFO - Dependencies all met for <TaskInstance: dag2.new_add_1 scheduled__2022-03-19T00:00:00+00:00 [queued]>
[2022-07-22 08:48:42,209] {taskinstance.py:1376} INFO - 
--------------------------------------------------------------------------------
[2022-07-22 08:48:42,210] {taskinstance.py:1377} INFO - Starting attempt 1 of 1
[2022-07-22 08:48:42,214] {taskinstance.py:1378} INFO - 
--------------------------------------------------------------------------------
[2022-07-22 08:48:42,266] {taskinstance.py:1397} INFO - Executing <Task(_PythonDecoratedOperator): new_add_1> on 2022-03-19 00:00:00+00:00
[2022-07-22 08:48:42,281] {standard_task_runner.py:52} INFO - Started process 1606 to run task
[2022-07-22 08:48:42,304] {standard_task_runner.py:79} INFO - Running: ['***', 'tasks', 'run', 'dag2', 'new_add_1', 'scheduled__2022-03-19T00:00:00+00:00', '--job-id', '721', '--raw', '--subdir', 'DAGS_FOLDER/pipeline_4.py', '--cfg-path', '/tmp/tmpqlmnrwcu', '--error-file', '/tmp/tmp_09tvk7r']
[2022-07-22 08:48:42,342] {standard_task_runner.py:80} INFO - Job 721: Subtask new_add_1
[2022-07-22 08:48:42,624] {task_command.py:371} INFO - Running <TaskInstance: dag2.new_add_1 scheduled__2022-03-19T00:00:00+00:00 [running]> on host b51f0a1d5848
[2022-07-22 08:48:42,870] {taskinstance.py:1591} INFO - Exporting the following env vars:
AIRFLOW_CTX_DAG_OWNER=***
AIRFLOW_CTX_DAG_ID=dag2
AIRFLOW_CTX_TASK_ID=new_add_1
AIRFLOW_CTX_EXECUTION_DATE=2022-03-19T00:00:00+00:00
AIRFLOW_CTX_TRY_NUMBER=1
AIRFLOW_CTX_DAG_RUN_ID=scheduled__2022-03-19T00:00:00+00:00
[2022-07-22 08:48:42,881] {logging_mixin.py:115} INFO - args: x = 3, y = 1
[2022-07-22 08:48:42,882] {python.py:173} INFO - Done. Returned value was: 4
[2022-07-22 08:48:43,036] {taskinstance.py:1420} INFO - Marking task as SUCCESS. dag_id=dag2, task_id=new_add_1, execution_date=20220319T000000, start_date=20220722T084842, end_date=20220722T084843
[2022-07-22 08:48:43,119] {local_task_job.py:156} INFO - Task exited with return code 0
[2022-07-22 08:48:43,184] {local_task_job.py:273} INFO - 0 downstream tasks scheduled from follow-on schedule check
