[2022-07-22 08:49:29,144] {taskinstance.py:1179} INFO - Dependencies all met for <TaskInstance: dag2.new_add_1 scheduled__2022-05-10T00:00:00+00:00 [queued]>
[2022-07-22 08:49:29,188] {taskinstance.py:1179} INFO - Dependencies all met for <TaskInstance: dag2.new_add_1 scheduled__2022-05-10T00:00:00+00:00 [queued]>
[2022-07-22 08:49:29,190] {taskinstance.py:1376} INFO - 
--------------------------------------------------------------------------------
[2022-07-22 08:49:29,192] {taskinstance.py:1377} INFO - Starting attempt 1 of 1
[2022-07-22 08:49:29,193] {taskinstance.py:1378} INFO - 
--------------------------------------------------------------------------------
[2022-07-22 08:49:29,229] {taskinstance.py:1397} INFO - Executing <Task(_PythonDecoratedOperator): new_add_1> on 2022-05-10 00:00:00+00:00
[2022-07-22 08:49:29,257] {standard_task_runner.py:52} INFO - Started process 2047 to run task
[2022-07-22 08:49:29,279] {standard_task_runner.py:79} INFO - Running: ['***', 'tasks', 'run', 'dag2', 'new_add_1', 'scheduled__2022-05-10T00:00:00+00:00', '--job-id', '925', '--raw', '--subdir', 'DAGS_FOLDER/pipeline_4.py', '--cfg-path', '/tmp/tmp4cbl92zw', '--error-file', '/tmp/tmpr7aj6gzw']
[2022-07-22 08:49:29,293] {standard_task_runner.py:80} INFO - Job 925: Subtask new_add_1
[2022-07-22 08:49:29,468] {task_command.py:371} INFO - Running <TaskInstance: dag2.new_add_1 scheduled__2022-05-10T00:00:00+00:00 [running]> on host b51f0a1d5848
[2022-07-22 08:49:29,681] {taskinstance.py:1591} INFO - Exporting the following env vars:
AIRFLOW_CTX_DAG_OWNER=***
AIRFLOW_CTX_DAG_ID=dag2
AIRFLOW_CTX_TASK_ID=new_add_1
AIRFLOW_CTX_EXECUTION_DATE=2022-05-10T00:00:00+00:00
AIRFLOW_CTX_TRY_NUMBER=1
AIRFLOW_CTX_DAG_RUN_ID=scheduled__2022-05-10T00:00:00+00:00
[2022-07-22 08:49:29,685] {logging_mixin.py:115} INFO - args: x = 3, y = 1
[2022-07-22 08:49:29,686] {python.py:173} INFO - Done. Returned value was: 4
[2022-07-22 08:49:29,716] {taskinstance.py:1420} INFO - Marking task as SUCCESS. dag_id=dag2, task_id=new_add_1, execution_date=20220510T000000, start_date=20220722T084929, end_date=20220722T084929
[2022-07-22 08:49:29,812] {local_task_job.py:156} INFO - Task exited with return code 0
[2022-07-22 08:49:29,848] {local_task_job.py:273} INFO - 0 downstream tasks scheduled from follow-on schedule check
