[2022-07-22 08:46:52,730] {taskinstance.py:1179} INFO - Dependencies all met for <TaskInstance: dag1.add_start2 scheduled__2022-04-21T00:00:00+00:00 [queued]>
[2022-07-22 08:46:52,811] {taskinstance.py:1179} INFO - Dependencies all met for <TaskInstance: dag1.add_start2 scheduled__2022-04-21T00:00:00+00:00 [queued]>
[2022-07-22 08:46:52,813] {taskinstance.py:1376} INFO - 
--------------------------------------------------------------------------------
[2022-07-22 08:46:52,814] {taskinstance.py:1377} INFO - Starting attempt 1 of 1
[2022-07-22 08:46:52,816] {taskinstance.py:1378} INFO - 
--------------------------------------------------------------------------------
[2022-07-22 08:46:52,847] {taskinstance.py:1397} INFO - Executing <Task(_PythonDecoratedOperator): add_start2> on 2022-04-21 00:00:00+00:00
[2022-07-22 08:46:52,865] {standard_task_runner.py:52} INFO - Started process 783 to run task
[2022-07-22 08:46:52,957] {standard_task_runner.py:79} INFO - Running: ['***', 'tasks', 'run', 'dag1', 'add_start2', 'scheduled__2022-04-21T00:00:00+00:00', '--job-id', '351', '--raw', '--subdir', 'DAGS_FOLDER/pipeline_4.py', '--cfg-path', '/tmp/tmpy531vj_2', '--error-file', '/tmp/tmp8zs2l1g4']
[2022-07-22 08:46:52,980] {standard_task_runner.py:80} INFO - Job 351: Subtask add_start2
[2022-07-22 08:46:53,356] {task_command.py:371} INFO - Running <TaskInstance: dag1.add_start2 scheduled__2022-04-21T00:00:00+00:00 [running]> on host b51f0a1d5848
[2022-07-22 08:46:53,893] {taskinstance.py:1591} INFO - Exporting the following env vars:
AIRFLOW_CTX_DAG_OWNER=***
AIRFLOW_CTX_DAG_ID=dag1
AIRFLOW_CTX_TASK_ID=add_start2
AIRFLOW_CTX_EXECUTION_DATE=2022-04-21T00:00:00+00:00
AIRFLOW_CTX_TRY_NUMBER=1
AIRFLOW_CTX_DAG_RUN_ID=scheduled__2022-04-21T00:00:00+00:00
[2022-07-22 08:46:53,897] {logging_mixin.py:115} INFO - args: x = 3, y = 2
[2022-07-22 08:46:53,901] {python.py:173} INFO - Done. Returned value was: 5
[2022-07-22 08:46:53,983] {taskinstance.py:1420} INFO - Marking task as SUCCESS. dag_id=dag1, task_id=add_start2, execution_date=20220421T000000, start_date=20220722T084652, end_date=20220722T084653
[2022-07-22 08:46:54,100] {local_task_job.py:156} INFO - Task exited with return code 0
[2022-07-22 08:46:54,178] {local_task_job.py:273} INFO - 0 downstream tasks scheduled from follow-on schedule check
