[2022-07-22 08:46:37,063] {taskinstance.py:1179} INFO - Dependencies all met for <TaskInstance: dag1.add_start0 scheduled__2022-04-03T00:00:00+00:00 [queued]>
[2022-07-22 08:46:37,089] {taskinstance.py:1179} INFO - Dependencies all met for <TaskInstance: dag1.add_start0 scheduled__2022-04-03T00:00:00+00:00 [queued]>
[2022-07-22 08:46:37,091] {taskinstance.py:1376} INFO - 
--------------------------------------------------------------------------------
[2022-07-22 08:46:37,100] {taskinstance.py:1377} INFO - Starting attempt 1 of 1
[2022-07-22 08:46:37,103] {taskinstance.py:1378} INFO - 
--------------------------------------------------------------------------------
[2022-07-22 08:46:37,179] {taskinstance.py:1397} INFO - Executing <Task(_PythonDecoratedOperator): add_start0> on 2022-04-03 00:00:00+00:00
[2022-07-22 08:46:37,185] {standard_task_runner.py:52} INFO - Started process 630 to run task
[2022-07-22 08:46:37,194] {standard_task_runner.py:79} INFO - Running: ['***', 'tasks', 'run', 'dag1', 'add_start0', 'scheduled__2022-04-03T00:00:00+00:00', '--job-id', '279', '--raw', '--subdir', 'DAGS_FOLDER/pipeline_4.py', '--cfg-path', '/tmp/tmp7hw47jlx', '--error-file', '/tmp/tmpwjigp03a']
[2022-07-22 08:46:37,196] {standard_task_runner.py:80} INFO - Job 279: Subtask add_start0
[2022-07-22 08:46:37,447] {task_command.py:371} INFO - Running <TaskInstance: dag1.add_start0 scheduled__2022-04-03T00:00:00+00:00 [running]> on host b51f0a1d5848
[2022-07-22 08:46:37,718] {taskinstance.py:1591} INFO - Exporting the following env vars:
AIRFLOW_CTX_DAG_OWNER=***
AIRFLOW_CTX_DAG_ID=dag1
AIRFLOW_CTX_TASK_ID=add_start0
AIRFLOW_CTX_EXECUTION_DATE=2022-04-03T00:00:00+00:00
AIRFLOW_CTX_TRY_NUMBER=1
AIRFLOW_CTX_DAG_RUN_ID=scheduled__2022-04-03T00:00:00+00:00
[2022-07-22 08:46:37,721] {logging_mixin.py:115} INFO - args: x = 3, y = 0
[2022-07-22 08:46:37,723] {python.py:173} INFO - Done. Returned value was: 3
[2022-07-22 08:46:37,791] {taskinstance.py:1420} INFO - Marking task as SUCCESS. dag_id=dag1, task_id=add_start0, execution_date=20220403T000000, start_date=20220722T084637, end_date=20220722T084637
[2022-07-22 08:46:37,894] {local_task_job.py:156} INFO - Task exited with return code 0
[2022-07-22 08:46:37,949] {local_task_job.py:273} INFO - 0 downstream tasks scheduled from follow-on schedule check
