[2022-07-22 08:47:59,106] {taskinstance.py:1179} INFO - Dependencies all met for <TaskInstance: dag2.add_task scheduled__2022-02-02T00:00:00+00:00 [queued]>
[2022-07-22 08:47:59,138] {taskinstance.py:1179} INFO - Dependencies all met for <TaskInstance: dag2.add_task scheduled__2022-02-02T00:00:00+00:00 [queued]>
[2022-07-22 08:47:59,140] {taskinstance.py:1376} INFO - 
--------------------------------------------------------------------------------
[2022-07-22 08:47:59,141] {taskinstance.py:1377} INFO - Starting attempt 1 of 1
[2022-07-22 08:47:59,142] {taskinstance.py:1378} INFO - 
--------------------------------------------------------------------------------
[2022-07-22 08:47:59,175] {taskinstance.py:1397} INFO - Executing <Task(_PythonDecoratedOperator): add_task> on 2022-02-02 00:00:00+00:00
[2022-07-22 08:47:59,181] {standard_task_runner.py:52} INFO - Started process 1169 to run task
[2022-07-22 08:47:59,213] {standard_task_runner.py:79} INFO - Running: ['***', 'tasks', 'run', 'dag2', 'add_task', 'scheduled__2022-02-02T00:00:00+00:00', '--job-id', '512', '--raw', '--subdir', 'DAGS_FOLDER/pipeline_4.py', '--cfg-path', '/tmp/tmpozzlm5hq', '--error-file', '/tmp/tmpw3j7edi0']
[2022-07-22 08:47:59,228] {standard_task_runner.py:80} INFO - Job 512: Subtask add_task
[2022-07-22 08:47:59,429] {task_command.py:371} INFO - Running <TaskInstance: dag2.add_task scheduled__2022-02-02T00:00:00+00:00 [running]> on host b51f0a1d5848
[2022-07-22 08:47:59,655] {taskinstance.py:1591} INFO - Exporting the following env vars:
AIRFLOW_CTX_DAG_OWNER=***
AIRFLOW_CTX_DAG_ID=dag2
AIRFLOW_CTX_TASK_ID=add_task
AIRFLOW_CTX_EXECUTION_DATE=2022-02-02T00:00:00+00:00
AIRFLOW_CTX_TRY_NUMBER=1
AIRFLOW_CTX_DAG_RUN_ID=scheduled__2022-02-02T00:00:00+00:00
[2022-07-22 08:47:59,660] {logging_mixin.py:115} INFO - args: x = 1, y = 2
[2022-07-22 08:47:59,661] {python.py:173} INFO - Done. Returned value was: 3
[2022-07-22 08:47:59,708] {taskinstance.py:1420} INFO - Marking task as SUCCESS. dag_id=dag2, task_id=add_task, execution_date=20220202T000000, start_date=20220722T084759, end_date=20220722T084759
[2022-07-22 08:47:59,825] {local_task_job.py:156} INFO - Task exited with return code 0
[2022-07-22 08:47:59,886] {local_task_job.py:273} INFO - 3 downstream tasks scheduled from follow-on schedule check
